# JRE version: Java(TM) SE Runtime Environment (8.0_131-b11) (build 1.8.0_131-b11)
# Java VM: Java HotSpot(TM) 64-Bit Server VM (25.131-b11 mixed mode bsd-amd64 compressed oops)
Heap:
 PSYoungGen      total 80896K, used 13622K [0x0000000795580000, 0x000000079c600000, 0x00000007c0000000)
  eden space 66560K, 13% used [0x0000000795580000,0x0000000795e2eb38,0x0000000799680000)
  from space 14336K, 33% used [0x0000000799680000,0x0000000799b1ef30,0x000000079a480000)
  to   space 13824K, 0% used [0x000000079b880000,0x000000079b880000,0x000000079c600000)
 ParOldGen       total 67584K, used 18996K [0x0000000740000000, 0x0000000744200000, 0x0000000795580000)
  object space 67584K, 28% used [0x0000000740000000,0x000000074128d300,0x0000000744200000)
 Metaspace       used 24975K, capacity 25317K, committed 25728K, reserved 1073152K
  class space    used 2473K, capacity 2587K, committed 2688K, reserved 1048576K
GC Heap History (10 events):
Event: 5.452 GC heap before
{Heap before GC invocations=4 (full 1):
 PSYoungGen      total 38400K, used 33280K [0x0000000795580000, 0x0000000798000000, 0x00000007c0000000)
  eden space 33280K, 100% used [0x0000000795580000,0x0000000797600000,0x0000000797600000)
  from space 5120K, 0% used [0x0000000797b00000,0x0000000797b00000,0x0000000798000000)
  to   space 5120K, 0% used [0x0000000797600000,0x0000000797600000,0x0000000797b00000)
 ParOldGen       total 67584K, used 8489K [0x0000000740000000, 0x0000000744200000, 0x0000000795580000)
  object space 67584K, 12% used [0x0000000740000000,0x000000074084a7f0,0x0000000744200000)
 Metaspace       used 23539K, capacity 23925K, committed 24064K, reserved 1071104K
  class space    used 2430K, capacity 2553K, committed 2560K, reserved 1048576K
Event: 5.462 GC heap after
Heap after GC invocations=4 (full 1):
 PSYoungGen      total 38400K, used 5115K [0x0000000795580000, 0x0000000798e80000, 0x00000007c0000000)
  eden space 33280K, 0% used [0x0000000795580000,0x0000000795580000,0x0000000797600000)
  from space 5120K, 99% used [0x0000000797600000,0x0000000797afed40,0x0000000797b00000)
  to   space 5120K, 0% used [0x0000000798980000,0x0000000798980000,0x0000000798e80000)
 ParOldGen       total 67584K, used 16922K [0x0000000740000000, 0x0000000744200000, 0x0000000795580000)
  object space 67584K, 25% used [0x0000000740000000,0x0000000741086800,0x0000000744200000)
 Metaspace       used 23539K, capacity 23925K, committed 24064K, reserved 1071104K
  class space    used 2430K, capacity 2553K, committed 2560K, reserved 1048576K
}
Event: 6.781 GC heap before
{Heap before GC invocations=5 (full 1):
 PSYoungGen      total 38400K, used 38395K [0x0000000795580000, 0x0000000798e80000, 0x00000007c0000000)
  eden space 33280K, 100% used [0x0000000795580000,0x0000000797600000,0x0000000797600000)
  from space 5120K, 99% used [0x0000000797600000,0x0000000797afed40,0x0000000797b00000)
  to   space 5120K, 0% used [0x0000000798980000,0x0000000798980000,0x0000000798e80000)
 ParOldGen       total 67584K, used 16924K [0x0000000740000000, 0x0000000744200000, 0x0000000795580000)
  object space 67584K, 25% used [0x0000000740000000,0x0000000741087280,0x0000000744200000)
 Metaspace       used 24234K, capacity 24613K, committed 24960K, reserved 1071104K
  class space    used 2464K, capacity 2587K, committed 2688K, reserved 1048576K
Event: 6.799 GC heap after
Heap after GC invocations=5 (full 1):
 PSYoungGen      total 53248K, used 5037K [0x0000000795580000, 0x0000000799000000, 0x00000007c0000000)
  eden space 48128K, 0% used [0x0000000795580000,0x0000000795580000,0x0000000798480000)
  from space 5120K, 98% used [0x0000000798980000,0x0000000798e6b638,0x0000000798e80000)
  to   space 5120K, 0% used [0x0000000798480000,0x0000000798480000,0x0000000798980000)
 ParOldGen       total 67584K, used 18980K [0x0000000740000000, 0x0000000744200000, 0x0000000795580000)
  object space 67584K, 28% used [0x0000000740000000,0x0000000741289300,0x0000000744200000)
 Metaspace       used 24234K, capacity 24613K, committed 24960K, reserved 1071104K
  class space    used 2464K, capacity 2587K, committed 2688K, reserved 1048576K
}
Event: 11.305 GC heap before
{Heap before GC invocations=6 (full 1):
 PSYoungGen      total 53248K, used 53165K [0x0000000795580000, 0x0000000799000000, 0x00000007c0000000)
  eden space 48128K, 100% used [0x0000000795580000,0x0000000798480000,0x0000000798480000)
  from space 5120K, 98% used [0x0000000798980000,0x0000000798e6b638,0x0000000798e80000)
  to   space 5120K, 0% used [0x0000000798480000,0x0000000798480000,0x0000000798980000)
 ParOldGen       total 67584K, used 18980K [0x0000000740000000, 0x0000000744200000, 0x0000000795580000)
  object space 67584K, 28% used [0x0000000740000000,0x0000000741289300,0x0000000744200000)
 Metaspace       used 24698K, capacity 25061K, committed 25472K, reserved 1073152K
  class space    used 2465K, capacity 2587K, committed 2688K, reserved 1048576K
Event: 11.313 GC heap after
Heap after GC invocations=6 (full 1):
 PSYoungGen      total 53248K, used 5019K [0x0000000795580000, 0x000000079b500000, 0x00000007c0000000)
  eden space 48128K, 0% used [0x0000000795580000,0x0000000795580000,0x0000000798480000)
  from space 5120K, 98% used [0x0000000798480000,0x0000000798966d10,0x0000000798980000)
  to   space 14336K, 0% used [0x000000079a700000,0x000000079a700000,0x000000079b500000)
 ParOldGen       total 67584K, used 18988K [0x0000000740000000, 0x0000000744200000, 0x0000000795580000)
  object space 67584K, 28% used [0x0000000740000000,0x000000074128b300,0x0000000744200000)
 Metaspace       used 24698K, capacity 25061K, committed 25472K, reserved 1073152K
  class space    used 2465K, capacity 2587K, committed 2688K, reserved 1048576K
}
Event: 17.099 GC heap before
{Heap before GC invocations=7 (full 1):
 PSYoungGen      total 53248K, used 53147K [0x0000000795580000, 0x000000079b500000, 0x00000007c0000000)
  eden space 48128K, 100% used [0x0000000795580000,0x0000000798480000,0x0000000798480000)
  from space 5120K, 98% used [0x0000000798480000,0x0000000798966d10,0x0000000798980000)
  to   space 14336K, 0% used [0x000000079a700000,0x000000079a700000,0x000000079b500000)
 ParOldGen       total 67584K, used 18988K [0x0000000740000000, 0x0000000744200000, 0x0000000795580000)
  object space 67584K, 28% used [0x0000000740000000,0x000000074128b300,0x0000000744200000)
 Metaspace       used 24910K, capacity 25317K, committed 25728K, reserved 1073152K
  class space    used 2465K, capacity 2587K, committed 2688K, reserved 1048576K
Event: 17.105 GC heap after
Heap after GC invocations=7 (full 1):
 PSYoungGen      total 78336K, used 4731K [0x0000000795580000, 0x000000079b280000, 0x00000007c0000000)
  eden space 66560K, 0% used [0x0000000795580000,0x0000000795580000,0x0000000799680000)
  from space 11776K, 40% used [0x000000079a700000,0x000000079ab9eef0,0x000000079b280000)
  to   space 14336K, 0% used [0x0000000799680000,0x0000000799680000,0x000000079a480000)
 ParOldGen       total 67584K, used 18996K [0x0000000740000000, 0x0000000744200000, 0x0000000795580000)
  object space 67584K, 28% used [0x0000000740000000,0x000000074128d300,0x0000000744200000)
 Metaspace       used 24910K, capacity 25317K, committed 25728K, reserved 1073152K
  class space    used 2465K, capacity 2587K, committed 2688K, reserved 1048576K
}
Event: 25.950 GC heap before
{Heap before GC invocations=8 (full 1):
 PSYoungGen      total 78336K, used 71291K [0x0000000795580000, 0x000000079b280000, 0x00000007c0000000)
  eden space 66560K, 100% used [0x0000000795580000,0x0000000799680000,0x0000000799680000)
  from space 11776K, 40% used [0x000000079a700000,0x000000079ab9eef0,0x000000079b280000)
  to   space 14336K, 0% used [0x0000000799680000,0x0000000799680000,0x000000079a480000)
 ParOldGen       total 67584K, used 18996K [0x0000000740000000, 0x0000000744200000, 0x0000000795580000)
  object space 67584K, 28% used [0x0000000740000000,0x000000074128d300,0x0000000744200000)
 Metaspace       used 24939K, capacity 25317K, committed 25728K, reserved 1073152K
  class space    used 2465K, capacity 2587K, committed 2688K, reserved 1048576K
Event: 25.955 GC heap after
Heap after GC invocations=8 (full 1):
 PSYoungGen      total 80896K, used 4731K [0x0000000795580000, 0x000000079c600000, 0x00000007c0000000)
  eden space 66560K, 0% used [0x0000000795580000,0x0000000795580000,0x0000000799680000)
  from space 14336K, 33% used [0x0000000799680000,0x0000000799b1ef30,0x000000079a480000)
  to   space 13824K, 0% used [0x000000079b880000,0x000000079b880000,0x000000079c600000)
 ParOldGen       total 67584K, used 18996K [0x0000000740000000, 0x0000000744200000, 0x0000000795580000)
  object space 67584K, 28% used [0x0000000740000000,0x000000074128d300,0x0000000744200000)
 Metaspace       used 24939K, capacity 25317K, committed 25728K, reserved 1073152K
  class space    used 2465K, capacity 2587K, committed 2688K, reserved 1048576K
}

