# JRE version: Java(TM) SE Runtime Environment (8.0_131-b11) (build 1.8.0_131-b11)
# Java VM: Java HotSpot(TM) 64-Bit Server VM (25.131-b11 mixed mode bsd-amd64 compressed oops)
Heap:
 PSYoungGen      total 67072K, used 31691K [0x0000000795580000, 0x000000079a580000, 0x00000007c0000000)
  eden space 54272K, 57% used [0x0000000795580000,0x00000007973f0e60,0x0000000798a80000)
  from space 12800K, 4% used [0x0000000799900000,0x0000000799982030,0x000000079a580000)
  to   space 13824K, 0% used [0x0000000798a80000,0x0000000798a80000,0x0000000799800000)
 ParOldGen       total 78336K, used 17317K [0x0000000740000000, 0x0000000744c80000, 0x0000000795580000)
  object space 78336K, 22% used [0x0000000740000000,0x00000007410e9590,0x0000000744c80000)
 Metaspace       used 21763K, capacity 22105K, committed 22272K, reserved 1069056K
  class space    used 2136K, capacity 2247K, committed 2304K, reserved 1048576K
GC Heap History (10 events):
Event: 18.873 GC heap before
{Heap before GC invocations=7 (full 1):
 PSYoungGen      total 38400K, used 33914K [0x0000000795580000, 0x000000079a100000, 0x00000007c0000000)
  eden space 33280K, 100% used [0x0000000795580000,0x0000000797600000,0x0000000797600000)
  from space 5120K, 12% used [0x0000000797600000,0x000000079769e938,0x0000000797b00000)
  to   space 16384K, 0% used [0x0000000799100000,0x0000000799100000,0x000000079a100000)
 ParOldGen       total 78336K, used 17309K [0x0000000740000000, 0x0000000744c80000, 0x0000000795580000)
  object space 78336K, 22% used [0x0000000740000000,0x00000007410e7590,0x0000000744c80000)
 Metaspace       used 21662K, capacity 21977K, committed 22272K, reserved 1069056K
  class space    used 2128K, capacity 2247K, committed 2304K, reserved 1048576K
Event: 18.875 GC heap after
Heap after GC invocations=7 (full 1):
 PSYoungGen      total 55808K, used 488K [0x0000000795580000, 0x0000000799e00000, 0x00000007c0000000)
  eden space 42496K, 0% used [0x0000000795580000,0x0000000795580000,0x0000000797f00000)
  from space 13312K, 3% used [0x0000000799100000,0x000000079917a030,0x0000000799e00000)
  to   space 15872K, 0% used [0x0000000797f00000,0x0000000797f00000,0x0000000798e80000)
 ParOldGen       total 78336K, used 17317K [0x0000000740000000, 0x0000000744c80000, 0x0000000795580000)
  object space 78336K, 22% used [0x0000000740000000,0x00000007410e9590,0x0000000744c80000)
 Metaspace       used 21662K, capacity 21977K, committed 22272K, reserved 1069056K
  class space    used 2128K, capacity 2247K, committed 2304K, reserved 1048576K
}
Event: 25.791 GC heap before
{Heap before GC invocations=8 (full 1):
 PSYoungGen      total 55808K, used 42984K [0x0000000795580000, 0x0000000799e00000, 0x00000007c0000000)
  eden space 42496K, 100% used [0x0000000795580000,0x0000000797f00000,0x0000000797f00000)
  from space 13312K, 3% used [0x0000000799100000,0x000000079917a030,0x0000000799e00000)
  to   space 15872K, 0% used [0x0000000797f00000,0x0000000797f00000,0x0000000798e80000)
 ParOldGen       total 78336K, used 17317K [0x0000000740000000, 0x0000000744c80000, 0x0000000795580000)
  object space 78336K, 22% used [0x0000000740000000,0x00000007410e9590,0x0000000744c80000)
 Metaspace       used 21662K, capacity 21977K, committed 22272K, reserved 1069056K
  class space    used 2128K, capacity 2247K, committed 2304K, reserved 1048576K
Event: 25.793 GC heap after
Heap after GC invocations=8 (full 1):
 PSYoungGen      total 58368K, used 520K [0x0000000795580000, 0x000000079a680000, 0x00000007c0000000)
  eden space 42496K, 0% used [0x0000000795580000,0x0000000795580000,0x0000000797f00000)
  from space 15872K, 3% used [0x0000000797f00000,0x0000000797f82030,0x0000000798e80000)
  to   space 15360K, 0% used [0x0000000799780000,0x0000000799780000,0x000000079a680000)
 ParOldGen       total 78336K, used 17317K [0x0000000740000000, 0x0000000744c80000, 0x0000000795580000)
  object space 78336K, 22% used [0x0000000740000000,0x00000007410e9590,0x0000000744c80000)
 Metaspace       used 21662K, capacity 21977K, committed 22272K, reserved 1069056K
  class space    used 2128K, capacity 2247K, committed 2304K, reserved 1048576K
}
Event: 32.391 GC heap before
{Heap before GC invocations=9 (full 1):
 PSYoungGen      total 58368K, used 43016K [0x0000000795580000, 0x000000079a680000, 0x00000007c0000000)
  eden space 42496K, 100% used [0x0000000795580000,0x0000000797f00000,0x0000000797f00000)
  from space 15872K, 3% used [0x0000000797f00000,0x0000000797f82030,0x0000000798e80000)
  to   space 15360K, 0% used [0x0000000799780000,0x0000000799780000,0x000000079a680000)
 ParOldGen       total 78336K, used 17317K [0x0000000740000000, 0x0000000744c80000, 0x0000000795580000)
  object space 78336K, 22% used [0x0000000740000000,0x00000007410e9590,0x0000000744c80000)
 Metaspace       used 21673K, capacity 22041K, committed 22272K, reserved 1069056K
  class space    used 2128K, capacity 2247K, committed 2304K, reserved 1048576K
Event: 32.392 GC heap after
Heap after GC invocations=9 (full 1):
 PSYoungGen      total 62464K, used 536K [0x0000000795580000, 0x000000079a380000, 0x00000007c0000000)
  eden space 50176K, 0% used [0x0000000795580000,0x0000000795580000,0x0000000798680000)
  from space 12288K, 4% used [0x0000000799780000,0x0000000799806020,0x000000079a380000)
  to   space 14848K, 0% used [0x0000000798680000,0x0000000798680000,0x0000000799500000)
 ParOldGen       total 78336K, used 17317K [0x0000000740000000, 0x0000000744c80000, 0x0000000795580000)
  object space 78336K, 22% used [0x0000000740000000,0x00000007410e9590,0x0000000744c80000)
 Metaspace       used 21673K, capacity 22041K, committed 22272K, reserved 1069056K
  class space    used 2128K, capacity 2247K, committed 2304K, reserved 1048576K
}
Event: 37.392 GC heap before
{Heap before GC invocations=10 (full 1):
 PSYoungGen      total 62464K, used 50712K [0x0000000795580000, 0x000000079a380000, 0x00000007c0000000)
  eden space 50176K, 100% used [0x0000000795580000,0x0000000798680000,0x0000000798680000)
  from space 12288K, 4% used [0x0000000799780000,0x0000000799806020,0x000000079a380000)
  to   space 14848K, 0% used [0x0000000798680000,0x0000000798680000,0x0000000799500000)
 ParOldGen       total 78336K, used 17317K [0x0000000740000000, 0x0000000744c80000, 0x0000000795580000)
  object space 78336K, 22% used [0x0000000740000000,0x00000007410e9590,0x0000000744c80000)
 Metaspace       used 21718K, capacity 22041K, committed 22272K, reserved 1069056K
  class space    used 2128K, capacity 2247K, committed 2304K, reserved 1048576K
Event: 37.394 GC heap after
Heap after GC invocations=10 (full 1):
 PSYoungGen      total 65024K, used 504K [0x0000000795580000, 0x000000079a700000, 0x00000007c0000000)
  eden space 50176K, 0% used [0x0000000795580000,0x0000000795580000,0x0000000798680000)
  from space 14848K, 3% used [0x0000000798680000,0x00000007986fe020,0x0000000799500000)
  to   space 14336K, 0% used [0x0000000799900000,0x0000000799900000,0x000000079a700000)
 ParOldGen       total 78336K, used 17317K [0x0000000740000000, 0x0000000744c80000, 0x0000000795580000)
  object space 78336K, 22% used [0x0000000740000000,0x00000007410e9590,0x0000000744c80000)
 Metaspace       used 21718K, capacity 22041K, committed 22272K, reserved 1069056K
  class space    used 2128K, capacity 2247K, committed 2304K, reserved 1048576K
}
Event: 42.425 GC heap before
{Heap before GC invocations=11 (full 1):
 PSYoungGen      total 65024K, used 50680K [0x0000000795580000, 0x000000079a700000, 0x00000007c0000000)
  eden space 50176K, 100% used [0x0000000795580000,0x0000000798680000,0x0000000798680000)
  from space 14848K, 3% used [0x0000000798680000,0x00000007986fe020,0x0000000799500000)
  to   space 14336K, 0% used [0x0000000799900000,0x0000000799900000,0x000000079a700000)
 ParOldGen       total 78336K, used 17317K [0x0000000740000000, 0x0000000744c80000, 0x0000000795580000)
  object space 78336K, 22% used [0x0000000740000000,0x00000007410e9590,0x0000000744c80000)
 Metaspace       used 21724K, capacity 22041K, committed 22272K, reserved 1069056K
  class space    used 2128K, capacity 2247K, committed 2304K, reserved 1048576K
Event: 42.427 GC heap after
Heap after GC invocations=11 (full 1):
 PSYoungGen      total 67072K, used 520K [0x0000000795580000, 0x000000079a580000, 0x00000007c0000000)
  eden space 54272K, 0% used [0x0000000795580000,0x0000000795580000,0x0000000798a80000)
  from space 12800K, 4% used [0x0000000799900000,0x0000000799982030,0x000000079a580000)
  to   space 13824K, 0% used [0x0000000798a80000,0x0000000798a80000,0x0000000799800000)
 ParOldGen       total 78336K, used 17317K [0x0000000740000000, 0x0000000744c80000, 0x0000000795580000)
  object space 78336K, 22% used [0x0000000740000000,0x00000007410e9590,0x0000000744c80000)
 Metaspace       used 21724K, capacity 22041K, committed 22272K, reserved 1069056K
  class space    used 2128K, capacity 2247K, committed 2304K, reserved 1048576K
}

