# JRE version: Java(TM) SE Runtime Environment (8.0_131-b11) (build 1.8.0_131-b11)
# Java VM: Java HotSpot(TM) 64-Bit Server VM (25.131-b11 mixed mode bsd-amd64 compressed oops)
Heap:
 PSYoungGen      total 72704K, used 42330K [0x0000000795580000, 0x000000079d000000, 0x00000007c0000000)
  eden space 56832K, 74% used [0x0000000795580000,0x0000000797ea2a80,0x0000000798d00000)
  from space 15872K, 1% used [0x0000000798d00000,0x0000000798d34010,0x0000000799c80000)
  to   space 15872K, 0% used [0x000000079c080000,0x000000079c080000,0x000000079d000000)
 ParOldGen       total 67584K, used 18120K [0x0000000740000000, 0x0000000744200000, 0x0000000795580000)
  object space 67584K, 26% used [0x0000000740000000,0x00000007411b22a8,0x0000000744200000)
 Metaspace       used 21527K, capacity 21883K, committed 22016K, reserved 1069056K
  class space    used 2113K, capacity 2216K, committed 2304K, reserved 1048576K
GC Heap History (10 events):
Event: 4.491 GC heap before
{Heap before GC invocations=4 (full 0):
 PSYoungGen      total 38400K, used 5720K [0x0000000795580000, 0x0000000798000000, 0x00000007c0000000)
  eden space 33280K, 1% used [0x0000000795580000,0x0000000795619ca8,0x0000000797600000)
  from space 5120K, 99% used [0x0000000797600000,0x0000000797afc5c0,0x0000000797b00000)
  to   space 5120K, 0% used [0x0000000797b00000,0x0000000797b00000,0x0000000798000000)
 ParOldGen       total 87552K, used 13259K [0x0000000740000000, 0x0000000745580000, 0x0000000795580000)
  object space 87552K, 15% used [0x0000000740000000,0x0000000740cf2f40,0x0000000745580000)
 Metaspace       used 20801K, capacity 21109K, committed 21248K, reserved 1069056K
  class space    used 2103K, capacity 2215K, committed 2304K, reserved 1048576K
Event: 4.499 GC heap after
Heap after GC invocations=4 (full 0):
 PSYoungGen      total 38400K, used 5105K [0x0000000795580000, 0x000000079a080000, 0x00000007c0000000)
  eden space 33280K, 0% used [0x0000000795580000,0x0000000795580000,0x0000000797600000)
  from space 5120K, 99% used [0x0000000797b00000,0x0000000797ffc5a0,0x0000000798000000)
  to   space 5120K, 0% used [0x0000000797600000,0x0000000797600000,0x0000000797b00000)
 ParOldGen       total 87552K, used 13275K [0x0000000740000000, 0x0000000745580000, 0x0000000795580000)
  object space 87552K, 15% used [0x0000000740000000,0x0000000740cf6f50,0x0000000745580000)
 Metaspace       used 20801K, capacity 21109K, committed 21248K, reserved 1069056K
  class space    used 2103K, capacity 2215K, committed 2304K, reserved 1048576K
}
Event: 4.499 GC heap before
{Heap before GC invocations=5 (full 1):
 PSYoungGen      total 38400K, used 5105K [0x0000000795580000, 0x000000079a080000, 0x00000007c0000000)
  eden space 33280K, 0% used [0x0000000795580000,0x0000000795580000,0x0000000797600000)
  from space 5120K, 99% used [0x0000000797b00000,0x0000000797ffc5a0,0x0000000798000000)
  to   space 5120K, 0% used [0x0000000797600000,0x0000000797600000,0x0000000797b00000)
 ParOldGen       total 87552K, used 13275K [0x0000000740000000, 0x0000000745580000, 0x0000000795580000)
  object space 87552K, 15% used [0x0000000740000000,0x0000000740cf6f50,0x0000000745580000)
 Metaspace       used 20801K, capacity 21109K, committed 21248K, reserved 1069056K
  class space    used 2103K, capacity 2215K, committed 2304K, reserved 1048576K
Event: 4.562 GC heap after
Heap after GC invocations=5 (full 1):
 PSYoungGen      total 38400K, used 0K [0x0000000795580000, 0x000000079a080000, 0x00000007c0000000)
  eden space 33280K, 0% used [0x0000000795580000,0x0000000795580000,0x0000000797600000)
  from space 5120K, 0% used [0x0000000797b00000,0x0000000797b00000,0x0000000798000000)
  to   space 5120K, 0% used [0x0000000797600000,0x0000000797600000,0x0000000797b00000)
 ParOldGen       total 67584K, used 18096K [0x0000000740000000, 0x0000000744200000, 0x0000000795580000)
  object space 67584K, 26% used [0x0000000740000000,0x00000007411ac2a8,0x0000000744200000)
 Metaspace       used 20801K, capacity 21109K, committed 21248K, reserved 1069056K
  class space    used 2103K, capacity 2215K, committed 2304K, reserved 1048576K
}
Event: 9.811 GC heap before
{Heap before GC invocations=6 (full 1):
 PSYoungGen      total 38400K, used 33280K [0x0000000795580000, 0x000000079a080000, 0x00000007c0000000)
  eden space 33280K, 100% used [0x0000000795580000,0x0000000797600000,0x0000000797600000)
  from space 5120K, 0% used [0x0000000797b00000,0x0000000797b00000,0x0000000798000000)
  to   space 5120K, 0% used [0x0000000797600000,0x0000000797600000,0x0000000797b00000)
 ParOldGen       total 67584K, used 18096K [0x0000000740000000, 0x0000000744200000, 0x0000000795580000)
  object space 67584K, 26% used [0x0000000740000000,0x00000007411ac2a8,0x0000000744200000)
 Metaspace       used 21233K, capacity 21563K, committed 21760K, reserved 1069056K
  class space    used 2105K, capacity 2216K, committed 2304K, reserved 1048576K
Event: 9.812 GC heap after
Heap after GC invocations=6 (full 1):
 PSYoungGen      total 38400K, used 240K [0x0000000795580000, 0x000000079ae00000, 0x00000007c0000000)
  eden space 33280K, 0% used [0x0000000795580000,0x0000000795580000,0x0000000797600000)
  from space 5120K, 4% used [0x0000000797600000,0x000000079763c010,0x0000000797b00000)
  to   space 15872K, 0% used [0x0000000799e80000,0x0000000799e80000,0x000000079ae00000)
 ParOldGen       total 67584K, used 18104K [0x0000000740000000, 0x0000000744200000, 0x0000000795580000)
  object space 67584K, 26% used [0x0000000740000000,0x00000007411ae2a8,0x0000000744200000)
 Metaspace       used 21233K, capacity 21563K, committed 21760K, reserved 1069056K
  class space    used 2105K, capacity 2216K, committed 2304K, reserved 1048576K
}
Event: 14.979 GC heap before
{Heap before GC invocations=7 (full 1):
 PSYoungGen      total 38400K, used 33520K [0x0000000795580000, 0x000000079ae00000, 0x00000007c0000000)
  eden space 33280K, 100% used [0x0000000795580000,0x0000000797600000,0x0000000797600000)
  from space 5120K, 4% used [0x0000000797600000,0x000000079763c010,0x0000000797b00000)
  to   space 15872K, 0% used [0x0000000799e80000,0x0000000799e80000,0x000000079ae00000)
 ParOldGen       total 67584K, used 18104K [0x0000000740000000, 0x0000000744200000, 0x0000000795580000)
  object space 67584K, 26% used [0x0000000740000000,0x00000007411ae2a8,0x0000000744200000)
 Metaspace       used 21373K, capacity 21755K, committed 22016K, reserved 1069056K
  class space    used 2105K, capacity 2216K, committed 2304K, reserved 1048576K
Event: 14.980 GC heap after
Heap after GC invocations=7 (full 1):
 PSYoungGen      total 70656K, used 208K [0x0000000795580000, 0x000000079ac00000, 0x00000007c0000000)
  eden space 56832K, 0% used [0x0000000795580000,0x0000000795580000,0x0000000798d00000)
  from space 13824K, 1% used [0x0000000799e80000,0x0000000799eb4010,0x000000079ac00000)
  to   space 15872K, 0% used [0x0000000798d00000,0x0000000798d00000,0x0000000799c80000)
 ParOldGen       total 67584K, used 18112K [0x0000000740000000, 0x0000000744200000, 0x0000000795580000)
  object space 67584K, 26% used [0x0000000740000000,0x00000007411b02a8,0x0000000744200000)
 Metaspace       used 21373K, capacity 21755K, committed 22016K, reserved 1069056K
  class space    used 2105K, capacity 2216K, committed 2304K, reserved 1048576K
}
Event: 24.212 GC heap before
{Heap before GC invocations=8 (full 1):
 PSYoungGen      total 70656K, used 57040K [0x0000000795580000, 0x000000079ac00000, 0x00000007c0000000)
  eden space 56832K, 100% used [0x0000000795580000,0x0000000798d00000,0x0000000798d00000)
  from space 13824K, 1% used [0x0000000799e80000,0x0000000799eb4010,0x000000079ac00000)
  to   space 15872K, 0% used [0x0000000798d00000,0x0000000798d00000,0x0000000799c80000)
 ParOldGen       total 67584K, used 18112K [0x0000000740000000, 0x0000000744200000, 0x0000000795580000)
  object space 67584K, 26% used [0x0000000740000000,0x00000007411b02a8,0x0000000744200000)
 Metaspace       used 21374K, capacity 21755K, committed 22016K, reserved 1069056K
  class space    used 2105K, capacity 2216K, committed 2304K, reserved 1048576K
Event: 24.215 GC heap after
Heap after GC invocations=8 (full 1):
 PSYoungGen      total 72704K, used 208K [0x0000000795580000, 0x000000079d000000, 0x00000007c0000000)
  eden space 56832K, 0% used [0x0000000795580000,0x0000000795580000,0x0000000798d00000)
  from space 15872K, 1% used [0x0000000798d00000,0x0000000798d34010,0x0000000799c80000)
  to   space 15872K, 0% used [0x000000079c080000,0x000000079c080000,0x000000079d000000)
 ParOldGen       total 67584K, used 18120K [0x0000000740000000, 0x0000000744200000, 0x0000000795580000)
  object space 67584K, 26% used [0x0000000740000000,0x00000007411b22a8,0x0000000744200000)
 Metaspace       used 21374K, capacity 21755K, committed 22016K, reserved 1069056K
  class space    used 2105K, capacity 2216K, committed 2304K, reserved 1048576K
}

