# JRE version: Java(TM) SE Runtime Environment (8.0_131-b11) (build 1.8.0_131-b11)
# Java VM: Java HotSpot(TM) 64-Bit Server VM (25.131-b11 mixed mode bsd-amd64 compressed oops)
Heap:
 PSYoungGen      total 71680K, used 63139K [0x0000000795580000, 0x000000079c400000, 0x00000007c0000000)
  eden space 66560K, 87% used [0x0000000795580000,0x0000000798e2c710,0x0000000799680000)
  from space 5120K, 99% used [0x0000000799680000,0x0000000799b7c810,0x0000000799b80000)
  to   space 13312K, 0% used [0x000000079b700000,0x000000079b700000,0x000000079c400000)
 ParOldGen       total 55296K, used 19425K [0x0000000740000000, 0x0000000743600000, 0x0000000795580000)
  object space 55296K, 35% used [0x0000000740000000,0x00000007412f87a8,0x0000000743600000)
 Metaspace       used 24874K, capacity 25265K, committed 25472K, reserved 1073152K
  class space    used 2480K, capacity 2587K, committed 2688K, reserved 1048576K
GC Heap History (10 events):
Event: 4.058 GC heap before
{Heap before GC invocations=2 (full 0):
 PSYoungGen      total 38400K, used 38156K [0x0000000795580000, 0x0000000798000000, 0x00000007c0000000)
  eden space 33280K, 100% used [0x0000000795580000,0x0000000797600000,0x0000000797600000)
  from space 5120K, 95% used [0x0000000797600000,0x0000000797ac31b8,0x0000000797b00000)
  to   space 5120K, 0% used [0x0000000797b00000,0x0000000797b00000,0x0000000798000000)
 ParOldGen       total 87552K, used 16K [0x0000000740000000, 0x0000000745580000, 0x0000000795580000)
  object space 87552K, 0% used [0x0000000740000000,0x0000000740004000,0x0000000745580000)
 Metaspace       used 20430K, capacity 20815K, committed 20992K, reserved 1069056K
  class space    used 2131K, capacity 2262K, committed 2304K, reserved 1048576K
Event: 4.071 GC heap after
Heap after GC invocations=2 (full 0):
 PSYoungGen      total 38400K, used 5115K [0x0000000795580000, 0x0000000798000000, 0x00000007c0000000)
  eden space 33280K, 0% used [0x0000000795580000,0x0000000795580000,0x0000000797600000)
  from space 5120K, 99% used [0x0000000797b00000,0x0000000797ffef78,0x0000000798000000)
  to   space 5120K, 0% used [0x0000000797600000,0x0000000797600000,0x0000000797b00000)
 ParOldGen       total 87552K, used 3095K [0x0000000740000000, 0x0000000745580000, 0x0000000795580000)
  object space 87552K, 3% used [0x0000000740000000,0x0000000740305c28,0x0000000745580000)
 Metaspace       used 20430K, capacity 20815K, committed 20992K, reserved 1069056K
  class space    used 2131K, capacity 2262K, committed 2304K, reserved 1048576K
}
Event: 4.168 GC heap before
{Heap before GC invocations=3 (full 0):
 PSYoungGen      total 38400K, used 5916K [0x0000000795580000, 0x0000000798000000, 0x00000007c0000000)
  eden space 33280K, 2% used [0x0000000795580000,0x0000000795648338,0x0000000797600000)
  from space 5120K, 99% used [0x0000000797b00000,0x0000000797ffef78,0x0000000798000000)
  to   space 5120K, 0% used [0x0000000797600000,0x0000000797600000,0x0000000797b00000)
 ParOldGen       total 87552K, used 3095K [0x0000000740000000, 0x0000000745580000, 0x0000000795580000)
  object space 87552K, 3% used [0x0000000740000000,0x0000000740305c28,0x0000000745580000)
 Metaspace       used 20773K, capacity 21167K, committed 21248K, reserved 1069056K
  class space    used 2170K, capacity 2294K, committed 2304K, reserved 1048576K
Event: 4.173 GC heap after
Heap after GC invocations=3 (full 0):
 PSYoungGen      total 38400K, used 5100K [0x0000000795580000, 0x000000079a080000, 0x00000007c0000000)
  eden space 33280K, 0% used [0x0000000795580000,0x0000000795580000,0x0000000797600000)
  from space 5120K, 99% used [0x0000000797600000,0x0000000797afb0f0,0x0000000797b00000)
  to   space 5120K, 0% used [0x0000000799b80000,0x0000000799b80000,0x000000079a080000)
 ParOldGen       total 87552K, used 3484K [0x0000000740000000, 0x0000000745580000, 0x0000000795580000)
  object space 87552K, 3% used [0x0000000740000000,0x0000000740367028,0x0000000745580000)
 Metaspace       used 20773K, capacity 21167K, committed 21248K, reserved 1069056K
  class space    used 2170K, capacity 2294K, committed 2304K, reserved 1048576K
}
Event: 4.173 GC heap before
{Heap before GC invocations=4 (full 1):
 PSYoungGen      total 38400K, used 5100K [0x0000000795580000, 0x000000079a080000, 0x00000007c0000000)
  eden space 33280K, 0% used [0x0000000795580000,0x0000000795580000,0x0000000797600000)
  from space 5120K, 99% used [0x0000000797600000,0x0000000797afb0f0,0x0000000797b00000)
  to   space 5120K, 0% used [0x0000000799b80000,0x0000000799b80000,0x000000079a080000)
 ParOldGen       total 87552K, used 3484K [0x0000000740000000, 0x0000000745580000, 0x0000000795580000)
  object space 87552K, 3% used [0x0000000740000000,0x0000000740367028,0x0000000745580000)
 Metaspace       used 20773K, capacity 21167K, committed 21248K, reserved 1069056K
  class space    used 2170K, capacity 2294K, committed 2304K, reserved 1048576K
Event: 4.215 GC heap after
Heap after GC invocations=4 (full 1):
 PSYoungGen      total 38400K, used 0K [0x0000000795580000, 0x000000079a080000, 0x00000007c0000000)
  eden space 33280K, 0% used [0x0000000795580000,0x0000000795580000,0x0000000797600000)
  from space 5120K, 0% used [0x0000000797600000,0x0000000797600000,0x0000000797b00000)
  to   space 5120K, 0% used [0x0000000799b80000,0x0000000799b80000,0x000000079a080000)
 ParOldGen       total 55296K, used 7245K [0x0000000740000000, 0x0000000743600000, 0x0000000795580000)
  object space 55296K, 13% used [0x0000000740000000,0x0000000740713700,0x0000000743600000)
 Metaspace       used 20773K, capacity 21167K, committed 21248K, reserved 1069056K
  class space    used 2170K, capacity 2294K, committed 2304K, reserved 1048576K
}
Event: 4.952 GC heap before
{Heap before GC invocations=5 (full 1):
 PSYoungGen      total 38400K, used 33280K [0x0000000795580000, 0x000000079a080000, 0x00000007c0000000)
  eden space 33280K, 100% used [0x0000000795580000,0x0000000797600000,0x0000000797600000)
  from space 5120K, 0% used [0x0000000797600000,0x0000000797600000,0x0000000797b00000)
  to   space 5120K, 0% used [0x0000000799b80000,0x0000000799b80000,0x000000079a080000)
 ParOldGen       total 55296K, used 7501K [0x0000000740000000, 0x0000000743600000, 0x0000000795580000)
  object space 55296K, 13% used [0x0000000740000000,0x0000000740753710,0x0000000743600000)
 Metaspace       used 23552K, capacity 23969K, committed 24192K, reserved 1071104K
  class space    used 2435K, capacity 2585K, committed 2688K, reserved 1048576K
Event: 4.959 GC heap after
Heap after GC invocations=5 (full 1):
 PSYoungGen      total 59904K, used 5090K [0x0000000795580000, 0x000000079a080000, 0x00000007c0000000)
  eden space 54784K, 0% used [0x0000000795580000,0x0000000795580000,0x0000000798b00000)
  from space 5120K, 99% used [0x0000000799b80000,0x000000079a078820,0x000000079a080000)
  to   space 5120K, 0% used [0x0000000799680000,0x0000000799680000,0x0000000799b80000)
 ParOldGen       total 55296K, used 15854K [0x0000000740000000, 0x0000000743600000, 0x0000000795580000)
  object space 55296K, 28% used [0x0000000740000000,0x0000000740f7b888,0x0000000743600000)
 Metaspace       used 23552K, capacity 23969K, committed 24192K, reserved 1071104K
  class space    used 2435K, capacity 2585K, committed 2688K, reserved 1048576K
}
Event: 8.223 GC heap before
{Heap before GC invocations=6 (full 1):
 PSYoungGen      total 59904K, used 59874K [0x0000000795580000, 0x000000079a080000, 0x00000007c0000000)
  eden space 54784K, 100% used [0x0000000795580000,0x0000000798b00000,0x0000000798b00000)
  from space 5120K, 99% used [0x0000000799b80000,0x000000079a078820,0x000000079a080000)
  to   space 5120K, 0% used [0x0000000799680000,0x0000000799680000,0x0000000799b80000)
 ParOldGen       total 55296K, used 15857K [0x0000000740000000, 0x0000000743600000, 0x0000000795580000)
  object space 55296K, 28% used [0x0000000740000000,0x0000000740f7c7f0,0x0000000743600000)
 Metaspace       used 24309K, capacity 24753K, committed 24960K, reserved 1071104K
  class space    used 2451K, capacity 2587K, committed 2688K, reserved 1048576K
Event: 8.232 GC heap after
Heap after GC invocations=6 (full 1):
 PSYoungGen      total 71680K, used 5106K [0x0000000795580000, 0x000000079c400000, 0x00000007c0000000)
  eden space 66560K, 0% used [0x0000000795580000,0x0000000795580000,0x0000000799680000)
  from space 5120K, 99% used [0x0000000799680000,0x0000000799b7c810,0x0000000799b80000)
  to   space 13312K, 0% used [0x000000079b700000,0x000000079b700000,0x000000079c400000)
 ParOldGen       total 55296K, used 19425K [0x0000000740000000, 0x0000000743600000, 0x0000000795580000)
  object space 55296K, 35% used [0x0000000740000000,0x00000007412f87a8,0x0000000743600000)
 Metaspace       used 24309K, capacity 24753K, committed 24960K, reserved 1071104K
  class space    used 2451K, capacity 2587K, committed 2688K, reserved 1048576K
}

