# JRE version: Java(TM) SE Runtime Environment (8.0_131-b11) (build 1.8.0_131-b11)
# Java VM: Java HotSpot(TM) 64-Bit Server VM (25.131-b11 mixed mode bsd-amd64 compressed oops)
Heap:
 PSYoungGen      total 77824K, used 60059K [0x0000000795580000, 0x000000079b200000, 0x00000007c0000000)
  eden space 64000K, 93% used [0x0000000795580000,0x0000000798ffec78,0x0000000799400000)
  from space 13824K, 1% used [0x000000079a480000,0x000000079a4a8000,0x000000079b200000)
  to   space 15360K, 0% used [0x0000000799400000,0x0000000799400000,0x000000079a300000)
 ParOldGen       total 62464K, used 17550K [0x0000000740000000, 0x0000000743d00000, 0x0000000795580000)
  object space 62464K, 28% used [0x0000000740000000,0x0000000741123b20,0x0000000743d00000)
 Metaspace       used 21510K, capacity 21883K, committed 22140K, reserved 1069056K
  class space    used 2106K, capacity 2216K, committed 2304K, reserved 1048576K
GC Heap History (10 events):
Event: 4.472 GC heap before
{Heap before GC invocations=3 (full 0):
 PSYoungGen      total 38400K, used 38246K [0x0000000795580000, 0x0000000798000000, 0x00000007c0000000)
  eden space 33280K, 99% used [0x0000000795580000,0x00000007975dd628,0x0000000797600000)
  from space 5120K, 99% used [0x0000000797b00000,0x0000000797ffc530,0x0000000798000000)
  to   space 5120K, 0% used [0x0000000797600000,0x0000000797600000,0x0000000797b00000)
 ParOldGen       total 87552K, used 4839K [0x0000000740000000, 0x0000000745580000, 0x0000000795580000)
  object space 87552K, 5% used [0x0000000740000000,0x00000007404b9f68,0x0000000745580000)
 Metaspace       used 20696K, capacity 21019K, committed 21248K, reserved 1069056K
  class space    used 2097K, capacity 2184K, committed 2304K, reserved 1048576K
Event: 4.483 GC heap after
Heap after GC invocations=3 (full 0):
 PSYoungGen      total 38400K, used 5105K [0x0000000795580000, 0x0000000798000000, 0x00000007c0000000)
  eden space 33280K, 0% used [0x0000000795580000,0x0000000795580000,0x0000000797600000)
  from space 5120K, 99% used [0x0000000797600000,0x0000000797afc540,0x0000000797b00000)
  to   space 5120K, 0% used [0x0000000797b00000,0x0000000797b00000,0x0000000798000000)
 ParOldGen       total 87552K, used 12434K [0x0000000740000000, 0x0000000745580000, 0x0000000795580000)
  object space 87552K, 14% used [0x0000000740000000,0x0000000740c249d0,0x0000000745580000)
 Metaspace       used 20696K, capacity 21019K, committed 21248K, reserved 1069056K
  class space    used 2097K, capacity 2184K, committed 2304K, reserved 1048576K
}
Event: 4.496 GC heap before
{Heap before GC invocations=4 (full 0):
 PSYoungGen      total 38400K, used 6998K [0x0000000795580000, 0x0000000798000000, 0x00000007c0000000)
  eden space 33280K, 5% used [0x0000000795580000,0x0000000795759418,0x0000000797600000)
  from space 5120K, 99% used [0x0000000797600000,0x0000000797afc540,0x0000000797b00000)
  to   space 5120K, 0% used [0x0000000797b00000,0x0000000797b00000,0x0000000798000000)
 ParOldGen       total 87552K, used 12434K [0x0000000740000000, 0x0000000745580000, 0x0000000795580000)
  object space 87552K, 14% used [0x0000000740000000,0x0000000740c249d0,0x0000000745580000)
 Metaspace       used 20701K, capacity 21083K, committed 21504K, reserved 1069056K
  class space    used 2097K, capacity 2184K, committed 2304K, reserved 1048576K
Event: 4.503 GC heap after
Heap after GC invocations=4 (full 0):
 PSYoungGen      total 38400K, used 5089K [0x0000000795580000, 0x000000079a080000, 0x00000007c0000000)
  eden space 33280K, 0% used [0x0000000795580000,0x0000000795580000,0x0000000797600000)
  from space 5120K, 99% used [0x0000000797b00000,0x0000000797ff8550,0x0000000798000000)
  to   space 5120K, 0% used [0x0000000797600000,0x0000000797600000,0x0000000797b00000)
 ParOldGen       total 87552K, used 13058K [0x0000000740000000, 0x0000000745580000, 0x0000000795580000)
  object space 87552K, 14% used [0x0000000740000000,0x0000000740cc0a30,0x0000000745580000)
 Metaspace       used 20701K, capacity 21083K, committed 21504K, reserved 1069056K
  class space    used 2097K, capacity 2184K, committed 2304K, reserved 1048576K
}
Event: 6.251 GC heap before
{Heap before GC invocations=5 (full 0):
 PSYoungGen      total 38400K, used 24873K [0x0000000795580000, 0x000000079a080000, 0x00000007c0000000)
  eden space 33280K, 59% used [0x0000000795580000,0x00000007968d1fb0,0x0000000797600000)
  from space 5120K, 99% used [0x0000000797b00000,0x0000000797ff8550,0x0000000798000000)
  to   space 5120K, 0% used [0x0000000797600000,0x0000000797600000,0x0000000797b00000)
 ParOldGen       total 87552K, used 13058K [0x0000000740000000, 0x0000000745580000, 0x0000000795580000)
  object space 87552K, 14% used [0x0000000740000000,0x0000000740cc0a30,0x0000000745580000)
 Metaspace       used 21024K, capacity 21339K, committed 21628K, reserved 1069056K
  class space    used 2098K, capacity 2184K, committed 2304K, reserved 1048576K
Event: 6.257 GC heap after
Heap after GC invocations=5 (full 0):
 PSYoungGen      total 38400K, used 5105K [0x0000000795580000, 0x000000079b280000, 0x00000007c0000000)
  eden space 33280K, 0% used [0x0000000795580000,0x0000000795580000,0x0000000797600000)
  from space 5120K, 99% used [0x0000000797600000,0x0000000797afc560,0x0000000797b00000)
  to   space 14336K, 0% used [0x000000079a480000,0x000000079a480000,0x000000079b280000)
 ParOldGen       total 87552K, used 14480K [0x0000000740000000, 0x0000000745580000, 0x0000000795580000)
  object space 87552K, 16% used [0x0000000740000000,0x0000000740e24148,0x0000000745580000)
 Metaspace       used 21024K, capacity 21339K, committed 21628K, reserved 1069056K
  class space    used 2098K, capacity 2184K, committed 2304K, reserved 1048576K
}
Event: 6.257 GC heap before
{Heap before GC invocations=6 (full 1):
 PSYoungGen      total 38400K, used 5105K [0x0000000795580000, 0x000000079b280000, 0x00000007c0000000)
  eden space 33280K, 0% used [0x0000000795580000,0x0000000795580000,0x0000000797600000)
  from space 5120K, 99% used [0x0000000797600000,0x0000000797afc560,0x0000000797b00000)
  to   space 14336K, 0% used [0x000000079a480000,0x000000079a480000,0x000000079b280000)
 ParOldGen       total 87552K, used 14480K [0x0000000740000000, 0x0000000745580000, 0x0000000795580000)
  object space 87552K, 16% used [0x0000000740000000,0x0000000740e24148,0x0000000745580000)
 Metaspace       used 21024K, capacity 21339K, committed 21628K, reserved 1069056K
  class space    used 2098K, capacity 2184K, committed 2304K, reserved 1048576K
Event: 6.289 GC heap after
Heap after GC invocations=6 (full 1):
 PSYoungGen      total 38400K, used 0K [0x0000000795580000, 0x000000079b280000, 0x00000007c0000000)
  eden space 33280K, 0% used [0x0000000795580000,0x0000000795580000,0x0000000797600000)
  from space 5120K, 0% used [0x0000000797600000,0x0000000797600000,0x0000000797b00000)
  to   space 14336K, 0% used [0x000000079a480000,0x000000079a480000,0x000000079b280000)
 ParOldGen       total 62464K, used 17542K [0x0000000740000000, 0x0000000743d00000, 0x0000000795580000)
  object space 62464K, 28% used [0x0000000740000000,0x0000000741121b20,0x0000000743d00000)
 Metaspace       used 21024K, capacity 21339K, committed 21628K, reserved 1069056K
  class space    used 2098K, capacity 2184K, committed 2304K, reserved 1048576K
}
Event: 11.457 GC heap before
{Heap before GC invocations=7 (full 1):
 PSYoungGen      total 38400K, used 33280K [0x0000000795580000, 0x000000079b280000, 0x00000007c0000000)
  eden space 33280K, 100% used [0x0000000795580000,0x0000000797600000,0x0000000797600000)
  from space 5120K, 0% used [0x0000000797600000,0x0000000797600000,0x0000000797b00000)
  to   space 14336K, 0% used [0x000000079a480000,0x000000079a480000,0x000000079b280000)
 ParOldGen       total 62464K, used 17542K [0x0000000740000000, 0x0000000743d00000, 0x0000000795580000)
  object space 62464K, 28% used [0x0000000740000000,0x0000000741121b20,0x0000000743d00000)
 Metaspace       used 21401K, capacity 21723K, committed 22140K, reserved 1069056K
  class space    used 2098K, capacity 2184K, committed 2304K, reserved 1048576K
Event: 11.459 GC heap after
Heap after GC invocations=7 (full 1):
 PSYoungGen      total 77824K, used 160K [0x0000000795580000, 0x000000079b200000, 0x00000007c0000000)
  eden space 64000K, 0% used [0x0000000795580000,0x0000000795580000,0x0000000799400000)
  from space 13824K, 1% used [0x000000079a480000,0x000000079a4a8000,0x000000079b200000)
  to   space 15360K, 0% used [0x0000000799400000,0x0000000799400000,0x000000079a300000)
 ParOldGen       total 62464K, used 17550K [0x0000000740000000, 0x0000000743d00000, 0x0000000795580000)
  object space 62464K, 28% used [0x0000000740000000,0x0000000741123b20,0x0000000743d00000)
 Metaspace       used 21401K, capacity 21723K, committed 22140K, reserved 1069056K
  class space    used 2098K, capacity 2184K, committed 2304K, reserved 1048576K
}

