# JRE version: Java(TM) SE Runtime Environment (8.0_131-b11) (build 1.8.0_131-b11)
# Java VM: Java HotSpot(TM) 64-Bit Server VM (25.131-b11 mixed mode bsd-amd64 compressed oops)
Heap:
 PSYoungGen      total 53760K, used 20900K [0x0000000795580000, 0x0000000799000000, 0x00000007c0000000)
  eden space 48640K, 32% used [0x0000000795580000,0x00000007964ed0d8,0x0000000798500000)
  from space 5120K, 99% used [0x0000000798b00000,0x0000000798ffc1a0,0x0000000799000000)
  to   space 5120K, 0% used [0x0000000798600000,0x0000000798600000,0x0000000798b00000)
 ParOldGen       total 67584K, used 18488K [0x0000000740000000, 0x0000000744200000, 0x0000000795580000)
  object space 67584K, 27% used [0x0000000740000000,0x000000074120e378,0x0000000744200000)
 Metaspace       used 24323K, capacity 24709K, committed 25088K, reserved 1071104K
  class space    used 2449K, capacity 2555K, committed 2560K, reserved 1048576K
GC Heap History (10 events):
Event: 2.859 GC heap before
{Heap before GC invocations=1 (full 0):
 PSYoungGen      total 38400K, used 33280K [0x0000000795580000, 0x0000000798000000, 0x00000007c0000000)
  eden space 33280K, 100% used [0x0000000795580000,0x0000000797600000,0x0000000797600000)
  from space 5120K, 0% used [0x0000000797b00000,0x0000000797b00000,0x0000000798000000)
  to   space 5120K, 0% used [0x0000000797600000,0x0000000797600000,0x0000000797b00000)
 ParOldGen       total 87552K, used 0K [0x0000000740000000, 0x0000000745580000, 0x0000000795580000)
  object space 87552K, 0% used [0x0000000740000000,0x0000000740000000,0x0000000745580000)
 Metaspace       used 15932K, capacity 16219K, committed 16384K, reserved 1064960K
  class space    used 1631K, capacity 1726K, committed 1792K, reserved 1048576K
Event: 2.865 GC heap after
Heap after GC invocations=1 (full 0):
 PSYoungGen      total 38400K, used 5062K [0x0000000795580000, 0x0000000798000000, 0x00000007c0000000)
  eden space 33280K, 0% used [0x0000000795580000,0x0000000795580000,0x0000000797600000)
  from space 5120K, 98% used [0x0000000797600000,0x0000000797af18f8,0x0000000797b00000)
  to   space 5120K, 0% used [0x0000000797b00000,0x0000000797b00000,0x0000000798000000)
 ParOldGen       total 87552K, used 16K [0x0000000740000000, 0x0000000745580000, 0x0000000795580000)
  object space 87552K, 0% used [0x0000000740000000,0x0000000740004000,0x0000000745580000)
 Metaspace       used 15932K, capacity 16219K, committed 16384K, reserved 1064960K
  class space    used 1631K, capacity 1726K, committed 1792K, reserved 1048576K
}
Event: 4.032 GC heap before
{Heap before GC invocations=2 (full 0):
 PSYoungGen      total 38400K, used 38342K [0x0000000795580000, 0x0000000798000000, 0x00000007c0000000)
  eden space 33280K, 100% used [0x0000000795580000,0x0000000797600000,0x0000000797600000)
  from space 5120K, 98% used [0x0000000797600000,0x0000000797af18f8,0x0000000797b00000)
  to   space 5120K, 0% used [0x0000000797b00000,0x0000000797b00000,0x0000000798000000)
 ParOldGen       total 87552K, used 16K [0x0000000740000000, 0x0000000745580000, 0x0000000795580000)
  object space 87552K, 0% used [0x0000000740000000,0x0000000740004000,0x0000000745580000)
 Metaspace       used 20750K, capacity 21145K, committed 21248K, reserved 1069056K
  class space    used 2151K, capacity 2291K, committed 2304K, reserved 1048576K
Event: 4.043 GC heap after
Heap after GC invocations=2 (full 0):
 PSYoungGen      total 38400K, used 5091K [0x0000000795580000, 0x0000000798000000, 0x00000007c0000000)
  eden space 33280K, 0% used [0x0000000795580000,0x0000000795580000,0x0000000797600000)
  from space 5120K, 99% used [0x0000000797b00000,0x0000000797ff8c00,0x0000000798000000)
  to   space 5120K, 0% used [0x0000000797600000,0x0000000797600000,0x0000000797b00000)
 ParOldGen       total 87552K, used 3410K [0x0000000740000000, 0x0000000745580000, 0x0000000795580000)
  object space 87552K, 3% used [0x0000000740000000,0x00000007403549c8,0x0000000745580000)
 Metaspace       used 20750K, capacity 21145K, committed 21248K, reserved 1069056K
  class space    used 2151K, capacity 2291K, committed 2304K, reserved 1048576K
}
Event: 4.043 GC heap before
{Heap before GC invocations=3 (full 1):
 PSYoungGen      total 38400K, used 5091K [0x0000000795580000, 0x0000000798000000, 0x00000007c0000000)
  eden space 33280K, 0% used [0x0000000795580000,0x0000000795580000,0x0000000797600000)
  from space 5120K, 99% used [0x0000000797b00000,0x0000000797ff8c00,0x0000000798000000)
  to   space 5120K, 0% used [0x0000000797600000,0x0000000797600000,0x0000000797b00000)
 ParOldGen       total 87552K, used 3410K [0x0000000740000000, 0x0000000745580000, 0x0000000795580000)
  object space 87552K, 3% used [0x0000000740000000,0x00000007403549c8,0x0000000745580000)
 Metaspace       used 20750K, capacity 21145K, committed 21248K, reserved 1069056K
  class space    used 2151K, capacity 2291K, committed 2304K, reserved 1048576K
Event: 4.084 GC heap after
Heap after GC invocations=3 (full 1):
 PSYoungGen      total 38400K, used 0K [0x0000000795580000, 0x0000000798000000, 0x00000007c0000000)
  eden space 33280K, 0% used [0x0000000795580000,0x0000000795580000,0x0000000797600000)
  from space 5120K, 0% used [0x0000000797b00000,0x0000000797b00000,0x0000000798000000)
  to   space 5120K, 0% used [0x0000000797600000,0x0000000797600000,0x0000000797b00000)
 ParOldGen       total 67584K, used 8330K [0x0000000740000000, 0x0000000744200000, 0x0000000795580000)
  object space 67584K, 12% used [0x0000000740000000,0x0000000740822818,0x0000000744200000)
 Metaspace       used 20750K, capacity 21145K, committed 21248K, reserved 1069056K
  class space    used 2151K, capacity 2291K, committed 2304K, reserved 1048576K
}
Event: 4.769 GC heap before
{Heap before GC invocations=4 (full 1):
 PSYoungGen      total 38400K, used 33131K [0x0000000795580000, 0x0000000798000000, 0x00000007c0000000)
  eden space 33280K, 99% used [0x0000000795580000,0x00000007975dada0,0x0000000797600000)
  from space 5120K, 0% used [0x0000000797b00000,0x0000000797b00000,0x0000000798000000)
  to   space 5120K, 0% used [0x0000000797600000,0x0000000797600000,0x0000000797b00000)
 ParOldGen       total 67584K, used 8586K [0x0000000740000000, 0x0000000744200000, 0x0000000795580000)
  object space 67584K, 12% used [0x0000000740000000,0x0000000740862828,0x0000000744200000)
 Metaspace       used 23415K, capacity 23819K, committed 24064K, reserved 1071104K
  class space    used 2407K, capacity 2518K, committed 2560K, reserved 1048576K
Event: 4.782 GC heap after
Heap after GC invocations=4 (full 1):
 PSYoungGen      total 38400K, used 5104K [0x0000000795580000, 0x0000000799000000, 0x00000007c0000000)
  eden space 33280K, 0% used [0x0000000795580000,0x0000000795580000,0x0000000797600000)
  from space 5120K, 99% used [0x0000000797600000,0x0000000797afc170,0x0000000797b00000)
  to   space 5120K, 0% used [0x0000000798b00000,0x0000000798b00000,0x0000000799000000)
 ParOldGen       total 67584K, used 16142K [0x0000000740000000, 0x0000000744200000, 0x0000000795580000)
  object space 67584K, 23% used [0x0000000740000000,0x0000000740fc3a30,0x0000000744200000)
 Metaspace       used 23415K, capacity 23819K, committed 24064K, reserved 1071104K
  class space    used 2407K, capacity 2518K, committed 2560K, reserved 1048576K
}
Event: 6.496 GC heap before
{Heap before GC invocations=5 (full 1):
 PSYoungGen      total 38400K, used 38384K [0x0000000795580000, 0x0000000799000000, 0x00000007c0000000)
  eden space 33280K, 100% used [0x0000000795580000,0x0000000797600000,0x0000000797600000)
  from space 5120K, 99% used [0x0000000797600000,0x0000000797afc170,0x0000000797b00000)
  to   space 5120K, 0% used [0x0000000798b00000,0x0000000798b00000,0x0000000799000000)
 ParOldGen       total 67584K, used 16145K [0x0000000740000000, 0x0000000744200000, 0x0000000795580000)
  object space 67584K, 23% used [0x0000000740000000,0x0000000740fc4518,0x0000000744200000)
 Metaspace       used 24091K, capacity 24445K, committed 24576K, reserved 1071104K
  class space    used 2438K, capacity 2553K, committed 2560K, reserved 1048576K
Event: 6.503 GC heap after
Heap after GC invocations=5 (full 1):
 PSYoungGen      total 53760K, used 5104K [0x0000000795580000, 0x0000000799000000, 0x00000007c0000000)
  eden space 48640K, 0% used [0x0000000795580000,0x0000000795580000,0x0000000798500000)
  from space 5120K, 99% used [0x0000000798b00000,0x0000000798ffc1a0,0x0000000799000000)
  to   space 5120K, 0% used [0x0000000798600000,0x0000000798600000,0x0000000798b00000)
 ParOldGen       total 67584K, used 18488K [0x0000000740000000, 0x0000000744200000, 0x0000000795580000)
  object space 67584K, 27% used [0x0000000740000000,0x000000074120e378,0x0000000744200000)
 Metaspace       used 24091K, capacity 24445K, committed 24576K, reserved 1071104K
  class space    used 2438K, capacity 2553K, committed 2560K, reserved 1048576K
}

