# JRE version: Java(TM) SE Runtime Environment (8.0_131-b11) (build 1.8.0_131-b11)
# Java VM: Java HotSpot(TM) 64-Bit Server VM (25.131-b11 mixed mode bsd-amd64 compressed oops)
Heap:
 PSYoungGen      total 130560K, used 8419K [0x0000000795580000, 0x00000007ae200000, 0x00000007c0000000)
  eden space 130048K, 6% used [0x0000000795580000,0x0000000795d90d28,0x000000079d480000)
  from space 512K, 31% used [0x00000007ae180000,0x00000007ae1a8000,0x00000007ae200000)
  to   space 9216K, 0% used [0x00000007ad000000,0x00000007ad000000,0x00000007ad900000)
 ParOldGen       total 76288K, used 50449K [0x0000000740000000, 0x0000000744a80000, 0x0000000795580000)
  object space 76288K, 66% used [0x0000000740000000,0x00000007431445b8,0x0000000744a80000)
 Metaspace       used 22039K, capacity 22421K, committed 22652K, reserved 1069056K
  class space    used 2149K, capacity 2249K, committed 2304K, reserved 1048576K
GC Heap History (10 events):
Event: 103.297 GC heap before
{Heap before GC invocations=47 (full 1):
 PSYoungGen      total 161792K, used 161408K [0x0000000795580000, 0x00000007afe80000, 0x00000007c0000000)
  eden space 158720K, 100% used [0x0000000795580000,0x000000079f080000,0x000000079f080000)
  from space 3072K, 87% used [0x00000007aeb00000,0x00000007aeda0090,0x00000007aee00000)
  to   space 10752K, 0% used [0x00000007af400000,0x00000007af400000,0x00000007afe80000)
 ParOldGen       total 76288K, used 47797K [0x0000000740000000, 0x0000000744a80000, 0x0000000795580000)
  object space 76288K, 62% used [0x0000000740000000,0x0000000742ead518,0x0000000744a80000)
 Metaspace       used 22004K, capacity 22357K, committed 22652K, reserved 1069056K
  class space    used 2141K, capacity 2249K, committed 2304K, reserved 1048576K
Event: 103.301 GC heap after
Heap after GC invocations=47 (full 1):
 PSYoungGen      total 154624K, used 1600K [0x0000000795580000, 0x00000007af600000, 0x00000007c0000000)
  eden space 152576K, 0% used [0x0000000795580000,0x0000000795580000,0x000000079ea80000)
  from space 2048K, 78% used [0x00000007af400000,0x00000007af590050,0x00000007af600000)
  to   space 10240K, 0% used [0x00000007ae200000,0x00000007ae200000,0x00000007aec00000)
 ParOldGen       total 76288K, used 48909K [0x0000000740000000, 0x0000000744a80000, 0x0000000795580000)
  object space 76288K, 64% used [0x0000000740000000,0x0000000742fc3558,0x0000000744a80000)
 Metaspace       used 22004K, capacity 22357K, committed 22652K, reserved 1069056K
  class space    used 2141K, capacity 2249K, committed 2304K, reserved 1048576K
}
Event: 106.795 GC heap before
{Heap before GC invocations=48 (full 1):
 PSYoungGen      total 154624K, used 154176K [0x0000000795580000, 0x00000007af600000, 0x00000007c0000000)
  eden space 152576K, 100% used [0x0000000795580000,0x000000079ea80000,0x000000079ea80000)
  from space 2048K, 78% used [0x00000007af400000,0x00000007af590050,0x00000007af600000)
  to   space 10240K, 0% used [0x00000007ae200000,0x00000007ae200000,0x00000007aec00000)
 ParOldGen       total 76288K, used 48909K [0x0000000740000000, 0x0000000744a80000, 0x0000000795580000)
  object space 76288K, 64% used [0x0000000740000000,0x0000000742fc3558,0x0000000744a80000)
 Metaspace       used 22004K, capacity 22357K, committed 22652K, reserved 1069056K
  class space    used 2141K, capacity 2249K, committed 2304K, reserved 1048576K
Event: 106.798 GC heap after
Heap after GC invocations=48 (full 1):
 PSYoungGen      total 147456K, used 768K [0x0000000795580000, 0x00000007af480000, 0x00000007c0000000)
  eden space 146432K, 0% used [0x0000000795580000,0x0000000795580000,0x000000079e480000)
  from space 1024K, 75% used [0x00000007ae200000,0x00000007ae2c0020,0x00000007ae300000)
  to   space 10240K, 0% used [0x00000007aea80000,0x00000007aea80000,0x00000007af480000)
 ParOldGen       total 76288K, used 49733K [0x0000000740000000, 0x0000000744a80000, 0x0000000795580000)
  object space 76288K, 65% used [0x0000000740000000,0x0000000743091588,0x0000000744a80000)
 Metaspace       used 22004K, capacity 22357K, committed 22652K, reserved 1069056K
  class space    used 2141K, capacity 2249K, committed 2304K, reserved 1048576K
}
Event: 109.813 GC heap before
{Heap before GC invocations=49 (full 1):
 PSYoungGen      total 147456K, used 147200K [0x0000000795580000, 0x00000007af480000, 0x00000007c0000000)
  eden space 146432K, 100% used [0x0000000795580000,0x000000079e480000,0x000000079e480000)
  from space 1024K, 75% used [0x00000007ae200000,0x00000007ae2c0020,0x00000007ae300000)
  to   space 10240K, 0% used [0x00000007aea80000,0x00000007aea80000,0x00000007af480000)
 ParOldGen       total 76288K, used 49733K [0x0000000740000000, 0x0000000744a80000, 0x0000000795580000)
  object space 76288K, 65% used [0x0000000740000000,0x0000000743091588,0x0000000744a80000)
 Metaspace       used 22004K, capacity 22357K, committed 22652K, reserved 1069056K
  class space    used 2141K, capacity 2249K, committed 2304K, reserved 1048576K
Event: 109.817 GC heap after
Heap after GC invocations=49 (full 1):
 PSYoungGen      total 141312K, used 160K [0x0000000795580000, 0x00000007aeb00000, 0x00000007c0000000)
  eden space 140800K, 0% used [0x0000000795580000,0x0000000795580000,0x000000079df00000)
  from space 512K, 31% used [0x00000007aea80000,0x00000007aeaa8000,0x00000007aeb00000)
  to   space 9728K, 0% used [0x00000007ad800000,0x00000007ad800000,0x00000007ae180000)
 ParOldGen       total 76288K, used 50337K [0x0000000740000000, 0x0000000744a80000, 0x0000000795580000)
  object space 76288K, 65% used [0x0000000740000000,0x00000007431285b8,0x0000000744a80000)
 Metaspace       used 22004K, capacity 22357K, committed 22652K, reserved 1069056K
  class space    used 2141K, capacity 2249K, committed 2304K, reserved 1048576K
}
Event: 112.729 GC heap before
{Heap before GC invocations=50 (full 1):
 PSYoungGen      total 141312K, used 140960K [0x0000000795580000, 0x00000007aeb00000, 0x00000007c0000000)
  eden space 140800K, 100% used [0x0000000795580000,0x000000079df00000,0x000000079df00000)
  from space 512K, 31% used [0x00000007aea80000,0x00000007aeaa8000,0x00000007aeb00000)
  to   space 9728K, 0% used [0x00000007ad800000,0x00000007ad800000,0x00000007ae180000)
 ParOldGen       total 76288K, used 50337K [0x0000000740000000, 0x0000000744a80000, 0x0000000795580000)
  object space 76288K, 65% used [0x0000000740000000,0x00000007431285b8,0x0000000744a80000)
 Metaspace       used 22004K, capacity 22357K, committed 22652K, reserved 1069056K
  class space    used 2141K, capacity 2249K, committed 2304K, reserved 1048576K
Event: 112.731 GC heap after
Heap after GC invocations=50 (full 1):
 PSYoungGen      total 144896K, used 128K [0x0000000795580000, 0x00000007aeb00000, 0x00000007c0000000)
  eden space 135168K, 0% used [0x0000000795580000,0x0000000795580000,0x000000079d980000)
  from space 9728K, 1% used [0x00000007ad800000,0x00000007ad820000,0x00000007ae180000)
  to   space 9728K, 0% used [0x00000007ae180000,0x00000007ae180000,0x00000007aeb00000)
 ParOldGen       total 76288K, used 50425K [0x0000000740000000, 0x0000000744a80000, 0x0000000795580000)
  object space 76288K, 66% used [0x0000000740000000,0x000000074313e5b8,0x0000000744a80000)
 Metaspace       used 22004K, capacity 22357K, committed 22652K, reserved 1069056K
  class space    used 2141K, capacity 2249K, committed 2304K, reserved 1048576K
}
Event: 115.569 GC heap before
{Heap before GC invocations=51 (full 1):
 PSYoungGen      total 144896K, used 135296K [0x0000000795580000, 0x00000007aeb00000, 0x00000007c0000000)
  eden space 135168K, 100% used [0x0000000795580000,0x000000079d980000,0x000000079d980000)
  from space 9728K, 1% used [0x00000007ad800000,0x00000007ad820000,0x00000007ae180000)
  to   space 9728K, 0% used [0x00000007ae180000,0x00000007ae180000,0x00000007aeb00000)
 ParOldGen       total 76288K, used 50425K [0x0000000740000000, 0x0000000744a80000, 0x0000000795580000)
  object space 76288K, 66% used [0x0000000740000000,0x000000074313e5b8,0x0000000744a80000)
 Metaspace       used 22004K, capacity 22357K, committed 22652K, reserved 1069056K
  class space    used 2141K, capacity 2249K, committed 2304K, reserved 1048576K
Event: 115.571 GC heap after
Heap after GC invocations=51 (full 1):
 PSYoungGen      total 130560K, used 160K [0x0000000795580000, 0x00000007ae200000, 0x00000007c0000000)
  eden space 130048K, 0% used [0x0000000795580000,0x0000000795580000,0x000000079d480000)
  from space 512K, 31% used [0x00000007ae180000,0x00000007ae1a8000,0x00000007ae200000)
  to   space 9216K, 0% used [0x00000007ad000000,0x00000007ad000000,0x00000007ad900000)
 ParOldGen       total 76288K, used 50449K [0x0000000740000000, 0x0000000744a80000, 0x0000000795580000)
  object space 76288K, 66% used [0x0000000740000000,0x00000007431445b8,0x0000000744a80000)
 Metaspace       used 22004K, capacity 22357K, committed 22652K, reserved 1069056K
  class space    used 2141K, capacity 2249K, committed 2304K, reserved 1048576K
}

