# JRE version: Java(TM) SE Runtime Environment (8.0_131-b11) (build 1.8.0_131-b11)
# Java VM: Java HotSpot(TM) 64-Bit Server VM (25.131-b11 mixed mode bsd-amd64 compressed oops)
Heap:
 PSYoungGen      total 113152K, used 9329K [0x0000000795580000, 0x000000079d900000, 0x00000007c0000000)
  eden space 99840K, 4% used [0x0000000795580000,0x000000079596c3e0,0x000000079b700000)
  from space 13312K, 39% used [0x000000079c380000,0x000000079c8b01a0,0x000000079d080000)
  to   space 12800K, 0% used [0x000000079b700000,0x000000079b700000,0x000000079c380000)
 ParOldGen       total 51712K, used 17792K [0x0000000740000000, 0x0000000743280000, 0x0000000795580000)
  object space 51712K, 34% used [0x0000000740000000,0x0000000741160038,0x0000000743280000)
 Metaspace       used 24944K, capacity 25329K, committed 25728K, reserved 1073152K
  class space    used 2468K, capacity 2587K, committed 2688K, reserved 1048576K
GC Heap History (10 events):
Event: 3.819 GC heap before
{Heap before GC invocations=3 (full 0):
 PSYoungGen      total 38400K, used 5890K [0x0000000795580000, 0x0000000798000000, 0x00000007c0000000)
  eden space 33280K, 2% used [0x0000000795580000,0x0000000795644318,0x0000000797600000)
  from space 5120K, 99% used [0x0000000797b00000,0x0000000797ffc790,0x0000000798000000)
  to   space 5120K, 0% used [0x0000000797600000,0x0000000797600000,0x0000000797b00000)
 ParOldGen       total 87552K, used 3080K [0x0000000740000000, 0x0000000745580000, 0x0000000795580000)
  object space 87552K, 3% used [0x0000000740000000,0x0000000740302338,0x0000000745580000)
 Metaspace       used 20820K, capacity 21231K, committed 21248K, reserved 1069056K
  class space    used 2163K, capacity 2294K, committed 2304K, reserved 1048576K
Event: 3.825 GC heap after
Heap after GC invocations=3 (full 0):
 PSYoungGen      total 38400K, used 5115K [0x0000000795580000, 0x000000079a080000, 0x00000007c0000000)
  eden space 33280K, 0% used [0x0000000795580000,0x0000000795580000,0x0000000797600000)
  from space 5120K, 99% used [0x0000000797600000,0x0000000797afee30,0x0000000797b00000)
  to   space 5120K, 0% used [0x0000000799b80000,0x0000000799b80000,0x000000079a080000)
 ParOldGen       total 87552K, used 3442K [0x0000000740000000, 0x0000000745580000, 0x0000000795580000)
  object space 87552K, 3% used [0x0000000740000000,0x000000074035cb10,0x0000000745580000)
 Metaspace       used 20820K, capacity 21231K, committed 21248K, reserved 1069056K
  class space    used 2163K, capacity 2294K, committed 2304K, reserved 1048576K
}
Event: 3.825 GC heap before
{Heap before GC invocations=4 (full 1):
 PSYoungGen      total 38400K, used 5115K [0x0000000795580000, 0x000000079a080000, 0x00000007c0000000)
  eden space 33280K, 0% used [0x0000000795580000,0x0000000795580000,0x0000000797600000)
  from space 5120K, 99% used [0x0000000797600000,0x0000000797afee30,0x0000000797b00000)
  to   space 5120K, 0% used [0x0000000799b80000,0x0000000799b80000,0x000000079a080000)
 ParOldGen       total 87552K, used 3442K [0x0000000740000000, 0x0000000745580000, 0x0000000795580000)
  object space 87552K, 3% used [0x0000000740000000,0x000000074035cb10,0x0000000745580000)
 Metaspace       used 20820K, capacity 21231K, committed 21248K, reserved 1069056K
  class space    used 2163K, capacity 2294K, committed 2304K, reserved 1048576K
Event: 3.858 GC heap after
Heap after GC invocations=4 (full 1):
 PSYoungGen      total 38400K, used 0K [0x0000000795580000, 0x000000079a080000, 0x00000007c0000000)
  eden space 33280K, 0% used [0x0000000795580000,0x0000000795580000,0x0000000797600000)
  from space 5120K, 0% used [0x0000000797600000,0x0000000797600000,0x0000000797b00000)
  to   space 5120K, 0% used [0x0000000799b80000,0x0000000799b80000,0x000000079a080000)
 ParOldGen       total 51712K, used 7223K [0x0000000740000000, 0x0000000743280000, 0x0000000795580000)
  object space 51712K, 13% used [0x0000000740000000,0x000000074070de28,0x0000000743280000)
 Metaspace       used 20820K, capacity 21231K, committed 21248K, reserved 1069056K
  class space    used 2163K, capacity 2294K, committed 2304K, reserved 1048576K
}
Event: 4.615 GC heap before
{Heap before GC invocations=5 (full 1):
 PSYoungGen      total 38400K, used 33280K [0x0000000795580000, 0x000000079a080000, 0x00000007c0000000)
  eden space 33280K, 100% used [0x0000000795580000,0x0000000797600000,0x0000000797600000)
  from space 5120K, 0% used [0x0000000797600000,0x0000000797600000,0x0000000797b00000)
  to   space 5120K, 0% used [0x0000000799b80000,0x0000000799b80000,0x000000079a080000)
 ParOldGen       total 51712K, used 7224K [0x0000000740000000, 0x0000000743280000, 0x0000000795580000)
  object space 51712K, 13% used [0x0000000740000000,0x000000074070e238,0x0000000743280000)
 Metaspace       used 23574K, capacity 23937K, committed 24064K, reserved 1071104K
  class space    used 2425K, capacity 2553K, committed 2560K, reserved 1048576K
Event: 4.623 GC heap after
Heap after GC invocations=5 (full 1):
 PSYoungGen      total 63488K, used 5088K [0x0000000795580000, 0x000000079a080000, 0x00000007c0000000)
  eden space 58368K, 0% used [0x0000000795580000,0x0000000795580000,0x0000000798e80000)
  from space 5120K, 99% used [0x0000000799b80000,0x000000079a0783d0,0x000000079a080000)
  to   space 5120K, 0% used [0x0000000799680000,0x0000000799680000,0x0000000799b80000)
 ParOldGen       total 51712K, used 15581K [0x0000000740000000, 0x0000000743280000, 0x0000000795580000)
  object space 51712K, 30% used [0x0000000740000000,0x0000000740f37528,0x0000000743280000)
 Metaspace       used 23574K, capacity 23937K, committed 24064K, reserved 1071104K
  class space    used 2425K, capacity 2553K, committed 2560K, reserved 1048576K
}
Event: 7.574 GC heap before
{Heap before GC invocations=6 (full 1):
 PSYoungGen      total 63488K, used 63456K [0x0000000795580000, 0x000000079a080000, 0x00000007c0000000)
  eden space 58368K, 100% used [0x0000000795580000,0x0000000798e80000,0x0000000798e80000)
  from space 5120K, 99% used [0x0000000799b80000,0x000000079a0783d0,0x000000079a080000)
  to   space 5120K, 0% used [0x0000000799680000,0x0000000799680000,0x0000000799b80000)
 ParOldGen       total 51712K, used 15583K [0x0000000740000000, 0x0000000743280000, 0x0000000795580000)
  object space 51712K, 30% used [0x0000000740000000,0x0000000740f37d80,0x0000000743280000)
 Metaspace       used 24501K, capacity 24881K, committed 25216K, reserved 1071104K
  class space    used 2460K, capacity 2587K, committed 2688K, reserved 1048576K
Event: 7.583 GC heap after
Heap after GC invocations=6 (full 1):
 PSYoungGen      total 71680K, used 5088K [0x0000000795580000, 0x000000079d080000, 0x00000007c0000000)
  eden space 66560K, 0% used [0x0000000795580000,0x0000000795580000,0x0000000799680000)
  from space 5120K, 99% used [0x0000000799680000,0x0000000799b78180,0x0000000799b80000)
  to   space 13312K, 0% used [0x000000079c380000,0x000000079c380000,0x000000079d080000)
 ParOldGen       total 51712K, used 17784K [0x0000000740000000, 0x0000000743280000, 0x0000000795580000)
  object space 51712K, 34% used [0x0000000740000000,0x000000074115e038,0x0000000743280000)
 Metaspace       used 24501K, capacity 24881K, committed 25216K, reserved 1071104K
  class space    used 2460K, capacity 2587K, committed 2688K, reserved 1048576K
}
Event: 16.687 GC heap before
{Heap before GC invocations=7 (full 1):
 PSYoungGen      total 71680K, used 71648K [0x0000000795580000, 0x000000079d080000, 0x00000007c0000000)
  eden space 66560K, 100% used [0x0000000795580000,0x0000000799680000,0x0000000799680000)
  from space 5120K, 99% used [0x0000000799680000,0x0000000799b78180,0x0000000799b80000)
  to   space 13312K, 0% used [0x000000079c380000,0x000000079c380000,0x000000079d080000)
 ParOldGen       total 51712K, used 17784K [0x0000000740000000, 0x0000000743280000, 0x0000000795580000)
  object space 51712K, 34% used [0x0000000740000000,0x000000074115e038,0x0000000743280000)
 Metaspace       used 24919K, capacity 25329K, committed 25728K, reserved 1073152K
  class space    used 2462K, capacity 2587K, committed 2688K, reserved 1048576K
Event: 16.692 GC heap after
Heap after GC invocations=7 (full 1):
 PSYoungGen      total 113152K, used 5312K [0x0000000795580000, 0x000000079d900000, 0x00000007c0000000)
  eden space 99840K, 0% used [0x0000000795580000,0x0000000795580000,0x000000079b700000)
  from space 13312K, 39% used [0x000000079c380000,0x000000079c8b01a0,0x000000079d080000)
  to   space 12800K, 0% used [0x000000079b700000,0x000000079b700000,0x000000079c380000)
 ParOldGen       total 51712K, used 17792K [0x0000000740000000, 0x0000000743280000, 0x0000000795580000)
  object space 51712K, 34% used [0x0000000740000000,0x0000000741160038,0x0000000743280000)
 Metaspace       used 24919K, capacity 25329K, committed 25728K, reserved 1073152K
  class space    used 2462K, capacity 2587K, committed 2688K, reserved 1048576K
}

