# JRE version: Java(TM) SE Runtime Environment (8.0_131-b11) (build 1.8.0_131-b11)
# Java VM: Java HotSpot(TM) 64-Bit Server VM (25.131-b11 mixed mode bsd-amd64 compressed oops)
Heap:
 PSYoungGen      total 72192K, used 22268K [0x0000000795580000, 0x000000079b580000, 0x00000007c0000000)
  eden space 59392K, 29% used [0x0000000795580000,0x000000079669cf50,0x0000000798f80000)
  from space 12800K, 37% used [0x0000000798f80000,0x00000007994221a0,0x0000000799c00000)
  to   space 12800K, 0% used [0x000000079a900000,0x000000079a900000,0x000000079b580000)
 ParOldGen       total 68096K, used 18514K [0x0000000740000000, 0x0000000744280000, 0x0000000795580000)
  object space 68096K, 27% used [0x0000000740000000,0x0000000741214a28,0x0000000744280000)
 Metaspace       used 24909K, capacity 25317K, committed 25728K, reserved 1073152K
  class space    used 2471K, capacity 2587K, committed 2688K, reserved 1048576K
GC Heap History (10 events):
Event: 5.427 GC heap before
{Heap before GC invocations=4 (full 1):
 PSYoungGen      total 38400K, used 33280K [0x0000000795580000, 0x0000000798000000, 0x00000007c0000000)
  eden space 33280K, 100% used [0x0000000795580000,0x0000000797600000,0x0000000797600000)
  from space 5120K, 0% used [0x0000000797b00000,0x0000000797b00000,0x0000000798000000)
  to   space 5120K, 0% used [0x0000000797600000,0x0000000797600000,0x0000000797b00000)
 ParOldGen       total 68096K, used 8331K [0x0000000740000000, 0x0000000744280000, 0x0000000795580000)
  object space 68096K, 12% used [0x0000000740000000,0x0000000740822d38,0x0000000744280000)
 Metaspace       used 23402K, capacity 23755K, committed 24064K, reserved 1071104K
  class space    used 2408K, capacity 2518K, committed 2560K, reserved 1048576K
Event: 5.434 GC heap after
Heap after GC invocations=4 (full 1):
 PSYoungGen      total 38400K, used 5103K [0x0000000795580000, 0x0000000798d00000, 0x00000007c0000000)
  eden space 33280K, 0% used [0x0000000795580000,0x0000000795580000,0x0000000797600000)
  from space 5120K, 99% used [0x0000000797600000,0x0000000797afbea8,0x0000000797b00000)
  to   space 5120K, 0% used [0x0000000798800000,0x0000000798800000,0x0000000798d00000)
 ParOldGen       total 68096K, used 15315K [0x0000000740000000, 0x0000000744280000, 0x0000000795580000)
  object space 68096K, 22% used [0x0000000740000000,0x0000000740ef4da8,0x0000000744280000)
 Metaspace       used 23402K, capacity 23755K, committed 24064K, reserved 1071104K
  class space    used 2408K, capacity 2518K, committed 2560K, reserved 1048576K
}
Event: 7.174 GC heap before
{Heap before GC invocations=5 (full 1):
 PSYoungGen      total 38400K, used 38383K [0x0000000795580000, 0x0000000798d00000, 0x00000007c0000000)
  eden space 33280K, 100% used [0x0000000795580000,0x0000000797600000,0x0000000797600000)
  from space 5120K, 99% used [0x0000000797600000,0x0000000797afbea8,0x0000000797b00000)
  to   space 5120K, 0% used [0x0000000798800000,0x0000000798800000,0x0000000798d00000)
 ParOldGen       total 68096K, used 15315K [0x0000000740000000, 0x0000000744280000, 0x0000000795580000)
  object space 68096K, 22% used [0x0000000740000000,0x0000000740ef4da8,0x0000000744280000)
 Metaspace       used 23933K, capacity 24309K, committed 24576K, reserved 1071104K
  class space    used 2420K, capacity 2551K, committed 2560K, reserved 1048576K
Event: 7.183 GC heap after
Heap after GC invocations=5 (full 1):
 PSYoungGen      total 51200K, used 5104K [0x0000000795580000, 0x0000000798d00000, 0x00000007c0000000)
  eden space 46080K, 0% used [0x0000000795580000,0x0000000795580000,0x0000000798280000)
  from space 5120K, 99% used [0x0000000798800000,0x0000000798cfc1c0,0x0000000798d00000)
  to   space 5120K, 0% used [0x0000000798300000,0x0000000798300000,0x0000000798800000)
 ParOldGen       total 68096K, used 17970K [0x0000000740000000, 0x0000000744280000, 0x0000000795580000)
  object space 68096K, 26% used [0x0000000740000000,0x000000074118ca08,0x0000000744280000)
 Metaspace       used 23933K, capacity 24309K, committed 24576K, reserved 1071104K
  class space    used 2420K, capacity 2551K, committed 2560K, reserved 1048576K
}
Event: 12.060 GC heap before
{Heap before GC invocations=6 (full 1):
 PSYoungGen      total 51200K, used 51184K [0x0000000795580000, 0x0000000798d00000, 0x00000007c0000000)
  eden space 46080K, 100% used [0x0000000795580000,0x0000000798280000,0x0000000798280000)
  from space 5120K, 99% used [0x0000000798800000,0x0000000798cfc1c0,0x0000000798d00000)
  to   space 5120K, 0% used [0x0000000798300000,0x0000000798300000,0x0000000798800000)
 ParOldGen       total 68096K, used 17970K [0x0000000740000000, 0x0000000744280000, 0x0000000795580000)
  object space 68096K, 26% used [0x0000000740000000,0x000000074118ca08,0x0000000744280000)
 Metaspace       used 24637K, capacity 24997K, committed 25472K, reserved 1073152K
  class space    used 2463K, capacity 2587K, committed 2688K, reserved 1048576K
Event: 12.065 GC heap after
Heap after GC invocations=6 (full 1):
 PSYoungGen      total 51712K, used 5096K [0x0000000795580000, 0x000000079aa80000, 0x00000007c0000000)
  eden space 46592K, 0% used [0x0000000795580000,0x0000000795580000,0x0000000798300000)
  from space 5120K, 99% used [0x0000000798300000,0x00000007987fa1a0,0x0000000798800000)
  to   space 12800K, 0% used [0x0000000799e00000,0x0000000799e00000,0x000000079aa80000)
 ParOldGen       total 68096K, used 18498K [0x0000000740000000, 0x0000000744280000, 0x0000000795580000)
  object space 68096K, 27% used [0x0000000740000000,0x0000000741210a28,0x0000000744280000)
 Metaspace       used 24637K, capacity 24997K, committed 25472K, reserved 1073152K
  class space    used 2463K, capacity 2587K, committed 2688K, reserved 1048576K
}
Event: 20.014 GC heap before
{Heap before GC invocations=7 (full 1):
 PSYoungGen      total 51712K, used 51688K [0x0000000795580000, 0x000000079aa80000, 0x00000007c0000000)
  eden space 46592K, 100% used [0x0000000795580000,0x0000000798300000,0x0000000798300000)
  from space 5120K, 99% used [0x0000000798300000,0x00000007987fa1a0,0x0000000798800000)
  to   space 12800K, 0% used [0x0000000799e00000,0x0000000799e00000,0x000000079aa80000)
 ParOldGen       total 68096K, used 18498K [0x0000000740000000, 0x0000000744280000, 0x0000000795580000)
  object space 68096K, 27% used [0x0000000740000000,0x0000000741210a28,0x0000000744280000)
 Metaspace       used 24801K, capacity 25189K, committed 25472K, reserved 1073152K
  class space    used 2463K, capacity 2587K, committed 2688K, reserved 1048576K
Event: 20.018 GC heap after
Heap after GC invocations=7 (full 1):
 PSYoungGen      total 70144K, used 4744K [0x0000000795580000, 0x000000079a880000, 0x00000007c0000000)
  eden space 59392K, 0% used [0x0000000795580000,0x0000000795580000,0x0000000798f80000)
  from space 10752K, 44% used [0x0000000799e00000,0x000000079a2a2180,0x000000079a880000)
  to   space 12800K, 0% used [0x0000000798f80000,0x0000000798f80000,0x0000000799c00000)
 ParOldGen       total 68096K, used 18506K [0x0000000740000000, 0x0000000744280000, 0x0000000795580000)
  object space 68096K, 27% used [0x0000000740000000,0x0000000741212a28,0x0000000744280000)
 Metaspace       used 24801K, capacity 25189K, committed 25472K, reserved 1073152K
  class space    used 2463K, capacity 2587K, committed 2688K, reserved 1048576K
}
Event: 30.581 GC heap before
{Heap before GC invocations=8 (full 1):
 PSYoungGen      total 70144K, used 64136K [0x0000000795580000, 0x000000079a880000, 0x00000007c0000000)
  eden space 59392K, 100% used [0x0000000795580000,0x0000000798f80000,0x0000000798f80000)
  from space 10752K, 44% used [0x0000000799e00000,0x000000079a2a2180,0x000000079a880000)
  to   space 12800K, 0% used [0x0000000798f80000,0x0000000798f80000,0x0000000799c00000)
 ParOldGen       total 68096K, used 18506K [0x0000000740000000, 0x0000000744280000, 0x0000000795580000)
  object space 68096K, 27% used [0x0000000740000000,0x0000000741212a28,0x0000000744280000)
 Metaspace       used 24832K, capacity 25253K, committed 25728K, reserved 1073152K
  class space    used 2463K, capacity 2587K, committed 2688K, reserved 1048576K
Event: 30.585 GC heap after
Heap after GC invocations=8 (full 1):
 PSYoungGen      total 72192K, used 4744K [0x0000000795580000, 0x000000079b580000, 0x00000007c0000000)
  eden space 59392K, 0% used [0x0000000795580000,0x0000000795580000,0x0000000798f80000)
  from space 12800K, 37% used [0x0000000798f80000,0x00000007994221a0,0x0000000799c00000)
  to   space 12800K, 0% used [0x000000079a900000,0x000000079a900000,0x000000079b580000)
 ParOldGen       total 68096K, used 18514K [0x0000000740000000, 0x0000000744280000, 0x0000000795580000)
  object space 68096K, 27% used [0x0000000740000000,0x0000000741214a28,0x0000000744280000)
 Metaspace       used 24832K, capacity 25253K, committed 25728K, reserved 1073152K
  class space    used 2463K, capacity 2587K, committed 2688K, reserved 1048576K
}

