# JRE version: Java(TM) SE Runtime Environment (8.0_131-b11) (build 1.8.0_131-b11)
# Java VM: Java HotSpot(TM) 64-Bit Server VM (25.131-b11 mixed mode bsd-amd64 compressed oops)
Heap:
 PSYoungGen      total 141824K, used 102948K [0x0000000795580000, 0x000000079f500000, 0x00000007c0000000)
  eden space 136704K, 71% used [0x0000000795580000,0x000000079b553138,0x000000079db00000)
  from space 5120K, 94% used [0x000000079e000000,0x000000079e4b6150,0x000000079e500000)
  to   space 13312K, 0% used [0x000000079e800000,0x000000079e800000,0x000000079f500000)
 ParOldGen       total 73216K, used 19363K [0x0000000740000000, 0x0000000744780000, 0x0000000795580000)
  object space 73216K, 26% used [0x0000000740000000,0x00000007412e8ed8,0x0000000744780000)
 Metaspace       used 21548K, capacity 21883K, committed 22272K, reserved 1069056K
  class space    used 2104K, capacity 2216K, committed 2304K, reserved 1048576K
GC Heap History (10 events):
Event: 11.597 GC heap before
{Heap before GC invocations=6 (full 1):
 PSYoungGen      total 71680K, used 66329K [0x0000000795580000, 0x000000079a080000, 0x00000007c0000000)
  eden space 66560K, 99% used [0x0000000795580000,0x00000007996466e8,0x0000000799680000)
  from space 5120K, 0% used [0x0000000799b80000,0x0000000799b80000,0x000000079a080000)
  to   space 5120K, 0% used [0x0000000799680000,0x0000000799680000,0x0000000799b80000)
 ParOldGen       total 73216K, used 17299K [0x0000000740000000, 0x0000000744780000, 0x0000000795580000)
  object space 73216K, 23% used [0x0000000740000000,0x00000007410e4e58,0x0000000744780000)
 Metaspace       used 21225K, capacity 21531K, committed 21760K, reserved 1069056K
  class space    used 2096K, capacity 2184K, committed 2304K, reserved 1048576K
Event: 11.608 GC heap after
Heap after GC invocations=6 (full 1):
 PSYoungGen      total 71680K, used 5096K [0x0000000795580000, 0x000000079db80000, 0x00000007c0000000)
  eden space 66560K, 0% used [0x0000000795580000,0x0000000795580000,0x0000000799680000)
  from space 5120K, 99% used [0x0000000799680000,0x0000000799b7a1a0,0x0000000799b80000)
  to   space 15360K, 0% used [0x000000079cc80000,0x000000079cc80000,0x000000079db80000)
 ParOldGen       total 73216K, used 19355K [0x0000000740000000, 0x0000000744780000, 0x0000000795580000)
  object space 73216K, 26% used [0x0000000740000000,0x00000007412e6ed8,0x0000000744780000)
 Metaspace       used 21225K, capacity 21531K, committed 21760K, reserved 1069056K
  class space    used 2096K, capacity 2184K, committed 2304K, reserved 1048576K
}
Event: 21.859 GC heap before
{Heap before GC invocations=7 (full 1):
 PSYoungGen      total 71680K, used 71656K [0x0000000795580000, 0x000000079db80000, 0x00000007c0000000)
  eden space 66560K, 100% used [0x0000000795580000,0x0000000799680000,0x0000000799680000)
  from space 5120K, 99% used [0x0000000799680000,0x0000000799b7a1a0,0x0000000799b80000)
  to   space 15360K, 0% used [0x000000079cc80000,0x000000079cc80000,0x000000079db80000)
 ParOldGen       total 73216K, used 19355K [0x0000000740000000, 0x0000000744780000, 0x0000000795580000)
  object space 73216K, 26% used [0x0000000740000000,0x00000007412e6ed8,0x0000000744780000)
 Metaspace       used 21499K, capacity 21851K, committed 22272K, reserved 1069056K
  class space    used 2096K, capacity 2184K, committed 2304K, reserved 1048576K
Event: 21.864 GC heap after
Heap after GC invocations=7 (full 1):
 PSYoungGen      total 111616K, used 4824K [0x0000000795580000, 0x000000079d600000, 0x00000007c0000000)
  eden space 101888K, 0% used [0x0000000795580000,0x0000000795580000,0x000000079b900000)
  from space 9728K, 49% used [0x000000079cc80000,0x000000079d136150,0x000000079d600000)
  to   space 14848K, 0% used [0x000000079b900000,0x000000079b900000,0x000000079c780000)
 ParOldGen       total 73216K, used 19363K [0x0000000740000000, 0x0000000744780000, 0x0000000795580000)
  object space 73216K, 26% used [0x0000000740000000,0x00000007412e8ed8,0x0000000744780000)
 Metaspace       used 21499K, capacity 21851K, committed 22272K, reserved 1069056K
  class space    used 2096K, capacity 2184K, committed 2304K, reserved 1048576K
}
Event: 45.581 GC heap before
{Heap before GC invocations=8 (full 1):
 PSYoungGen      total 111616K, used 106712K [0x0000000795580000, 0x000000079d600000, 0x00000007c0000000)
  eden space 101888K, 100% used [0x0000000795580000,0x000000079b900000,0x000000079b900000)
  from space 9728K, 49% used [0x000000079cc80000,0x000000079d136150,0x000000079d600000)
  to   space 14848K, 0% used [0x000000079b900000,0x000000079b900000,0x000000079c780000)
 ParOldGen       total 73216K, used 19363K [0x0000000740000000, 0x0000000744780000, 0x0000000795580000)
  object space 73216K, 26% used [0x0000000740000000,0x00000007412e8ed8,0x0000000744780000)
 Metaspace       used 21501K, capacity 21851K, committed 22272K, reserved 1069056K
  class space    used 2096K, capacity 2184K, committed 2304K, reserved 1048576K
Event: 45.584 GC heap after
Heap after GC invocations=8 (full 1):
 PSYoungGen      total 116736K, used 4824K [0x0000000795580000, 0x00000007a0280000, 0x00000007c0000000)
  eden space 101888K, 0% used [0x0000000795580000,0x0000000795580000,0x000000079b900000)
  from space 14848K, 32% used [0x000000079b900000,0x000000079bdb6150,0x000000079c780000)
  to   space 14336K, 0% used [0x000000079f480000,0x000000079f480000,0x00000007a0280000)
 ParOldGen       total 73216K, used 19363K [0x0000000740000000, 0x0000000744780000, 0x0000000795580000)
  object space 73216K, 26% used [0x0000000740000000,0x00000007412e8ed8,0x0000000744780000)
 Metaspace       used 21501K, capacity 21851K, committed 22272K, reserved 1069056K
  class space    used 2096K, capacity 2184K, committed 2304K, reserved 1048576K
}
Event: 69.421 GC heap before
{Heap before GC invocations=9 (full 1):
 PSYoungGen      total 116736K, used 106712K [0x0000000795580000, 0x00000007a0280000, 0x00000007c0000000)
  eden space 101888K, 100% used [0x0000000795580000,0x000000079b900000,0x000000079b900000)
  from space 14848K, 32% used [0x000000079b900000,0x000000079bdb6150,0x000000079c780000)
  to   space 14336K, 0% used [0x000000079f480000,0x000000079f480000,0x00000007a0280000)
 ParOldGen       total 73216K, used 19363K [0x0000000740000000, 0x0000000744780000, 0x0000000795580000)
  object space 73216K, 26% used [0x0000000740000000,0x00000007412e8ed8,0x0000000744780000)
 Metaspace       used 21501K, capacity 21851K, committed 22272K, reserved 1069056K
  class space    used 2096K, capacity 2184K, committed 2304K, reserved 1048576K
Event: 69.426 GC heap after
Heap after GC invocations=9 (full 1):
 PSYoungGen      total 148480K, used 4824K [0x0000000795580000, 0x000000079fb00000, 0x00000007c0000000)
  eden space 141824K, 0% used [0x0000000795580000,0x0000000795580000,0x000000079e000000)
  from space 6656K, 72% used [0x000000079f480000,0x000000079f936150,0x000000079fb00000)
  to   space 13824K, 0% used [0x000000079e000000,0x000000079e000000,0x000000079ed80000)
 ParOldGen       total 73216K, used 19363K [0x0000000740000000, 0x0000000744780000, 0x0000000795580000)
  object space 73216K, 26% used [0x0000000740000000,0x00000007412e8ed8,0x0000000744780000)
 Metaspace       used 21501K, capacity 21851K, committed 22272K, reserved 1069056K
  class space    used 2096K, capacity 2184K, committed 2304K, reserved 1048576K
}
Event: 102.119 GC heap before
{Heap before GC invocations=10 (full 1):
 PSYoungGen      total 148480K, used 146648K [0x0000000795580000, 0x000000079fb00000, 0x00000007c0000000)
  eden space 141824K, 100% used [0x0000000795580000,0x000000079e000000,0x000000079e000000)
  from space 6656K, 72% used [0x000000079f480000,0x000000079f936150,0x000000079fb00000)
  to   space 13824K, 0% used [0x000000079e000000,0x000000079e000000,0x000000079ed80000)
 ParOldGen       total 73216K, used 19363K [0x0000000740000000, 0x0000000744780000, 0x0000000795580000)
  object space 73216K, 26% used [0x0000000740000000,0x00000007412e8ed8,0x0000000744780000)
 Metaspace       used 21503K, capacity 21851K, committed 22272K, reserved 1069056K
  class space    used 2097K, capacity 2184K, committed 2304K, reserved 1048576K
Event: 102.123 GC heap after
Heap after GC invocations=10 (full 1):
 PSYoungGen      total 141824K, used 4824K [0x0000000795580000, 0x000000079f500000, 0x00000007c0000000)
  eden space 136704K, 0% used [0x0000000795580000,0x0000000795580000,0x000000079db00000)
  from space 5120K, 94% used [0x000000079e000000,0x000000079e4b6150,0x000000079e500000)
  to   space 13312K, 0% used [0x000000079e800000,0x000000079e800000,0x000000079f500000)
 ParOldGen       total 73216K, used 19363K [0x0000000740000000, 0x0000000744780000, 0x0000000795580000)
  object space 73216K, 26% used [0x0000000740000000,0x00000007412e8ed8,0x0000000744780000)
 Metaspace       used 21503K, capacity 21851K, committed 22272K, reserved 1069056K
  class space    used 2097K, capacity 2184K, committed 2304K, reserved 1048576K
}

