# JRE version: Java(TM) SE Runtime Environment (8.0_131-b11) (build 1.8.0_131-b11)
# Java VM: Java HotSpot(TM) 64-Bit Server VM (25.131-b11 mixed mode bsd-amd64 compressed oops)
Heap:
 PSYoungGen      total 71680K, used 53976K [0x0000000795580000, 0x000000079e900000, 0x00000007c0000000)
  eden space 66560K, 73% used [0x0000000795580000,0x0000000798537d10,0x0000000799680000)
  from space 5120K, 99% used [0x0000000799680000,0x0000000799b7e580,0x0000000799b80000)
  to   space 13824K, 0% used [0x000000079db80000,0x000000079db80000,0x000000079e900000)
 ParOldGen       total 46592K, used 19472K [0x0000000740000000, 0x0000000742d80000, 0x0000000795580000)
  object space 46592K, 41% used [0x0000000740000000,0x0000000741304130,0x0000000742d80000)
 Metaspace       used 24841K, capacity 25189K, committed 25392K, reserved 1073152K
  class space    used 2472K, capacity 2587K, committed 2608K, reserved 1048576K
GC Heap History (10 events):
Event: 4.041 GC heap before
{Heap before GC invocations=2 (full 0):
 PSYoungGen      total 38400K, used 38327K [0x0000000795580000, 0x0000000798000000, 0x00000007c0000000)
  eden space 33280K, 100% used [0x0000000795580000,0x0000000797600000,0x0000000797600000)
  from space 5120K, 98% used [0x0000000797600000,0x0000000797aedc58,0x0000000797b00000)
  to   space 5120K, 0% used [0x0000000797b00000,0x0000000797b00000,0x0000000798000000)
 ParOldGen       total 87552K, used 16K [0x0000000740000000, 0x0000000745580000, 0x0000000795580000)
  object space 87552K, 0% used [0x0000000740000000,0x0000000740004000,0x0000000745580000)
 Metaspace       used 20806K, capacity 21223K, committed 21248K, reserved 1069056K
  class space    used 2164K, capacity 2294K, committed 2304K, reserved 1048576K
Event: 4.055 GC heap after
Heap after GC invocations=2 (full 0):
 PSYoungGen      total 38400K, used 5091K [0x0000000795580000, 0x0000000798000000, 0x00000007c0000000)
  eden space 33280K, 0% used [0x0000000795580000,0x0000000795580000,0x0000000797600000)
  from space 5120K, 99% used [0x0000000797b00000,0x0000000797ff8ce8,0x0000000798000000)
  to   space 5120K, 0% used [0x0000000797600000,0x0000000797600000,0x0000000797b00000)
 ParOldGen       total 87552K, used 3319K [0x0000000740000000, 0x0000000745580000, 0x0000000795580000)
  object space 87552K, 3% used [0x0000000740000000,0x000000074033de98,0x0000000745580000)
 Metaspace       used 20806K, capacity 21223K, committed 21248K, reserved 1069056K
  class space    used 2164K, capacity 2294K, committed 2304K, reserved 1048576K
}
Event: 4.061 GC heap before
{Heap before GC invocations=3 (full 0):
 PSYoungGen      total 38400K, used 5515K [0x0000000795580000, 0x0000000798000000, 0x00000007c0000000)
  eden space 33280K, 1% used [0x0000000795580000,0x00000007955e9fb8,0x0000000797600000)
  from space 5120K, 99% used [0x0000000797b00000,0x0000000797ff8ce8,0x0000000798000000)
  to   space 5120K, 0% used [0x0000000797600000,0x0000000797600000,0x0000000797b00000)
 ParOldGen       total 87552K, used 3319K [0x0000000740000000, 0x0000000745580000, 0x0000000795580000)
  object space 87552K, 3% used [0x0000000740000000,0x000000074033de98,0x0000000745580000)
 Metaspace       used 20840K, capacity 21255K, committed 21296K, reserved 1069056K
  class space    used 2169K, capacity 2326K, committed 2352K, reserved 1048576K
Event: 4.067 GC heap after
Heap after GC invocations=3 (full 0):
 PSYoungGen      total 38400K, used 5115K [0x0000000795580000, 0x000000079a080000, 0x00000007c0000000)
  eden space 33280K, 0% used [0x0000000795580000,0x0000000795580000,0x0000000797600000)
  from space 5120K, 99% used [0x0000000797600000,0x0000000797afee30,0x0000000797b00000)
  to   space 5120K, 0% used [0x0000000799b80000,0x0000000799b80000,0x000000079a080000)
 ParOldGen       total 87552K, used 3375K [0x0000000740000000, 0x0000000745580000, 0x0000000795580000)
  object space 87552K, 3% used [0x0000000740000000,0x000000074034be98,0x0000000745580000)
 Metaspace       used 20840K, capacity 21255K, committed 21296K, reserved 1069056K
  class space    used 2169K, capacity 2326K, committed 2352K, reserved 1048576K
}
Event: 4.067 GC heap before
{Heap before GC invocations=4 (full 1):
 PSYoungGen      total 38400K, used 5115K [0x0000000795580000, 0x000000079a080000, 0x00000007c0000000)
  eden space 33280K, 0% used [0x0000000795580000,0x0000000795580000,0x0000000797600000)
  from space 5120K, 99% used [0x0000000797600000,0x0000000797afee30,0x0000000797b00000)
  to   space 5120K, 0% used [0x0000000799b80000,0x0000000799b80000,0x000000079a080000)
 ParOldGen       total 87552K, used 3375K [0x0000000740000000, 0x0000000745580000, 0x0000000795580000)
  object space 87552K, 3% used [0x0000000740000000,0x000000074034be98,0x0000000745580000)
 Metaspace       used 20840K, capacity 21255K, committed 21296K, reserved 1069056K
  class space    used 2169K, capacity 2326K, committed 2352K, reserved 1048576K
Event: 4.100 GC heap after
Heap after GC invocations=4 (full 1):
 PSYoungGen      total 38400K, used 0K [0x0000000795580000, 0x000000079a080000, 0x00000007c0000000)
  eden space 33280K, 0% used [0x0000000795580000,0x0000000795580000,0x0000000797600000)
  from space 5120K, 0% used [0x0000000797600000,0x0000000797600000,0x0000000797b00000)
  to   space 5120K, 0% used [0x0000000799b80000,0x0000000799b80000,0x000000079a080000)
 ParOldGen       total 46592K, used 7214K [0x0000000740000000, 0x0000000742d80000, 0x0000000795580000)
  object space 46592K, 15% used [0x0000000740000000,0x000000074070bb98,0x0000000742d80000)
 Metaspace       used 20840K, capacity 21255K, committed 21296K, reserved 1069056K
  class space    used 2169K, capacity 2326K, committed 2352K, reserved 1048576K
}
Event: 4.758 GC heap before
{Heap before GC invocations=5 (full 1):
 PSYoungGen      total 38400K, used 33230K [0x0000000795580000, 0x000000079a080000, 0x00000007c0000000)
  eden space 33280K, 99% used [0x0000000795580000,0x00000007975f38a8,0x0000000797600000)
  from space 5120K, 0% used [0x0000000797600000,0x0000000797600000,0x0000000797b00000)
  to   space 5120K, 0% used [0x0000000799b80000,0x0000000799b80000,0x000000079a080000)
 ParOldGen       total 46592K, used 7214K [0x0000000740000000, 0x0000000742d80000, 0x0000000795580000)
  object space 46592K, 15% used [0x0000000740000000,0x000000074070bb98,0x0000000742d80000)
 Metaspace       used 23562K, capacity 23929K, committed 24112K, reserved 1071104K
  class space    used 2430K, capacity 2553K, committed 2608K, reserved 1048576K
Event: 4.768 GC heap after
Heap after GC invocations=5 (full 1):
 PSYoungGen      total 69632K, used 5105K [0x0000000795580000, 0x000000079a080000, 0x00000007c0000000)
  eden space 64512K, 0% used [0x0000000795580000,0x0000000795580000,0x0000000799480000)
  from space 5120K, 99% used [0x0000000799b80000,0x000000079a07c7b0,0x000000079a080000)
  to   space 5120K, 0% used [0x0000000799680000,0x0000000799680000,0x0000000799b80000)
 ParOldGen       total 46592K, used 15543K [0x0000000740000000, 0x0000000742d80000, 0x0000000795580000)
  object space 46592K, 33% used [0x0000000740000000,0x0000000740f2dd20,0x0000000742d80000)
 Metaspace       used 23562K, capacity 23929K, committed 24112K, reserved 1071104K
  class space    used 2430K, capacity 2553K, committed 2608K, reserved 1048576K
}
Event: 9.100 GC heap before
{Heap before GC invocations=6 (full 1):
 PSYoungGen      total 69632K, used 69617K [0x0000000795580000, 0x000000079a080000, 0x00000007c0000000)
  eden space 64512K, 100% used [0x0000000795580000,0x0000000799480000,0x0000000799480000)
  from space 5120K, 99% used [0x0000000799b80000,0x000000079a07c7b0,0x000000079a080000)
  to   space 5120K, 0% used [0x0000000799680000,0x0000000799680000,0x0000000799b80000)
 ParOldGen       total 46592K, used 15543K [0x0000000740000000, 0x0000000742d80000, 0x0000000795580000)
  object space 46592K, 33% used [0x0000000740000000,0x0000000740f2dd20,0x0000000742d80000)
 Metaspace       used 24486K, capacity 24869K, committed 25136K, reserved 1071104K
  class space    used 2465K, capacity 2587K, committed 2608K, reserved 1048576K
Event: 9.108 GC heap after
Heap after GC invocations=6 (full 1):
 PSYoungGen      total 71680K, used 5113K [0x0000000795580000, 0x000000079e900000, 0x00000007c0000000)
  eden space 66560K, 0% used [0x0000000795580000,0x0000000795580000,0x0000000799680000)
  from space 5120K, 99% used [0x0000000799680000,0x0000000799b7e580,0x0000000799b80000)
  to   space 13824K, 0% used [0x000000079db80000,0x000000079db80000,0x000000079e900000)
 ParOldGen       total 46592K, used 19472K [0x0000000740000000, 0x0000000742d80000, 0x0000000795580000)
  object space 46592K, 41% used [0x0000000740000000,0x0000000741304130,0x0000000742d80000)
 Metaspace       used 24486K, capacity 24869K, committed 25136K, reserved 1071104K
  class space    used 2465K, capacity 2587K, committed 2608K, reserved 1048576K
}

