# JRE version: Java(TM) SE Runtime Environment (8.0_131-b11) (build 1.8.0_131-b11)
# Java VM: Java HotSpot(TM) 64-Bit Server VM (25.131-b11 mixed mode bsd-amd64 compressed oops)
Heap:
 PSYoungGen      total 135168K, used 48261K [0x0000000795580000, 0x00000007a4980000, 0x00000007c0000000)
  eden space 121856K, 35% used [0x0000000795580000,0x0000000797f4d220,0x000000079cc80000)
  from space 13312K, 40% used [0x000000079cc80000,0x000000079d1d4570,0x000000079d980000)
  to   space 12800K, 0% used [0x00000007a3d00000,0x00000007a3d00000,0x00000007a4980000)
 ParOldGen       total 46592K, used 18778K [0x0000000740000000, 0x0000000742d80000, 0x0000000795580000)
  object space 46592K, 40% used [0x0000000740000000,0x0000000741256908,0x0000000742d80000)
 Metaspace       used 24977K, capacity 25393K, committed 25728K, reserved 1073152K
  class space    used 2465K, capacity 2587K, committed 2688K, reserved 1048576K
GC Heap History (10 events):
Event: 4.397 GC heap before
{Heap before GC invocations=4 (full 1):
 PSYoungGen      total 38400K, used 5117K [0x0000000795580000, 0x000000079a080000, 0x00000007c0000000)
  eden space 33280K, 0% used [0x0000000795580000,0x0000000795580000,0x0000000797600000)
  from space 5120K, 99% used [0x0000000797600000,0x0000000797aff738,0x0000000797b00000)
  to   space 5120K, 0% used [0x0000000799b80000,0x0000000799b80000,0x000000079a080000)
 ParOldGen       total 87552K, used 3440K [0x0000000740000000, 0x0000000745580000, 0x0000000795580000)
  object space 87552K, 3% used [0x0000000740000000,0x000000074035c348,0x0000000745580000)
 Metaspace       used 20749K, capacity 21157K, committed 21248K, reserved 1069056K
  class space    used 2146K, capacity 2291K, committed 2304K, reserved 1048576K
Event: 4.432 GC heap after
Heap after GC invocations=4 (full 1):
 PSYoungGen      total 38400K, used 0K [0x0000000795580000, 0x000000079a080000, 0x00000007c0000000)
  eden space 33280K, 0% used [0x0000000795580000,0x0000000795580000,0x0000000797600000)
  from space 5120K, 0% used [0x0000000797600000,0x0000000797600000,0x0000000797b00000)
  to   space 5120K, 0% used [0x0000000799b80000,0x0000000799b80000,0x000000079a080000)
 ParOldGen       total 46592K, used 7212K [0x0000000740000000, 0x0000000742d80000, 0x0000000795580000)
  object space 46592K, 15% used [0x0000000740000000,0x000000074070b208,0x0000000742d80000)
 Metaspace       used 20749K, capacity 21157K, committed 21248K, reserved 1069056K
  class space    used 2146K, capacity 2291K, committed 2304K, reserved 1048576K
}
Event: 5.163 GC heap before
{Heap before GC invocations=5 (full 1):
 PSYoungGen      total 38400K, used 33141K [0x0000000795580000, 0x000000079a080000, 0x00000007c0000000)
  eden space 33280K, 99% used [0x0000000795580000,0x00000007975dd5f0,0x0000000797600000)
  from space 5120K, 0% used [0x0000000797600000,0x0000000797600000,0x0000000797b00000)
  to   space 5120K, 0% used [0x0000000799b80000,0x0000000799b80000,0x000000079a080000)
 ParOldGen       total 46592K, used 7468K [0x0000000740000000, 0x0000000742d80000, 0x0000000795580000)
  object space 46592K, 16% used [0x0000000740000000,0x000000074074b218,0x0000000742d80000)
 Metaspace       used 23433K, capacity 23831K, committed 24064K, reserved 1071104K
  class space    used 2402K, capacity 2518K, committed 2560K, reserved 1048576K
Event: 5.174 GC heap after
Heap after GC invocations=5 (full 1):
 PSYoungGen      total 69120K, used 5089K [0x0000000795580000, 0x000000079a080000, 0x00000007c0000000)
  eden space 64000K, 0% used [0x0000000795580000,0x0000000795580000,0x0000000799400000)
  from space 5120K, 99% used [0x0000000799b80000,0x000000079a078580,0x000000079a080000)
  to   space 5120K, 0% used [0x0000000799680000,0x0000000799680000,0x0000000799b80000)
 ParOldGen       total 46592K, used 15287K [0x0000000740000000, 0x0000000742d80000, 0x0000000795580000)
  object space 46592K, 32% used [0x0000000740000000,0x0000000740eedfe8,0x0000000742d80000)
 Metaspace       used 23433K, capacity 23831K, committed 24064K, reserved 1071104K
  class space    used 2402K, capacity 2518K, committed 2560K, reserved 1048576K
}
Event: 9.963 GC heap before
{Heap before GC invocations=6 (full 1):
 PSYoungGen      total 69120K, used 69089K [0x0000000795580000, 0x000000079a080000, 0x00000007c0000000)
  eden space 64000K, 100% used [0x0000000795580000,0x0000000799400000,0x0000000799400000)
  from space 5120K, 99% used [0x0000000799b80000,0x000000079a078580,0x000000079a080000)
  to   space 5120K, 0% used [0x0000000799680000,0x0000000799680000,0x0000000799b80000)
 ParOldGen       total 46592K, used 15290K [0x0000000740000000, 0x0000000742d80000, 0x0000000795580000)
  object space 46592K, 32% used [0x0000000740000000,0x0000000740eee828,0x0000000742d80000)
 Metaspace       used 24566K, capacity 24943K, committed 25216K, reserved 1071104K
  class space    used 2455K, capacity 2586K, committed 2688K, reserved 1048576K
Event: 9.974 GC heap after
Heap after GC invocations=6 (full 1):
 PSYoungGen      total 71680K, used 5105K [0x0000000795580000, 0x000000079e680000, 0x00000007c0000000)
  eden space 66560K, 0% used [0x0000000795580000,0x0000000795580000,0x0000000799680000)
  from space 5120K, 99% used [0x0000000799680000,0x0000000799b7c570,0x0000000799b80000)
  to   space 13312K, 0% used [0x000000079d980000,0x000000079d980000,0x000000079e680000)
 ParOldGen       total 46592K, used 18762K [0x0000000740000000, 0x0000000742d80000, 0x0000000795580000)
  object space 46592K, 40% used [0x0000000740000000,0x0000000741252908,0x0000000742d80000)
 Metaspace       used 24566K, capacity 24943K, committed 25216K, reserved 1071104K
  class space    used 2455K, capacity 2586K, committed 2688K, reserved 1048576K
}
Event: 16.731 GC heap before
{Heap before GC invocations=7 (full 1):
 PSYoungGen      total 71680K, used 71665K [0x0000000795580000, 0x000000079e680000, 0x00000007c0000000)
  eden space 66560K, 100% used [0x0000000795580000,0x0000000799680000,0x0000000799680000)
  from space 5120K, 99% used [0x0000000799680000,0x0000000799b7c570,0x0000000799b80000)
  to   space 13312K, 0% used [0x000000079d980000,0x000000079d980000,0x000000079e680000)
 ParOldGen       total 46592K, used 18762K [0x0000000740000000, 0x0000000742d80000, 0x0000000795580000)
  object space 46592K, 40% used [0x0000000740000000,0x0000000741252908,0x0000000742d80000)
 Metaspace       used 24865K, capacity 25265K, committed 25728K, reserved 1073152K
  class space    used 2457K, capacity 2587K, committed 2688K, reserved 1048576K
Event: 16.736 GC heap after
Heap after GC invocations=7 (full 1):
 PSYoungGen      total 135168K, used 5345K [0x0000000795580000, 0x000000079e980000, 0x00000007c0000000)
  eden space 121856K, 0% used [0x0000000795580000,0x0000000795580000,0x000000079cc80000)
  from space 13312K, 40% used [0x000000079d980000,0x000000079deb8560,0x000000079e680000)
  to   space 13312K, 0% used [0x000000079cc80000,0x000000079cc80000,0x000000079d980000)
 ParOldGen       total 46592K, used 18770K [0x0000000740000000, 0x0000000742d80000, 0x0000000795580000)
  object space 46592K, 40% used [0x0000000740000000,0x0000000741254908,0x0000000742d80000)
 Metaspace       used 24865K, capacity 25265K, committed 25728K, reserved 1073152K
  class space    used 2457K, capacity 2587K, committed 2688K, reserved 1048576K
}
Event: 28.518 GC heap before
{Heap before GC invocations=8 (full 1):
 PSYoungGen      total 135168K, used 127201K [0x0000000795580000, 0x000000079e980000, 0x00000007c0000000)
  eden space 121856K, 100% used [0x0000000795580000,0x000000079cc80000,0x000000079cc80000)
  from space 13312K, 40% used [0x000000079d980000,0x000000079deb8560,0x000000079e680000)
  to   space 13312K, 0% used [0x000000079cc80000,0x000000079cc80000,0x000000079d980000)
 ParOldGen       total 46592K, used 18770K [0x0000000740000000, 0x0000000742d80000, 0x0000000795580000)
  object space 46592K, 40% used [0x0000000740000000,0x0000000741254908,0x0000000742d80000)
 Metaspace       used 24941K, capacity 25329K, committed 25728K, reserved 1073152K
  class space    used 2457K, capacity 2587K, committed 2688K, reserved 1048576K
Event: 28.533 GC heap after
Heap after GC invocations=8 (full 1):
 PSYoungGen      total 135168K, used 5457K [0x0000000795580000, 0x00000007a4980000, 0x00000007c0000000)
  eden space 121856K, 0% used [0x0000000795580000,0x0000000795580000,0x000000079cc80000)
  from space 13312K, 40% used [0x000000079cc80000,0x000000079d1d4570,0x000000079d980000)
  to   space 12800K, 0% used [0x00000007a3d00000,0x00000007a3d00000,0x00000007a4980000)
 ParOldGen       total 46592K, used 18778K [0x0000000740000000, 0x0000000742d80000, 0x0000000795580000)
  object space 46592K, 40% used [0x0000000740000000,0x0000000741256908,0x0000000742d80000)
 Metaspace       used 24941K, capacity 25329K, committed 25728K, reserved 1073152K
  class space    used 2457K, capacity 2587K, committed 2688K, reserved 1048576K
}

