# JRE version: Java(TM) SE Runtime Environment (8.0_131-b11) (build 1.8.0_131-b11)
# Java VM: Java HotSpot(TM) 64-Bit Server VM (25.131-b11 mixed mode bsd-amd64 compressed oops)
Heap:
 PSYoungGen      total 87040K, used 76654K [0x0000000795580000, 0x000000079b780000, 0x00000007c0000000)
  eden space 78848K, 96% used [0x0000000795580000,0x0000000799fd1998,0x000000079a280000)
  from space 8192K, 6% used [0x000000079af80000,0x000000079b00a030,0x000000079b780000)
  to   space 10752K, 0% used [0x000000079a280000,0x000000079a280000,0x000000079ad00000)
 ParOldGen       total 71168K, used 15729K [0x0000000740000000, 0x0000000744580000, 0x0000000795580000)
  object space 71168K, 22% used [0x0000000740000000,0x0000000740f5c408,0x0000000744580000)
 Metaspace       used 21810K, capacity 22171K, committed 22272K, reserved 1069056K
  class space    used 2144K, capacity 2248K, committed 2304K, reserved 1048576K
GC Heap History (10 events):
Event: 79.687 GC heap before
{Heap before GC invocations=11 (full 1):
 PSYoungGen      total 92160K, used 91688K [0x0000000795580000, 0x000000079c980000, 0x00000007c0000000)
  eden space 91136K, 100% used [0x0000000795580000,0x000000079ae80000,0x000000079ae80000)
  from space 1024K, 53% used [0x000000079b180000,0x000000079b20a030,0x000000079b280000)
  to   space 13824K, 0% used [0x000000079bc00000,0x000000079bc00000,0x000000079c980000)
 ParOldGen       total 71168K, used 15729K [0x0000000740000000, 0x0000000744580000, 0x0000000795580000)
  object space 71168K, 22% used [0x0000000740000000,0x0000000740f5c408,0x0000000744580000)
 Metaspace       used 21773K, capacity 22107K, committed 22272K, reserved 1069056K
  class space    used 2136K, capacity 2248K, committed 2304K, reserved 1048576K
Event: 79.689 GC heap after
Heap after GC invocations=11 (full 1):
 PSYoungGen      total 98816K, used 552K [0x0000000795580000, 0x000000079c600000, 0x00000007c0000000)
  eden space 88576K, 0% used [0x0000000795580000,0x0000000795580000,0x000000079ac00000)
  from space 10240K, 5% used [0x000000079bc00000,0x000000079bc8a030,0x000000079c600000)
  to   space 13312K, 0% used [0x000000079ac00000,0x000000079ac00000,0x000000079b900000)
 ParOldGen       total 71168K, used 15729K [0x0000000740000000, 0x0000000744580000, 0x0000000795580000)
  object space 71168K, 22% used [0x0000000740000000,0x0000000740f5c408,0x0000000744580000)
 Metaspace       used 21773K, capacity 22107K, committed 22272K, reserved 1069056K
  class space    used 2136K, capacity 2248K, committed 2304K, reserved 1048576K
}
Event: 94.295 GC heap before
{Heap before GC invocations=12 (full 1):
 PSYoungGen      total 98816K, used 89128K [0x0000000795580000, 0x000000079c600000, 0x00000007c0000000)
  eden space 88576K, 100% used [0x0000000795580000,0x000000079ac00000,0x000000079ac00000)
  from space 10240K, 5% used [0x000000079bc00000,0x000000079bc8a030,0x000000079c600000)
  to   space 13312K, 0% used [0x000000079ac00000,0x000000079ac00000,0x000000079b900000)
 ParOldGen       total 71168K, used 15729K [0x0000000740000000, 0x0000000744580000, 0x0000000795580000)
  object space 71168K, 22% used [0x0000000740000000,0x0000000740f5c408,0x0000000744580000)
 Metaspace       used 21773K, capacity 22107K, committed 22272K, reserved 1069056K
  class space    used 2136K, capacity 2248K, committed 2304K, reserved 1048576K
Event: 94.297 GC heap after
Heap after GC invocations=12 (full 1):
 PSYoungGen      total 87040K, used 520K [0x0000000795580000, 0x000000079c280000, 0x00000007c0000000)
  eden space 86016K, 0% used [0x0000000795580000,0x0000000795580000,0x000000079a980000)
  from space 1024K, 50% used [0x000000079ac00000,0x000000079ac82030,0x000000079ad00000)
  to   space 12800K, 0% used [0x000000079b600000,0x000000079b600000,0x000000079c280000)
 ParOldGen       total 71168K, used 15729K [0x0000000740000000, 0x0000000744580000, 0x0000000795580000)
  object space 71168K, 22% used [0x0000000740000000,0x0000000740f5c408,0x0000000744580000)
 Metaspace       used 21773K, capacity 22107K, committed 22272K, reserved 1069056K
  class space    used 2136K, capacity 2248K, committed 2304K, reserved 1048576K
}
Event: 108.349 GC heap before
{Heap before GC invocations=13 (full 1):
 PSYoungGen      total 87040K, used 86536K [0x0000000795580000, 0x000000079c280000, 0x00000007c0000000)
  eden space 86016K, 100% used [0x0000000795580000,0x000000079a980000,0x000000079a980000)
  from space 1024K, 50% used [0x000000079ac00000,0x000000079ac82030,0x000000079ad00000)
  to   space 12800K, 0% used [0x000000079b600000,0x000000079b600000,0x000000079c280000)
 ParOldGen       total 71168K, used 15729K [0x0000000740000000, 0x0000000744580000, 0x0000000795580000)
  object space 71168K, 22% used [0x0000000740000000,0x0000000740f5c408,0x0000000744580000)
 Metaspace       used 21775K, capacity 22107K, committed 22272K, reserved 1069056K
  class space    used 2137K, capacity 2248K, committed 2304K, reserved 1048576K
Event: 108.351 GC heap after
Heap after GC invocations=13 (full 1):
 PSYoungGen      total 91648K, used 552K [0x0000000795580000, 0x000000079be00000, 0x00000007c0000000)
  eden space 83456K, 0% used [0x0000000795580000,0x0000000795580000,0x000000079a700000)
  from space 8192K, 6% used [0x000000079b600000,0x000000079b68a030,0x000000079be00000)
  to   space 11776K, 0% used [0x000000079a700000,0x000000079a700000,0x000000079b280000)
 ParOldGen       total 71168K, used 15729K [0x0000000740000000, 0x0000000744580000, 0x0000000795580000)
  object space 71168K, 22% used [0x0000000740000000,0x0000000740f5c408,0x0000000744580000)
 Metaspace       used 21775K, capacity 22107K, committed 22272K, reserved 1069056K
  class space    used 2137K, capacity 2248K, committed 2304K, reserved 1048576K
}
Event: 122.266 GC heap before
{Heap before GC invocations=14 (full 1):
 PSYoungGen      total 91648K, used 84008K [0x0000000795580000, 0x000000079be00000, 0x00000007c0000000)
  eden space 83456K, 100% used [0x0000000795580000,0x000000079a700000,0x000000079a700000)
  from space 8192K, 6% used [0x000000079b600000,0x000000079b68a030,0x000000079be00000)
  to   space 11776K, 0% used [0x000000079a700000,0x000000079a700000,0x000000079b280000)
 ParOldGen       total 71168K, used 15729K [0x0000000740000000, 0x0000000744580000, 0x0000000795580000)
  object space 71168K, 22% used [0x0000000740000000,0x0000000740f5c408,0x0000000744580000)
 Metaspace       used 21775K, capacity 22107K, committed 22272K, reserved 1069056K
  class space    used 2137K, capacity 2248K, committed 2304K, reserved 1048576K
Event: 122.269 GC heap after
Heap after GC invocations=14 (full 1):
 PSYoungGen      total 81920K, used 520K [0x0000000795580000, 0x000000079ba80000, 0x00000007c0000000)
  eden space 80896K, 0% used [0x0000000795580000,0x0000000795580000,0x000000079a480000)
  from space 1024K, 50% used [0x000000079a700000,0x000000079a782030,0x000000079a800000)
  to   space 11264K, 0% used [0x000000079af80000,0x000000079af80000,0x000000079ba80000)
 ParOldGen       total 71168K, used 15729K [0x0000000740000000, 0x0000000744580000, 0x0000000795580000)
  object space 71168K, 22% used [0x0000000740000000,0x0000000740f5c408,0x0000000744580000)
 Metaspace       used 21775K, capacity 22107K, committed 22272K, reserved 1069056K
  class space    used 2137K, capacity 2248K, committed 2304K, reserved 1048576K
}
Event: 135.684 GC heap before
{Heap before GC invocations=15 (full 1):
 PSYoungGen      total 81920K, used 81416K [0x0000000795580000, 0x000000079ba80000, 0x00000007c0000000)
  eden space 80896K, 100% used [0x0000000795580000,0x000000079a480000,0x000000079a480000)
  from space 1024K, 50% used [0x000000079a700000,0x000000079a782030,0x000000079a800000)
  to   space 11264K, 0% used [0x000000079af80000,0x000000079af80000,0x000000079ba80000)
 ParOldGen       total 71168K, used 15729K [0x0000000740000000, 0x0000000744580000, 0x0000000795580000)
  object space 71168K, 22% used [0x0000000740000000,0x0000000740f5c408,0x0000000744580000)
 Metaspace       used 21775K, capacity 22107K, committed 22272K, reserved 1069056K
  class space    used 2137K, capacity 2248K, committed 2304K, reserved 1048576K
Event: 135.685 GC heap after
Heap after GC invocations=15 (full 1):
 PSYoungGen      total 87040K, used 552K [0x0000000795580000, 0x000000079b780000, 0x00000007c0000000)
  eden space 78848K, 0% used [0x0000000795580000,0x0000000795580000,0x000000079a280000)
  from space 8192K, 6% used [0x000000079af80000,0x000000079b00a030,0x000000079b780000)
  to   space 10752K, 0% used [0x000000079a280000,0x000000079a280000,0x000000079ad00000)
 ParOldGen       total 71168K, used 15729K [0x0000000740000000, 0x0000000744580000, 0x0000000795580000)
  object space 71168K, 22% used [0x0000000740000000,0x0000000740f5c408,0x0000000744580000)
 Metaspace       used 21775K, capacity 22107K, committed 22272K, reserved 1069056K
  class space    used 2137K, capacity 2248K, committed 2304K, reserved 1048576K
}

