# JRE version: Java(TM) SE Runtime Environment (8.0_131-b11) (build 1.8.0_131-b11)
# Java VM: Java HotSpot(TM) 64-Bit Server VM (25.131-b11 mixed mode bsd-amd64 compressed oops)
Heap:
 PSYoungGen      total 163840K, used 131305K [0x0000000795580000, 0x00000007a0900000, 0x00000007c0000000)
  eden space 157184K, 82% used [0x0000000795580000,0x000000079d372688,0x000000079ef00000)
  from space 6656K, 35% used [0x00000007a0280000,0x00000007a04c8080,0x00000007a0900000)
  to   space 13312K, 0% used [0x000000079ef00000,0x000000079ef00000,0x000000079fc00000)
 ParOldGen       total 50688K, used 20585K [0x0000000740000000, 0x0000000743180000, 0x0000000795580000)
  object space 50688K, 40% used [0x0000000740000000,0x000000074141a780,0x0000000743180000)
 Metaspace       used 24990K, capacity 25393K, committed 25728K, reserved 1073152K
  class space    used 2473K, capacity 2587K, committed 2688K, reserved 1048576K
GC Heap History (10 events):
Event: 4.781 GC heap before
{Heap before GC invocations=5 (full 1):
 PSYoungGen      total 38400K, used 33280K [0x0000000795580000, 0x000000079a080000, 0x00000007c0000000)
  eden space 33280K, 100% used [0x0000000795580000,0x0000000797600000,0x0000000797600000)
  from space 5120K, 0% used [0x0000000797600000,0x0000000797600000,0x0000000797b00000)
  to   space 5120K, 0% used [0x0000000799b80000,0x0000000799b80000,0x000000079a080000)
 ParOldGen       total 50688K, used 7439K [0x0000000740000000, 0x0000000743180000, 0x0000000795580000)
  object space 50688K, 14% used [0x0000000740000000,0x0000000740743c98,0x0000000743180000)
 Metaspace       used 23535K, capacity 23937K, committed 24064K, reserved 1071104K
  class space    used 2430K, capacity 2553K, committed 2560K, reserved 1048576K
Event: 4.790 GC heap after
Heap after GC invocations=5 (full 1):
 PSYoungGen      total 64512K, used 5104K [0x0000000795580000, 0x000000079a080000, 0x00000007c0000000)
  eden space 59392K, 0% used [0x0000000795580000,0x0000000795580000,0x0000000798f80000)
  from space 5120K, 99% used [0x0000000799b80000,0x000000079a07c120,0x000000079a080000)
  to   space 5120K, 0% used [0x0000000799680000,0x0000000799680000,0x0000000799b80000)
 ParOldGen       total 50688K, used 15804K [0x0000000740000000, 0x0000000743180000, 0x0000000795580000)
  object space 50688K, 31% used [0x0000000740000000,0x0000000740f6f348,0x0000000743180000)
 Metaspace       used 23535K, capacity 23937K, committed 24064K, reserved 1071104K
  class space    used 2430K, capacity 2553K, committed 2560K, reserved 1048576K
}
Event: 8.408 GC heap before
{Heap before GC invocations=6 (full 1):
 PSYoungGen      total 64512K, used 64496K [0x0000000795580000, 0x000000079a080000, 0x00000007c0000000)
  eden space 59392K, 100% used [0x0000000795580000,0x0000000798f80000,0x0000000798f80000)
  from space 5120K, 99% used [0x0000000799b80000,0x000000079a07c120,0x000000079a080000)
  to   space 5120K, 0% used [0x0000000799680000,0x0000000799680000,0x0000000799b80000)
 ParOldGen       total 50688K, used 15808K [0x0000000740000000, 0x0000000743180000, 0x0000000795580000)
  object space 50688K, 31% used [0x0000000740000000,0x0000000740f70308,0x0000000743180000)
 Metaspace       used 24452K, capacity 24881K, committed 25216K, reserved 1071104K
  class space    used 2465K, capacity 2587K, committed 2688K, reserved 1048576K
Event: 8.416 GC heap after
Heap after GC invocations=6 (full 1):
 PSYoungGen      total 71680K, used 5088K [0x0000000795580000, 0x000000079d380000, 0x00000007c0000000)
  eden space 66560K, 0% used [0x0000000795580000,0x0000000795580000,0x0000000799680000)
  from space 5120K, 99% used [0x0000000799680000,0x0000000799b78150,0x0000000799b80000)
  to   space 13312K, 0% used [0x000000079c680000,0x000000079c680000,0x000000079d380000)
 ParOldGen       total 50688K, used 17827K [0x0000000740000000, 0x0000000743180000, 0x0000000795580000)
  object space 50688K, 35% used [0x0000000740000000,0x0000000741168d58,0x0000000743180000)
 Metaspace       used 24452K, capacity 24881K, committed 25216K, reserved 1071104K
  class space    used 2465K, capacity 2587K, committed 2688K, reserved 1048576K
}
Event: 14.127 GC heap before
{Heap before GC invocations=7 (full 1):
 PSYoungGen      total 71680K, used 71648K [0x0000000795580000, 0x000000079d380000, 0x00000007c0000000)
  eden space 66560K, 100% used [0x0000000795580000,0x0000000799680000,0x0000000799680000)
  from space 5120K, 99% used [0x0000000799680000,0x0000000799b78150,0x0000000799b80000)
  to   space 13312K, 0% used [0x000000079c680000,0x000000079c680000,0x000000079d380000)
 ParOldGen       total 50688K, used 17827K [0x0000000740000000, 0x0000000743180000, 0x0000000795580000)
  object space 50688K, 35% used [0x0000000740000000,0x0000000741168d58,0x0000000743180000)
 Metaspace       used 24887K, capacity 25329K, committed 25728K, reserved 1073152K
  class space    used 2465K, capacity 2587K, committed 2688K, reserved 1048576K
Event: 14.135 GC heap after
Heap after GC invocations=7 (full 1):
 PSYoungGen      total 115712K, used 5104K [0x0000000795580000, 0x000000079dc00000, 0x00000007c0000000)
  eden space 102400K, 0% used [0x0000000795580000,0x0000000795580000,0x000000079b980000)
  from space 13312K, 38% used [0x000000079c680000,0x000000079cb7c120,0x000000079d380000)
  to   space 13312K, 0% used [0x000000079b980000,0x000000079b980000,0x000000079c680000)
 ParOldGen       total 50688K, used 17835K [0x0000000740000000, 0x0000000743180000, 0x0000000795580000)
  object space 50688K, 35% used [0x0000000740000000,0x000000074116ad58,0x0000000743180000)
 Metaspace       used 24887K, capacity 25329K, committed 25728K, reserved 1073152K
  class space    used 2465K, capacity 2587K, committed 2688K, reserved 1048576K
}
Event: 24.290 GC heap before
{Heap before GC invocations=8 (full 1):
 PSYoungGen      total 115712K, used 107504K [0x0000000795580000, 0x000000079dc00000, 0x00000007c0000000)
  eden space 102400K, 100% used [0x0000000795580000,0x000000079b980000,0x000000079b980000)
  from space 13312K, 38% used [0x000000079c680000,0x000000079cb7c120,0x000000079d380000)
  to   space 13312K, 0% used [0x000000079b980000,0x000000079b980000,0x000000079c680000)
 ParOldGen       total 50688K, used 17835K [0x0000000740000000, 0x0000000743180000, 0x0000000795580000)
  object space 50688K, 35% used [0x0000000740000000,0x000000074116ad58,0x0000000743180000)
 Metaspace       used 24945K, capacity 25393K, committed 25728K, reserved 1073152K
  class space    used 2465K, capacity 2587K, committed 2688K, reserved 1048576K
Event: 24.295 GC heap after
Heap after GC invocations=8 (full 1):
 PSYoungGen      total 115712K, used 4992K [0x0000000795580000, 0x00000007a0f00000, 0x00000007c0000000)
  eden space 102400K, 0% used [0x0000000795580000,0x0000000795580000,0x000000079b980000)
  from space 13312K, 37% used [0x000000079b980000,0x000000079be600f0,0x000000079c680000)
  to   space 12800K, 0% used [0x00000007a0280000,0x00000007a0280000,0x00000007a0f00000)
 ParOldGen       total 50688K, used 17835K [0x0000000740000000, 0x0000000743180000, 0x0000000795580000)
  object space 50688K, 35% used [0x0000000740000000,0x000000074116ad58,0x0000000743180000)
 Metaspace       used 24945K, capacity 25393K, committed 25728K, reserved 1073152K
  class space    used 2465K, capacity 2587K, committed 2688K, reserved 1048576K
}
Event: 35.041 GC heap before
{Heap before GC invocations=9 (full 1):
 PSYoungGen      total 115712K, used 107392K [0x0000000795580000, 0x00000007a0f00000, 0x00000007c0000000)
  eden space 102400K, 100% used [0x0000000795580000,0x000000079b980000,0x000000079b980000)
  from space 13312K, 37% used [0x000000079b980000,0x000000079be600f0,0x000000079c680000)
  to   space 12800K, 0% used [0x00000007a0280000,0x00000007a0280000,0x00000007a0f00000)
 ParOldGen       total 50688K, used 17835K [0x0000000740000000, 0x0000000743180000, 0x0000000795580000)
  object space 50688K, 35% used [0x0000000740000000,0x000000074116ad58,0x0000000743180000)
 Metaspace       used 24950K, capacity 25393K, committed 25728K, reserved 1073152K
  class space    used 2465K, capacity 2587K, committed 2688K, reserved 1048576K
Event: 35.045 GC heap after
Heap after GC invocations=9 (full 1):
 PSYoungGen      total 163840K, used 2336K [0x0000000795580000, 0x00000007a0900000, 0x00000007c0000000)
  eden space 157184K, 0% used [0x0000000795580000,0x0000000795580000,0x000000079ef00000)
  from space 6656K, 35% used [0x00000007a0280000,0x00000007a04c8080,0x00000007a0900000)
  to   space 13312K, 0% used [0x000000079ef00000,0x000000079ef00000,0x000000079fc00000)
 ParOldGen       total 50688K, used 20585K [0x0000000740000000, 0x0000000743180000, 0x0000000795580000)
  object space 50688K, 40% used [0x0000000740000000,0x000000074141a780,0x0000000743180000)
 Metaspace       used 24950K, capacity 25393K, committed 25728K, reserved 1073152K
  class space    used 2465K, capacity 2587K, committed 2688K, reserved 1048576K
}

