# JRE version: Java(TM) SE Runtime Environment (8.0_131-b11) (build 1.8.0_131-b11)
# Java VM: Java HotSpot(TM) 64-Bit Server VM (25.131-b11 mixed mode bsd-amd64 compressed oops)
Heap:
 PSYoungGen      total 237056K, used 12725K [0x0000000795580000, 0x00000007aaf00000, 0x00000007c0000000)
  eden space 222720K, 5% used [0x0000000795580000,0x000000079619d4f0,0x00000007a2f00000)
  from space 14336K, 2% used [0x00000007a2f00000,0x00000007a2f50000,0x00000007a3d00000)
  to   space 14848K, 0% used [0x00000007aa080000,0x00000007aa080000,0x00000007aaf00000)
 ParOldGen       total 46592K, used 25016K [0x0000000740000000, 0x0000000742d80000, 0x0000000795580000)
  object space 46592K, 53% used [0x0000000740000000,0x000000074186e268,0x0000000742d80000)
 Metaspace       used 24982K, capacity 25329K, committed 25728K, reserved 1073152K
  class space    used 2472K, capacity 2587K, committed 2688K, reserved 1048576K
GC Heap History (10 events):
Event: 8.241 GC heap before
{Heap before GC invocations=6 (full 1):
 PSYoungGen      total 69632K, used 69617K [0x0000000795580000, 0x000000079a080000, 0x00000007c0000000)
  eden space 64512K, 100% used [0x0000000795580000,0x0000000799480000,0x0000000799480000)
  from space 5120K, 99% used [0x0000000799b80000,0x000000079a07c5d0,0x000000079a080000)
  to   space 5120K, 0% used [0x0000000799680000,0x0000000799680000,0x0000000799b80000)
 ParOldGen       total 46592K, used 14255K [0x0000000740000000, 0x0000000742d80000, 0x0000000795580000)
  object space 46592K, 30% used [0x0000000740000000,0x0000000740debe50,0x0000000742d80000)
 Metaspace       used 24519K, capacity 24945K, committed 25216K, reserved 1071104K
  class space    used 2464K, capacity 2587K, committed 2688K, reserved 1048576K
Event: 8.247 GC heap after
Heap after GC invocations=6 (full 1):
 PSYoungGen      total 71680K, used 5105K [0x0000000795580000, 0x000000079ea00000, 0x00000007c0000000)
  eden space 66560K, 0% used [0x0000000795580000,0x0000000795580000,0x0000000799680000)
  from space 5120K, 99% used [0x0000000799680000,0x0000000799b7c5b0,0x0000000799b80000)
  to   space 14336K, 0% used [0x000000079dc00000,0x000000079dc00000,0x000000079ea00000)
 ParOldGen       total 46592K, used 19828K [0x0000000740000000, 0x0000000742d80000, 0x0000000795580000)
  object space 46592K, 42% used [0x0000000740000000,0x000000074135d358,0x0000000742d80000)
 Metaspace       used 24519K, capacity 24945K, committed 25216K, reserved 1071104K
  class space    used 2464K, capacity 2587K, committed 2688K, reserved 1048576K
}
Event: 13.446 GC heap before
{Heap before GC invocations=7 (full 1):
 PSYoungGen      total 71680K, used 71665K [0x0000000795580000, 0x000000079ea00000, 0x00000007c0000000)
  eden space 66560K, 100% used [0x0000000795580000,0x0000000799680000,0x0000000799680000)
  from space 5120K, 99% used [0x0000000799680000,0x0000000799b7c5b0,0x0000000799b80000)
  to   space 14336K, 0% used [0x000000079dc00000,0x000000079dc00000,0x000000079ea00000)
 ParOldGen       total 46592K, used 19828K [0x0000000740000000, 0x0000000742d80000, 0x0000000795580000)
  object space 46592K, 42% used [0x0000000740000000,0x000000074135d358,0x0000000742d80000)
 Metaspace       used 24931K, capacity 25329K, committed 25728K, reserved 1073152K
  class space    used 2464K, capacity 2587K, committed 2688K, reserved 1048576K
Event: 13.453 GC heap after
Heap after GC invocations=7 (full 1):
 PSYoungGen      total 137728K, used 5249K [0x0000000795580000, 0x000000079ec00000, 0x00000007c0000000)
  eden space 123392K, 0% used [0x0000000795580000,0x0000000795580000,0x000000079ce00000)
  from space 14336K, 36% used [0x000000079dc00000,0x000000079e1205a0,0x000000079ea00000)
  to   space 14336K, 0% used [0x000000079ce00000,0x000000079ce00000,0x000000079dc00000)
 ParOldGen       total 46592K, used 19836K [0x0000000740000000, 0x0000000742d80000, 0x0000000795580000)
  object space 46592K, 42% used [0x0000000740000000,0x000000074135f358,0x0000000742d80000)
 Metaspace       used 24931K, capacity 25329K, committed 25728K, reserved 1073152K
  class space    used 2464K, capacity 2587K, committed 2688K, reserved 1048576K
}
Event: 26.425 GC heap before
{Heap before GC invocations=8 (full 1):
 PSYoungGen      total 137728K, used 128641K [0x0000000795580000, 0x000000079ec00000, 0x00000007c0000000)
  eden space 123392K, 100% used [0x0000000795580000,0x000000079ce00000,0x000000079ce00000)
  from space 14336K, 36% used [0x000000079dc00000,0x000000079e1205a0,0x000000079ea00000)
  to   space 14336K, 0% used [0x000000079ce00000,0x000000079ce00000,0x000000079dc00000)
 ParOldGen       total 46592K, used 19836K [0x0000000740000000, 0x0000000742d80000, 0x0000000795580000)
  object space 46592K, 42% used [0x0000000740000000,0x000000074135f358,0x0000000742d80000)
 Metaspace       used 24942K, capacity 25329K, committed 25728K, reserved 1073152K
  class space    used 2464K, capacity 2587K, committed 2688K, reserved 1048576K
Event: 26.430 GC heap after
Heap after GC invocations=8 (full 1):
 PSYoungGen      total 137728K, used 5329K [0x0000000795580000, 0x00000007a4f00000, 0x00000007c0000000)
  eden space 123392K, 0% used [0x0000000795580000,0x0000000795580000,0x000000079ce00000)
  from space 14336K, 37% used [0x000000079ce00000,0x000000079d3345b0,0x000000079dc00000)
  to   space 13824K, 0% used [0x00000007a4180000,0x00000007a4180000,0x00000007a4f00000)
 ParOldGen       total 46592K, used 19844K [0x0000000740000000, 0x0000000742d80000, 0x0000000795580000)
  object space 46592K, 42% used [0x0000000740000000,0x0000000741361358,0x0000000742d80000)
 Metaspace       used 24942K, capacity 25329K, committed 25728K, reserved 1073152K
  class space    used 2464K, capacity 2587K, committed 2688K, reserved 1048576K
}
Event: 39.231 GC heap before
{Heap before GC invocations=9 (full 1):
 PSYoungGen      total 137728K, used 128721K [0x0000000795580000, 0x00000007a4f00000, 0x00000007c0000000)
  eden space 123392K, 100% used [0x0000000795580000,0x000000079ce00000,0x000000079ce00000)
  from space 14336K, 37% used [0x000000079ce00000,0x000000079d3345b0,0x000000079dc00000)
  to   space 13824K, 0% used [0x00000007a4180000,0x00000007a4180000,0x00000007a4f00000)
 ParOldGen       total 46592K, used 19844K [0x0000000740000000, 0x0000000742d80000, 0x0000000795580000)
  object space 46592K, 42% used [0x0000000740000000,0x0000000741361358,0x0000000742d80000)
 Metaspace       used 24943K, capacity 25329K, committed 25728K, reserved 1073152K
  class space    used 2464K, capacity 2587K, committed 2688K, reserved 1048576K
Event: 39.235 GC heap after
Heap after GC invocations=9 (full 1):
 PSYoungGen      total 232448K, used 1440K [0x0000000795580000, 0x00000007a4b00000, 0x00000007c0000000)
  eden space 222720K, 0% used [0x0000000795580000,0x0000000795580000,0x00000007a2f00000)
  from space 9728K, 14% used [0x00000007a4180000,0x00000007a42e8040,0x00000007a4b00000)
  to   space 14336K, 0% used [0x00000007a2f00000,0x00000007a2f00000,0x00000007a3d00000)
 ParOldGen       total 46592K, used 23742K [0x0000000740000000, 0x0000000742d80000, 0x0000000795580000)
  object space 46592K, 50% used [0x0000000740000000,0x000000074172f8f8,0x0000000742d80000)
 Metaspace       used 24943K, capacity 25329K, committed 25728K, reserved 1073152K
  class space    used 2464K, capacity 2587K, committed 2688K, reserved 1048576K
}
Event: 62.072 GC heap before
{Heap before GC invocations=10 (full 1):
 PSYoungGen      total 232448K, used 224160K [0x0000000795580000, 0x00000007a4b00000, 0x00000007c0000000)
  eden space 222720K, 100% used [0x0000000795580000,0x00000007a2f00000,0x00000007a2f00000)
  from space 9728K, 14% used [0x00000007a4180000,0x00000007a42e8040,0x00000007a4b00000)
  to   space 14336K, 0% used [0x00000007a2f00000,0x00000007a2f00000,0x00000007a3d00000)
 ParOldGen       total 46592K, used 23742K [0x0000000740000000, 0x0000000742d80000, 0x0000000795580000)
  object space 46592K, 50% used [0x0000000740000000,0x000000074172f8f8,0x0000000742d80000)
 Metaspace       used 24948K, capacity 25329K, committed 25728K, reserved 1073152K
  class space    used 2464K, capacity 2587K, committed 2688K, reserved 1048576K
Event: 62.075 GC heap after
Heap after GC invocations=10 (full 1):
 PSYoungGen      total 237056K, used 320K [0x0000000795580000, 0x00000007aaf00000, 0x00000007c0000000)
  eden space 222720K, 0% used [0x0000000795580000,0x0000000795580000,0x00000007a2f00000)
  from space 14336K, 2% used [0x00000007a2f00000,0x00000007a2f50000,0x00000007a3d00000)
  to   space 14848K, 0% used [0x00000007aa080000,0x00000007aa080000,0x00000007aaf00000)
 ParOldGen       total 46592K, used 25016K [0x0000000740000000, 0x0000000742d80000, 0x0000000795580000)
  object space 46592K, 53% used [0x0000000740000000,0x000000074186e268,0x0000000742d80000)
 Metaspace       used 24948K, capacity 25329K, committed 25728K, reserved 1073152K
  class space    used 2464K, capacity 2587K, committed 2688K, reserved 1048576K
}

