# JRE version: Java(TM) SE Runtime Environment (8.0_131-b11) (build 1.8.0_131-b11)
# Java VM: Java HotSpot(TM) 64-Bit Server VM (25.131-b11 mixed mode bsd-amd64 compressed oops)
Heap:
 PSYoungGen      total 71680K, used 66443K [0x0000000795580000, 0x000000079a080000, 0x00000007c0000000)
  eden space 66560K, 99% used [0x0000000795580000,0x0000000799662cd8,0x0000000799680000)
  from space 5120K, 0% used [0x0000000799b80000,0x0000000799b80000,0x000000079a080000)
  to   space 5120K, 0% used [0x0000000799680000,0x0000000799680000,0x0000000799b80000)
 ParOldGen       total 70656K, used 17341K [0x0000000740000000, 0x0000000744500000, 0x0000000795580000)
  object space 70656K, 24% used [0x0000000740000000,0x00000007410ef5f0,0x0000000744500000)
 Metaspace       used 21747K, capacity 22107K, committed 22272K, reserved 1069056K
  class space    used 2132K, capacity 2248K, committed 2304K, reserved 1048576K
GC Heap History (10 events):
Event: 3.203 GC heap before
{Heap before GC invocations=1 (full 0):
 PSYoungGen      total 38400K, used 33280K [0x0000000795580000, 0x0000000798000000, 0x00000007c0000000)
  eden space 33280K, 100% used [0x0000000795580000,0x0000000797600000,0x0000000797600000)
  from space 5120K, 0% used [0x0000000797b00000,0x0000000797b00000,0x0000000798000000)
  to   space 5120K, 0% used [0x0000000797600000,0x0000000797600000,0x0000000797b00000)
 ParOldGen       total 87552K, used 0K [0x0000000740000000, 0x0000000745580000, 0x0000000795580000)
  object space 87552K, 0% used [0x0000000740000000,0x0000000740000000,0x0000000745580000)
 Metaspace       used 15942K, capacity 16271K, committed 16384K, reserved 1064960K
  class space    used 1635K, capacity 1760K, committed 1792K, reserved 1048576K
Event: 3.210 GC heap after
Heap after GC invocations=1 (full 0):
 PSYoungGen      total 38400K, used 4933K [0x0000000795580000, 0x0000000798000000, 0x00000007c0000000)
  eden space 33280K, 0% used [0x0000000795580000,0x0000000795580000,0x0000000797600000)
  from space 5120K, 96% used [0x0000000797600000,0x0000000797ad1750,0x0000000797b00000)
  to   space 5120K, 0% used [0x0000000797b00000,0x0000000797b00000,0x0000000798000000)
 ParOldGen       total 87552K, used 16K [0x0000000740000000, 0x0000000745580000, 0x0000000795580000)
  object space 87552K, 0% used [0x0000000740000000,0x0000000740004000,0x0000000745580000)
 Metaspace       used 15942K, capacity 16271K, committed 16384K, reserved 1064960K
  class space    used 1635K, capacity 1760K, committed 1792K, reserved 1048576K
}
Event: 4.302 GC heap before
{Heap before GC invocations=2 (full 0):
 PSYoungGen      total 38400K, used 35400K [0x0000000795580000, 0x0000000798000000, 0x00000007c0000000)
  eden space 33280K, 91% used [0x0000000795580000,0x0000000797340928,0x0000000797600000)
  from space 5120K, 96% used [0x0000000797600000,0x0000000797ad1750,0x0000000797b00000)
  to   space 5120K, 0% used [0x0000000797b00000,0x0000000797b00000,0x0000000798000000)
 ParOldGen       total 87552K, used 16K [0x0000000740000000, 0x0000000745580000, 0x0000000795580000)
  object space 87552K, 0% used [0x0000000740000000,0x0000000740004000,0x0000000745580000)
 Metaspace       used 19201K, capacity 19559K, committed 19840K, reserved 1067008K
  class space    used 1972K, capacity 2084K, committed 2176K, reserved 1048576K
Event: 4.313 GC heap after
Heap after GC invocations=2 (full 0):
 PSYoungGen      total 38400K, used 5089K [0x0000000795580000, 0x0000000798000000, 0x00000007c0000000)
  eden space 33280K, 0% used [0x0000000795580000,0x0000000795580000,0x0000000797600000)
  from space 5120K, 99% used [0x0000000797b00000,0x0000000797ff8560,0x0000000798000000)
  to   space 5120K, 0% used [0x0000000797600000,0x0000000797600000,0x0000000797b00000)
 ParOldGen       total 87552K, used 4897K [0x0000000740000000, 0x0000000745580000, 0x0000000795580000)
  object space 87552K, 5% used [0x0000000740000000,0x00000007404c8458,0x0000000745580000)
 Metaspace       used 19201K, capacity 19559K, committed 19840K, reserved 1067008K
  class space    used 1972K, capacity 2084K, committed 2176K, reserved 1048576K
}
Event: 4.819 GC heap before
{Heap before GC invocations=3 (full 0):
 PSYoungGen      total 38400K, used 38369K [0x0000000795580000, 0x0000000798000000, 0x00000007c0000000)
  eden space 33280K, 100% used [0x0000000795580000,0x0000000797600000,0x0000000797600000)
  from space 5120K, 99% used [0x0000000797b00000,0x0000000797ff8560,0x0000000798000000)
  to   space 5120K, 0% used [0x0000000797600000,0x0000000797600000,0x0000000797b00000)
 ParOldGen       total 87552K, used 4897K [0x0000000740000000, 0x0000000745580000, 0x0000000795580000)
  object space 87552K, 5% used [0x0000000740000000,0x00000007404c8458,0x0000000745580000)
 Metaspace       used 20621K, capacity 20981K, committed 21248K, reserved 1069056K
  class space    used 2100K, capacity 2215K, committed 2304K, reserved 1048576K
Event: 4.829 GC heap after
Heap after GC invocations=3 (full 0):
 PSYoungGen      total 38400K, used 5105K [0x0000000795580000, 0x000000079a080000, 0x00000007c0000000)
  eden space 33280K, 0% used [0x0000000795580000,0x0000000795580000,0x0000000797600000)
  from space 5120K, 99% used [0x0000000797600000,0x0000000797afc570,0x0000000797b00000)
  to   space 5120K, 0% used [0x0000000799b80000,0x0000000799b80000,0x000000079a080000)
 ParOldGen       total 87552K, used 13300K [0x0000000740000000, 0x0000000745580000, 0x0000000795580000)
  object space 87552K, 15% used [0x0000000740000000,0x0000000740cfd0c8,0x0000000745580000)
 Metaspace       used 20621K, capacity 20981K, committed 21248K, reserved 1069056K
  class space    used 2100K, capacity 2215K, committed 2304K, reserved 1048576K
}
Event: 5.044 GC heap before
{Heap before GC invocations=4 (full 0):
 PSYoungGen      total 38400K, used 9483K [0x0000000795580000, 0x000000079a080000, 0x00000007c0000000)
  eden space 33280K, 13% used [0x0000000795580000,0x00000007959c6958,0x0000000797600000)
  from space 5120K, 99% used [0x0000000797600000,0x0000000797afc570,0x0000000797b00000)
  to   space 5120K, 0% used [0x0000000799b80000,0x0000000799b80000,0x000000079a080000)
 ParOldGen       total 87552K, used 13300K [0x0000000740000000, 0x0000000745580000, 0x0000000795580000)
  object space 87552K, 15% used [0x0000000740000000,0x0000000740cfd0c8,0x0000000745580000)
 Metaspace       used 20752K, capacity 21051K, committed 21248K, reserved 1069056K
  class space    used 2100K, capacity 2216K, committed 2304K, reserved 1048576K
Event: 5.052 GC heap after
Heap after GC invocations=4 (full 0):
 PSYoungGen      total 71680K, used 4929K [0x0000000795580000, 0x000000079a080000, 0x00000007c0000000)
  eden space 66560K, 0% used [0x0000000795580000,0x0000000795580000,0x0000000799680000)
  from space 5120K, 96% used [0x0000000799b80000,0x000000079a050550,0x000000079a080000)
  to   space 5120K, 0% used [0x0000000799680000,0x0000000799680000,0x0000000799b80000)
 ParOldGen       total 87552K, used 14076K [0x0000000740000000, 0x0000000745580000, 0x0000000795580000)
  object space 87552K, 16% used [0x0000000740000000,0x0000000740dbf0f8,0x0000000745580000)
 Metaspace       used 20752K, capacity 21051K, committed 21248K, reserved 1069056K
  class space    used 2100K, capacity 2216K, committed 2304K, reserved 1048576K
}
Event: 5.052 GC heap before
{Heap before GC invocations=5 (full 1):
 PSYoungGen      total 71680K, used 4929K [0x0000000795580000, 0x000000079a080000, 0x00000007c0000000)
  eden space 66560K, 0% used [0x0000000795580000,0x0000000795580000,0x0000000799680000)
  from space 5120K, 96% used [0x0000000799b80000,0x000000079a050550,0x000000079a080000)
  to   space 5120K, 0% used [0x0000000799680000,0x0000000799680000,0x0000000799b80000)
 ParOldGen       total 87552K, used 14076K [0x0000000740000000, 0x0000000745580000, 0x0000000795580000)
  object space 87552K, 16% used [0x0000000740000000,0x0000000740dbf0f8,0x0000000745580000)
 Metaspace       used 20752K, capacity 21051K, committed 21248K, reserved 1069056K
  class space    used 2100K, capacity 2216K, committed 2304K, reserved 1048576K
Event: 5.082 GC heap after
Heap after GC invocations=5 (full 1):
 PSYoungGen      total 71680K, used 0K [0x0000000795580000, 0x000000079a080000, 0x00000007c0000000)
  eden space 66560K, 0% used [0x0000000795580000,0x0000000795580000,0x0000000799680000)
  from space 5120K, 0% used [0x0000000799b80000,0x0000000799b80000,0x000000079a080000)
  to   space 5120K, 0% used [0x0000000799680000,0x0000000799680000,0x0000000799b80000)
 ParOldGen       total 70656K, used 17341K [0x0000000740000000, 0x0000000744500000, 0x0000000795580000)
  object space 70656K, 24% used [0x0000000740000000,0x00000007410ef5f0,0x0000000744500000)
 Metaspace       used 20752K, capacity 21051K, committed 21248K, reserved 1069056K
  class space    used 2100K, capacity 2216K, committed 2304K, reserved 1048576K
}

