# JRE version: Java(TM) SE Runtime Environment (8.0_131-b11) (build 1.8.0_131-b11)
# Java VM: Java HotSpot(TM) 64-Bit Server VM (25.131-b11 mixed mode bsd-amd64 compressed oops)
Heap:
 PSYoungGen      total 71680K, used 17016K [0x0000000795580000, 0x000000079e580000, 0x00000007c0000000)
  eden space 66560K, 17% used [0x0000000795580000,0x0000000796121c48,0x0000000799680000)
  from space 5120K, 99% used [0x0000000799680000,0x0000000799b7c600,0x0000000799b80000)
  to   space 13824K, 0% used [0x000000079d800000,0x000000079d800000,0x000000079e580000)
 ParOldGen       total 47104K, used 19067K [0x0000000740000000, 0x0000000742e00000, 0x0000000795580000)
  object space 47104K, 40% used [0x0000000740000000,0x000000074129ee80,0x0000000742e00000)
 Metaspace       used 24770K, capacity 25201K, committed 25472K, reserved 1073152K
  class space    used 2474K, capacity 2587K, committed 2688K, reserved 1048576K
GC Heap History (10 events):
Event: 3.943 GC heap before
{Heap before GC invocations=2 (full 0):
 PSYoungGen      total 38400K, used 38257K [0x0000000795580000, 0x0000000798000000, 0x00000007c0000000)
  eden space 33280K, 100% used [0x0000000795580000,0x0000000797600000,0x0000000797600000)
  from space 5120K, 97% used [0x0000000797600000,0x0000000797adc550,0x0000000797b00000)
  to   space 5120K, 0% used [0x0000000797b00000,0x0000000797b00000,0x0000000798000000)
 ParOldGen       total 87552K, used 16K [0x0000000740000000, 0x0000000745580000, 0x0000000795580000)
  object space 87552K, 0% used [0x0000000740000000,0x0000000740004000,0x0000000745580000)
 Metaspace       used 20782K, capacity 21231K, committed 21248K, reserved 1069056K
  class space    used 2160K, capacity 2294K, committed 2304K, reserved 1048576K
Event: 3.955 GC heap after
Heap after GC invocations=2 (full 0):
 PSYoungGen      total 38400K, used 5104K [0x0000000795580000, 0x0000000798000000, 0x00000007c0000000)
  eden space 33280K, 0% used [0x0000000795580000,0x0000000795580000,0x0000000797600000)
  from space 5120K, 99% used [0x0000000797b00000,0x0000000797ffc070,0x0000000798000000)
  to   space 5120K, 0% used [0x0000000797600000,0x0000000797600000,0x0000000797b00000)
 ParOldGen       total 87552K, used 3295K [0x0000000740000000, 0x0000000745580000, 0x0000000795580000)
  object space 87552K, 3% used [0x0000000740000000,0x0000000740337e70,0x0000000745580000)
 Metaspace       used 20782K, capacity 21231K, committed 21248K, reserved 1069056K
  class space    used 2160K, capacity 2294K, committed 2304K, reserved 1048576K
}
Event: 3.961 GC heap before
{Heap before GC invocations=3 (full 0):
 PSYoungGen      total 38400K, used 5719K [0x0000000795580000, 0x0000000798000000, 0x00000007c0000000)
  eden space 33280K, 1% used [0x0000000795580000,0x0000000795619e08,0x0000000797600000)
  from space 5120K, 99% used [0x0000000797b00000,0x0000000797ffc070,0x0000000798000000)
  to   space 5120K, 0% used [0x0000000797600000,0x0000000797600000,0x0000000797b00000)
 ParOldGen       total 87552K, used 3295K [0x0000000740000000, 0x0000000745580000, 0x0000000795580000)
  object space 87552K, 3% used [0x0000000740000000,0x0000000740337e70,0x0000000745580000)
 Metaspace       used 20826K, capacity 21231K, committed 21248K, reserved 1069056K
  class space    used 2166K, capacity 2294K, committed 2304K, reserved 1048576K
Event: 3.966 GC heap after
Heap after GC invocations=3 (full 0):
 PSYoungGen      total 38400K, used 5088K [0x0000000795580000, 0x000000079a080000, 0x00000007c0000000)
  eden space 33280K, 0% used [0x0000000795580000,0x0000000795580000,0x0000000797600000)
  from space 5120K, 99% used [0x0000000797600000,0x0000000797af82a0,0x0000000797b00000)
  to   space 5120K, 0% used [0x0000000799b80000,0x0000000799b80000,0x000000079a080000)
 ParOldGen       total 87552K, used 3425K [0x0000000740000000, 0x0000000745580000, 0x0000000795580000)
  object space 87552K, 3% used [0x0000000740000000,0x00000007403587d0,0x0000000745580000)
 Metaspace       used 20826K, capacity 21231K, committed 21248K, reserved 1069056K
  class space    used 2166K, capacity 2294K, committed 2304K, reserved 1048576K
}
Event: 3.966 GC heap before
{Heap before GC invocations=4 (full 1):
 PSYoungGen      total 38400K, used 5088K [0x0000000795580000, 0x000000079a080000, 0x00000007c0000000)
  eden space 33280K, 0% used [0x0000000795580000,0x0000000795580000,0x0000000797600000)
  from space 5120K, 99% used [0x0000000797600000,0x0000000797af82a0,0x0000000797b00000)
  to   space 5120K, 0% used [0x0000000799b80000,0x0000000799b80000,0x000000079a080000)
 ParOldGen       total 87552K, used 3425K [0x0000000740000000, 0x0000000745580000, 0x0000000795580000)
  object space 87552K, 3% used [0x0000000740000000,0x00000007403587d0,0x0000000745580000)
 Metaspace       used 20826K, capacity 21231K, committed 21248K, reserved 1069056K
  class space    used 2166K, capacity 2294K, committed 2304K, reserved 1048576K
Event: 4.009 GC heap after
Heap after GC invocations=4 (full 1):
 PSYoungGen      total 38400K, used 0K [0x0000000795580000, 0x000000079a080000, 0x00000007c0000000)
  eden space 33280K, 0% used [0x0000000795580000,0x0000000795580000,0x0000000797600000)
  from space 5120K, 0% used [0x0000000797600000,0x0000000797600000,0x0000000797b00000)
  to   space 5120K, 0% used [0x0000000799b80000,0x0000000799b80000,0x000000079a080000)
 ParOldGen       total 47104K, used 7212K [0x0000000740000000, 0x0000000742e00000, 0x0000000795580000)
  object space 47104K, 15% used [0x0000000740000000,0x000000074070b3d0,0x0000000742e00000)
 Metaspace       used 20826K, capacity 21231K, committed 21248K, reserved 1069056K
  class space    used 2166K, capacity 2294K, committed 2304K, reserved 1048576K
}
Event: 4.741 GC heap before
{Heap before GC invocations=5 (full 1):
 PSYoungGen      total 38400K, used 33265K [0x0000000795580000, 0x000000079a080000, 0x00000007c0000000)
  eden space 33280K, 99% used [0x0000000795580000,0x00000007975fc7c8,0x0000000797600000)
  from space 5120K, 0% used [0x0000000797600000,0x0000000797600000,0x0000000797b00000)
  to   space 5120K, 0% used [0x0000000799b80000,0x0000000799b80000,0x000000079a080000)
 ParOldGen       total 47104K, used 7212K [0x0000000740000000, 0x0000000742e00000, 0x0000000795580000)
  object space 47104K, 15% used [0x0000000740000000,0x000000074070b3d0,0x0000000742e00000)
 Metaspace       used 23663K, capacity 24001K, committed 24064K, reserved 1071104K
  class space    used 2437K, capacity 2553K, committed 2560K, reserved 1048576K
Event: 4.749 GC heap after
Heap after GC invocations=5 (full 1):
 PSYoungGen      total 68608K, used 5089K [0x0000000795580000, 0x000000079a080000, 0x00000007c0000000)
  eden space 63488K, 0% used [0x0000000795580000,0x0000000795580000,0x0000000799380000)
  from space 5120K, 99% used [0x0000000799b80000,0x000000079a078600,0x000000079a080000)
  to   space 5120K, 0% used [0x0000000799680000,0x0000000799680000,0x0000000799b80000)
 ParOldGen       total 47104K, used 14908K [0x0000000740000000, 0x0000000742e00000, 0x0000000795580000)
  object space 47104K, 31% used [0x0000000740000000,0x0000000740e8f0d8,0x0000000742e00000)
 Metaspace       used 23663K, capacity 24001K, committed 24064K, reserved 1071104K
  class space    used 2437K, capacity 2553K, committed 2560K, reserved 1048576K
}
Event: 8.704 GC heap before
{Heap before GC invocations=6 (full 1):
 PSYoungGen      total 68608K, used 68577K [0x0000000795580000, 0x000000079a080000, 0x00000007c0000000)
  eden space 63488K, 100% used [0x0000000795580000,0x0000000799380000,0x0000000799380000)
  from space 5120K, 99% used [0x0000000799b80000,0x000000079a078600,0x000000079a080000)
  to   space 5120K, 0% used [0x0000000799680000,0x0000000799680000,0x0000000799b80000)
 ParOldGen       total 47104K, used 14908K [0x0000000740000000, 0x0000000742e00000, 0x0000000795580000)
  object space 47104K, 31% used [0x0000000740000000,0x0000000740e8f0d8,0x0000000742e00000)
 Metaspace       used 24511K, capacity 24881K, committed 25216K, reserved 1071104K
  class space    used 2464K, capacity 2587K, committed 2688K, reserved 1048576K
Event: 8.711 GC heap after
Heap after GC invocations=6 (full 1):
 PSYoungGen      total 71680K, used 5105K [0x0000000795580000, 0x000000079e580000, 0x00000007c0000000)
  eden space 66560K, 0% used [0x0000000795580000,0x0000000795580000,0x0000000799680000)
  from space 5120K, 99% used [0x0000000799680000,0x0000000799b7c600,0x0000000799b80000)
  to   space 13824K, 0% used [0x000000079d800000,0x000000079d800000,0x000000079e580000)
 ParOldGen       total 47104K, used 19067K [0x0000000740000000, 0x0000000742e00000, 0x0000000795580000)
  object space 47104K, 40% used [0x0000000740000000,0x000000074129ee80,0x0000000742e00000)
 Metaspace       used 24511K, capacity 24881K, committed 25216K, reserved 1071104K
  class space    used 2464K, capacity 2587K, committed 2688K, reserved 1048576K
}

