# JRE version: Java(TM) SE Runtime Environment (8.0_131-b11) (build 1.8.0_131-b11)
# Java VM: Java HotSpot(TM) 64-Bit Server VM (25.131-b11 mixed mode bsd-amd64 compressed oops)
Heap:
 PSYoungGen      total 88064K, used 10847K [0x0000000795580000, 0x000000079c180000, 0x00000007c0000000)
  eden space 73728K, 12% used [0x0000000795580000,0x0000000795e338d0,0x0000000799d80000)
  from space 14336K, 13% used [0x0000000799d80000,0x0000000799f644a0,0x000000079ab80000)
  to   space 14336K, 0% used [0x000000079b380000,0x000000079b380000,0x000000079c180000)
 ParOldGen       total 68096K, used 23136K [0x0000000740000000, 0x0000000744280000, 0x0000000795580000)
  object space 68096K, 33% used [0x0000000740000000,0x0000000741698208,0x0000000744280000)
 Metaspace       used 24998K, capacity 25377K, committed 25728K, reserved 1073152K
  class space    used 2473K, capacity 2587K, committed 2688K, reserved 1048576K
GC Heap History (10 events):
Event: 9.720 GC heap before
{Heap before GC invocations=6 (full 1):
 PSYoungGen      total 51712K, used 51681K [0x0000000795580000, 0x0000000798d80000, 0x00000007c0000000)
  eden space 46592K, 100% used [0x0000000795580000,0x0000000798300000,0x0000000798300000)
  from space 5120K, 99% used [0x0000000798800000,0x0000000798cf8790,0x0000000798d00000)
  to   space 5120K, 0% used [0x0000000798300000,0x0000000798300000,0x0000000798800000)
 ParOldGen       total 68096K, used 19839K [0x0000000740000000, 0x0000000744280000, 0x0000000795580000)
  object space 68096K, 29% used [0x0000000740000000,0x000000074135fcf8,0x0000000744280000)
 Metaspace       used 24729K, capacity 25121K, committed 25472K, reserved 1073152K
  class space    used 2464K, capacity 2587K, committed 2688K, reserved 1048576K
Event: 9.727 GC heap after
Heap after GC invocations=6 (full 1):
 PSYoungGen      total 51712K, used 2129K [0x0000000795580000, 0x000000079af00000, 0x00000007c0000000)
  eden space 46592K, 0% used [0x0000000795580000,0x0000000795580000,0x0000000798300000)
  from space 5120K, 41% used [0x0000000798300000,0x00000007985144e0,0x0000000798800000)
  to   space 14336K, 0% used [0x000000079a100000,0x000000079a100000,0x000000079af00000)
 ParOldGen       total 68096K, used 23128K [0x0000000740000000, 0x0000000744280000, 0x0000000795580000)
  object space 68096K, 33% used [0x0000000740000000,0x0000000741696208,0x0000000744280000)
 Metaspace       used 24729K, capacity 25121K, committed 25472K, reserved 1073152K
  class space    used 2464K, capacity 2587K, committed 2688K, reserved 1048576K
}
Event: 14.092 GC heap before
{Heap before GC invocations=7 (full 1):
 PSYoungGen      total 51712K, used 48721K [0x0000000795580000, 0x000000079af00000, 0x00000007c0000000)
  eden space 46592K, 100% used [0x0000000795580000,0x0000000798300000,0x0000000798300000)
  from space 5120K, 41% used [0x0000000798300000,0x00000007985144e0,0x0000000798800000)
  to   space 14336K, 0% used [0x000000079a100000,0x000000079a100000,0x000000079af00000)
 ParOldGen       total 68096K, used 23128K [0x0000000740000000, 0x0000000744280000, 0x0000000795580000)
  object space 68096K, 33% used [0x0000000740000000,0x0000000741696208,0x0000000744280000)
 Metaspace       used 24896K, capacity 25313K, committed 25472K, reserved 1073152K
  class space    used 2464K, capacity 2587K, committed 2688K, reserved 1048576K
Event: 14.096 GC heap after
Heap after GC invocations=7 (full 1):
 PSYoungGen      total 74240K, used 1968K [0x0000000795580000, 0x000000079ae00000, 0x00000007c0000000)
  eden space 60928K, 0% used [0x0000000795580000,0x0000000795580000,0x0000000799100000)
  from space 13312K, 14% used [0x000000079a100000,0x000000079a2ec2a0,0x000000079ae00000)
  to   space 14848K, 0% used [0x0000000799100000,0x0000000799100000,0x0000000799f80000)
 ParOldGen       total 68096K, used 23136K [0x0000000740000000, 0x0000000744280000, 0x0000000795580000)
  object space 68096K, 33% used [0x0000000740000000,0x0000000741698208,0x0000000744280000)
 Metaspace       used 24896K, capacity 25313K, committed 25472K, reserved 1073152K
  class space    used 2464K, capacity 2587K, committed 2688K, reserved 1048576K
}
Event: 19.802 GC heap before
{Heap before GC invocations=8 (full 1):
 PSYoungGen      total 74240K, used 62896K [0x0000000795580000, 0x000000079ae00000, 0x00000007c0000000)
  eden space 60928K, 100% used [0x0000000795580000,0x0000000799100000,0x0000000799100000)
  from space 13312K, 14% used [0x000000079a100000,0x000000079a2ec2a0,0x000000079ae00000)
  to   space 14848K, 0% used [0x0000000799100000,0x0000000799100000,0x0000000799f80000)
 ParOldGen       total 68096K, used 23136K [0x0000000740000000, 0x0000000744280000, 0x0000000795580000)
  object space 68096K, 33% used [0x0000000740000000,0x0000000741698208,0x0000000744280000)
 Metaspace       used 24935K, capacity 25313K, committed 25472K, reserved 1073152K
  class space    used 2464K, capacity 2587K, committed 2688K, reserved 1048576K
Event: 19.805 GC heap after
Heap after GC invocations=8 (full 1):
 PSYoungGen      total 75776K, used 1872K [0x0000000795580000, 0x000000079bd00000, 0x00000007c0000000)
  eden space 60928K, 0% used [0x0000000795580000,0x0000000795580000,0x0000000799100000)
  from space 14848K, 12% used [0x0000000799100000,0x00000007992d4280,0x0000000799f80000)
  to   space 14848K, 0% used [0x000000079ae80000,0x000000079ae80000,0x000000079bd00000)
 ParOldGen       total 68096K, used 23136K [0x0000000740000000, 0x0000000744280000, 0x0000000795580000)
  object space 68096K, 33% used [0x0000000740000000,0x0000000741698208,0x0000000744280000)
 Metaspace       used 24935K, capacity 25313K, committed 25472K, reserved 1073152K
  class space    used 2464K, capacity 2587K, committed 2688K, reserved 1048576K
}
Event: 25.434 GC heap before
{Heap before GC invocations=9 (full 1):
 PSYoungGen      total 75776K, used 62800K [0x0000000795580000, 0x000000079bd00000, 0x00000007c0000000)
  eden space 60928K, 100% used [0x0000000795580000,0x0000000799100000,0x0000000799100000)
  from space 14848K, 12% used [0x0000000799100000,0x00000007992d4280,0x0000000799f80000)
  to   space 14848K, 0% used [0x000000079ae80000,0x000000079ae80000,0x000000079bd00000)
 ParOldGen       total 68096K, used 23136K [0x0000000740000000, 0x0000000744280000, 0x0000000795580000)
  object space 68096K, 33% used [0x0000000740000000,0x0000000741698208,0x0000000744280000)
 Metaspace       used 24935K, capacity 25313K, committed 25472K, reserved 1073152K
  class space    used 2464K, capacity 2587K, committed 2688K, reserved 1048576K
Event: 25.437 GC heap after
Heap after GC invocations=9 (full 1):
 PSYoungGen      total 84992K, used 1905K [0x0000000795580000, 0x000000079b980000, 0x00000007c0000000)
  eden space 73728K, 0% used [0x0000000795580000,0x0000000795580000,0x0000000799d80000)
  from space 11264K, 16% used [0x000000079ae80000,0x000000079b05c4a0,0x000000079b980000)
  to   space 14336K, 0% used [0x0000000799d80000,0x0000000799d80000,0x000000079ab80000)
 ParOldGen       total 68096K, used 23136K [0x0000000740000000, 0x0000000744280000, 0x0000000795580000)
  object space 68096K, 33% used [0x0000000740000000,0x0000000741698208,0x0000000744280000)
 Metaspace       used 24935K, capacity 25313K, committed 25472K, reserved 1073152K
  class space    used 2464K, capacity 2587K, committed 2688K, reserved 1048576K
}
Event: 30.735 GC heap before
{Heap before GC invocations=10 (full 1):
 PSYoungGen      total 84992K, used 75633K [0x0000000795580000, 0x000000079b980000, 0x00000007c0000000)
  eden space 73728K, 100% used [0x0000000795580000,0x0000000799d80000,0x0000000799d80000)
  from space 11264K, 16% used [0x000000079ae80000,0x000000079b05c4a0,0x000000079b980000)
  to   space 14336K, 0% used [0x0000000799d80000,0x0000000799d80000,0x000000079ab80000)
 ParOldGen       total 68096K, used 23136K [0x0000000740000000, 0x0000000744280000, 0x0000000795580000)
  object space 68096K, 33% used [0x0000000740000000,0x0000000741698208,0x0000000744280000)
 Metaspace       used 24963K, capacity 25377K, committed 25728K, reserved 1073152K
  class space    used 2465K, capacity 2587K, committed 2688K, reserved 1048576K
Event: 30.739 GC heap after
Heap after GC invocations=10 (full 1):
 PSYoungGen      total 88064K, used 1937K [0x0000000795580000, 0x000000079c180000, 0x00000007c0000000)
  eden space 73728K, 0% used [0x0000000795580000,0x0000000795580000,0x0000000799d80000)
  from space 14336K, 13% used [0x0000000799d80000,0x0000000799f644a0,0x000000079ab80000)
  to   space 14336K, 0% used [0x000000079b380000,0x000000079b380000,0x000000079c180000)
 ParOldGen       total 68096K, used 23136K [0x0000000740000000, 0x0000000744280000, 0x0000000795580000)
  object space 68096K, 33% used [0x0000000740000000,0x0000000741698208,0x0000000744280000)
 Metaspace       used 24963K, capacity 25377K, committed 25728K, reserved 1073152K
  class space    used 2465K, capacity 2587K, committed 2688K, reserved 1048576K
}

