# JRE version: Java(TM) SE Runtime Environment (8.0_131-b11) (build 1.8.0_131-b11)
# Java VM: Java HotSpot(TM) 64-Bit Server VM (25.131-b11 mixed mode bsd-amd64 compressed oops)
Heap:
 PSYoungGen      total 71680K, used 36046K [0x0000000795580000, 0x000000079e280000, 0x00000007c0000000)
  eden space 66560K, 46% used [0x0000000795580000,0x00000007973b7718,0x0000000799680000)
  from space 5120K, 99% used [0x0000000799680000,0x0000000799b7c3e0,0x0000000799b80000)
  to   space 12800K, 0% used [0x000000079d600000,0x000000079d600000,0x000000079e280000)
 ParOldGen       total 47616K, used 17770K [0x0000000740000000, 0x0000000742e80000, 0x0000000795580000)
  object space 47616K, 37% used [0x0000000740000000,0x000000074115a9f0,0x0000000742e80000)
 Metaspace       used 24834K, capacity 25253K, committed 25472K, reserved 1073152K
  class space    used 2480K, capacity 2587K, committed 2688K, reserved 1048576K
GC Heap History (10 events):
Event: 3.765 GC heap before
{Heap before GC invocations=2 (full 0):
 PSYoungGen      total 38400K, used 38321K [0x0000000795580000, 0x0000000798000000, 0x00000007c0000000)
  eden space 33280K, 100% used [0x0000000795580000,0x0000000797600000,0x0000000797600000)
  from space 5120K, 98% used [0x0000000797600000,0x0000000797aec470,0x0000000797b00000)
  to   space 5120K, 0% used [0x0000000797b00000,0x0000000797b00000,0x0000000798000000)
 ParOldGen       total 87552K, used 8K [0x0000000740000000, 0x0000000745580000, 0x0000000795580000)
  object space 87552K, 0% used [0x0000000740000000,0x0000000740002000,0x0000000745580000)
 Metaspace       used 20732K, capacity 21155K, committed 21248K, reserved 1069056K
  class space    used 2163K, capacity 2294K, committed 2304K, reserved 1048576K
Event: 3.781 GC heap after
Heap after GC invocations=2 (full 0):
 PSYoungGen      total 38400K, used 5105K [0x0000000795580000, 0x0000000798000000, 0x00000007c0000000)
  eden space 33280K, 0% used [0x0000000795580000,0x0000000795580000,0x0000000797600000)
  from space 5120K, 99% used [0x0000000797b00000,0x0000000797ffc4d0,0x0000000798000000)
  to   space 5120K, 0% used [0x0000000797600000,0x0000000797600000,0x0000000797b00000)
 ParOldGen       total 87552K, used 3212K [0x0000000740000000, 0x0000000745580000, 0x0000000795580000)
  object space 87552K, 3% used [0x0000000740000000,0x00000007403233c0,0x0000000745580000)
 Metaspace       used 20732K, capacity 21155K, committed 21248K, reserved 1069056K
  class space    used 2163K, capacity 2294K, committed 2304K, reserved 1048576K
}
Event: 3.791 GC heap before
{Heap before GC invocations=3 (full 0):
 PSYoungGen      total 38400K, used 5719K [0x0000000795580000, 0x0000000798000000, 0x00000007c0000000)
  eden space 33280K, 1% used [0x0000000795580000,0x0000000795619a58,0x0000000797600000)
  from space 5120K, 99% used [0x0000000797b00000,0x0000000797ffc4d0,0x0000000798000000)
  to   space 5120K, 0% used [0x0000000797600000,0x0000000797600000,0x0000000797b00000)
 ParOldGen       total 87552K, used 3212K [0x0000000740000000, 0x0000000745580000, 0x0000000795580000)
  object space 87552K, 3% used [0x0000000740000000,0x00000007403233c0,0x0000000745580000)
 Metaspace       used 20834K, capacity 21219K, committed 21248K, reserved 1069056K
  class space    used 2175K, capacity 2294K, committed 2304K, reserved 1048576K
Event: 3.797 GC heap after
Heap after GC invocations=3 (full 0):
 PSYoungGen      total 38400K, used 5118K [0x0000000795580000, 0x000000079a080000, 0x00000007c0000000)
  eden space 33280K, 0% used [0x0000000795580000,0x0000000795580000,0x0000000797600000)
  from space 5120K, 99% used [0x0000000797600000,0x0000000797affa18,0x0000000797b00000)
  to   space 5120K, 0% used [0x0000000799b80000,0x0000000799b80000,0x000000079a080000)
 ParOldGen       total 87552K, used 3340K [0x0000000740000000, 0x0000000745580000, 0x0000000795580000)
  object space 87552K, 3% used [0x0000000740000000,0x00000007403433c0,0x0000000745580000)
 Metaspace       used 20834K, capacity 21219K, committed 21248K, reserved 1069056K
  class space    used 2175K, capacity 2294K, committed 2304K, reserved 1048576K
}
Event: 3.797 GC heap before
{Heap before GC invocations=4 (full 1):
 PSYoungGen      total 38400K, used 5118K [0x0000000795580000, 0x000000079a080000, 0x00000007c0000000)
  eden space 33280K, 0% used [0x0000000795580000,0x0000000795580000,0x0000000797600000)
  from space 5120K, 99% used [0x0000000797600000,0x0000000797affa18,0x0000000797b00000)
  to   space 5120K, 0% used [0x0000000799b80000,0x0000000799b80000,0x000000079a080000)
 ParOldGen       total 87552K, used 3340K [0x0000000740000000, 0x0000000745580000, 0x0000000795580000)
  object space 87552K, 3% used [0x0000000740000000,0x00000007403433c0,0x0000000745580000)
 Metaspace       used 20834K, capacity 21219K, committed 21248K, reserved 1069056K
  class space    used 2175K, capacity 2294K, committed 2304K, reserved 1048576K
Event: 3.838 GC heap after
Heap after GC invocations=4 (full 1):
 PSYoungGen      total 38400K, used 0K [0x0000000795580000, 0x000000079a080000, 0x00000007c0000000)
  eden space 33280K, 0% used [0x0000000795580000,0x0000000795580000,0x0000000797600000)
  from space 5120K, 0% used [0x0000000797600000,0x0000000797600000,0x0000000797b00000)
  to   space 5120K, 0% used [0x0000000799b80000,0x0000000799b80000,0x000000079a080000)
 ParOldGen       total 47616K, used 7226K [0x0000000740000000, 0x0000000742e80000, 0x0000000795580000)
  object space 47616K, 15% used [0x0000000740000000,0x000000074070e988,0x0000000742e80000)
 Metaspace       used 20834K, capacity 21219K, committed 21248K, reserved 1069056K
  class space    used 2175K, capacity 2294K, committed 2304K, reserved 1048576K
}
Event: 4.586 GC heap before
{Heap before GC invocations=5 (full 1):
 PSYoungGen      total 38400K, used 33137K [0x0000000795580000, 0x000000079a080000, 0x00000007c0000000)
  eden space 33280K, 99% used [0x0000000795580000,0x00000007975dc420,0x0000000797600000)
  from space 5120K, 0% used [0x0000000797600000,0x0000000797600000,0x0000000797b00000)
  to   space 5120K, 0% used [0x0000000799b80000,0x0000000799b80000,0x000000079a080000)
 ParOldGen       total 47616K, used 7226K [0x0000000740000000, 0x0000000742e80000, 0x0000000795580000)
  object space 47616K, 15% used [0x0000000740000000,0x000000074070e988,0x0000000742e80000)
 Metaspace       used 23551K, capacity 23957K, committed 24192K, reserved 1071104K
  class space    used 2437K, capacity 2585K, committed 2688K, reserved 1048576K
Event: 4.594 GC heap after
Heap after GC invocations=5 (full 1):
 PSYoungGen      total 68608K, used 5089K [0x0000000795580000, 0x000000079a080000, 0x00000007c0000000)
  eden space 63488K, 0% used [0x0000000795580000,0x0000000795580000,0x0000000799380000)
  from space 5120K, 99% used [0x0000000799b80000,0x000000079a0785c0,0x000000079a080000)
  to   space 5120K, 0% used [0x0000000799680000,0x0000000799680000,0x0000000799b80000)
 ParOldGen       total 47616K, used 14847K [0x0000000740000000, 0x0000000742e80000, 0x0000000795580000)
  object space 47616K, 31% used [0x0000000740000000,0x0000000740e7ff18,0x0000000742e80000)
 Metaspace       used 23551K, capacity 23957K, committed 24192K, reserved 1071104K
  class space    used 2437K, capacity 2585K, committed 2688K, reserved 1048576K
}
Event: 9.309 GC heap before
{Heap before GC invocations=6 (full 1):
 PSYoungGen      total 68608K, used 68577K [0x0000000795580000, 0x000000079a080000, 0x00000007c0000000)
  eden space 63488K, 100% used [0x0000000795580000,0x0000000799380000,0x0000000799380000)
  from space 5120K, 99% used [0x0000000799b80000,0x000000079a0785c0,0x000000079a080000)
  to   space 5120K, 0% used [0x0000000799680000,0x0000000799680000,0x0000000799b80000)
 ParOldGen       total 47616K, used 14847K [0x0000000740000000, 0x0000000742e80000, 0x0000000795580000)
  object space 47616K, 31% used [0x0000000740000000,0x0000000740e7ff18,0x0000000742e80000)
 Metaspace       used 24660K, capacity 25061K, committed 25216K, reserved 1071104K
  class space    used 2472K, capacity 2587K, committed 2688K, reserved 1048576K
Event: 9.318 GC heap after
Heap after GC invocations=6 (full 1):
 PSYoungGen      total 71680K, used 5104K [0x0000000795580000, 0x000000079e280000, 0x00000007c0000000)
  eden space 66560K, 0% used [0x0000000795580000,0x0000000795580000,0x0000000799680000)
  from space 5120K, 99% used [0x0000000799680000,0x0000000799b7c3e0,0x0000000799b80000)
  to   space 12800K, 0% used [0x000000079d600000,0x000000079d600000,0x000000079e280000)
 ParOldGen       total 47616K, used 17770K [0x0000000740000000, 0x0000000742e80000, 0x0000000795580000)
  object space 47616K, 37% used [0x0000000740000000,0x000000074115a9f0,0x0000000742e80000)
 Metaspace       used 24660K, capacity 25061K, committed 25216K, reserved 1071104K
  class space    used 2472K, capacity 2587K, committed 2688K, reserved 1048576K
}

