# JRE version: Java(TM) SE Runtime Environment (8.0_131-b11) (build 1.8.0_131-b11)
# Java VM: Java HotSpot(TM) 64-Bit Server VM (25.131-b11 mixed mode bsd-amd64 compressed oops)
Heap:
 PSYoungGen      total 552448K, used 218601K [0x0000000795580000, 0x00000007b8f00000, 0x00000007c0000000)
  eden space 527360K, 39% used [0x0000000795580000,0x00000007a211e380,0x00000007b5880000)
  from space 25088K, 40% used [0x00000007b6f80000,0x00000007b795c2a0,0x00000007b8800000)
  to   space 23552K, 0% used [0x00000007b5880000,0x00000007b5880000,0x00000007b6f80000)
 ParOldGen       total 97280K, used 55534K [0x0000000740000000, 0x0000000745f00000, 0x0000000795580000)
  object space 97280K, 57% used [0x0000000740000000,0x000000074363b8b0,0x0000000745f00000)
 Metaspace       used 25368K, capacity 25745K, committed 25984K, reserved 1073152K
  class space    used 2492K, capacity 2619K, committed 2688K, reserved 1048576K
GC Heap History (10 events):
Event: 51.330 GC heap before
{Heap before GC invocations=10 (full 1):
 PSYoungGen      total 252416K, used 243392K [0x0000000795580000, 0x00000007a5b80000, 0x00000007c0000000)
  eden space 241664K, 100% used [0x0000000795580000,0x00000007a4180000,0x00000007a4180000)
  from space 10752K, 16% used [0x00000007a5100000,0x00000007a52b0060,0x00000007a5b80000)
  to   space 13312K, 0% used [0x00000007a4180000,0x00000007a4180000,0x00000007a4e80000)
 ParOldGen       total 46080K, used 22504K [0x0000000740000000, 0x0000000742d00000, 0x0000000795580000)
  object space 46080K, 48% used [0x0000000740000000,0x00000007415fa180,0x0000000742d00000)
 Metaspace       used 25006K, capacity 25393K, committed 25728K, reserved 1073152K
  class space    used 2477K, capacity 2587K, committed 2688K, reserved 1048576K
Event: 51.339 GC heap after
Heap after GC invocations=10 (full 1):
 PSYoungGen      total 254976K, used 9664K [0x0000000795580000, 0x00000007ad580000, 0x00000007c0000000)
  eden space 241664K, 0% used [0x0000000795580000,0x0000000795580000,0x00000007a4180000)
  from space 13312K, 72% used [0x00000007a4180000,0x00000007a4af0240,0x00000007a4e80000)
  to   space 13824K, 0% used [0x00000007ac800000,0x00000007ac800000,0x00000007ad580000)
 ParOldGen       total 46080K, used 23956K [0x0000000740000000, 0x0000000742d00000, 0x0000000795580000)
  object space 46080K, 51% used [0x0000000740000000,0x0000000741765300,0x0000000742d00000)
 Metaspace       used 25006K, capacity 25393K, committed 25728K, reserved 1073152K
  class space    used 2477K, capacity 2587K, committed 2688K, reserved 1048576K
}
Event: 67.950 GC heap before
{Heap before GC invocations=11 (full 1):
 PSYoungGen      total 254976K, used 251328K [0x0000000795580000, 0x00000007ad580000, 0x00000007c0000000)
  eden space 241664K, 100% used [0x0000000795580000,0x00000007a4180000,0x00000007a4180000)
  from space 13312K, 72% used [0x00000007a4180000,0x00000007a4af0240,0x00000007a4e80000)
  to   space 13824K, 0% used [0x00000007ac800000,0x00000007ac800000,0x00000007ad580000)
 ParOldGen       total 46080K, used 23956K [0x0000000740000000, 0x0000000742d00000, 0x0000000795580000)
  object space 46080K, 51% used [0x0000000740000000,0x0000000741765300,0x0000000742d00000)
 Metaspace       used 25064K, capacity 25457K, committed 25728K, reserved 1073152K
  class space    used 2477K, capacity 2587K, committed 2688K, reserved 1048576K
Event: 67.963 GC heap after
Heap after GC invocations=11 (full 1):
 PSYoungGen      total 373760K, used 13808K [0x0000000795580000, 0x00000007ad700000, 0x00000007c0000000)
  eden space 359936K, 0% used [0x0000000795580000,0x0000000795580000,0x00000007ab500000)
  from space 13824K, 99% used [0x00000007ac800000,0x00000007ad57c3a0,0x00000007ad580000)
  to   space 17408K, 0% used [0x00000007ab500000,0x00000007ab500000,0x00000007ac600000)
 ParOldGen       total 46080K, used 28253K [0x0000000740000000, 0x0000000742d00000, 0x0000000795580000)
  object space 46080K, 61% used [0x0000000740000000,0x0000000741b97400,0x0000000742d00000)
 Metaspace       used 25064K, capacity 25457K, committed 25728K, reserved 1073152K
  class space    used 2477K, capacity 2587K, committed 2688K, reserved 1048576K
}
Event: 87.380 GC heap before
{Heap before GC invocations=12 (full 1):
 PSYoungGen      total 373760K, used 373744K [0x0000000795580000, 0x00000007ad700000, 0x00000007c0000000)
  eden space 359936K, 100% used [0x0000000795580000,0x00000007ab500000,0x00000007ab500000)
  from space 13824K, 99% used [0x00000007ac800000,0x00000007ad57c3a0,0x00000007ad580000)
  to   space 17408K, 0% used [0x00000007ab500000,0x00000007ab500000,0x00000007ac600000)
 ParOldGen       total 46080K, used 28253K [0x0000000740000000, 0x0000000742d00000, 0x0000000795580000)
  object space 46080K, 61% used [0x0000000740000000,0x0000000741b97400,0x0000000742d00000)
 Metaspace       used 25308K, capacity 25713K, committed 25984K, reserved 1073152K
  class space    used 2484K, capacity 2587K, committed 2688K, reserved 1048576K
Event: 87.397 GC heap after
Heap after GC invocations=12 (full 1):
 PSYoungGen      total 377344K, used 17377K [0x0000000795580000, 0x00000007b8800000, 0x00000007c0000000)
  eden space 359936K, 0% used [0x0000000795580000,0x0000000795580000,0x00000007ab500000)
  from space 17408K, 99% used [0x00000007ab500000,0x00000007ac5f8430,0x00000007ac600000)
  to   space 25088K, 0% used [0x00000007b6f80000,0x00000007b6f80000,0x00000007b8800000)
 ParOldGen       total 46080K, used 42193K [0x0000000740000000, 0x0000000742d00000, 0x0000000795580000)
  object space 46080K, 91% used [0x0000000740000000,0x0000000742934790,0x0000000742d00000)
 Metaspace       used 25308K, capacity 25713K, committed 25984K, reserved 1073152K
  class space    used 2484K, capacity 2587K, committed 2688K, reserved 1048576K
}
Event: 87.397 GC heap before
{Heap before GC invocations=13 (full 2):
 PSYoungGen      total 377344K, used 17377K [0x0000000795580000, 0x00000007b8800000, 0x00000007c0000000)
  eden space 359936K, 0% used [0x0000000795580000,0x0000000795580000,0x00000007ab500000)
  from space 17408K, 99% used [0x00000007ab500000,0x00000007ac5f8430,0x00000007ac600000)
  to   space 25088K, 0% used [0x00000007b6f80000,0x00000007b6f80000,0x00000007b8800000)
 ParOldGen       total 46080K, used 42193K [0x0000000740000000, 0x0000000742d00000, 0x0000000795580000)
  object space 46080K, 91% used [0x0000000740000000,0x0000000742934790,0x0000000742d00000)
 Metaspace       used 25308K, capacity 25713K, committed 25984K, reserved 1073152K
  class space    used 2484K, capacity 2587K, committed 2688K, reserved 1048576K
Event: 87.481 GC heap after
Heap after GC invocations=13 (full 2):
 PSYoungGen      total 377344K, used 9504K [0x0000000795580000, 0x00000007b8800000, 0x00000007c0000000)
  eden space 359936K, 0% used [0x0000000795580000,0x0000000795580000,0x00000007ab500000)
  from space 17408K, 54% used [0x00000007ab500000,0x00000007abe48080,0x00000007ac600000)
  to   space 25088K, 0% used [0x00000007b6f80000,0x00000007b6f80000,0x00000007b8800000)
 ParOldGen       total 97280K, used 46053K [0x0000000740000000, 0x0000000745f00000, 0x0000000795580000)
  object space 97280K, 47% used [0x0000000740000000,0x0000000742cf9660,0x0000000745f00000)
 Metaspace       used 25308K, capacity 25713K, committed 25984K, reserved 1073152K
  class space    used 2484K, capacity 2587K, committed 2688K, reserved 1048576K
}
Event: 109.396 GC heap before
{Heap before GC invocations=14 (full 2):
 PSYoungGen      total 377344K, used 369440K [0x0000000795580000, 0x00000007b8800000, 0x00000007c0000000)
  eden space 359936K, 100% used [0x0000000795580000,0x00000007ab500000,0x00000007ab500000)
  from space 17408K, 54% used [0x00000007ab500000,0x00000007abe48080,0x00000007ac600000)
  to   space 25088K, 0% used [0x00000007b6f80000,0x00000007b6f80000,0x00000007b8800000)
 ParOldGen       total 97280K, used 46053K [0x0000000740000000, 0x0000000745f00000, 0x0000000795580000)
  object space 97280K, 47% used [0x0000000740000000,0x0000000742cf9660,0x0000000745f00000)
 Metaspace       used 25332K, capacity 25713K, committed 25984K, reserved 1073152K
  class space    used 2484K, capacity 2587K, committed 2688K, reserved 1048576K
Event: 109.413 GC heap after
Heap after GC invocations=14 (full 2):
 PSYoungGen      total 552448K, used 10096K [0x0000000795580000, 0x00000007b8f00000, 0x00000007c0000000)
  eden space 527360K, 0% used [0x0000000795580000,0x0000000795580000,0x00000007b5880000)
  from space 25088K, 40% used [0x00000007b6f80000,0x00000007b795c2a0,0x00000007b8800000)
  to   space 23552K, 0% used [0x00000007b5880000,0x00000007b5880000,0x00000007b6f80000)
 ParOldGen       total 97280K, used 55534K [0x0000000740000000, 0x0000000745f00000, 0x0000000795580000)
  object space 97280K, 57% used [0x0000000740000000,0x000000074363b8b0,0x0000000745f00000)
 Metaspace       used 25332K, capacity 25713K, committed 25984K, reserved 1073152K
  class space    used 2484K, capacity 2587K, committed 2688K, reserved 1048576K
}

