# JRE version: Java(TM) SE Runtime Environment (8.0_131-b11) (build 1.8.0_131-b11)
# Java VM: Java HotSpot(TM) 64-Bit Server VM (25.131-b11 mixed mode bsd-amd64 compressed oops)
Heap:
 PSYoungGen      total 110592K, used 62060K [0x0000000795580000, 0x00000007a0780000, 0x00000007c0000000)
  eden space 97792K, 51% used [0x0000000795580000,0x00000007986427c8,0x000000079b500000)
  from space 12800K, 94% used [0x000000079b500000,0x000000079c0d8930,0x000000079c180000)
  to   space 14336K, 0% used [0x000000079f980000,0x000000079f980000,0x00000007a0780000)
 ParOldGen       total 52736K, used 17759K [0x0000000740000000, 0x0000000743380000, 0x0000000795580000)
  object space 52736K, 33% used [0x0000000740000000,0x0000000741157c38,0x0000000743380000)
 Metaspace       used 24971K, capacity 25329K, committed 25648K, reserved 1073152K
  class space    used 2474K, capacity 2587K, committed 2608K, reserved 1048576K
GC Heap History (10 events):
Event: 4.106 GC heap before
{Heap before GC invocations=4 (full 1):
 PSYoungGen      total 38400K, used 5103K [0x0000000795580000, 0x000000079a080000, 0x00000007c0000000)
  eden space 33280K, 0% used [0x0000000795580000,0x0000000795580000,0x0000000797600000)
  from space 5120K, 99% used [0x0000000797600000,0x0000000797afbc28,0x0000000797b00000)
  to   space 5120K, 0% used [0x0000000799b80000,0x0000000799b80000,0x000000079a080000)
 ParOldGen       total 87552K, used 3415K [0x0000000740000000, 0x0000000745580000, 0x0000000795580000)
  object space 87552K, 3% used [0x0000000740000000,0x0000000740355cd0,0x0000000745580000)
 Metaspace       used 20835K, capacity 21263K, committed 21296K, reserved 1069056K
  class space    used 2169K, capacity 2326K, committed 2352K, reserved 1048576K
Event: 4.148 GC heap after
Heap after GC invocations=4 (full 1):
 PSYoungGen      total 38400K, used 0K [0x0000000795580000, 0x000000079a080000, 0x00000007c0000000)
  eden space 33280K, 0% used [0x0000000795580000,0x0000000795580000,0x0000000797600000)
  from space 5120K, 0% used [0x0000000797600000,0x0000000797600000,0x0000000797b00000)
  to   space 5120K, 0% used [0x0000000799b80000,0x0000000799b80000,0x000000079a080000)
 ParOldGen       total 52736K, used 7216K [0x0000000740000000, 0x0000000743380000, 0x0000000795580000)
  object space 52736K, 13% used [0x0000000740000000,0x000000074070c230,0x0000000743380000)
 Metaspace       used 20835K, capacity 21263K, committed 21296K, reserved 1069056K
  class space    used 2169K, capacity 2326K, committed 2352K, reserved 1048576K
}
Event: 5.091 GC heap before
{Heap before GC invocations=5 (full 1):
 PSYoungGen      total 38400K, used 33280K [0x0000000795580000, 0x000000079a080000, 0x00000007c0000000)
  eden space 33280K, 100% used [0x0000000795580000,0x0000000797600000,0x0000000797600000)
  from space 5120K, 0% used [0x0000000797600000,0x0000000797600000,0x0000000797b00000)
  to   space 5120K, 0% used [0x0000000799b80000,0x0000000799b80000,0x000000079a080000)
 ParOldGen       total 52736K, used 7216K [0x0000000740000000, 0x0000000743380000, 0x0000000795580000)
  object space 52736K, 13% used [0x0000000740000000,0x000000074070c230,0x0000000743380000)
 Metaspace       used 23581K, capacity 24001K, committed 24112K, reserved 1071104K
  class space    used 2431K, capacity 2553K, committed 2608K, reserved 1048576K
Event: 5.113 GC heap after
Heap after GC invocations=5 (full 1):
 PSYoungGen      total 62976K, used 5090K [0x0000000795580000, 0x000000079a080000, 0x00000007c0000000)
  eden space 57856K, 0% used [0x0000000795580000,0x0000000795580000,0x0000000798e00000)
  from space 5120K, 99% used [0x0000000799b80000,0x000000079a0789a0,0x000000079a080000)
  to   space 5120K, 0% used [0x0000000799680000,0x0000000799680000,0x0000000799b80000)
 ParOldGen       total 52736K, used 13946K [0x0000000740000000, 0x0000000743380000, 0x0000000795580000)
  object space 52736K, 26% used [0x0000000740000000,0x0000000740d9ea98,0x0000000743380000)
 Metaspace       used 23581K, capacity 24001K, committed 24112K, reserved 1071104K
  class space    used 2431K, capacity 2553K, committed 2608K, reserved 1048576K
}
Event: 8.162 GC heap before
{Heap before GC invocations=6 (full 1):
 PSYoungGen      total 62976K, used 62946K [0x0000000795580000, 0x000000079a080000, 0x00000007c0000000)
  eden space 57856K, 100% used [0x0000000795580000,0x0000000798e00000,0x0000000798e00000)
  from space 5120K, 99% used [0x0000000799b80000,0x000000079a0789a0,0x000000079a080000)
  to   space 5120K, 0% used [0x0000000799680000,0x0000000799680000,0x0000000799b80000)
 ParOldGen       total 52736K, used 13946K [0x0000000740000000, 0x0000000743380000, 0x0000000795580000)
  object space 52736K, 26% used [0x0000000740000000,0x0000000740d9ea98,0x0000000743380000)
 Metaspace       used 24435K, capacity 24881K, committed 25136K, reserved 1071104K
  class space    used 2465K, capacity 2587K, committed 2608K, reserved 1048576K
Event: 8.178 GC heap after
Heap after GC invocations=6 (full 1):
 PSYoungGen      total 71680K, used 5089K [0x0000000795580000, 0x000000079ce00000, 0x00000007c0000000)
  eden space 66560K, 0% used [0x0000000795580000,0x0000000795580000,0x0000000799680000)
  from space 5120K, 99% used [0x0000000799680000,0x0000000799b78760,0x0000000799b80000)
  to   space 12800K, 0% used [0x000000079c180000,0x000000079c180000,0x000000079ce00000)
 ParOldGen       total 52736K, used 17743K [0x0000000740000000, 0x0000000743380000, 0x0000000795580000)
  object space 52736K, 33% used [0x0000000740000000,0x0000000741153c38,0x0000000743380000)
 Metaspace       used 24435K, capacity 24881K, committed 25136K, reserved 1071104K
  class space    used 2465K, capacity 2587K, committed 2608K, reserved 1048576K
}
Event: 14.463 GC heap before
{Heap before GC invocations=7 (full 1):
 PSYoungGen      total 71680K, used 71649K [0x0000000795580000, 0x000000079ce00000, 0x00000007c0000000)
  eden space 66560K, 100% used [0x0000000795580000,0x0000000799680000,0x0000000799680000)
  from space 5120K, 99% used [0x0000000799680000,0x0000000799b78760,0x0000000799b80000)
  to   space 12800K, 0% used [0x000000079c180000,0x000000079c180000,0x000000079ce00000)
 ParOldGen       total 52736K, used 17743K [0x0000000740000000, 0x0000000743380000, 0x0000000795580000)
  object space 52736K, 33% used [0x0000000740000000,0x0000000741153c38,0x0000000743380000)
 Metaspace       used 24880K, capacity 25329K, committed 25648K, reserved 1073152K
  class space    used 2466K, capacity 2587K, committed 2608K, reserved 1048576K
Event: 14.472 GC heap after
Heap after GC invocations=7 (full 1):
 PSYoungGen      total 110592K, used 5346K [0x0000000795580000, 0x000000079d880000, 0x00000007c0000000)
  eden space 97792K, 0% used [0x0000000795580000,0x0000000795580000,0x000000079b500000)
  from space 12800K, 41% used [0x000000079c180000,0x000000079c6b89a0,0x000000079ce00000)
  to   space 12800K, 0% used [0x000000079b500000,0x000000079b500000,0x000000079c180000)
 ParOldGen       total 52736K, used 17751K [0x0000000740000000, 0x0000000743380000, 0x0000000795580000)
  object space 52736K, 33% used [0x0000000740000000,0x0000000741155c38,0x0000000743380000)
 Metaspace       used 24880K, capacity 25329K, committed 25648K, reserved 1073152K
  class space    used 2466K, capacity 2587K, committed 2608K, reserved 1048576K
}
Event: 19.612 GC heap before
{Heap before GC invocations=8 (full 1):
 PSYoungGen      total 110592K, used 103138K [0x0000000795580000, 0x000000079d880000, 0x00000007c0000000)
  eden space 97792K, 100% used [0x0000000795580000,0x000000079b500000,0x000000079b500000)
  from space 12800K, 41% used [0x000000079c180000,0x000000079c6b89a0,0x000000079ce00000)
  to   space 12800K, 0% used [0x000000079b500000,0x000000079b500000,0x000000079c180000)
 ParOldGen       total 52736K, used 17751K [0x0000000740000000, 0x0000000743380000, 0x0000000795580000)
  object space 52736K, 33% used [0x0000000740000000,0x0000000741155c38,0x0000000743380000)
 Metaspace       used 24928K, capacity 25329K, committed 25648K, reserved 1073152K
  class space    used 2466K, capacity 2587K, committed 2608K, reserved 1048576K
Event: 19.624 GC heap after
Heap after GC invocations=8 (full 1):
 PSYoungGen      total 110592K, used 12130K [0x0000000795580000, 0x00000007a0780000, 0x00000007c0000000)
  eden space 97792K, 0% used [0x0000000795580000,0x0000000795580000,0x000000079b500000)
  from space 12800K, 94% used [0x000000079b500000,0x000000079c0d8930,0x000000079c180000)
  to   space 14336K, 0% used [0x000000079f980000,0x000000079f980000,0x00000007a0780000)
 ParOldGen       total 52736K, used 17759K [0x0000000740000000, 0x0000000743380000, 0x0000000795580000)
  object space 52736K, 33% used [0x0000000740000000,0x0000000741157c38,0x0000000743380000)
 Metaspace       used 24928K, capacity 25329K, committed 25648K, reserved 1073152K
  class space    used 2466K, capacity 2587K, committed 2608K, reserved 1048576K
}

