# JRE version: Java(TM) SE Runtime Environment (8.0_131-b11) (build 1.8.0_131-b11)
# Java VM: Java HotSpot(TM) 64-Bit Server VM (25.131-b11 mixed mode bsd-amd64 compressed oops)
Heap:
 PSYoungGen      total 226304K, used 183492K [0x0000000795580000, 0x00000007a4780000, 0x00000007c0000000)
  eden space 212992K, 80% used [0x0000000795580000,0x000000079fc20dd8,0x00000007a2580000)
  from space 13312K, 96% used [0x00000007a3a80000,0x00000007a4710340,0x00000007a4780000)
  to   space 17408K, 0% used [0x00000007a2580000,0x00000007a2580000,0x00000007a3680000)
 ParOldGen       total 47104K, used 20313K [0x0000000740000000, 0x0000000742e00000, 0x0000000795580000)
  object space 47104K, 43% used [0x0000000740000000,0x00000007413d6618,0x0000000742e00000)
 Metaspace       used 25109K, capacity 25509K, committed 25648K, reserved 1073152K
  class space    used 2475K, capacity 2587K, committed 2608K, reserved 1048576K
GC Heap History (10 events):
Event: 4.694 GC heap before
{Heap before GC invocations=5 (full 1):
 PSYoungGen      total 38400K, used 33088K [0x0000000795580000, 0x000000079a080000, 0x00000007c0000000)
  eden space 33280K, 99% used [0x0000000795580000,0x00000007975d0200,0x0000000797600000)
  from space 5120K, 0% used [0x0000000797600000,0x0000000797600000,0x0000000797b00000)
  to   space 5120K, 0% used [0x0000000799b80000,0x0000000799b80000,0x000000079a080000)
 ParOldGen       total 47104K, used 7464K [0x0000000740000000, 0x0000000742e00000, 0x0000000795580000)
  object space 47104K, 15% used [0x0000000740000000,0x000000074074a110,0x0000000742e00000)
 Metaspace       used 23558K, capacity 23925K, committed 24112K, reserved 1071104K
  class space    used 2431K, capacity 2553K, committed 2608K, reserved 1048576K
Event: 4.703 GC heap after
Heap after GC invocations=5 (full 1):
 PSYoungGen      total 69120K, used 5104K [0x0000000795580000, 0x000000079a080000, 0x00000007c0000000)
  eden space 64000K, 0% used [0x0000000795580000,0x0000000795580000,0x0000000799400000)
  from space 5120K, 99% used [0x0000000799b80000,0x000000079a07c3d0,0x000000079a080000)
  to   space 5120K, 0% used [0x0000000799680000,0x0000000799680000,0x0000000799b80000)
 ParOldGen       total 47104K, used 15791K [0x0000000740000000, 0x0000000742e00000, 0x0000000795580000)
  object space 47104K, 33% used [0x0000000740000000,0x0000000740f6bf08,0x0000000742e00000)
 Metaspace       used 23558K, capacity 23925K, committed 24112K, reserved 1071104K
  class space    used 2431K, capacity 2553K, committed 2608K, reserved 1048576K
}
Event: 8.322 GC heap before
{Heap before GC invocations=6 (full 1):
 PSYoungGen      total 69120K, used 69104K [0x0000000795580000, 0x000000079a080000, 0x00000007c0000000)
  eden space 64000K, 100% used [0x0000000795580000,0x0000000799400000,0x0000000799400000)
  from space 5120K, 99% used [0x0000000799b80000,0x000000079a07c3d0,0x000000079a080000)
  to   space 5120K, 0% used [0x0000000799680000,0x0000000799680000,0x0000000799b80000)
 ParOldGen       total 47104K, used 15794K [0x0000000740000000, 0x0000000742e00000, 0x0000000795580000)
  object space 47104K, 33% used [0x0000000740000000,0x0000000740f6c9c0,0x0000000742e00000)
 Metaspace       used 24493K, capacity 24869K, committed 25136K, reserved 1071104K
  class space    used 2466K, capacity 2587K, committed 2608K, reserved 1048576K
Event: 8.331 GC heap after
Heap after GC invocations=6 (full 1):
 PSYoungGen      total 71680K, used 5104K [0x0000000795580000, 0x000000079e600000, 0x00000007c0000000)
  eden space 66560K, 0% used [0x0000000795580000,0x0000000795580000,0x0000000799680000)
  from space 5120K, 99% used [0x0000000799680000,0x0000000799b7c1b0,0x0000000799b80000)
  to   space 13312K, 0% used [0x000000079d900000,0x000000079d900000,0x000000079e600000)
 ParOldGen       total 47104K, used 18009K [0x0000000740000000, 0x0000000742e00000, 0x0000000795580000)
  object space 47104K, 38% used [0x0000000740000000,0x0000000741196528,0x0000000742e00000)
 Metaspace       used 24493K, capacity 24869K, committed 25136K, reserved 1071104K
  class space    used 2466K, capacity 2587K, committed 2608K, reserved 1048576K
}
Event: 9.658 GC heap before
{Heap before GC invocations=7 (full 1):
 PSYoungGen      total 71680K, used 71664K [0x0000000795580000, 0x000000079e600000, 0x00000007c0000000)
  eden space 66560K, 100% used [0x0000000795580000,0x0000000799680000,0x0000000799680000)
  from space 5120K, 99% used [0x0000000799680000,0x0000000799b7c1b0,0x0000000799b80000)
  to   space 13312K, 0% used [0x000000079d900000,0x000000079d900000,0x000000079e600000)
 ParOldGen       total 47104K, used 18009K [0x0000000740000000, 0x0000000742e00000, 0x0000000795580000)
  object space 47104K, 38% used [0x0000000740000000,0x0000000741196528,0x0000000742e00000)
 Metaspace       used 24744K, capacity 25125K, committed 25392K, reserved 1073152K
  class space    used 2466K, capacity 2587K, committed 2608K, reserved 1048576K
Event: 9.671 GC heap after
Heap after GC invocations=7 (full 1):
 PSYoungGen      total 132608K, used 13024K [0x0000000795580000, 0x000000079ed00000, 0x00000007c0000000)
  eden space 119296K, 0% used [0x0000000795580000,0x0000000795580000,0x000000079ca00000)
  from space 13312K, 97% used [0x000000079d900000,0x000000079e5b83a0,0x000000079e600000)
  to   space 15360K, 0% used [0x000000079ca00000,0x000000079ca00000,0x000000079d900000)
 ParOldGen       total 47104K, used 18017K [0x0000000740000000, 0x0000000742e00000, 0x0000000795580000)
  object space 47104K, 38% used [0x0000000740000000,0x0000000741198528,0x0000000742e00000)
 Metaspace       used 24744K, capacity 25125K, committed 25392K, reserved 1073152K
  class space    used 2466K, capacity 2587K, committed 2608K, reserved 1048576K
}
Event: 19.656 GC heap before
{Heap before GC invocations=8 (full 1):
 PSYoungGen      total 132608K, used 132320K [0x0000000795580000, 0x000000079ed00000, 0x00000007c0000000)
  eden space 119296K, 100% used [0x0000000795580000,0x000000079ca00000,0x000000079ca00000)
  from space 13312K, 97% used [0x000000079d900000,0x000000079e5b83a0,0x000000079e600000)
  to   space 15360K, 0% used [0x000000079ca00000,0x000000079ca00000,0x000000079d900000)
 ParOldGen       total 47104K, used 18017K [0x0000000740000000, 0x0000000742e00000, 0x0000000795580000)
  object space 47104K, 38% used [0x0000000740000000,0x0000000741198528,0x0000000742e00000)
 Metaspace       used 25005K, capacity 25381K, committed 25648K, reserved 1073152K
  class space    used 2467K, capacity 2587K, committed 2608K, reserved 1048576K
Event: 19.669 GC heap after
Heap after GC invocations=8 (full 1):
 PSYoungGen      total 134656K, used 12736K [0x0000000795580000, 0x00000007a4a80000, 0x00000007c0000000)
  eden space 119296K, 0% used [0x0000000795580000,0x0000000795580000,0x000000079ca00000)
  from space 15360K, 82% used [0x000000079ca00000,0x000000079d670340,0x000000079d900000)
  to   space 16384K, 0% used [0x00000007a3a80000,0x00000007a3a80000,0x00000007a4a80000)
 ParOldGen       total 47104K, used 18025K [0x0000000740000000, 0x0000000742e00000, 0x0000000795580000)
  object space 47104K, 38% used [0x0000000740000000,0x000000074119a528,0x0000000742e00000)
 Metaspace       used 25005K, capacity 25381K, committed 25648K, reserved 1073152K
  class space    used 2467K, capacity 2587K, committed 2608K, reserved 1048576K
}
Event: 34.595 GC heap before
{Heap before GC invocations=9 (full 1):
 PSYoungGen      total 134656K, used 131967K [0x0000000795580000, 0x00000007a4a80000, 0x00000007c0000000)
  eden space 119296K, 99% used [0x0000000795580000,0x000000079c9ef9f8,0x000000079ca00000)
  from space 15360K, 82% used [0x000000079ca00000,0x000000079d670340,0x000000079d900000)
  to   space 16384K, 0% used [0x00000007a3a80000,0x00000007a3a80000,0x00000007a4a80000)
 ParOldGen       total 47104K, used 18025K [0x0000000740000000, 0x0000000742e00000, 0x0000000795580000)
  object space 47104K, 38% used [0x0000000740000000,0x000000074119a528,0x0000000742e00000)
 Metaspace       used 25034K, capacity 25445K, committed 25648K, reserved 1073152K
  class space    used 2467K, capacity 2587K, committed 2608K, reserved 1048576K
Event: 34.611 GC heap after
Heap after GC invocations=9 (full 1):
 PSYoungGen      total 226304K, used 12864K [0x0000000795580000, 0x00000007a4780000, 0x00000007c0000000)
  eden space 212992K, 0% used [0x0000000795580000,0x0000000795580000,0x00000007a2580000)
  from space 13312K, 96% used [0x00000007a3a80000,0x00000007a4710340,0x00000007a4780000)
  to   space 17408K, 0% used [0x00000007a2580000,0x00000007a2580000,0x00000007a3680000)
 ParOldGen       total 47104K, used 20313K [0x0000000740000000, 0x0000000742e00000, 0x0000000795580000)
  object space 47104K, 43% used [0x0000000740000000,0x00000007413d6618,0x0000000742e00000)
 Metaspace       used 25034K, capacity 25445K, committed 25648K, reserved 1073152K
  class space    used 2467K, capacity 2587K, committed 2608K, reserved 1048576K
}

