# JRE version: Java(TM) SE Runtime Environment (8.0_131-b11) (build 1.8.0_131-b11)
# Java VM: Java HotSpot(TM) 64-Bit Server VM (25.131-b11 mixed mode bsd-amd64 compressed oops)
Heap:
 PSYoungGen      total 55808K, used 29424K [0x0000000795580000, 0x0000000799180000, 0x00000007c0000000)
  eden space 50688K, 48% used [0x0000000795580000,0x0000000796d43cc0,0x0000000798700000)
  from space 5120K, 99% used [0x0000000798c00000,0x00000007990f85d0,0x0000000799100000)
  to   space 5120K, 0% used [0x0000000798700000,0x0000000798700000,0x0000000798c00000)
 ParOldGen       total 46080K, used 17127K [0x0000000740000000, 0x0000000742d00000, 0x0000000795580000)
  object space 46080K, 37% used [0x0000000740000000,0x00000007410b9c88,0x0000000742d00000)
 Metaspace       used 24695K, capacity 25069K, committed 25472K, reserved 1073152K
  class space    used 2467K, capacity 2587K, committed 2688K, reserved 1048576K
GC Heap History (10 events):
Event: 7.821 GC heap before
{Heap before GC invocations=1 (full 0):
 PSYoungGen      total 38400K, used 33280K [0x0000000795580000, 0x0000000798000000, 0x00000007c0000000)
  eden space 33280K, 100% used [0x0000000795580000,0x0000000797600000,0x0000000797600000)
  from space 5120K, 0% used [0x0000000797b00000,0x0000000797b00000,0x0000000798000000)
  to   space 5120K, 0% used [0x0000000797600000,0x0000000797600000,0x0000000797b00000)
 ParOldGen       total 87552K, used 0K [0x0000000740000000, 0x0000000745580000, 0x0000000795580000)
  object space 87552K, 0% used [0x0000000740000000,0x0000000740000000,0x0000000745580000)
 Metaspace       used 16134K, capacity 16459K, committed 16640K, reserved 1064960K
  class space    used 1651K, capacity 1760K, committed 1792K, reserved 1048576K
Event: 7.835 GC heap after
Heap after GC invocations=1 (full 0):
 PSYoungGen      total 38400K, used 5057K [0x0000000795580000, 0x0000000798000000, 0x00000007c0000000)
  eden space 33280K, 0% used [0x0000000795580000,0x0000000795580000,0x0000000797600000)
  from space 5120K, 98% used [0x0000000797600000,0x0000000797af0560,0x0000000797b00000)
  to   space 5120K, 0% used [0x0000000797b00000,0x0000000797b00000,0x0000000798000000)
 ParOldGen       total 87552K, used 16K [0x0000000740000000, 0x0000000745580000, 0x0000000795580000)
  object space 87552K, 0% used [0x0000000740000000,0x0000000740004000,0x0000000745580000)
 Metaspace       used 16134K, capacity 16459K, committed 16640K, reserved 1064960K
  class space    used 1651K, capacity 1760K, committed 1792K, reserved 1048576K
}
Event: 10.386 GC heap before
{Heap before GC invocations=2 (full 0):
 PSYoungGen      total 38400K, used 37660K [0x0000000795580000, 0x0000000798000000, 0x00000007c0000000)
  eden space 33280K, 97% used [0x0000000795580000,0x0000000797556c38,0x0000000797600000)
  from space 5120K, 98% used [0x0000000797600000,0x0000000797af0560,0x0000000797b00000)
  to   space 5120K, 0% used [0x0000000797b00000,0x0000000797b00000,0x0000000798000000)
 ParOldGen       total 87552K, used 16K [0x0000000740000000, 0x0000000745580000, 0x0000000795580000)
  object space 87552K, 0% used [0x0000000740000000,0x0000000740004000,0x0000000745580000)
 Metaspace       used 20828K, capacity 21233K, committed 21248K, reserved 1069056K
  class space    used 2161K, capacity 2295K, committed 2304K, reserved 1048576K
Event: 10.403 GC heap after
Heap after GC invocations=2 (full 0):
 PSYoungGen      total 38400K, used 5115K [0x0000000795580000, 0x0000000798000000, 0x00000007c0000000)
  eden space 33280K, 0% used [0x0000000795580000,0x0000000795580000,0x0000000797600000)
  from space 5120K, 99% used [0x0000000797b00000,0x0000000797ffeec0,0x0000000798000000)
  to   space 5120K, 0% used [0x0000000797600000,0x0000000797600000,0x0000000797b00000)
 ParOldGen       total 87552K, used 3390K [0x0000000740000000, 0x0000000745580000, 0x0000000795580000)
  object space 87552K, 3% used [0x0000000740000000,0x000000074034fac0,0x0000000745580000)
 Metaspace       used 20828K, capacity 21233K, committed 21248K, reserved 1069056K
  class space    used 2161K, capacity 2295K, committed 2304K, reserved 1048576K
}
Event: 10.403 GC heap before
{Heap before GC invocations=3 (full 1):
 PSYoungGen      total 38400K, used 5115K [0x0000000795580000, 0x0000000798000000, 0x00000007c0000000)
  eden space 33280K, 0% used [0x0000000795580000,0x0000000795580000,0x0000000797600000)
  from space 5120K, 99% used [0x0000000797b00000,0x0000000797ffeec0,0x0000000798000000)
  to   space 5120K, 0% used [0x0000000797600000,0x0000000797600000,0x0000000797b00000)
 ParOldGen       total 87552K, used 3390K [0x0000000740000000, 0x0000000745580000, 0x0000000795580000)
  object space 87552K, 3% used [0x0000000740000000,0x000000074034fac0,0x0000000745580000)
 Metaspace       used 20828K, capacity 21233K, committed 21248K, reserved 1069056K
  class space    used 2161K, capacity 2295K, committed 2304K, reserved 1048576K
Event: 10.463 GC heap after
Heap after GC invocations=3 (full 1):
 PSYoungGen      total 38400K, used 0K [0x0000000795580000, 0x0000000798000000, 0x00000007c0000000)
  eden space 33280K, 0% used [0x0000000795580000,0x0000000795580000,0x0000000797600000)
  from space 5120K, 0% used [0x0000000797b00000,0x0000000797b00000,0x0000000798000000)
  to   space 5120K, 0% used [0x0000000797600000,0x0000000797600000,0x0000000797b00000)
 ParOldGen       total 46080K, used 8366K [0x0000000740000000, 0x0000000742d00000, 0x0000000795580000)
  object space 46080K, 18% used [0x0000000740000000,0x000000074082bb50,0x0000000742d00000)
 Metaspace       used 20826K, capacity 21231K, committed 21248K, reserved 1069056K
  class space    used 2160K, capacity 2294K, committed 2304K, reserved 1048576K
}
Event: 11.428 GC heap before
{Heap before GC invocations=4 (full 1):
 PSYoungGen      total 38400K, used 33156K [0x0000000795580000, 0x0000000798000000, 0x00000007c0000000)
  eden space 33280K, 99% used [0x0000000795580000,0x00000007975e1358,0x0000000797600000)
  from space 5120K, 0% used [0x0000000797b00000,0x0000000797b00000,0x0000000798000000)
  to   space 5120K, 0% used [0x0000000797600000,0x0000000797600000,0x0000000797b00000)
 ParOldGen       total 46080K, used 8366K [0x0000000740000000, 0x0000000742d00000, 0x0000000795580000)
  object space 46080K, 18% used [0x0000000740000000,0x000000074082bb50,0x0000000742d00000)
 Metaspace       used 23838K, capacity 24263K, committed 24576K, reserved 1071104K
  class space    used 2436K, capacity 2554K, committed 2560K, reserved 1048576K
Event: 11.439 GC heap after
Heap after GC invocations=4 (full 1):
 PSYoungGen      total 38400K, used 5105K [0x0000000795580000, 0x0000000799100000, 0x00000007c0000000)
  eden space 33280K, 0% used [0x0000000795580000,0x0000000795580000,0x0000000797600000)
  from space 5120K, 99% used [0x0000000797600000,0x0000000797afc5e0,0x0000000797b00000)
  to   space 5120K, 0% used [0x0000000798c00000,0x0000000798c00000,0x0000000799100000)
 ParOldGen       total 46080K, used 14711K [0x0000000740000000, 0x0000000742d00000, 0x0000000795580000)
  object space 46080K, 31% used [0x0000000740000000,0x0000000740e5df08,0x0000000742d00000)
 Metaspace       used 23838K, capacity 24263K, committed 24576K, reserved 1071104K
  class space    used 2436K, capacity 2554K, committed 2560K, reserved 1048576K
}
Event: 13.341 GC heap before
{Heap before GC invocations=5 (full 1):
 PSYoungGen      total 38400K, used 38385K [0x0000000795580000, 0x0000000799100000, 0x00000007c0000000)
  eden space 33280K, 100% used [0x0000000795580000,0x0000000797600000,0x0000000797600000)
  from space 5120K, 99% used [0x0000000797600000,0x0000000797afc5e0,0x0000000797b00000)
  to   space 5120K, 0% used [0x0000000798c00000,0x0000000798c00000,0x0000000799100000)
 ParOldGen       total 46080K, used 14711K [0x0000000740000000, 0x0000000742d00000, 0x0000000795580000)
  object space 46080K, 31% used [0x0000000740000000,0x0000000740e5df08,0x0000000742d00000)
 Metaspace       used 24450K, capacity 24877K, committed 25216K, reserved 1071104K
  class space    used 2459K, capacity 2587K, committed 2688K, reserved 1048576K
Event: 13.356 GC heap after
Heap after GC invocations=5 (full 1):
 PSYoungGen      total 55808K, used 5089K [0x0000000795580000, 0x0000000799180000, 0x00000007c0000000)
  eden space 50688K, 0% used [0x0000000795580000,0x0000000795580000,0x0000000798700000)
  from space 5120K, 99% used [0x0000000798c00000,0x00000007990f85d0,0x0000000799100000)
  to   space 5120K, 0% used [0x0000000798700000,0x0000000798700000,0x0000000798c00000)
 ParOldGen       total 46080K, used 17127K [0x0000000740000000, 0x0000000742d00000, 0x0000000795580000)
  object space 46080K, 37% used [0x0000000740000000,0x00000007410b9c88,0x0000000742d00000)
 Metaspace       used 24450K, capacity 24877K, committed 25216K, reserved 1071104K
  class space    used 2459K, capacity 2587K, committed 2688K, reserved 1048576K
}

