# JRE version: Java(TM) SE Runtime Environment (8.0_131-b11) (build 1.8.0_131-b11)
# Java VM: Java HotSpot(TM) 64-Bit Server VM (25.131-b11 mixed mode bsd-amd64 compressed oops)
Heap:
 PSYoungGen      total 180224K, used 23578K [0x0000000795580000, 0x00000007b2580000, 0x00000007c0000000)
  eden space 179712K, 13% used [0x0000000795580000,0x0000000796c5e810,0x00000007a0500000)
  from space 512K, 31% used [0x00000007b2500000,0x00000007b2528000,0x00000007b2580000)
  to   space 6144K, 0% used [0x00000007b1980000,0x00000007b1980000,0x00000007b1f80000)
 ParOldGen       total 74240K, used 27112K [0x0000000740000000, 0x0000000744880000, 0x0000000795580000)
  object space 74240K, 36% used [0x0000000740000000,0x0000000741a7a218,0x0000000744880000)
 Metaspace       used 21426K, capacity 21735K, committed 22016K, reserved 1069056K
  class space    used 2104K, capacity 2214K, committed 2304K, reserved 1048576K
GC Heap History (10 events):
Event: 122.056 GC heap before
{Heap before GC invocations=39 (full 1):
 PSYoungGen      total 231424K, used 223648K [0x0000000795580000, 0x00000007b3900000, 0x00000007c0000000)
  eden space 222720K, 100% used [0x0000000795580000,0x00000007a2f00000,0x00000007a2f00000)
  from space 8704K, 10% used [0x00000007b2880000,0x00000007b2968030,0x00000007b3100000)
  to   space 8192K, 0% used [0x00000007b3100000,0x00000007b3100000,0x00000007b3900000)
 ParOldGen       total 74240K, used 26296K [0x0000000740000000, 0x0000000744880000, 0x0000000795580000)
  object space 74240K, 35% used [0x0000000740000000,0x00000007419ae1e8,0x0000000744880000)
 Metaspace       used 21322K, capacity 21633K, committed 22016K, reserved 1069056K
  class space    used 2090K, capacity 2181K, committed 2304K, reserved 1048576K
Event: 122.057 GC heap after
Heap after GC invocations=39 (full 1):
 PSYoungGen      total 214528K, used 928K [0x0000000795580000, 0x00000007b3200000, 0x00000007c0000000)
  eden space 213504K, 0% used [0x0000000795580000,0x0000000795580000,0x00000007a2600000)
  from space 1024K, 90% used [0x00000007b3100000,0x00000007b31e8030,0x00000007b3200000)
  to   space 7680K, 0% used [0x00000007b2300000,0x00000007b2300000,0x00000007b2a80000)
 ParOldGen       total 74240K, used 26296K [0x0000000740000000, 0x0000000744880000, 0x0000000795580000)
  object space 74240K, 35% used [0x0000000740000000,0x00000007419ae1e8,0x0000000744880000)
 Metaspace       used 21322K, capacity 21633K, committed 22016K, reserved 1069056K
  class space    used 2090K, capacity 2181K, committed 2304K, reserved 1048576K
}
Event: 127.736 GC heap before
{Heap before GC invocations=40 (full 1):
 PSYoungGen      total 214528K, used 214432K [0x0000000795580000, 0x00000007b3200000, 0x00000007c0000000)
  eden space 213504K, 100% used [0x0000000795580000,0x00000007a2600000,0x00000007a2600000)
  from space 1024K, 90% used [0x00000007b3100000,0x00000007b31e8030,0x00000007b3200000)
  to   space 7680K, 0% used [0x00000007b2300000,0x00000007b2300000,0x00000007b2a80000)
 ParOldGen       total 74240K, used 26296K [0x0000000740000000, 0x0000000744880000, 0x0000000795580000)
  object space 74240K, 35% used [0x0000000740000000,0x00000007419ae1e8,0x0000000744880000)
 Metaspace       used 21322K, capacity 21633K, committed 22016K, reserved 1069056K
  class space    used 2090K, capacity 2181K, committed 2304K, reserved 1048576K
Event: 127.746 GC heap after
Heap after GC invocations=40 (full 1):
 PSYoungGen      total 211968K, used 928K [0x0000000795580000, 0x00000007b3180000, 0x00000007c0000000)
  eden space 204288K, 0% used [0x0000000795580000,0x0000000795580000,0x00000007a1d00000)
  from space 7680K, 12% used [0x00000007b2300000,0x00000007b23e8030,0x00000007b2a80000)
  to   space 7168K, 0% used [0x00000007b2a80000,0x00000007b2a80000,0x00000007b3180000)
 ParOldGen       total 74240K, used 26296K [0x0000000740000000, 0x0000000744880000, 0x0000000795580000)
  object space 74240K, 35% used [0x0000000740000000,0x00000007419ae1e8,0x0000000744880000)
 Metaspace       used 21322K, capacity 21633K, committed 22016K, reserved 1069056K
  class space    used 2090K, capacity 2181K, committed 2304K, reserved 1048576K
}
Event: 134.220 GC heap before
{Heap before GC invocations=41 (full 1):
 PSYoungGen      total 211968K, used 205216K [0x0000000795580000, 0x00000007b3180000, 0x00000007c0000000)
  eden space 204288K, 100% used [0x0000000795580000,0x00000007a1d00000,0x00000007a1d00000)
  from space 7680K, 12% used [0x00000007b2300000,0x00000007b23e8030,0x00000007b2a80000)
  to   space 7168K, 0% used [0x00000007b2a80000,0x00000007b2a80000,0x00000007b3180000)
 ParOldGen       total 74240K, used 26296K [0x0000000740000000, 0x0000000744880000, 0x0000000795580000)
  object space 74240K, 35% used [0x0000000740000000,0x00000007419ae1e8,0x0000000744880000)
 Metaspace       used 21322K, capacity 21633K, committed 22016K, reserved 1069056K
  class space    used 2090K, capacity 2181K, committed 2304K, reserved 1048576K
Event: 134.221 GC heap after
Heap after GC invocations=41 (full 1):
 PSYoungGen      total 196608K, used 928K [0x0000000795580000, 0x00000007b2b80000, 0x00000007c0000000)
  eden space 195584K, 0% used [0x0000000795580000,0x0000000795580000,0x00000007a1480000)
  from space 1024K, 90% used [0x00000007b2a80000,0x00000007b2b68030,0x00000007b2b80000)
  to   space 6656K, 0% used [0x00000007b1e80000,0x00000007b1e80000,0x00000007b2500000)
 ParOldGen       total 74240K, used 26296K [0x0000000740000000, 0x0000000744880000, 0x0000000795580000)
  object space 74240K, 35% used [0x0000000740000000,0x00000007419ae1e8,0x0000000744880000)
 Metaspace       used 21322K, capacity 21633K, committed 22016K, reserved 1069056K
  class space    used 2090K, capacity 2181K, committed 2304K, reserved 1048576K
}
Event: 139.637 GC heap before
{Heap before GC invocations=42 (full 1):
 PSYoungGen      total 196608K, used 196512K [0x0000000795580000, 0x00000007b2b80000, 0x00000007c0000000)
  eden space 195584K, 100% used [0x0000000795580000,0x00000007a1480000,0x00000007a1480000)
  from space 1024K, 90% used [0x00000007b2a80000,0x00000007b2b68030,0x00000007b2b80000)
  to   space 6656K, 0% used [0x00000007b1e80000,0x00000007b1e80000,0x00000007b2500000)
 ParOldGen       total 74240K, used 26296K [0x0000000740000000, 0x0000000744880000, 0x0000000795580000)
  object space 74240K, 35% used [0x0000000740000000,0x00000007419ae1e8,0x0000000744880000)
 Metaspace       used 21322K, capacity 21633K, committed 22016K, reserved 1069056K
  class space    used 2090K, capacity 2181K, committed 2304K, reserved 1048576K
Event: 139.639 GC heap after
Heap after GC invocations=42 (full 1):
 PSYoungGen      total 194048K, used 960K [0x0000000795580000, 0x00000007b2b00000, 0x00000007c0000000)
  eden space 187392K, 0% used [0x0000000795580000,0x0000000795580000,0x00000007a0c80000)
  from space 6656K, 14% used [0x00000007b1e80000,0x00000007b1f70030,0x00000007b2500000)
  to   space 6144K, 0% used [0x00000007b2500000,0x00000007b2500000,0x00000007b2b00000)
 ParOldGen       total 74240K, used 26296K [0x0000000740000000, 0x0000000744880000, 0x0000000795580000)
  object space 74240K, 35% used [0x0000000740000000,0x00000007419ae1e8,0x0000000744880000)
 Metaspace       used 21322K, capacity 21633K, committed 22016K, reserved 1069056K
  class space    used 2090K, capacity 2181K, committed 2304K, reserved 1048576K
}
Event: 145.406 GC heap before
{Heap before GC invocations=43 (full 1):
 PSYoungGen      total 194048K, used 188352K [0x0000000795580000, 0x00000007b2b00000, 0x00000007c0000000)
  eden space 187392K, 100% used [0x0000000795580000,0x00000007a0c80000,0x00000007a0c80000)
  from space 6656K, 14% used [0x00000007b1e80000,0x00000007b1f70030,0x00000007b2500000)
  to   space 6144K, 0% used [0x00000007b2500000,0x00000007b2500000,0x00000007b2b00000)
 ParOldGen       total 74240K, used 26296K [0x0000000740000000, 0x0000000744880000, 0x0000000795580000)
  object space 74240K, 35% used [0x0000000740000000,0x00000007419ae1e8,0x0000000744880000)
 Metaspace       used 21390K, capacity 21703K, committed 22016K, reserved 1069056K
  class space    used 2096K, capacity 2182K, committed 2304K, reserved 1048576K
Event: 145.408 GC heap after
Heap after GC invocations=43 (full 1):
 PSYoungGen      total 180224K, used 160K [0x0000000795580000, 0x00000007b2580000, 0x00000007c0000000)
  eden space 179712K, 0% used [0x0000000795580000,0x0000000795580000,0x00000007a0500000)
  from space 512K, 31% used [0x00000007b2500000,0x00000007b2528000,0x00000007b2580000)
  to   space 6144K, 0% used [0x00000007b1980000,0x00000007b1980000,0x00000007b1f80000)
 ParOldGen       total 74240K, used 27112K [0x0000000740000000, 0x0000000744880000, 0x0000000795580000)
  object space 74240K, 36% used [0x0000000740000000,0x0000000741a7a218,0x0000000744880000)
 Metaspace       used 21390K, capacity 21703K, committed 22016K, reserved 1069056K
  class space    used 2096K, capacity 2182K, committed 2304K, reserved 1048576K
}

