# JRE version: Java(TM) SE Runtime Environment (8.0_131-b11) (build 1.8.0_131-b11)
# Java VM: Java HotSpot(TM) 64-Bit Server VM (25.131-b11 mixed mode bsd-amd64 compressed oops)
Heap:
 PSYoungGen      total 135680K, used 43803K [0x0000000795580000, 0x000000079e900000, 0x00000007c0000000)
  eden space 121856K, 31% used [0x0000000795580000,0x0000000797b5ac58,0x000000079cc80000)
  from space 13824K, 36% used [0x000000079d980000,0x000000079de6c180,0x000000079e700000)
  to   space 13312K, 0% used [0x000000079cc80000,0x000000079cc80000,0x000000079d980000)
 ParOldGen       total 47104K, used 17740K [0x0000000740000000, 0x0000000742e00000, 0x0000000795580000)
  object space 47104K, 37% used [0x0000000740000000,0x0000000741153148,0x0000000742e00000)
 Metaspace       used 24913K, capacity 25329K, committed 25728K, reserved 1073152K
  class space    used 2483K, capacity 2587K, committed 2688K, reserved 1048576K
GC Heap History (10 events):
Event: 3.893 GC heap before
{Heap before GC invocations=3 (full 0):
 PSYoungGen      total 38400K, used 5679K [0x0000000795580000, 0x0000000798000000, 0x00000007c0000000)
  eden space 33280K, 1% used [0x0000000795580000,0x0000000795613f18,0x0000000797600000)
  from space 5120K, 99% used [0x0000000797b00000,0x0000000797ff8080,0x0000000798000000)
  to   space 5120K, 0% used [0x0000000797600000,0x0000000797600000,0x0000000797b00000)
 ParOldGen       total 87552K, used 3307K [0x0000000740000000, 0x0000000745580000, 0x0000000795580000)
  object space 87552K, 3% used [0x0000000740000000,0x000000074033afd8,0x0000000745580000)
 Metaspace       used 20845K, capacity 21231K, committed 21248K, reserved 1069056K
  class space    used 2177K, capacity 2294K, committed 2304K, reserved 1048576K
Event: 3.899 GC heap after
Heap after GC invocations=3 (full 0):
 PSYoungGen      total 38400K, used 5099K [0x0000000795580000, 0x000000079a080000, 0x00000007c0000000)
  eden space 33280K, 0% used [0x0000000795580000,0x0000000795580000,0x0000000797600000)
  from space 5120K, 99% used [0x0000000797600000,0x0000000797afac00,0x0000000797b00000)
  to   space 5120K, 0% used [0x0000000799b80000,0x0000000799b80000,0x000000079a080000)
 ParOldGen       total 87552K, used 3379K [0x0000000740000000, 0x0000000745580000, 0x0000000795580000)
  object space 87552K, 3% used [0x0000000740000000,0x000000074034cfd8,0x0000000745580000)
 Metaspace       used 20845K, capacity 21231K, committed 21248K, reserved 1069056K
  class space    used 2177K, capacity 2294K, committed 2304K, reserved 1048576K
}
Event: 3.899 GC heap before
{Heap before GC invocations=4 (full 1):
 PSYoungGen      total 38400K, used 5099K [0x0000000795580000, 0x000000079a080000, 0x00000007c0000000)
  eden space 33280K, 0% used [0x0000000795580000,0x0000000795580000,0x0000000797600000)
  from space 5120K, 99% used [0x0000000797600000,0x0000000797afac00,0x0000000797b00000)
  to   space 5120K, 0% used [0x0000000799b80000,0x0000000799b80000,0x000000079a080000)
 ParOldGen       total 87552K, used 3379K [0x0000000740000000, 0x0000000745580000, 0x0000000795580000)
  object space 87552K, 3% used [0x0000000740000000,0x000000074034cfd8,0x0000000745580000)
 Metaspace       used 20845K, capacity 21231K, committed 21248K, reserved 1069056K
  class space    used 2177K, capacity 2294K, committed 2304K, reserved 1048576K
Event: 3.930 GC heap after
Heap after GC invocations=4 (full 1):
 PSYoungGen      total 38400K, used 0K [0x0000000795580000, 0x000000079a080000, 0x00000007c0000000)
  eden space 33280K, 0% used [0x0000000795580000,0x0000000795580000,0x0000000797600000)
  from space 5120K, 0% used [0x0000000797600000,0x0000000797600000,0x0000000797b00000)
  to   space 5120K, 0% used [0x0000000799b80000,0x0000000799b80000,0x000000079a080000)
 ParOldGen       total 47104K, used 7231K [0x0000000740000000, 0x0000000742e00000, 0x0000000795580000)
  object space 47104K, 15% used [0x0000000740000000,0x000000074070fd20,0x0000000742e00000)
 Metaspace       used 20845K, capacity 21231K, committed 21248K, reserved 1069056K
  class space    used 2177K, capacity 2294K, committed 2304K, reserved 1048576K
}
Event: 4.682 GC heap before
{Heap before GC invocations=5 (full 1):
 PSYoungGen      total 38400K, used 33280K [0x0000000795580000, 0x000000079a080000, 0x00000007c0000000)
  eden space 33280K, 100% used [0x0000000795580000,0x0000000797600000,0x0000000797600000)
  from space 5120K, 0% used [0x0000000797600000,0x0000000797600000,0x0000000797b00000)
  to   space 5120K, 0% used [0x0000000799b80000,0x0000000799b80000,0x000000079a080000)
 ParOldGen       total 47104K, used 7231K [0x0000000740000000, 0x0000000742e00000, 0x0000000795580000)
  object space 47104K, 15% used [0x0000000740000000,0x000000074070fd20,0x0000000742e00000)
 Metaspace       used 23603K, capacity 24033K, committed 24192K, reserved 1071104K
  class space    used 2440K, capacity 2585K, committed 2688K, reserved 1048576K
Event: 4.691 GC heap after
Heap after GC invocations=5 (full 1):
 PSYoungGen      total 69120K, used 5088K [0x0000000795580000, 0x000000079a080000, 0x00000007c0000000)
  eden space 64000K, 0% used [0x0000000795580000,0x0000000795580000,0x0000000799400000)
  from space 5120K, 99% used [0x0000000799b80000,0x000000079a0783c0,0x000000079a080000)
  to   space 5120K, 0% used [0x0000000799680000,0x0000000799680000,0x0000000799b80000)
 ParOldGen       total 47104K, used 15881K [0x0000000740000000, 0x0000000742e00000, 0x0000000795580000)
  object space 47104K, 33% used [0x0000000740000000,0x0000000740f824d8,0x0000000742e00000)
 Metaspace       used 23603K, capacity 24033K, committed 24192K, reserved 1071104K
  class space    used 2440K, capacity 2585K, committed 2688K, reserved 1048576K
}
Event: 9.425 GC heap before
{Heap before GC invocations=6 (full 1):
 PSYoungGen      total 69120K, used 69088K [0x0000000795580000, 0x000000079a080000, 0x00000007c0000000)
  eden space 64000K, 100% used [0x0000000795580000,0x0000000799400000,0x0000000799400000)
  from space 5120K, 99% used [0x0000000799b80000,0x000000079a0783c0,0x000000079a080000)
  to   space 5120K, 0% used [0x0000000799680000,0x0000000799680000,0x0000000799b80000)
 ParOldGen       total 47104K, used 15881K [0x0000000740000000, 0x0000000742e00000, 0x0000000795580000)
  object space 47104K, 33% used [0x0000000740000000,0x0000000740f824d8,0x0000000742e00000)
 Metaspace       used 24535K, capacity 24881K, committed 25216K, reserved 1071104K
  class space    used 2468K, capacity 2587K, committed 2688K, reserved 1048576K
Event: 9.429 GC heap after
Heap after GC invocations=6 (full 1):
 PSYoungGen      total 71680K, used 5088K [0x0000000795580000, 0x000000079e700000, 0x00000007c0000000)
  eden space 66560K, 0% used [0x0000000795580000,0x0000000795580000,0x0000000799680000)
  from space 5120K, 99% used [0x0000000799680000,0x0000000799b781b0,0x0000000799b80000)
  to   space 13824K, 0% used [0x000000079d980000,0x000000079d980000,0x000000079e700000)
 ParOldGen       total 47104K, used 17732K [0x0000000740000000, 0x0000000742e00000, 0x0000000795580000)
  object space 47104K, 37% used [0x0000000740000000,0x0000000741151148,0x0000000742e00000)
 Metaspace       used 24535K, capacity 24881K, committed 25216K, reserved 1071104K
  class space    used 2468K, capacity 2587K, committed 2688K, reserved 1048576K
}
Event: 17.144 GC heap before
{Heap before GC invocations=7 (full 1):
 PSYoungGen      total 71680K, used 71648K [0x0000000795580000, 0x000000079e700000, 0x00000007c0000000)
  eden space 66560K, 100% used [0x0000000795580000,0x0000000799680000,0x0000000799680000)
  from space 5120K, 99% used [0x0000000799680000,0x0000000799b781b0,0x0000000799b80000)
  to   space 13824K, 0% used [0x000000079d980000,0x000000079d980000,0x000000079e700000)
 ParOldGen       total 47104K, used 17732K [0x0000000740000000, 0x0000000742e00000, 0x0000000795580000)
  object space 47104K, 37% used [0x0000000740000000,0x0000000741151148,0x0000000742e00000)
 Metaspace       used 24867K, capacity 25201K, committed 25472K, reserved 1073152K
  class space    used 2475K, capacity 2587K, committed 2688K, reserved 1048576K
Event: 17.148 GC heap after
Heap after GC invocations=7 (full 1):
 PSYoungGen      total 135680K, used 5040K [0x0000000795580000, 0x000000079e900000, 0x00000007c0000000)
  eden space 121856K, 0% used [0x0000000795580000,0x0000000795580000,0x000000079cc80000)
  from space 13824K, 36% used [0x000000079d980000,0x000000079de6c180,0x000000079e700000)
  to   space 13312K, 0% used [0x000000079cc80000,0x000000079cc80000,0x000000079d980000)
 ParOldGen       total 47104K, used 17740K [0x0000000740000000, 0x0000000742e00000, 0x0000000795580000)
  object space 47104K, 37% used [0x0000000740000000,0x0000000741153148,0x0000000742e00000)
 Metaspace       used 24867K, capacity 25201K, committed 25472K, reserved 1073152K
  class space    used 2475K, capacity 2587K, committed 2688K, reserved 1048576K
}

