# JRE version: Java(TM) SE Runtime Environment (8.0_131-b11) (build 1.8.0_131-b11)
# Java VM: Java HotSpot(TM) 64-Bit Server VM (25.131-b11 mixed mode bsd-amd64 compressed oops)
Heap:
 PSYoungGen      total 38400K, used 28378K [0x0000000795580000, 0x0000000799300000, 0x00000007c0000000)
  eden space 33280K, 75% used [0x0000000795580000,0x0000000796e041e0,0x0000000797600000)
  from space 5120K, 63% used [0x0000000797b00000,0x0000000797e329e8,0x0000000798000000)
  to   space 5120K, 0% used [0x0000000797600000,0x0000000797600000,0x0000000797b00000)
 ParOldGen       total 70144K, used 15805K [0x0000000740000000, 0x0000000744480000, 0x0000000795580000)
  object space 70144K, 22% used [0x0000000740000000,0x0000000740f6f4b0,0x0000000744480000)
 Metaspace       used 21539K, capacity 21907K, committed 22272K, reserved 1069056K
  class space    used 2125K, capacity 2248K, committed 2304K, reserved 1048576K
GC Heap History (10 events):
Event: 3.619 GC heap before
{Heap before GC invocations=1 (full 0):
 PSYoungGen      total 38400K, used 33280K [0x0000000795580000, 0x0000000798000000, 0x00000007c0000000)
  eden space 33280K, 100% used [0x0000000795580000,0x0000000797600000,0x0000000797600000)
  from space 5120K, 0% used [0x0000000797b00000,0x0000000797b00000,0x0000000798000000)
  to   space 5120K, 0% used [0x0000000797600000,0x0000000797600000,0x0000000797b00000)
 ParOldGen       total 87552K, used 0K [0x0000000740000000, 0x0000000745580000, 0x0000000795580000)
  object space 87552K, 0% used [0x0000000740000000,0x0000000740000000,0x0000000745580000)
 Metaspace       used 15883K, capacity 16159K, committed 16384K, reserved 1064960K
  class space    used 1621K, capacity 1726K, committed 1792K, reserved 1048576K
Event: 3.625 GC heap after
Heap after GC invocations=1 (full 0):
 PSYoungGen      total 38400K, used 4882K [0x0000000795580000, 0x0000000798000000, 0x00000007c0000000)
  eden space 33280K, 0% used [0x0000000795580000,0x0000000795580000,0x0000000797600000)
  from space 5120K, 95% used [0x0000000797600000,0x0000000797ac4ac8,0x0000000797b00000)
  to   space 5120K, 0% used [0x0000000797b00000,0x0000000797b00000,0x0000000798000000)
 ParOldGen       total 87552K, used 16K [0x0000000740000000, 0x0000000745580000, 0x0000000795580000)
  object space 87552K, 0% used [0x0000000740000000,0x0000000740004000,0x0000000745580000)
 Metaspace       used 15883K, capacity 16159K, committed 16384K, reserved 1064960K
  class space    used 1621K, capacity 1726K, committed 1792K, reserved 1048576K
}
Event: 5.108 GC heap before
{Heap before GC invocations=2 (full 0):
 PSYoungGen      total 38400K, used 38162K [0x0000000795580000, 0x0000000798000000, 0x00000007c0000000)
  eden space 33280K, 100% used [0x0000000795580000,0x0000000797600000,0x0000000797600000)
  from space 5120K, 95% used [0x0000000797600000,0x0000000797ac4ac8,0x0000000797b00000)
  to   space 5120K, 0% used [0x0000000797b00000,0x0000000797b00000,0x0000000798000000)
 ParOldGen       total 87552K, used 16K [0x0000000740000000, 0x0000000745580000, 0x0000000795580000)
  object space 87552K, 0% used [0x0000000740000000,0x0000000740004000,0x0000000745580000)
 Metaspace       used 19550K, capacity 19899K, committed 20096K, reserved 1067008K
  class space    used 2004K, capacity 2116K, committed 2176K, reserved 1048576K
Event: 5.128 GC heap after
Heap after GC invocations=2 (full 0):
 PSYoungGen      total 38400K, used 5089K [0x0000000795580000, 0x0000000798000000, 0x00000007c0000000)
  eden space 33280K, 0% used [0x0000000795580000,0x0000000795580000,0x0000000797600000)
  from space 5120K, 99% used [0x0000000797b00000,0x0000000797ff8540,0x0000000798000000)
  to   space 5120K, 0% used [0x0000000797600000,0x0000000797600000,0x0000000797b00000)
 ParOldGen       total 87552K, used 8245K [0x0000000740000000, 0x0000000745580000, 0x0000000795580000)
  object space 87552K, 9% used [0x0000000740000000,0x000000074080d690,0x0000000745580000)
 Metaspace       used 19550K, capacity 19899K, committed 20096K, reserved 1067008K
  class space    used 2004K, capacity 2116K, committed 2176K, reserved 1048576K
}
Event: 6.121 GC heap before
{Heap before GC invocations=3 (full 0):
 PSYoungGen      total 38400K, used 29927K [0x0000000795580000, 0x0000000798000000, 0x00000007c0000000)
  eden space 33280K, 74% used [0x0000000795580000,0x0000000796dc1840,0x0000000797600000)
  from space 5120K, 99% used [0x0000000797b00000,0x0000000797ff8540,0x0000000798000000)
  to   space 5120K, 0% used [0x0000000797600000,0x0000000797600000,0x0000000797b00000)
 ParOldGen       total 87552K, used 8245K [0x0000000740000000, 0x0000000745580000, 0x0000000795580000)
  object space 87552K, 9% used [0x0000000740000000,0x000000074080d690,0x0000000745580000)
 Metaspace       used 20722K, capacity 21005K, committed 21248K, reserved 1069056K
  class space    used 2094K, capacity 2183K, committed 2304K, reserved 1048576K
Event: 6.130 GC heap after
Heap after GC invocations=3 (full 0):
 PSYoungGen      total 38400K, used 5104K [0x0000000795580000, 0x0000000798000000, 0x00000007c0000000)
  eden space 33280K, 0% used [0x0000000795580000,0x0000000795580000,0x0000000797600000)
  from space 5120K, 99% used [0x0000000797600000,0x0000000797afc150,0x0000000797b00000)
  to   space 5120K, 0% used [0x0000000797b00000,0x0000000797b00000,0x0000000798000000)
 ParOldGen       total 87552K, used 11690K [0x0000000740000000, 0x0000000745580000, 0x0000000795580000)
  object space 87552K, 13% used [0x0000000740000000,0x0000000740b6aa28,0x0000000745580000)
 Metaspace       used 20722K, capacity 21005K, committed 21248K, reserved 1069056K
  class space    used 2094K, capacity 2183K, committed 2304K, reserved 1048576K
}
Event: 6.130 GC heap before
{Heap before GC invocations=4 (full 1):
 PSYoungGen      total 38400K, used 5104K [0x0000000795580000, 0x0000000798000000, 0x00000007c0000000)
  eden space 33280K, 0% used [0x0000000795580000,0x0000000795580000,0x0000000797600000)
  from space 5120K, 99% used [0x0000000797600000,0x0000000797afc150,0x0000000797b00000)
  to   space 5120K, 0% used [0x0000000797b00000,0x0000000797b00000,0x0000000798000000)
 ParOldGen       total 87552K, used 11690K [0x0000000740000000, 0x0000000745580000, 0x0000000795580000)
  object space 87552K, 13% used [0x0000000740000000,0x0000000740b6aa28,0x0000000745580000)
 Metaspace       used 20722K, capacity 21005K, committed 21248K, reserved 1069056K
  class space    used 2094K, capacity 2183K, committed 2304K, reserved 1048576K
Event: 6.159 GC heap after
Heap after GC invocations=4 (full 1):
 PSYoungGen      total 38400K, used 0K [0x0000000795580000, 0x0000000798000000, 0x00000007c0000000)
  eden space 33280K, 0% used [0x0000000795580000,0x0000000795580000,0x0000000797600000)
  from space 5120K, 0% used [0x0000000797600000,0x0000000797600000,0x0000000797b00000)
  to   space 5120K, 0% used [0x0000000797b00000,0x0000000797b00000,0x0000000798000000)
 ParOldGen       total 70144K, used 15797K [0x0000000740000000, 0x0000000744480000, 0x0000000795580000)
  object space 70144K, 22% used [0x0000000740000000,0x0000000740f6d4b0,0x0000000744480000)
 Metaspace       used 20722K, capacity 21005K, committed 21248K, reserved 1069056K
  class space    used 2094K, capacity 2183K, committed 2304K, reserved 1048576K
}
Event: 7.973 GC heap before
{Heap before GC invocations=5 (full 1):
 PSYoungGen      total 38400K, used 33280K [0x0000000795580000, 0x0000000798000000, 0x00000007c0000000)
  eden space 33280K, 100% used [0x0000000795580000,0x0000000797600000,0x0000000797600000)
  from space 5120K, 0% used [0x0000000797600000,0x0000000797600000,0x0000000797b00000)
  to   space 5120K, 0% used [0x0000000797b00000,0x0000000797b00000,0x0000000798000000)
 ParOldGen       total 70144K, used 15797K [0x0000000740000000, 0x0000000744480000, 0x0000000795580000)
  object space 70144K, 22% used [0x0000000740000000,0x0000000740f6d4b0,0x0000000744480000)
 Metaspace       used 21228K, capacity 21555K, committed 21760K, reserved 1069056K
  class space    used 2117K, capacity 2216K, committed 2304K, reserved 1048576K
Event: 7.975 GC heap after
Heap after GC invocations=5 (full 1):
 PSYoungGen      total 38400K, used 3274K [0x0000000795580000, 0x0000000799300000, 0x00000007c0000000)
  eden space 33280K, 0% used [0x0000000795580000,0x0000000795580000,0x0000000797600000)
  from space 5120K, 63% used [0x0000000797b00000,0x0000000797e329e8,0x0000000798000000)
  to   space 5120K, 0% used [0x0000000797600000,0x0000000797600000,0x0000000797b00000)
 ParOldGen       total 70144K, used 15805K [0x0000000740000000, 0x0000000744480000, 0x0000000795580000)
  object space 70144K, 22% used [0x0000000740000000,0x0000000740f6f4b0,0x0000000744480000)
 Metaspace       used 21228K, capacity 21555K, committed 21760K, reserved 1069056K
  class space    used 2117K, capacity 2216K, committed 2304K, reserved 1048576K
}

