# JRE version: Java(TM) SE Runtime Environment (8.0_131-b11) (build 1.8.0_131-b11)
# Java VM: Java HotSpot(TM) 64-Bit Server VM (25.131-b11 mixed mode bsd-amd64 compressed oops)
Heap:
 PSYoungGen      total 151040K, used 114507K [0x0000000795580000, 0x00000007a1a00000, 0x00000007c0000000)
  eden space 132096K, 72% used [0x0000000795580000,0x000000079b2fa878,0x000000079d680000)
  from space 18944K, 99% used [0x000000079f000000,0x00000007a0258480,0x00000007a0280000)
  to   space 24064K, 0% used [0x00000007a0280000,0x00000007a0280000,0x00000007a1a00000)
 ParOldGen       total 72704K, used 30400K [0x0000000740000000, 0x0000000744700000, 0x0000000795580000)
  object space 72704K, 41% used [0x0000000740000000,0x0000000741db0060,0x0000000744700000)
 Metaspace       used 21902K, capacity 22235K, committed 22528K, reserved 1069056K
  class space    used 2136K, capacity 2248K, committed 2304K, reserved 1048576K
GC Heap History (10 events):
Event: 53.516 GC heap before
{Heap before GC invocations=10 (full 1):
 PSYoungGen      total 173056K, used 172969K [0x0000000795580000, 0x00000007a1780000, 0x00000007c0000000)
  eden space 153600K, 100% used [0x0000000795580000,0x000000079eb80000,0x000000079eb80000)
  from space 19456K, 99% used [0x00000007a0380000,0x00000007a166a4f0,0x00000007a1680000)
  to   space 22528K, 0% used [0x000000079eb80000,0x000000079eb80000,0x00000007a0180000)
 ParOldGen       total 72704K, used 22013K [0x0000000740000000, 0x0000000744700000, 0x0000000795580000)
  object space 72704K, 30% used [0x0000000740000000,0x000000074157f4a0,0x0000000744700000)
 Metaspace       used 21858K, capacity 22235K, committed 22528K, reserved 1069056K
  class space    used 2128K, capacity 2248K, committed 2304K, reserved 1048576K
Event: 53.531 GC heap after
Heap after GC invocations=10 (full 1):
 PSYoungGen      total 176128K, used 22521K [0x0000000795580000, 0x00000007a4700000, 0x00000007c0000000)
  eden space 153600K, 0% used [0x0000000795580000,0x0000000795580000,0x000000079eb80000)
  from space 22528K, 99% used [0x000000079eb80000,0x00000007a017e590,0x00000007a0180000)
  to   space 28160K, 0% used [0x00000007a2b80000,0x00000007a2b80000,0x00000007a4700000)
 ParOldGen       total 72704K, used 26637K [0x0000000740000000, 0x0000000744700000, 0x0000000795580000)
  object space 72704K, 36% used [0x0000000740000000,0x0000000741a035c0,0x0000000744700000)
 Metaspace       used 21858K, capacity 22235K, committed 22528K, reserved 1069056K
  class space    used 2128K, capacity 2248K, committed 2304K, reserved 1048576K
}
Event: 80.996 GC heap before
{Heap before GC invocations=11 (full 1):
 PSYoungGen      total 176128K, used 176121K [0x0000000795580000, 0x00000007a4700000, 0x00000007c0000000)
  eden space 153600K, 100% used [0x0000000795580000,0x000000079eb80000,0x000000079eb80000)
  from space 22528K, 99% used [0x000000079eb80000,0x00000007a017e590,0x00000007a0180000)
  to   space 28160K, 0% used [0x00000007a2b80000,0x00000007a2b80000,0x00000007a4700000)
 ParOldGen       total 72704K, used 26637K [0x0000000740000000, 0x0000000744700000, 0x0000000795580000)
  object space 72704K, 36% used [0x0000000740000000,0x0000000741a035c0,0x0000000744700000)
 Metaspace       used 21867K, capacity 22235K, committed 22528K, reserved 1069056K
  class space    used 2129K, capacity 2248K, committed 2304K, reserved 1048576K
Event: 81.008 GC heap after
Heap after GC invocations=11 (full 1):
 PSYoungGen      total 168448K, used 20289K [0x0000000795580000, 0x00000007a3f80000, 0x00000007c0000000)
  eden space 147968K, 0% used [0x0000000795580000,0x0000000795580000,0x000000079e600000)
  from space 20480K, 99% used [0x00000007a2b80000,0x00000007a3f504e0,0x00000007a3f80000)
  to   space 29696K, 0% used [0x00000007a0580000,0x00000007a0580000,0x00000007a2280000)
 ParOldGen       total 72704K, used 28840K [0x0000000740000000, 0x0000000744700000, 0x0000000795580000)
  object space 72704K, 39% used [0x0000000740000000,0x0000000741c2a000,0x0000000744700000)
 Metaspace       used 21867K, capacity 22235K, committed 22528K, reserved 1069056K
  class space    used 2129K, capacity 2248K, committed 2304K, reserved 1048576K
}
Event: 108.334 GC heap before
{Heap before GC invocations=12 (full 1):
 PSYoungGen      total 168448K, used 168257K [0x0000000795580000, 0x00000007a3f80000, 0x00000007c0000000)
  eden space 147968K, 100% used [0x0000000795580000,0x000000079e600000,0x000000079e600000)
  from space 20480K, 99% used [0x00000007a2b80000,0x00000007a3f504e0,0x00000007a3f80000)
  to   space 29696K, 0% used [0x00000007a0580000,0x00000007a0580000,0x00000007a2280000)
 ParOldGen       total 72704K, used 28840K [0x0000000740000000, 0x0000000744700000, 0x0000000795580000)
  object space 72704K, 39% used [0x0000000740000000,0x0000000741c2a000,0x0000000744700000)
 Metaspace       used 21867K, capacity 22235K, committed 22528K, reserved 1069056K
  class space    used 2129K, capacity 2248K, committed 2304K, reserved 1048576K
Event: 108.340 GC heap after
Heap after GC invocations=12 (full 1):
 PSYoungGen      total 162816K, used 20289K [0x0000000795580000, 0x00000007a2c00000, 0x00000007c0000000)
  eden space 142336K, 0% used [0x0000000795580000,0x0000000795580000,0x000000079e080000)
  from space 20480K, 99% used [0x00000007a0580000,0x00000007a19504e0,0x00000007a1980000)
  to   space 18944K, 0% used [0x00000007a1980000,0x00000007a1980000,0x00000007a2c00000)
 ParOldGen       total 72704K, used 28848K [0x0000000740000000, 0x0000000744700000, 0x0000000795580000)
  object space 72704K, 39% used [0x0000000740000000,0x0000000741c2c000,0x0000000744700000)
 Metaspace       used 21867K, capacity 22235K, committed 22528K, reserved 1069056K
  class space    used 2129K, capacity 2248K, committed 2304K, reserved 1048576K
}
Event: 134.928 GC heap before
{Heap before GC invocations=13 (full 1):
 PSYoungGen      total 162816K, used 162625K [0x0000000795580000, 0x00000007a2c00000, 0x00000007c0000000)
  eden space 142336K, 100% used [0x0000000795580000,0x000000079e080000,0x000000079e080000)
  from space 20480K, 99% used [0x00000007a0580000,0x00000007a19504e0,0x00000007a1980000)
  to   space 18944K, 0% used [0x00000007a1980000,0x00000007a1980000,0x00000007a2c00000)
 ParOldGen       total 72704K, used 28848K [0x0000000740000000, 0x0000000744700000, 0x0000000795580000)
  object space 72704K, 39% used [0x0000000740000000,0x0000000741c2c000,0x0000000744700000)
 Metaspace       used 21867K, capacity 22235K, committed 22528K, reserved 1069056K
  class space    used 2129K, capacity 2248K, committed 2304K, reserved 1048576K
Event: 134.937 GC heap after
Heap after GC invocations=13 (full 1):
 PSYoungGen      total 156160K, used 18785K [0x0000000795580000, 0x00000007a2c00000, 0x00000007c0000000)
  eden space 137216K, 0% used [0x0000000795580000,0x0000000795580000,0x000000079db80000)
  from space 18944K, 99% used [0x00000007a1980000,0x00000007a2bd8480,0x00000007a2c00000)
  to   space 30720K, 0% used [0x000000079f000000,0x000000079f000000,0x00000007a0e00000)
 ParOldGen       total 72704K, used 30392K [0x0000000740000000, 0x0000000744700000, 0x0000000795580000)
  object space 72704K, 41% used [0x0000000740000000,0x0000000741dae060,0x0000000744700000)
 Metaspace       used 21867K, capacity 22235K, committed 22528K, reserved 1069056K
  class space    used 2129K, capacity 2248K, committed 2304K, reserved 1048576K
}
Event: 160.590 GC heap before
{Heap before GC invocations=14 (full 1):
 PSYoungGen      total 156160K, used 156001K [0x0000000795580000, 0x00000007a2c00000, 0x00000007c0000000)
  eden space 137216K, 100% used [0x0000000795580000,0x000000079db80000,0x000000079db80000)
  from space 18944K, 99% used [0x00000007a1980000,0x00000007a2bd8480,0x00000007a2c00000)
  to   space 30720K, 0% used [0x000000079f000000,0x000000079f000000,0x00000007a0e00000)
 ParOldGen       total 72704K, used 30392K [0x0000000740000000, 0x0000000744700000, 0x0000000795580000)
  object space 72704K, 41% used [0x0000000740000000,0x0000000741dae060,0x0000000744700000)
 Metaspace       used 21867K, capacity 22235K, committed 22528K, reserved 1069056K
  class space    used 2129K, capacity 2248K, committed 2304K, reserved 1048576K
Event: 160.595 GC heap after
Heap after GC invocations=14 (full 1):
 PSYoungGen      total 151040K, used 18785K [0x0000000795580000, 0x00000007a1a00000, 0x00000007c0000000)
  eden space 132096K, 0% used [0x0000000795580000,0x0000000795580000,0x000000079d680000)
  from space 18944K, 99% used [0x000000079f000000,0x00000007a0258480,0x00000007a0280000)
  to   space 24064K, 0% used [0x00000007a0280000,0x00000007a0280000,0x00000007a1a00000)
 ParOldGen       total 72704K, used 30400K [0x0000000740000000, 0x0000000744700000, 0x0000000795580000)
  object space 72704K, 41% used [0x0000000740000000,0x0000000741db0060,0x0000000744700000)
 Metaspace       used 21867K, capacity 22235K, committed 22528K, reserved 1069056K
  class space    used 2129K, capacity 2248K, committed 2304K, reserved 1048576K
}

