# JRE version: Java(TM) SE Runtime Environment (8.0_131-b11) (build 1.8.0_131-b11)
# Java VM: Java HotSpot(TM) 64-Bit Server VM (25.131-b11 mixed mode bsd-amd64 compressed oops)
Heap:
 PSYoungGen      total 38400K, used 31775K [0x0000000795580000, 0x0000000799f00000, 0x00000007c0000000)
  eden space 33280K, 93% used [0x0000000795580000,0x00000007973f9360,0x0000000797600000)
  from space 5120K, 11% used [0x0000000797600000,0x000000079768e938,0x0000000797b00000)
  to   space 14848K, 0% used [0x0000000799080000,0x0000000799080000,0x0000000799f00000)
 ParOldGen       total 76288K, used 15573K [0x0000000740000000, 0x0000000744a80000, 0x0000000795580000)
  object space 76288K, 20% used [0x0000000740000000,0x0000000740f35488,0x0000000744a80000)
 Metaspace       used 21605K, capacity 21977K, committed 22272K, reserved 1069056K
  class space    used 2124K, capacity 2247K, committed 2304K, reserved 1048576K
GC Heap History (10 events):
Event: 4.076 GC heap before
{Heap before GC invocations=2 (full 0):
 PSYoungGen      total 38400K, used 38091K [0x0000000795580000, 0x0000000798000000, 0x00000007c0000000)
  eden space 33280K, 99% used [0x0000000795580000,0x00000007975ec6f8,0x0000000797600000)
  from space 5120K, 95% used [0x0000000797600000,0x0000000797ac67d8,0x0000000797b00000)
  to   space 5120K, 0% used [0x0000000797b00000,0x0000000797b00000,0x0000000798000000)
 ParOldGen       total 87552K, used 16K [0x0000000740000000, 0x0000000745580000, 0x0000000795580000)
  object space 87552K, 0% used [0x0000000740000000,0x0000000740004000,0x0000000745580000)
 Metaspace       used 19460K, capacity 19745K, committed 19840K, reserved 1067008K
  class space    used 1990K, capacity 2083K, committed 2176K, reserved 1048576K
Event: 4.088 GC heap after
Heap after GC invocations=2 (full 0):
 PSYoungGen      total 38400K, used 5117K [0x0000000795580000, 0x0000000798000000, 0x00000007c0000000)
  eden space 33280K, 0% used [0x0000000795580000,0x0000000795580000,0x0000000797600000)
  from space 5120K, 99% used [0x0000000797b00000,0x0000000797fff430,0x0000000798000000)
  to   space 5120K, 0% used [0x0000000797600000,0x0000000797600000,0x0000000797b00000)
 ParOldGen       total 87552K, used 7087K [0x0000000740000000, 0x0000000745580000, 0x0000000795580000)
  object space 87552K, 8% used [0x0000000740000000,0x00000007406ebc68,0x0000000745580000)
 Metaspace       used 19460K, capacity 19745K, committed 19840K, reserved 1067008K
  class space    used 1990K, capacity 2083K, committed 2176K, reserved 1048576K
}
Event: 5.188 GC heap before
{Heap before GC invocations=3 (full 0):
 PSYoungGen      total 38400K, used 38397K [0x0000000795580000, 0x0000000798000000, 0x00000007c0000000)
  eden space 33280K, 100% used [0x0000000795580000,0x0000000797600000,0x0000000797600000)
  from space 5120K, 99% used [0x0000000797b00000,0x0000000797fff430,0x0000000798000000)
  to   space 5120K, 0% used [0x0000000797600000,0x0000000797600000,0x0000000797b00000)
 ParOldGen       total 87552K, used 7087K [0x0000000740000000, 0x0000000745580000, 0x0000000795580000)
  object space 87552K, 8% used [0x0000000740000000,0x00000007406ebc68,0x0000000745580000)
 Metaspace       used 20618K, capacity 20947K, committed 21248K, reserved 1069056K
  class space    used 2075K, capacity 2182K, committed 2304K, reserved 1048576K
Event: 5.195 GC heap after
Heap after GC invocations=3 (full 0):
 PSYoungGen      total 38400K, used 5101K [0x0000000795580000, 0x0000000798000000, 0x00000007c0000000)
  eden space 33280K, 0% used [0x0000000795580000,0x0000000795580000,0x0000000797600000)
  from space 5120K, 99% used [0x0000000797600000,0x0000000797afb490,0x0000000797b00000)
  to   space 5120K, 0% used [0x0000000797b00000,0x0000000797b00000,0x0000000798000000)
 ParOldGen       total 87552K, used 12042K [0x0000000740000000, 0x0000000745580000, 0x0000000795580000)
  object space 87552K, 13% used [0x0000000740000000,0x0000000740bc2ad0,0x0000000745580000)
 Metaspace       used 20618K, capacity 20947K, committed 21248K, reserved 1069056K
  class space    used 2075K, capacity 2182K, committed 2304K, reserved 1048576K
}
Event: 6.106 GC heap before
{Heap before GC invocations=4 (full 0):
 PSYoungGen      total 38400K, used 10220K [0x0000000795580000, 0x0000000798000000, 0x00000007c0000000)
  eden space 33280K, 15% used [0x0000000795580000,0x0000000795a7fc00,0x0000000797600000)
  from space 5120K, 99% used [0x0000000797600000,0x0000000797afb490,0x0000000797b00000)
  to   space 5120K, 0% used [0x0000000797b00000,0x0000000797b00000,0x0000000798000000)
 ParOldGen       total 87552K, used 12042K [0x0000000740000000, 0x0000000745580000, 0x0000000795580000)
  object space 87552K, 13% used [0x0000000740000000,0x0000000740bc2ad0,0x0000000745580000)
 Metaspace       used 20701K, capacity 21011K, committed 21248K, reserved 1069056K
  class space    used 2075K, capacity 2182K, committed 2304K, reserved 1048576K
Event: 6.111 GC heap after
Heap after GC invocations=4 (full 0):
 PSYoungGen      total 38400K, used 5117K [0x0000000795580000, 0x0000000798000000, 0x00000007c0000000)
  eden space 33280K, 0% used [0x0000000795580000,0x0000000795580000,0x0000000797600000)
  from space 5120K, 99% used [0x0000000797b00000,0x0000000797fff480,0x0000000798000000)
  to   space 5120K, 0% used [0x0000000797600000,0x0000000797600000,0x0000000797b00000)
 ParOldGen       total 87552K, used 12042K [0x0000000740000000, 0x0000000745580000, 0x0000000795580000)
  object space 87552K, 13% used [0x0000000740000000,0x0000000740bc2ad0,0x0000000745580000)
 Metaspace       used 20701K, capacity 21011K, committed 21248K, reserved 1069056K
  class space    used 2075K, capacity 2182K, committed 2304K, reserved 1048576K
}
Event: 6.112 GC heap before
{Heap before GC invocations=5 (full 1):
 PSYoungGen      total 38400K, used 5117K [0x0000000795580000, 0x0000000798000000, 0x00000007c0000000)
  eden space 33280K, 0% used [0x0000000795580000,0x0000000795580000,0x0000000797600000)
  from space 5120K, 99% used [0x0000000797b00000,0x0000000797fff480,0x0000000798000000)
  to   space 5120K, 0% used [0x0000000797600000,0x0000000797600000,0x0000000797b00000)
 ParOldGen       total 87552K, used 12042K [0x0000000740000000, 0x0000000745580000, 0x0000000795580000)
  object space 87552K, 13% used [0x0000000740000000,0x0000000740bc2ad0,0x0000000745580000)
 Metaspace       used 20701K, capacity 21011K, committed 21248K, reserved 1069056K
  class space    used 2075K, capacity 2182K, committed 2304K, reserved 1048576K
Event: 6.161 GC heap after
Heap after GC invocations=5 (full 1):
 PSYoungGen      total 38400K, used 0K [0x0000000795580000, 0x0000000798000000, 0x00000007c0000000)
  eden space 33280K, 0% used [0x0000000795580000,0x0000000795580000,0x0000000797600000)
  from space 5120K, 0% used [0x0000000797b00000,0x0000000797b00000,0x0000000798000000)
  to   space 5120K, 0% used [0x0000000797600000,0x0000000797600000,0x0000000797b00000)
 ParOldGen       total 76288K, used 15565K [0x0000000740000000, 0x0000000744a80000, 0x0000000795580000)
  object space 76288K, 20% used [0x0000000740000000,0x0000000740f33488,0x0000000744a80000)
 Metaspace       used 20697K, capacity 21003K, committed 21248K, reserved 1069056K
  class space    used 2074K, capacity 2180K, committed 2304K, reserved 1048576K
}
Event: 10.611 GC heap before
{Heap before GC invocations=6 (full 1):
 PSYoungGen      total 38400K, used 33280K [0x0000000795580000, 0x0000000798000000, 0x00000007c0000000)
  eden space 33280K, 100% used [0x0000000795580000,0x0000000797600000,0x0000000797600000)
  from space 5120K, 0% used [0x0000000797b00000,0x0000000797b00000,0x0000000798000000)
  to   space 5120K, 0% used [0x0000000797600000,0x0000000797600000,0x0000000797b00000)
 ParOldGen       total 76288K, used 15565K [0x0000000740000000, 0x0000000744a80000, 0x0000000795580000)
  object space 76288K, 20% used [0x0000000740000000,0x0000000740f33488,0x0000000744a80000)
 Metaspace       used 21293K, capacity 21617K, committed 22016K, reserved 1069056K
  class space    used 2107K, capacity 2213K, committed 2304K, reserved 1048576K
Event: 10.612 GC heap after
Heap after GC invocations=6 (full 1):
 PSYoungGen      total 38400K, used 570K [0x0000000795580000, 0x0000000799f00000, 0x00000007c0000000)
  eden space 33280K, 0% used [0x0000000795580000,0x0000000795580000,0x0000000797600000)
  from space 5120K, 11% used [0x0000000797600000,0x000000079768e938,0x0000000797b00000)
  to   space 14848K, 0% used [0x0000000799080000,0x0000000799080000,0x0000000799f00000)
 ParOldGen       total 76288K, used 15573K [0x0000000740000000, 0x0000000744a80000, 0x0000000795580000)
  object space 76288K, 20% used [0x0000000740000000,0x0000000740f35488,0x0000000744a80000)
 Metaspace       used 21293K, capacity 21617K, committed 22016K, reserved 1069056K
  class space    used 2107K, capacity 2213K, committed 2304K, reserved 1048576K
}

