# JRE version: Java(TM) SE Runtime Environment (8.0_131-b11) (build 1.8.0_131-b11)
# Java VM: Java HotSpot(TM) 64-Bit Server VM (25.131-b11 mixed mode bsd-amd64 compressed oops)
Heap:
 PSYoungGen      total 101888K, used 73525K [0x0000000795580000, 0x000000079c800000, 0x00000007c0000000)
  eden space 89600K, 69% used [0x0000000795580000,0x0000000799261428,0x000000079ad00000)
  from space 12288K, 91% used [0x000000079bc00000,0x000000079c6ec290,0x000000079c800000)
  to   space 13824K, 0% used [0x000000079ad00000,0x000000079ad00000,0x000000079ba80000)
 ParOldGen       total 66560K, used 25489K [0x0000000740000000, 0x0000000744100000, 0x0000000795580000)
  object space 66560K, 38% used [0x0000000740000000,0x00000007418e44d0,0x0000000744100000)
 Metaspace       used 25037K, capacity 25445K, committed 25728K, reserved 1073152K
  class space    used 2469K, capacity 2587K, committed 2688K, reserved 1048576K
GC Heap History (10 events):
Event: 5.717 GC heap before
{Heap before GC invocations=5 (full 1):
 PSYoungGen      total 38400K, used 38385K [0x0000000795580000, 0x0000000798d80000, 0x00000007c0000000)
  eden space 33280K, 100% used [0x0000000795580000,0x0000000797600000,0x0000000797600000)
  from space 5120K, 99% used [0x0000000797600000,0x0000000797afc5e0,0x0000000797b00000)
  to   space 5120K, 0% used [0x0000000798880000,0x0000000798880000,0x0000000798d80000)
 ParOldGen       total 66560K, used 16266K [0x0000000740000000, 0x0000000744100000, 0x0000000795580000)
  object space 66560K, 24% used [0x0000000740000000,0x0000000740fe2bb8,0x0000000744100000)
 Metaspace       used 24207K, capacity 24613K, committed 24960K, reserved 1071104K
  class space    used 2460K, capacity 2587K, committed 2688K, reserved 1048576K
Event: 5.726 GC heap after
Heap after GC invocations=5 (full 1):
 PSYoungGen      total 52224K, used 5104K [0x0000000795580000, 0x0000000798e80000, 0x00000007c0000000)
  eden space 47104K, 0% used [0x0000000795580000,0x0000000795580000,0x0000000798380000)
  from space 5120K, 99% used [0x0000000798880000,0x0000000798d7c3d0,0x0000000798d80000)
  to   space 5120K, 0% used [0x0000000798380000,0x0000000798380000,0x0000000798880000)
 ParOldGen       total 66560K, used 18877K [0x0000000740000000, 0x0000000744100000, 0x0000000795580000)
  object space 66560K, 28% used [0x0000000740000000,0x000000074126f638,0x0000000744100000)
 Metaspace       used 24207K, capacity 24613K, committed 24960K, reserved 1071104K
  class space    used 2460K, capacity 2587K, committed 2688K, reserved 1048576K
}
Event: 7.689 GC heap before
{Heap before GC invocations=6 (full 1):
 PSYoungGen      total 52224K, used 52208K [0x0000000795580000, 0x0000000798e80000, 0x00000007c0000000)
  eden space 47104K, 100% used [0x0000000795580000,0x0000000798380000,0x0000000798380000)
  from space 5120K, 99% used [0x0000000798880000,0x0000000798d7c3d0,0x0000000798d80000)
  to   space 5120K, 0% used [0x0000000798380000,0x0000000798380000,0x0000000798880000)
 ParOldGen       total 66560K, used 18877K [0x0000000740000000, 0x0000000744100000, 0x0000000795580000)
  object space 66560K, 28% used [0x0000000740000000,0x000000074126f638,0x0000000744100000)
 Metaspace       used 24457K, capacity 24869K, committed 25216K, reserved 1071104K
  class space    used 2461K, capacity 2587K, committed 2688K, reserved 1048576K
Event: 7.704 GC heap after
Heap after GC invocations=6 (full 1):
 PSYoungGen      total 52224K, used 5104K [0x0000000795580000, 0x000000079b480000, 0x00000007c0000000)
  eden space 47104K, 0% used [0x0000000795580000,0x0000000795580000,0x0000000798380000)
  from space 5120K, 99% used [0x0000000798380000,0x000000079887c110,0x0000000798880000)
  to   space 14848K, 0% used [0x000000079a600000,0x000000079a600000,0x000000079b480000)
 ParOldGen       total 66560K, used 25465K [0x0000000740000000, 0x0000000744100000, 0x0000000795580000)
  object space 66560K, 38% used [0x0000000740000000,0x00000007418de4d0,0x0000000744100000)
 Metaspace       used 24457K, capacity 24869K, committed 25216K, reserved 1071104K
  class space    used 2461K, capacity 2587K, committed 2688K, reserved 1048576K
}
Event: 9.539 GC heap before
{Heap before GC invocations=7 (full 1):
 PSYoungGen      total 52224K, used 52208K [0x0000000795580000, 0x000000079b480000, 0x00000007c0000000)
  eden space 47104K, 100% used [0x0000000795580000,0x0000000798380000,0x0000000798380000)
  from space 5120K, 99% used [0x0000000798380000,0x000000079887c110,0x0000000798880000)
  to   space 14848K, 0% used [0x000000079a600000,0x000000079a600000,0x000000079b480000)
 ParOldGen       total 66560K, used 25465K [0x0000000740000000, 0x0000000744100000, 0x0000000795580000)
  object space 66560K, 38% used [0x0000000740000000,0x00000007418de4d0,0x0000000744100000)
 Metaspace       used 24689K, capacity 25061K, committed 25216K, reserved 1071104K
  class space    used 2461K, capacity 2587K, committed 2688K, reserved 1048576K
Event: 9.550 GC heap after
Heap after GC invocations=7 (full 1):
 PSYoungGen      total 80384K, used 9392K [0x0000000795580000, 0x000000079b300000, 0x00000007c0000000)
  eden space 67072K, 0% used [0x0000000795580000,0x0000000795580000,0x0000000799700000)
  from space 13312K, 70% used [0x000000079a600000,0x000000079af2c210,0x000000079b300000)
  to   space 14336K, 0% used [0x0000000799700000,0x0000000799700000,0x000000079a500000)
 ParOldGen       total 66560K, used 25473K [0x0000000740000000, 0x0000000744100000, 0x0000000795580000)
  object space 66560K, 38% used [0x0000000740000000,0x00000007418e04d0,0x0000000744100000)
 Metaspace       used 24689K, capacity 25061K, committed 25216K, reserved 1071104K
  class space    used 2461K, capacity 2587K, committed 2688K, reserved 1048576K
}
Event: 16.002 GC heap before
{Heap before GC invocations=8 (full 1):
 PSYoungGen      total 80384K, used 76464K [0x0000000795580000, 0x000000079b300000, 0x00000007c0000000)
  eden space 67072K, 100% used [0x0000000795580000,0x0000000799700000,0x0000000799700000)
  from space 13312K, 70% used [0x000000079a600000,0x000000079af2c210,0x000000079b300000)
  to   space 14336K, 0% used [0x0000000799700000,0x0000000799700000,0x000000079a500000)
 ParOldGen       total 66560K, used 25473K [0x0000000740000000, 0x0000000744100000, 0x0000000795580000)
  object space 66560K, 38% used [0x0000000740000000,0x00000007418e04d0,0x0000000744100000)
 Metaspace       used 24957K, capacity 25381K, committed 25728K, reserved 1073152K
  class space    used 2461K, capacity 2587K, committed 2688K, reserved 1048576K
Event: 16.008 GC heap after
Heap after GC invocations=8 (full 1):
 PSYoungGen      total 81408K, used 9360K [0x0000000795580000, 0x000000079c980000, 0x00000007c0000000)
  eden space 67072K, 0% used [0x0000000795580000,0x0000000795580000,0x0000000799700000)
  from space 14336K, 65% used [0x0000000799700000,0x000000079a024210,0x000000079a500000)
  to   space 13824K, 0% used [0x000000079bc00000,0x000000079bc00000,0x000000079c980000)
 ParOldGen       total 66560K, used 25481K [0x0000000740000000, 0x0000000744100000, 0x0000000795580000)
  object space 66560K, 38% used [0x0000000740000000,0x00000007418e24d0,0x0000000744100000)
 Metaspace       used 24957K, capacity 25381K, committed 25728K, reserved 1073152K
  class space    used 2461K, capacity 2587K, committed 2688K, reserved 1048576K
}
Event: 20.904 GC heap before
{Heap before GC invocations=9 (full 1):
 PSYoungGen      total 81408K, used 76432K [0x0000000795580000, 0x000000079c980000, 0x00000007c0000000)
  eden space 67072K, 100% used [0x0000000795580000,0x0000000799700000,0x0000000799700000)
  from space 14336K, 65% used [0x0000000799700000,0x000000079a024210,0x000000079a500000)
  to   space 13824K, 0% used [0x000000079bc00000,0x000000079bc00000,0x000000079c980000)
 ParOldGen       total 66560K, used 25481K [0x0000000740000000, 0x0000000744100000, 0x0000000795580000)
  object space 66560K, 38% used [0x0000000740000000,0x00000007418e24d0,0x0000000744100000)
 Metaspace       used 24998K, capacity 25381K, committed 25728K, reserved 1073152K
  class space    used 2461K, capacity 2587K, committed 2688K, reserved 1048576K
Event: 20.920 GC heap after
Heap after GC invocations=9 (full 1):
 PSYoungGen      total 101888K, used 11184K [0x0000000795580000, 0x000000079c800000, 0x00000007c0000000)
  eden space 89600K, 0% used [0x0000000795580000,0x0000000795580000,0x000000079ad00000)
  from space 12288K, 91% used [0x000000079bc00000,0x000000079c6ec290,0x000000079c800000)
  to   space 13824K, 0% used [0x000000079ad00000,0x000000079ad00000,0x000000079ba80000)
 ParOldGen       total 66560K, used 25489K [0x0000000740000000, 0x0000000744100000, 0x0000000795580000)
  object space 66560K, 38% used [0x0000000740000000,0x00000007418e44d0,0x0000000744100000)
 Metaspace       used 24998K, capacity 25381K, committed 25728K, reserved 1073152K
  class space    used 2461K, capacity 2587K, committed 2688K, reserved 1048576K
}

