# JRE version: Java(TM) SE Runtime Environment (8.0_131-b11) (build 1.8.0_131-b11)
# Java VM: Java HotSpot(TM) 64-Bit Server VM (25.131-b11 mixed mode bsd-amd64 compressed oops)
Heap:
 PSYoungGen      total 134144K, used 14214K [0x0000000795580000, 0x000000079e780000, 0x00000007c0000000)
  eden space 121344K, 7% used [0x0000000795580000,0x0000000795e8d358,0x000000079cc00000)
  from space 12800K, 38% used [0x000000079d880000,0x000000079dd54550,0x000000079e500000)
  to   space 12800K, 0% used [0x000000079cc00000,0x000000079cc00000,0x000000079d880000)
 ParOldGen       total 47104K, used 17774K [0x0000000740000000, 0x0000000742e00000, 0x0000000795580000)
  object space 47104K, 37% used [0x0000000740000000,0x000000074115ba20,0x0000000742e00000)
 Metaspace       used 24900K, capacity 25265K, committed 25472K, reserved 1073152K
  class space    used 2469K, capacity 2587K, committed 2688K, reserved 1048576K
GC Heap History (10 events):
Event: 3.669 GC heap before
{Heap before GC invocations=3 (full 0):
 PSYoungGen      total 38400K, used 5728K [0x0000000795580000, 0x0000000798000000, 0x00000007c0000000)
  eden space 33280K, 1% used [0x0000000795580000,0x0000000795619a88,0x0000000797600000)
  from space 5120K, 99% used [0x0000000797b00000,0x0000000797ffe920,0x0000000798000000)
  to   space 5120K, 0% used [0x0000000797600000,0x0000000797600000,0x0000000797b00000)
 ParOldGen       total 87552K, used 3272K [0x0000000740000000, 0x0000000745580000, 0x0000000795580000)
  object space 87552K, 3% used [0x0000000740000000,0x0000000740332368,0x0000000745580000)
 Metaspace       used 20830K, capacity 21231K, committed 21248K, reserved 1069056K
  class space    used 2164K, capacity 2294K, committed 2304K, reserved 1048576K
Event: 3.675 GC heap after
Heap after GC invocations=3 (full 0):
 PSYoungGen      total 38400K, used 5100K [0x0000000795580000, 0x000000079a080000, 0x00000007c0000000)
  eden space 33280K, 0% used [0x0000000795580000,0x0000000795580000,0x0000000797600000)
  from space 5120K, 99% used [0x0000000797600000,0x0000000797afb2c8,0x0000000797b00000)
  to   space 5120K, 0% used [0x0000000799b80000,0x0000000799b80000,0x000000079a080000)
 ParOldGen       total 87552K, used 3360K [0x0000000740000000, 0x0000000745580000, 0x0000000795580000)
  object space 87552K, 3% used [0x0000000740000000,0x0000000740348368,0x0000000745580000)
 Metaspace       used 20830K, capacity 21231K, committed 21248K, reserved 1069056K
  class space    used 2164K, capacity 2294K, committed 2304K, reserved 1048576K
}
Event: 3.675 GC heap before
{Heap before GC invocations=4 (full 1):
 PSYoungGen      total 38400K, used 5100K [0x0000000795580000, 0x000000079a080000, 0x00000007c0000000)
  eden space 33280K, 0% used [0x0000000795580000,0x0000000795580000,0x0000000797600000)
  from space 5120K, 99% used [0x0000000797600000,0x0000000797afb2c8,0x0000000797b00000)
  to   space 5120K, 0% used [0x0000000799b80000,0x0000000799b80000,0x000000079a080000)
 ParOldGen       total 87552K, used 3360K [0x0000000740000000, 0x0000000745580000, 0x0000000795580000)
  object space 87552K, 3% used [0x0000000740000000,0x0000000740348368,0x0000000745580000)
 Metaspace       used 20830K, capacity 21231K, committed 21248K, reserved 1069056K
  class space    used 2164K, capacity 2294K, committed 2304K, reserved 1048576K
Event: 3.706 GC heap after
Heap after GC invocations=4 (full 1):
 PSYoungGen      total 38400K, used 0K [0x0000000795580000, 0x000000079a080000, 0x00000007c0000000)
  eden space 33280K, 0% used [0x0000000795580000,0x0000000795580000,0x0000000797600000)
  from space 5120K, 0% used [0x0000000797600000,0x0000000797600000,0x0000000797b00000)
  to   space 5120K, 0% used [0x0000000799b80000,0x0000000799b80000,0x000000079a080000)
 ParOldGen       total 47104K, used 7205K [0x0000000740000000, 0x0000000742e00000, 0x0000000795580000)
  object space 47104K, 15% used [0x0000000740000000,0x0000000740709460,0x0000000742e00000)
 Metaspace       used 20830K, capacity 21231K, committed 21248K, reserved 1069056K
  class space    used 2164K, capacity 2294K, committed 2304K, reserved 1048576K
}
Event: 4.527 GC heap before
{Heap before GC invocations=5 (full 1):
 PSYoungGen      total 38400K, used 33280K [0x0000000795580000, 0x000000079a080000, 0x00000007c0000000)
  eden space 33280K, 100% used [0x0000000795580000,0x0000000797600000,0x0000000797600000)
  from space 5120K, 0% used [0x0000000797600000,0x0000000797600000,0x0000000797b00000)
  to   space 5120K, 0% used [0x0000000799b80000,0x0000000799b80000,0x000000079a080000)
 ParOldGen       total 47104K, used 7205K [0x0000000740000000, 0x0000000742e00000, 0x0000000795580000)
  object space 47104K, 15% used [0x0000000740000000,0x0000000740709460,0x0000000742e00000)
 Metaspace       used 23568K, capacity 23937K, committed 24064K, reserved 1071104K
  class space    used 2426K, capacity 2553K, committed 2560K, reserved 1048576K
Event: 4.541 GC heap after
Heap after GC invocations=5 (full 1):
 PSYoungGen      total 69120K, used 5105K [0x0000000795580000, 0x000000079a080000, 0x00000007c0000000)
  eden space 64000K, 0% used [0x0000000795580000,0x0000000795580000,0x0000000799400000)
  from space 5120K, 99% used [0x0000000799b80000,0x000000079a07c570,0x000000079a080000)
  to   space 5120K, 0% used [0x0000000799680000,0x0000000799680000,0x0000000799b80000)
 ParOldGen       total 47104K, used 13944K [0x0000000740000000, 0x0000000742e00000, 0x0000000795580000)
  object space 47104K, 29% used [0x0000000740000000,0x0000000740d9e3b0,0x0000000742e00000)
 Metaspace       used 23568K, capacity 23937K, committed 24064K, reserved 1071104K
  class space    used 2426K, capacity 2553K, committed 2560K, reserved 1048576K
}
Event: 8.626 GC heap before
{Heap before GC invocations=6 (full 1):
 PSYoungGen      total 69120K, used 69105K [0x0000000795580000, 0x000000079a080000, 0x00000007c0000000)
  eden space 64000K, 100% used [0x0000000795580000,0x0000000799400000,0x0000000799400000)
  from space 5120K, 99% used [0x0000000799b80000,0x000000079a07c570,0x000000079a080000)
  to   space 5120K, 0% used [0x0000000799680000,0x0000000799680000,0x0000000799b80000)
 ParOldGen       total 47104K, used 13944K [0x0000000740000000, 0x0000000742e00000, 0x0000000795580000)
  object space 47104K, 29% used [0x0000000740000000,0x0000000740d9e3b0,0x0000000742e00000)
 Metaspace       used 24495K, capacity 24881K, committed 25216K, reserved 1071104K
  class space    used 2461K, capacity 2587K, committed 2688K, reserved 1048576K
Event: 8.637 GC heap after
Heap after GC invocations=6 (full 1):
 PSYoungGen      total 71680K, used 5105K [0x0000000795580000, 0x000000079e500000, 0x00000007c0000000)
  eden space 66560K, 0% used [0x0000000795580000,0x0000000795580000,0x0000000799680000)
  from space 5120K, 99% used [0x0000000799680000,0x0000000799b7c590,0x0000000799b80000)
  to   space 12800K, 0% used [0x000000079d880000,0x000000079d880000,0x000000079e500000)
 ParOldGen       total 47104K, used 17774K [0x0000000740000000, 0x0000000742e00000, 0x0000000795580000)
  object space 47104K, 37% used [0x0000000740000000,0x000000074115ba20,0x0000000742e00000)
 Metaspace       used 24495K, capacity 24881K, committed 25216K, reserved 1071104K
  class space    used 2461K, capacity 2587K, committed 2688K, reserved 1048576K
}
Event: 14.610 GC heap before
{Heap before GC invocations=7 (full 1):
 PSYoungGen      total 71680K, used 71665K [0x0000000795580000, 0x000000079e500000, 0x00000007c0000000)
  eden space 66560K, 100% used [0x0000000795580000,0x0000000799680000,0x0000000799680000)
  from space 5120K, 99% used [0x0000000799680000,0x0000000799b7c590,0x0000000799b80000)
  to   space 12800K, 0% used [0x000000079d880000,0x000000079d880000,0x000000079e500000)
 ParOldGen       total 47104K, used 17774K [0x0000000740000000, 0x0000000742e00000, 0x0000000795580000)
  object space 47104K, 37% used [0x0000000740000000,0x000000074115ba20,0x0000000742e00000)
 Metaspace       used 24865K, capacity 25265K, committed 25472K, reserved 1073152K
  class space    used 2461K, capacity 2587K, committed 2688K, reserved 1048576K
Event: 14.617 GC heap after
Heap after GC invocations=7 (full 1):
 PSYoungGen      total 134144K, used 4945K [0x0000000795580000, 0x000000079e780000, 0x00000007c0000000)
  eden space 121344K, 0% used [0x0000000795580000,0x0000000795580000,0x000000079cc00000)
  from space 12800K, 38% used [0x000000079d880000,0x000000079dd54550,0x000000079e500000)
  to   space 12800K, 0% used [0x000000079cc00000,0x000000079cc00000,0x000000079d880000)
 ParOldGen       total 47104K, used 17774K [0x0000000740000000, 0x0000000742e00000, 0x0000000795580000)
  object space 47104K, 37% used [0x0000000740000000,0x000000074115ba20,0x0000000742e00000)
 Metaspace       used 24865K, capacity 25265K, committed 25472K, reserved 1073152K
  class space    used 2461K, capacity 2587K, committed 2688K, reserved 1048576K
}

