# JRE version: Java(TM) SE Runtime Environment (8.0_131-b11) (build 1.8.0_131-b11)
# Java VM: Java HotSpot(TM) 64-Bit Server VM (25.131-b11 mixed mode bsd-amd64 compressed oops)
Heap:
 PSYoungGen      total 50688K, used 50387K [0x0000000795580000, 0x0000000798d80000, 0x00000007c0000000)
  eden space 45568K, 99% used [0x0000000795580000,0x00000007981b8988,0x0000000798200000)
  from space 5120K, 99% used [0x0000000798880000,0x0000000798d7c590,0x0000000798d80000)
  to   space 5120K, 0% used [0x0000000798380000,0x0000000798380000,0x0000000798880000)
 ParOldGen       total 67584K, used 19940K [0x0000000740000000, 0x0000000744200000, 0x0000000795580000)
  object space 67584K, 29% used [0x0000000740000000,0x0000000741379128,0x0000000744200000)
 Metaspace       used 24776K, capacity 25189K, committed 25472K, reserved 1073152K
  class space    used 2478K, capacity 2587K, committed 2688K, reserved 1048576K
GC Heap History (10 events):
Event: 2.719 GC heap before
{Heap before GC invocations=1 (full 0):
 PSYoungGen      total 38400K, used 33280K [0x0000000795580000, 0x0000000798000000, 0x00000007c0000000)
  eden space 33280K, 100% used [0x0000000795580000,0x0000000797600000,0x0000000797600000)
  from space 5120K, 0% used [0x0000000797b00000,0x0000000797b00000,0x0000000798000000)
  to   space 5120K, 0% used [0x0000000797600000,0x0000000797600000,0x0000000797b00000)
 ParOldGen       total 87552K, used 0K [0x0000000740000000, 0x0000000745580000, 0x0000000795580000)
  object space 87552K, 0% used [0x0000000740000000,0x0000000740000000,0x0000000745580000)
 Metaspace       used 16132K, capacity 16457K, committed 16640K, reserved 1064960K
  class space    used 1663K, capacity 1761K, committed 1792K, reserved 1048576K
Event: 2.725 GC heap after
Heap after GC invocations=1 (full 0):
 PSYoungGen      total 38400K, used 5010K [0x0000000795580000, 0x0000000798000000, 0x00000007c0000000)
  eden space 33280K, 0% used [0x0000000795580000,0x0000000795580000,0x0000000797600000)
  from space 5120K, 97% used [0x0000000797600000,0x0000000797ae4a68,0x0000000797b00000)
  to   space 5120K, 0% used [0x0000000797b00000,0x0000000797b00000,0x0000000798000000)
 ParOldGen       total 87552K, used 8K [0x0000000740000000, 0x0000000745580000, 0x0000000795580000)
  object space 87552K, 0% used [0x0000000740000000,0x0000000740002000,0x0000000745580000)
 Metaspace       used 16132K, capacity 16457K, committed 16640K, reserved 1064960K
  class space    used 1663K, capacity 1761K, committed 1792K, reserved 1048576K
}
Event: 3.765 GC heap before
{Heap before GC invocations=2 (full 0):
 PSYoungGen      total 38400K, used 37562K [0x0000000795580000, 0x0000000798000000, 0x00000007c0000000)
  eden space 33280K, 97% used [0x0000000795580000,0x000000079754a138,0x0000000797600000)
  from space 5120K, 97% used [0x0000000797600000,0x0000000797ae4a68,0x0000000797b00000)
  to   space 5120K, 0% used [0x0000000797b00000,0x0000000797b00000,0x0000000798000000)
 ParOldGen       total 87552K, used 8K [0x0000000740000000, 0x0000000745580000, 0x0000000795580000)
  object space 87552K, 0% used [0x0000000740000000,0x0000000740002000,0x0000000745580000)
 Metaspace       used 20836K, capacity 21219K, committed 21248K, reserved 1069056K
  class space    used 2172K, capacity 2294K, committed 2304K, reserved 1048576K
Event: 3.777 GC heap after
Heap after GC invocations=2 (full 0):
 PSYoungGen      total 38400K, used 5104K [0x0000000795580000, 0x0000000798000000, 0x00000007c0000000)
  eden space 33280K, 0% used [0x0000000795580000,0x0000000795580000,0x0000000797600000)
  from space 5120K, 99% used [0x0000000797b00000,0x0000000797ffc2b0,0x0000000798000000)
  to   space 5120K, 0% used [0x0000000797600000,0x0000000797600000,0x0000000797b00000)
 ParOldGen       total 87552K, used 3337K [0x0000000740000000, 0x0000000745580000, 0x0000000795580000)
  object space 87552K, 3% used [0x0000000740000000,0x00000007403425b0,0x0000000745580000)
 Metaspace       used 20836K, capacity 21219K, committed 21248K, reserved 1069056K
  class space    used 2172K, capacity 2294K, committed 2304K, reserved 1048576K
}
Event: 3.777 GC heap before
{Heap before GC invocations=3 (full 1):
 PSYoungGen      total 38400K, used 5104K [0x0000000795580000, 0x0000000798000000, 0x00000007c0000000)
  eden space 33280K, 0% used [0x0000000795580000,0x0000000795580000,0x0000000797600000)
  from space 5120K, 99% used [0x0000000797b00000,0x0000000797ffc2b0,0x0000000798000000)
  to   space 5120K, 0% used [0x0000000797600000,0x0000000797600000,0x0000000797b00000)
 ParOldGen       total 87552K, used 3337K [0x0000000740000000, 0x0000000745580000, 0x0000000795580000)
  object space 87552K, 3% used [0x0000000740000000,0x00000007403425b0,0x0000000745580000)
 Metaspace       used 20836K, capacity 21219K, committed 21248K, reserved 1069056K
  class space    used 2172K, capacity 2294K, committed 2304K, reserved 1048576K
Event: 3.818 GC heap after
Heap after GC invocations=3 (full 1):
 PSYoungGen      total 38400K, used 0K [0x0000000795580000, 0x0000000798000000, 0x00000007c0000000)
  eden space 33280K, 0% used [0x0000000795580000,0x0000000795580000,0x0000000797600000)
  from space 5120K, 0% used [0x0000000797b00000,0x0000000797b00000,0x0000000798000000)
  to   space 5120K, 0% used [0x0000000797600000,0x0000000797600000,0x0000000797b00000)
 ParOldGen       total 67584K, used 8308K [0x0000000740000000, 0x0000000744200000, 0x0000000795580000)
  object space 67584K, 12% used [0x0000000740000000,0x000000074081d040,0x0000000744200000)
 Metaspace       used 20836K, capacity 21219K, committed 21248K, reserved 1069056K
  class space    used 2172K, capacity 2294K, committed 2304K, reserved 1048576K
}
Event: 4.477 GC heap before
{Heap before GC invocations=4 (full 1):
 PSYoungGen      total 38400K, used 33167K [0x0000000795580000, 0x0000000798000000, 0x00000007c0000000)
  eden space 33280K, 99% used [0x0000000795580000,0x00000007975e3fc0,0x0000000797600000)
  from space 5120K, 0% used [0x0000000797b00000,0x0000000797b00000,0x0000000798000000)
  to   space 5120K, 0% used [0x0000000797600000,0x0000000797600000,0x0000000797b00000)
 ParOldGen       total 67584K, used 8308K [0x0000000740000000, 0x0000000744200000, 0x0000000795580000)
  object space 67584K, 12% used [0x0000000740000000,0x000000074081d040,0x0000000744200000)
 Metaspace       used 23571K, capacity 23989K, committed 24064K, reserved 1071104K
  class space    used 2434K, capacity 2553K, committed 2560K, reserved 1048576K
Event: 4.484 GC heap after
Heap after GC invocations=4 (full 1):
 PSYoungGen      total 38400K, used 5089K [0x0000000795580000, 0x0000000798d80000, 0x00000007c0000000)
  eden space 33280K, 0% used [0x0000000795580000,0x0000000795580000,0x0000000797600000)
  from space 5120K, 99% used [0x0000000797600000,0x0000000797af8600,0x0000000797b00000)
  to   space 5120K, 0% used [0x0000000798880000,0x0000000798880000,0x0000000798d80000)
 ParOldGen       total 67584K, used 16136K [0x0000000740000000, 0x0000000744200000, 0x0000000795580000)
  object space 67584K, 23% used [0x0000000740000000,0x0000000740fc2080,0x0000000744200000)
 Metaspace       used 23571K, capacity 23989K, committed 24064K, reserved 1071104K
  class space    used 2434K, capacity 2553K, committed 2560K, reserved 1048576K
}
Event: 6.041 GC heap before
{Heap before GC invocations=5 (full 1):
 PSYoungGen      total 38400K, used 38369K [0x0000000795580000, 0x0000000798d80000, 0x00000007c0000000)
  eden space 33280K, 100% used [0x0000000795580000,0x0000000797600000,0x0000000797600000)
  from space 5120K, 99% used [0x0000000797600000,0x0000000797af8600,0x0000000797b00000)
  to   space 5120K, 0% used [0x0000000798880000,0x0000000798880000,0x0000000798d80000)
 ParOldGen       total 67584K, used 16136K [0x0000000740000000, 0x0000000744200000, 0x0000000795580000)
  object space 67584K, 23% used [0x0000000740000000,0x0000000740fc2080,0x0000000744200000)
 Metaspace       used 24084K, capacity 24479K, committed 24704K, reserved 1071104K
  class space    used 2447K, capacity 2586K, committed 2688K, reserved 1048576K
Event: 6.045 GC heap after
Heap after GC invocations=5 (full 1):
 PSYoungGen      total 50688K, used 5105K [0x0000000795580000, 0x0000000798d80000, 0x00000007c0000000)
  eden space 45568K, 0% used [0x0000000795580000,0x0000000795580000,0x0000000798200000)
  from space 5120K, 99% used [0x0000000798880000,0x0000000798d7c590,0x0000000798d80000)
  to   space 5120K, 0% used [0x0000000798380000,0x0000000798380000,0x0000000798880000)
 ParOldGen       total 67584K, used 19940K [0x0000000740000000, 0x0000000744200000, 0x0000000795580000)
  object space 67584K, 29% used [0x0000000740000000,0x0000000741379128,0x0000000744200000)
 Metaspace       used 24084K, capacity 24479K, committed 24704K, reserved 1071104K
  class space    used 2447K, capacity 2586K, committed 2688K, reserved 1048576K
}

