# JRE version: Java(TM) SE Runtime Environment (8.0_131-b11) (build 1.8.0_131-b11)
# Java VM: Java HotSpot(TM) 64-Bit Server VM (25.131-b11 mixed mode bsd-amd64 compressed oops)
Heap:
 PSYoungGen      total 110080K, used 20199K [0x0000000795580000, 0x000000079d800000, 0x00000007c0000000)
  eden space 97280K, 15% used [0x0000000795580000,0x00000007963f1870,0x000000079b480000)
  from space 12800K, 42% used [0x000000079c100000,0x000000079c648550,0x000000079cd80000)
  to   space 12800K, 0% used [0x000000079b480000,0x000000079b480000,0x000000079c100000)
 ParOldGen       total 52224K, used 17656K [0x0000000740000000, 0x0000000743300000, 0x0000000795580000)
  object space 52224K, 33% used [0x0000000740000000,0x000000074113e3e0,0x0000000743300000)
 Metaspace       used 24955K, capacity 25329K, committed 25728K, reserved 1073152K
  class space    used 2467K, capacity 2587K, committed 2688K, reserved 1048576K
GC Heap History (10 events):
Event: 3.625 GC heap before
{Heap before GC invocations=3 (full 0):
 PSYoungGen      total 38400K, used 5855K [0x0000000795580000, 0x0000000798000000, 0x00000007c0000000)
  eden space 33280K, 2% used [0x0000000795580000,0x000000079563be00,0x0000000797600000)
  from space 5120K, 99% used [0x0000000797b00000,0x0000000797ffc070,0x0000000798000000)
  to   space 5120K, 0% used [0x0000000797600000,0x0000000797600000,0x0000000797b00000)
 ParOldGen       total 87552K, used 3241K [0x0000000740000000, 0x0000000745580000, 0x0000000795580000)
  object space 87552K, 3% used [0x0000000740000000,0x000000074032a468,0x0000000745580000)
 Metaspace       used 20759K, capacity 21171K, committed 21248K, reserved 1069056K
  class space    used 2155K, capacity 2294K, committed 2304K, reserved 1048576K
Event: 3.632 GC heap after
Heap after GC invocations=3 (full 0):
 PSYoungGen      total 38400K, used 5099K [0x0000000795580000, 0x000000079a080000, 0x00000007c0000000)
  eden space 33280K, 0% used [0x0000000795580000,0x0000000795580000,0x0000000797600000)
  from space 5120K, 99% used [0x0000000797600000,0x0000000797afad50,0x0000000797b00000)
  to   space 5120K, 0% used [0x0000000799b80000,0x0000000799b80000,0x000000079a080000)
 ParOldGen       total 87552K, used 3387K [0x0000000740000000, 0x0000000745580000, 0x0000000795580000)
  object space 87552K, 3% used [0x0000000740000000,0x000000074034ec40,0x0000000745580000)
 Metaspace       used 20759K, capacity 21171K, committed 21248K, reserved 1069056K
  class space    used 2155K, capacity 2294K, committed 2304K, reserved 1048576K
}
Event: 3.632 GC heap before
{Heap before GC invocations=4 (full 1):
 PSYoungGen      total 38400K, used 5099K [0x0000000795580000, 0x000000079a080000, 0x00000007c0000000)
  eden space 33280K, 0% used [0x0000000795580000,0x0000000795580000,0x0000000797600000)
  from space 5120K, 99% used [0x0000000797600000,0x0000000797afad50,0x0000000797b00000)
  to   space 5120K, 0% used [0x0000000799b80000,0x0000000799b80000,0x000000079a080000)
 ParOldGen       total 87552K, used 3387K [0x0000000740000000, 0x0000000745580000, 0x0000000795580000)
  object space 87552K, 3% used [0x0000000740000000,0x000000074034ec40,0x0000000745580000)
 Metaspace       used 20759K, capacity 21171K, committed 21248K, reserved 1069056K
  class space    used 2155K, capacity 2294K, committed 2304K, reserved 1048576K
Event: 3.668 GC heap after
Heap after GC invocations=4 (full 1):
 PSYoungGen      total 38400K, used 0K [0x0000000795580000, 0x000000079a080000, 0x00000007c0000000)
  eden space 33280K, 0% used [0x0000000795580000,0x0000000795580000,0x0000000797600000)
  from space 5120K, 0% used [0x0000000797600000,0x0000000797600000,0x0000000797b00000)
  to   space 5120K, 0% used [0x0000000799b80000,0x0000000799b80000,0x000000079a080000)
 ParOldGen       total 52224K, used 7218K [0x0000000740000000, 0x0000000743300000, 0x0000000795580000)
  object space 52224K, 13% used [0x0000000740000000,0x000000074070c938,0x0000000743300000)
 Metaspace       used 20759K, capacity 21171K, committed 21248K, reserved 1069056K
  class space    used 2155K, capacity 2294K, committed 2304K, reserved 1048576K
}
Event: 4.482 GC heap before
{Heap before GC invocations=5 (full 1):
 PSYoungGen      total 38400K, used 33280K [0x0000000795580000, 0x000000079a080000, 0x00000007c0000000)
  eden space 33280K, 100% used [0x0000000795580000,0x0000000797600000,0x0000000797600000)
  from space 5120K, 0% used [0x0000000797600000,0x0000000797600000,0x0000000797b00000)
  to   space 5120K, 0% used [0x0000000799b80000,0x0000000799b80000,0x000000079a080000)
 ParOldGen       total 52224K, used 7218K [0x0000000740000000, 0x0000000743300000, 0x0000000795580000)
  object space 52224K, 13% used [0x0000000740000000,0x000000074070c938,0x0000000743300000)
 Metaspace       used 23603K, capacity 24005K, committed 24064K, reserved 1071104K
  class space    used 2424K, capacity 2553K, committed 2560K, reserved 1048576K
Event: 4.490 GC heap after
Heap after GC invocations=5 (full 1):
 PSYoungGen      total 62976K, used 5115K [0x0000000795580000, 0x000000079a080000, 0x00000007c0000000)
  eden space 57856K, 0% used [0x0000000795580000,0x0000000795580000,0x0000000798e00000)
  from space 5120K, 99% used [0x0000000799b80000,0x000000079a07ef10,0x000000079a080000)
  to   space 5120K, 0% used [0x0000000799680000,0x0000000799680000,0x0000000799b80000)
 ParOldGen       total 52224K, used 14067K [0x0000000740000000, 0x0000000743300000, 0x0000000795580000)
  object space 52224K, 26% used [0x0000000740000000,0x0000000740dbcf58,0x0000000743300000)
 Metaspace       used 23603K, capacity 24005K, committed 24064K, reserved 1071104K
  class space    used 2424K, capacity 2553K, committed 2560K, reserved 1048576K
}
Event: 7.325 GC heap before
{Heap before GC invocations=6 (full 1):
 PSYoungGen      total 62976K, used 62971K [0x0000000795580000, 0x000000079a080000, 0x00000007c0000000)
  eden space 57856K, 100% used [0x0000000795580000,0x0000000798e00000,0x0000000798e00000)
  from space 5120K, 99% used [0x0000000799b80000,0x000000079a07ef10,0x000000079a080000)
  to   space 5120K, 0% used [0x0000000799680000,0x0000000799680000,0x0000000799b80000)
 ParOldGen       total 52224K, used 14067K [0x0000000740000000, 0x0000000743300000, 0x0000000795580000)
  object space 52224K, 26% used [0x0000000740000000,0x0000000740dbcf58,0x0000000743300000)
 Metaspace       used 24292K, capacity 24657K, committed 24832K, reserved 1071104K
  class space    used 2437K, capacity 2555K, committed 2560K, reserved 1048576K
Event: 7.331 GC heap after
Heap after GC invocations=6 (full 1):
 PSYoungGen      total 71680K, used 5089K [0x0000000795580000, 0x000000079cd80000, 0x00000007c0000000)
  eden space 66560K, 0% used [0x0000000795580000,0x0000000795580000,0x0000000799680000)
  from space 5120K, 99% used [0x0000000799680000,0x0000000799b78550,0x0000000799b80000)
  to   space 12800K, 0% used [0x000000079c100000,0x000000079c100000,0x000000079cd80000)
 ParOldGen       total 52224K, used 17648K [0x0000000740000000, 0x0000000743300000, 0x0000000795580000)
  object space 52224K, 33% used [0x0000000740000000,0x000000074113c3e0,0x0000000743300000)
 Metaspace       used 24292K, capacity 24657K, committed 24832K, reserved 1071104K
  class space    used 2437K, capacity 2555K, committed 2560K, reserved 1048576K
}
Event: 13.663 GC heap before
{Heap before GC invocations=7 (full 1):
 PSYoungGen      total 71680K, used 71649K [0x0000000795580000, 0x000000079cd80000, 0x00000007c0000000)
  eden space 66560K, 100% used [0x0000000795580000,0x0000000799680000,0x0000000799680000)
  from space 5120K, 99% used [0x0000000799680000,0x0000000799b78550,0x0000000799b80000)
  to   space 12800K, 0% used [0x000000079c100000,0x000000079c100000,0x000000079cd80000)
 ParOldGen       total 52224K, used 17648K [0x0000000740000000, 0x0000000743300000, 0x0000000795580000)
  object space 52224K, 33% used [0x0000000740000000,0x000000074113c3e0,0x0000000743300000)
 Metaspace       used 24916K, capacity 25329K, committed 25728K, reserved 1073152K
  class space    used 2459K, capacity 2587K, committed 2688K, reserved 1048576K
Event: 13.671 GC heap after
Heap after GC invocations=7 (full 1):
 PSYoungGen      total 110080K, used 5409K [0x0000000795580000, 0x000000079d800000, 0x00000007c0000000)
  eden space 97280K, 0% used [0x0000000795580000,0x0000000795580000,0x000000079b480000)
  from space 12800K, 42% used [0x000000079c100000,0x000000079c648550,0x000000079cd80000)
  to   space 12800K, 0% used [0x000000079b480000,0x000000079b480000,0x000000079c100000)
 ParOldGen       total 52224K, used 17656K [0x0000000740000000, 0x0000000743300000, 0x0000000795580000)
  object space 52224K, 33% used [0x0000000740000000,0x000000074113e3e0,0x0000000743300000)
 Metaspace       used 24916K, capacity 25329K, committed 25728K, reserved 1073152K
  class space    used 2459K, capacity 2587K, committed 2688K, reserved 1048576K
}

