# JRE version: Java(TM) SE Runtime Environment (8.0_131-b11) (build 1.8.0_131-b11)
# Java VM: Java HotSpot(TM) 64-Bit Server VM (25.131-b11 mixed mode bsd-amd64 compressed oops)
Heap:
 PSYoungGen      total 46592K, used 29288K [0x0000000795580000, 0x0000000798d80000, 0x00000007c0000000)
  eden space 36864K, 79% used [0x0000000795580000,0x0000000797202330,0x0000000797980000)
  from space 9728K, 0% used [0x0000000798400000,0x0000000798418000,0x0000000798d80000)
  to   space 10240K, 0% used [0x0000000797980000,0x0000000797980000,0x0000000798380000)
 ParOldGen       total 72192K, used 18872K [0x0000000740000000, 0x0000000744680000, 0x0000000795580000)
  object space 72192K, 26% used [0x0000000740000000,0x000000074126e3d8,0x0000000744680000)
 Metaspace       used 21670K, capacity 22043K, committed 22272K, reserved 1069056K
  class space    used 2129K, capacity 2248K, committed 2304K, reserved 1048576K
GC Heap History (10 events):
Event: 134.607 GC heap before
{Heap before GC invocations=19 (full 1):
 PSYoungGen      total 44544K, used 44360K [0x0000000795580000, 0x0000000798e00000, 0x00000007c0000000)
  eden space 39424K, 100% used [0x0000000795580000,0x0000000797c00000,0x0000000797c00000)
  from space 5120K, 96% used [0x0000000797c80000,0x0000000798152150,0x0000000798180000)
  to   space 9216K, 0% used [0x0000000798500000,0x0000000798500000,0x0000000798e00000)
 ParOldGen       total 72192K, used 14030K [0x0000000740000000, 0x0000000744680000, 0x0000000795580000)
  object space 72192K, 19% used [0x0000000740000000,0x0000000740db3848,0x0000000744680000)
 Metaspace       used 21632K, capacity 21947K, committed 22272K, reserved 1069056K
  class space    used 2120K, capacity 2216K, committed 2304K, reserved 1048576K
Event: 134.609 GC heap after
Heap after GC invocations=19 (full 1):
 PSYoungGen      total 47616K, used 4936K [0x0000000795580000, 0x0000000798d80000, 0x00000007c0000000)
  eden space 38912K, 0% used [0x0000000795580000,0x0000000795580000,0x0000000797b80000)
  from space 8704K, 56% used [0x0000000798500000,0x00000007989d2150,0x0000000798d80000)
  to   space 9216K, 0% used [0x0000000797b80000,0x0000000797b80000,0x0000000798480000)
 ParOldGen       total 72192K, used 14030K [0x0000000740000000, 0x0000000744680000, 0x0000000795580000)
  object space 72192K, 19% used [0x0000000740000000,0x0000000740db3848,0x0000000744680000)
 Metaspace       used 21632K, capacity 21947K, committed 22272K, reserved 1069056K
  class space    used 2120K, capacity 2216K, committed 2304K, reserved 1048576K
}
Event: 143.611 GC heap before
{Heap before GC invocations=20 (full 1):
 PSYoungGen      total 47616K, used 43848K [0x0000000795580000, 0x0000000798d80000, 0x00000007c0000000)
  eden space 38912K, 100% used [0x0000000795580000,0x0000000797b80000,0x0000000797b80000)
  from space 8704K, 56% used [0x0000000798500000,0x00000007989d2150,0x0000000798d80000)
  to   space 9216K, 0% used [0x0000000797b80000,0x0000000797b80000,0x0000000798480000)
 ParOldGen       total 72192K, used 14030K [0x0000000740000000, 0x0000000744680000, 0x0000000795580000)
  object space 72192K, 19% used [0x0000000740000000,0x0000000740db3848,0x0000000744680000)
 Metaspace       used 21632K, capacity 21947K, committed 22272K, reserved 1069056K
  class space    used 2120K, capacity 2216K, committed 2304K, reserved 1048576K
Event: 143.615 GC heap after
Heap after GC invocations=20 (full 1):
 PSYoungGen      total 39936K, used 1080K [0x0000000795580000, 0x0000000798d00000, 0x00000007c0000000)
  eden space 38400K, 0% used [0x0000000795580000,0x0000000795580000,0x0000000797b00000)
  from space 1536K, 70% used [0x0000000797b80000,0x0000000797c8e040,0x0000000797d00000)
  to   space 9216K, 0% used [0x0000000798400000,0x0000000798400000,0x0000000798d00000)
 ParOldGen       total 72192K, used 17838K [0x0000000740000000, 0x0000000744680000, 0x0000000795580000)
  object space 72192K, 24% used [0x0000000740000000,0x000000074116b9e8,0x0000000744680000)
 Metaspace       used 21632K, capacity 21947K, committed 22272K, reserved 1069056K
  class space    used 2120K, capacity 2216K, committed 2304K, reserved 1048576K
}
Event: 152.500 GC heap before
{Heap before GC invocations=21 (full 1):
 PSYoungGen      total 39936K, used 39480K [0x0000000795580000, 0x0000000798d00000, 0x00000007c0000000)
  eden space 38400K, 100% used [0x0000000795580000,0x0000000797b00000,0x0000000797b00000)
  from space 1536K, 70% used [0x0000000797b80000,0x0000000797c8e040,0x0000000797d00000)
  to   space 9216K, 0% used [0x0000000798400000,0x0000000798400000,0x0000000798d00000)
 ParOldGen       total 72192K, used 17838K [0x0000000740000000, 0x0000000744680000, 0x0000000795580000)
  object space 72192K, 24% used [0x0000000740000000,0x000000074116b9e8,0x0000000744680000)
 Metaspace       used 21632K, capacity 21947K, committed 22272K, reserved 1069056K
  class space    used 2120K, capacity 2216K, committed 2304K, reserved 1048576K
Event: 152.501 GC heap after
Heap after GC invocations=21 (full 1):
 PSYoungGen      total 47104K, used 160K [0x0000000795580000, 0x0000000798d80000, 0x00000007c0000000)
  eden space 37888K, 0% used [0x0000000795580000,0x0000000795580000,0x0000000797a80000)
  from space 9216K, 1% used [0x0000000798400000,0x0000000798428000,0x0000000798d00000)
  to   space 9728K, 0% used [0x0000000797a80000,0x0000000797a80000,0x0000000798400000)
 ParOldGen       total 72192K, used 18768K [0x0000000740000000, 0x0000000744680000, 0x0000000795580000)
  object space 72192K, 25% used [0x0000000740000000,0x00000007412543d8,0x0000000744680000)
 Metaspace       used 21632K, capacity 21947K, committed 22272K, reserved 1069056K
  class space    used 2120K, capacity 2216K, committed 2304K, reserved 1048576K
}
Event: 161.286 GC heap before
{Heap before GC invocations=22 (full 1):
 PSYoungGen      total 47104K, used 38048K [0x0000000795580000, 0x0000000798d80000, 0x00000007c0000000)
  eden space 37888K, 100% used [0x0000000795580000,0x0000000797a80000,0x0000000797a80000)
  from space 9216K, 1% used [0x0000000798400000,0x0000000798428000,0x0000000798d00000)
  to   space 9728K, 0% used [0x0000000797a80000,0x0000000797a80000,0x0000000798400000)
 ParOldGen       total 72192K, used 18768K [0x0000000740000000, 0x0000000744680000, 0x0000000795580000)
  object space 72192K, 25% used [0x0000000740000000,0x00000007412543d8,0x0000000744680000)
 Metaspace       used 21632K, capacity 21947K, committed 22272K, reserved 1069056K
  class space    used 2120K, capacity 2216K, committed 2304K, reserved 1048576K
Event: 161.288 GC heap after
Heap after GC invocations=22 (full 1):
 PSYoungGen      total 47104K, used 128K [0x0000000795580000, 0x0000000798e00000, 0x00000007c0000000)
  eden space 37376K, 0% used [0x0000000795580000,0x0000000795580000,0x0000000797a00000)
  from space 9728K, 1% used [0x0000000797a80000,0x0000000797aa0000,0x0000000798400000)
  to   space 10240K, 0% used [0x0000000798400000,0x0000000798400000,0x0000000798e00000)
 ParOldGen       total 72192K, used 18824K [0x0000000740000000, 0x0000000744680000, 0x0000000795580000)
  object space 72192K, 26% used [0x0000000740000000,0x00000007412623d8,0x0000000744680000)
 Metaspace       used 21632K, capacity 21947K, committed 22272K, reserved 1069056K
  class space    used 2120K, capacity 2216K, committed 2304K, reserved 1048576K
}
Event: 169.961 GC heap before
{Heap before GC invocations=23 (full 1):
 PSYoungGen      total 47104K, used 37504K [0x0000000795580000, 0x0000000798e00000, 0x00000007c0000000)
  eden space 37376K, 100% used [0x0000000795580000,0x0000000797a00000,0x0000000797a00000)
  from space 9728K, 1% used [0x0000000797a80000,0x0000000797aa0000,0x0000000798400000)
  to   space 10240K, 0% used [0x0000000798400000,0x0000000798400000,0x0000000798e00000)
 ParOldGen       total 72192K, used 18824K [0x0000000740000000, 0x0000000744680000, 0x0000000795580000)
  object space 72192K, 26% used [0x0000000740000000,0x00000007412623d8,0x0000000744680000)
 Metaspace       used 21632K, capacity 21947K, committed 22272K, reserved 1069056K
  class space    used 2120K, capacity 2216K, committed 2304K, reserved 1048576K
Event: 169.963 GC heap after
Heap after GC invocations=23 (full 1):
 PSYoungGen      total 46592K, used 96K [0x0000000795580000, 0x0000000798d80000, 0x00000007c0000000)
  eden space 36864K, 0% used [0x0000000795580000,0x0000000795580000,0x0000000797980000)
  from space 9728K, 0% used [0x0000000798400000,0x0000000798418000,0x0000000798d80000)
  to   space 10240K, 0% used [0x0000000797980000,0x0000000797980000,0x0000000798380000)
 ParOldGen       total 72192K, used 18872K [0x0000000740000000, 0x0000000744680000, 0x0000000795580000)
  object space 72192K, 26% used [0x0000000740000000,0x000000074126e3d8,0x0000000744680000)
 Metaspace       used 21632K, capacity 21947K, committed 22272K, reserved 1069056K
  class space    used 2120K, capacity 2216K, committed 2304K, reserved 1048576K
}

