# JRE version: Java(TM) SE Runtime Environment (8.0_131-b11) (build 1.8.0_131-b11)
# Java VM: Java HotSpot(TM) 64-Bit Server VM (25.131-b11 mixed mode bsd-amd64 compressed oops)
Heap:
 PSYoungGen      total 134656K, used 104060K [0x0000000795580000, 0x000000079e880000, 0x00000007c0000000)
  eden space 121856K, 80% used [0x0000000795580000,0x000000079b5b27c8,0x000000079cc80000)
  from space 12800K, 43% used [0x000000079d900000,0x000000079de6caa8,0x000000079e580000)
  to   space 12800K, 0% used [0x000000079cc80000,0x000000079cc80000,0x000000079d900000)
 ParOldGen       total 47104K, used 17504K [0x0000000740000000, 0x0000000742e00000, 0x0000000795580000)
  object space 47104K, 37% used [0x0000000740000000,0x0000000741118030,0x0000000742e00000)
 Metaspace       used 24996K, capacity 25329K, committed 25728K, reserved 1073152K
  class space    used 2483K, capacity 2587K, committed 2688K, reserved 1048576K
GC Heap History (10 events):
Event: 4.446 GC heap before
{Heap before GC invocations=3 (full 0):
 PSYoungGen      total 38400K, used 5725K [0x0000000795580000, 0x0000000798000000, 0x00000007c0000000)
  eden space 33280K, 1% used [0x0000000795580000,0x000000079561f158,0x0000000797600000)
  from space 5120K, 99% used [0x0000000797b00000,0x0000000797ff8580,0x0000000798000000)
  to   space 5120K, 0% used [0x0000000797600000,0x0000000797600000,0x0000000797b00000)
 ParOldGen       total 87552K, used 3353K [0x0000000740000000, 0x0000000745580000, 0x0000000795580000)
  object space 87552K, 3% used [0x0000000740000000,0x0000000740346758,0x0000000745580000)
 Metaspace       used 20835K, capacity 21223K, committed 21248K, reserved 1069056K
  class space    used 2170K, capacity 2292K, committed 2304K, reserved 1048576K
Event: 4.452 GC heap after
Heap after GC invocations=3 (full 0):
 PSYoungGen      total 38400K, used 5114K [0x0000000795580000, 0x000000079a080000, 0x00000007c0000000)
  eden space 33280K, 0% used [0x0000000795580000,0x0000000795580000,0x0000000797600000)
  from space 5120K, 99% used [0x0000000797600000,0x0000000797afebf0,0x0000000797b00000)
  to   space 5120K, 0% used [0x0000000799b80000,0x0000000799b80000,0x000000079a080000)
 ParOldGen       total 87552K, used 3369K [0x0000000740000000, 0x0000000745580000, 0x0000000795580000)
  object space 87552K, 3% used [0x0000000740000000,0x000000074034a758,0x0000000745580000)
 Metaspace       used 20835K, capacity 21223K, committed 21248K, reserved 1069056K
  class space    used 2170K, capacity 2292K, committed 2304K, reserved 1048576K
}
Event: 4.452 GC heap before
{Heap before GC invocations=4 (full 1):
 PSYoungGen      total 38400K, used 5114K [0x0000000795580000, 0x000000079a080000, 0x00000007c0000000)
  eden space 33280K, 0% used [0x0000000795580000,0x0000000795580000,0x0000000797600000)
  from space 5120K, 99% used [0x0000000797600000,0x0000000797afebf0,0x0000000797b00000)
  to   space 5120K, 0% used [0x0000000799b80000,0x0000000799b80000,0x000000079a080000)
 ParOldGen       total 87552K, used 3369K [0x0000000740000000, 0x0000000745580000, 0x0000000795580000)
  object space 87552K, 3% used [0x0000000740000000,0x000000074034a758,0x0000000745580000)
 Metaspace       used 20835K, capacity 21223K, committed 21248K, reserved 1069056K
  class space    used 2170K, capacity 2292K, committed 2304K, reserved 1048576K
Event: 4.489 GC heap after
Heap after GC invocations=4 (full 1):
 PSYoungGen      total 38400K, used 0K [0x0000000795580000, 0x000000079a080000, 0x00000007c0000000)
  eden space 33280K, 0% used [0x0000000795580000,0x0000000795580000,0x0000000797600000)
  from space 5120K, 0% used [0x0000000797600000,0x0000000797600000,0x0000000797b00000)
  to   space 5120K, 0% used [0x0000000799b80000,0x0000000799b80000,0x000000079a080000)
 ParOldGen       total 47104K, used 7200K [0x0000000740000000, 0x0000000742e00000, 0x0000000795580000)
  object space 47104K, 15% used [0x0000000740000000,0x00000007407083e8,0x0000000742e00000)
 Metaspace       used 20834K, capacity 21221K, committed 21248K, reserved 1069056K
  class space    used 2169K, capacity 2291K, committed 2304K, reserved 1048576K
}
Event: 5.204 GC heap before
{Heap before GC invocations=5 (full 1):
 PSYoungGen      total 38400K, used 33267K [0x0000000795580000, 0x000000079a080000, 0x00000007c0000000)
  eden space 33280K, 99% used [0x0000000795580000,0x00000007975fced8,0x0000000797600000)
  from space 5120K, 0% used [0x0000000797600000,0x0000000797600000,0x0000000797b00000)
  to   space 5120K, 0% used [0x0000000799b80000,0x0000000799b80000,0x000000079a080000)
 ParOldGen       total 47104K, used 7456K [0x0000000740000000, 0x0000000742e00000, 0x0000000795580000)
  object space 47104K, 15% used [0x0000000740000000,0x00000007407483f8,0x0000000742e00000)
 Metaspace       used 23541K, capacity 23959K, committed 24192K, reserved 1071104K
  class space    used 2432K, capacity 2582K, committed 2688K, reserved 1048576K
Event: 5.214 GC heap after
Heap after GC invocations=5 (full 1):
 PSYoungGen      total 69120K, used 5089K [0x0000000795580000, 0x000000079a080000, 0x00000007c0000000)
  eden space 64000K, 0% used [0x0000000795580000,0x0000000795580000,0x0000000799400000)
  from space 5120K, 99% used [0x0000000799b80000,0x000000079a0785c0,0x000000079a080000)
  to   space 5120K, 0% used [0x0000000799680000,0x0000000799680000,0x0000000799b80000)
 ParOldGen       total 47104K, used 15097K [0x0000000740000000, 0x0000000742e00000, 0x0000000795580000)
  object space 47104K, 32% used [0x0000000740000000,0x0000000740ebe710,0x0000000742e00000)
 Metaspace       used 23541K, capacity 23959K, committed 24192K, reserved 1071104K
  class space    used 2432K, capacity 2582K, committed 2688K, reserved 1048576K
}
Event: 9.361 GC heap before
{Heap before GC invocations=6 (full 1):
 PSYoungGen      total 69120K, used 69089K [0x0000000795580000, 0x000000079a080000, 0x00000007c0000000)
  eden space 64000K, 100% used [0x0000000795580000,0x0000000799400000,0x0000000799400000)
  from space 5120K, 99% used [0x0000000799b80000,0x000000079a0785c0,0x000000079a080000)
  to   space 5120K, 0% used [0x0000000799680000,0x0000000799680000,0x0000000799b80000)
 ParOldGen       total 47104K, used 15099K [0x0000000740000000, 0x0000000742e00000, 0x0000000795580000)
  object space 47104K, 32% used [0x0000000740000000,0x0000000740ebef90,0x0000000742e00000)
 Metaspace       used 24325K, capacity 24751K, committed 24960K, reserved 1071104K
  class space    used 2452K, capacity 2586K, committed 2688K, reserved 1048576K
Event: 9.366 GC heap after
Heap after GC invocations=6 (full 1):
 PSYoungGen      total 71680K, used 5104K [0x0000000795580000, 0x000000079e580000, 0x00000007c0000000)
  eden space 66560K, 0% used [0x0000000795580000,0x0000000795580000,0x0000000799680000)
  from space 5120K, 99% used [0x0000000799680000,0x0000000799b7c190,0x0000000799b80000)
  to   space 12800K, 0% used [0x000000079d900000,0x000000079d900000,0x000000079e580000)
 ParOldGen       total 47104K, used 17496K [0x0000000740000000, 0x0000000742e00000, 0x0000000795580000)
  object space 47104K, 37% used [0x0000000740000000,0x0000000741116030,0x0000000742e00000)
 Metaspace       used 24325K, capacity 24751K, committed 24960K, reserved 1071104K
  class space    used 2452K, capacity 2586K, committed 2688K, reserved 1048576K
}
Event: 15.430 GC heap before
{Heap before GC invocations=7 (full 1):
 PSYoungGen      total 71680K, used 71664K [0x0000000795580000, 0x000000079e580000, 0x00000007c0000000)
  eden space 66560K, 100% used [0x0000000795580000,0x0000000799680000,0x0000000799680000)
  from space 5120K, 99% used [0x0000000799680000,0x0000000799b7c190,0x0000000799b80000)
  to   space 12800K, 0% used [0x000000079d900000,0x000000079d900000,0x000000079e580000)
 ParOldGen       total 47104K, used 17496K [0x0000000740000000, 0x0000000742e00000, 0x0000000795580000)
  object space 47104K, 37% used [0x0000000740000000,0x0000000741116030,0x0000000742e00000)
 Metaspace       used 24929K, capacity 25329K, committed 25728K, reserved 1073152K
  class space    used 2475K, capacity 2587K, committed 2688K, reserved 1048576K
Event: 15.435 GC heap after
Heap after GC invocations=7 (full 1):
 PSYoungGen      total 134656K, used 5554K [0x0000000795580000, 0x000000079e880000, 0x00000007c0000000)
  eden space 121856K, 0% used [0x0000000795580000,0x0000000795580000,0x000000079cc80000)
  from space 12800K, 43% used [0x000000079d900000,0x000000079de6caa8,0x000000079e580000)
  to   space 12800K, 0% used [0x000000079cc80000,0x000000079cc80000,0x000000079d900000)
 ParOldGen       total 47104K, used 17504K [0x0000000740000000, 0x0000000742e00000, 0x0000000795580000)
  object space 47104K, 37% used [0x0000000740000000,0x0000000741118030,0x0000000742e00000)
 Metaspace       used 24929K, capacity 25329K, committed 25728K, reserved 1073152K
  class space    used 2475K, capacity 2587K, committed 2688K, reserved 1048576K
}

