# JRE version: Java(TM) SE Runtime Environment (8.0_131-b11) (build 1.8.0_131-b11)
# Java VM: Java HotSpot(TM) 64-Bit Server VM (25.131-b11 mixed mode bsd-amd64 compressed oops)
Heap:
 PSYoungGen      total 58368K, used 37137K [0x0000000795580000, 0x0000000799d00000, 0x00000007c0000000)
  eden space 47616K, 65% used [0x0000000795580000,0x0000000797413740,0x0000000798400000)
  from space 10752K, 54% used [0x0000000799280000,0x0000000799830ed8,0x0000000799d00000)
  to   space 12800K, 0% used [0x0000000798400000,0x0000000798400000,0x0000000799080000)
 ParOldGen       total 60416K, used 18829K [0x0000000740000000, 0x0000000743b00000, 0x0000000795580000)
  object space 60416K, 31% used [0x0000000740000000,0x00000007412637a8,0x0000000743b00000)
 Metaspace       used 24900K, capacity 25285K, committed 25520K, reserved 1073152K
  class space    used 2478K, capacity 2619K, committed 2736K, reserved 1048576K
GC Heap History (10 events):
Event: 4.128 GC heap before
{Heap before GC invocations=3 (full 0):
 PSYoungGen      total 38400K, used 5890K [0x0000000795580000, 0x0000000798000000, 0x00000007c0000000)
  eden space 33280K, 2% used [0x0000000795580000,0x0000000795648958,0x0000000797600000)
  from space 5120K, 99% used [0x0000000797b00000,0x0000000797ff8080,0x0000000798000000)
  to   space 5120K, 0% used [0x0000000797600000,0x0000000797600000,0x0000000797b00000)
 ParOldGen       total 87552K, used 3113K [0x0000000740000000, 0x0000000745580000, 0x0000000795580000)
  object space 87552K, 3% used [0x0000000740000000,0x000000074030a7d8,0x0000000745580000)
 Metaspace       used 20837K, capacity 21251K, committed 21296K, reserved 1069056K
  class space    used 2174K, capacity 2326K, committed 2352K, reserved 1048576K
Event: 4.134 GC heap after
Heap after GC invocations=3 (full 0):
 PSYoungGen      total 38400K, used 5090K [0x0000000795580000, 0x0000000798000000, 0x00000007c0000000)
  eden space 33280K, 0% used [0x0000000795580000,0x0000000795580000,0x0000000797600000)
  from space 5120K, 99% used [0x0000000797600000,0x0000000797af89c0,0x0000000797b00000)
  to   space 5120K, 0% used [0x0000000797b00000,0x0000000797b00000,0x0000000798000000)
 ParOldGen       total 87552K, used 3452K [0x0000000740000000, 0x0000000745580000, 0x0000000795580000)
  object space 87552K, 3% used [0x0000000740000000,0x000000074035f0e0,0x0000000745580000)
 Metaspace       used 20837K, capacity 21251K, committed 21296K, reserved 1069056K
  class space    used 2174K, capacity 2326K, committed 2352K, reserved 1048576K
}
Event: 4.134 GC heap before
{Heap before GC invocations=4 (full 1):
 PSYoungGen      total 38400K, used 5090K [0x0000000795580000, 0x0000000798000000, 0x00000007c0000000)
  eden space 33280K, 0% used [0x0000000795580000,0x0000000795580000,0x0000000797600000)
  from space 5120K, 99% used [0x0000000797600000,0x0000000797af89c0,0x0000000797b00000)
  to   space 5120K, 0% used [0x0000000797b00000,0x0000000797b00000,0x0000000798000000)
 ParOldGen       total 87552K, used 3452K [0x0000000740000000, 0x0000000745580000, 0x0000000795580000)
  object space 87552K, 3% used [0x0000000740000000,0x000000074035f0e0,0x0000000745580000)
 Metaspace       used 20837K, capacity 21251K, committed 21296K, reserved 1069056K
  class space    used 2174K, capacity 2326K, committed 2352K, reserved 1048576K
Event: 4.168 GC heap after
Heap after GC invocations=4 (full 1):
 PSYoungGen      total 38400K, used 0K [0x0000000795580000, 0x0000000798000000, 0x00000007c0000000)
  eden space 33280K, 0% used [0x0000000795580000,0x0000000795580000,0x0000000797600000)
  from space 5120K, 0% used [0x0000000797600000,0x0000000797600000,0x0000000797b00000)
  to   space 5120K, 0% used [0x0000000797b00000,0x0000000797b00000,0x0000000798000000)
 ParOldGen       total 60416K, used 7223K [0x0000000740000000, 0x0000000743b00000, 0x0000000795580000)
  object space 60416K, 11% used [0x0000000740000000,0x000000074070dc88,0x0000000743b00000)
 Metaspace       used 20837K, capacity 21251K, committed 21296K, reserved 1069056K
  class space    used 2174K, capacity 2326K, committed 2352K, reserved 1048576K
}
Event: 4.841 GC heap before
{Heap before GC invocations=5 (full 1):
 PSYoungGen      total 38400K, used 33257K [0x0000000795580000, 0x0000000798000000, 0x00000007c0000000)
  eden space 33280K, 99% used [0x0000000795580000,0x00000007975fa438,0x0000000797600000)
  from space 5120K, 0% used [0x0000000797600000,0x0000000797600000,0x0000000797b00000)
  to   space 5120K, 0% used [0x0000000797b00000,0x0000000797b00000,0x0000000798000000)
 ParOldGen       total 60416K, used 7479K [0x0000000740000000, 0x0000000743b00000, 0x0000000795580000)
  object space 60416K, 12% used [0x0000000740000000,0x000000074074dc98,0x0000000743b00000)
 Metaspace       used 23680K, capacity 24053K, committed 24112K, reserved 1071104K
  class space    used 2446K, capacity 2553K, committed 2608K, reserved 1048576K
Event: 4.847 GC heap after
Heap after GC invocations=5 (full 1):
 PSYoungGen      total 38400K, used 5105K [0x0000000795580000, 0x0000000799100000, 0x00000007c0000000)
  eden space 33280K, 0% used [0x0000000795580000,0x0000000795580000,0x0000000797600000)
  from space 5120K, 99% used [0x0000000797b00000,0x0000000797ffc590,0x0000000798000000)
  to   space 5120K, 0% used [0x0000000797600000,0x0000000797600000,0x0000000797b00000)
 ParOldGen       total 60416K, used 15227K [0x0000000740000000, 0x0000000743b00000, 0x0000000795580000)
  object space 60416K, 25% used [0x0000000740000000,0x0000000740edee18,0x0000000743b00000)
 Metaspace       used 23680K, capacity 24053K, committed 24112K, reserved 1071104K
  class space    used 2446K, capacity 2553K, committed 2608K, reserved 1048576K
}
Event: 6.220 GC heap before
{Heap before GC invocations=6 (full 1):
 PSYoungGen      total 38400K, used 38385K [0x0000000795580000, 0x0000000799100000, 0x00000007c0000000)
  eden space 33280K, 100% used [0x0000000795580000,0x0000000797600000,0x0000000797600000)
  from space 5120K, 99% used [0x0000000797b00000,0x0000000797ffc590,0x0000000798000000)
  to   space 5120K, 0% used [0x0000000797600000,0x0000000797600000,0x0000000797b00000)
 ParOldGen       total 60416K, used 15229K [0x0000000740000000, 0x0000000743b00000, 0x0000000795580000)
  object space 60416K, 25% used [0x0000000740000000,0x0000000740edf6c8,0x0000000743b00000)
 Metaspace       used 24083K, capacity 24453K, committed 24624K, reserved 1071104K
  class space    used 2448K, capacity 2555K, committed 2608K, reserved 1048576K
Event: 6.224 GC heap after
Heap after GC invocations=6 (full 1):
 PSYoungGen      total 38400K, used 4977K [0x0000000795580000, 0x0000000799f80000, 0x00000007c0000000)
  eden space 33280K, 0% used [0x0000000795580000,0x0000000795580000,0x0000000797600000)
  from space 5120K, 97% used [0x0000000797600000,0x0000000797adc590,0x0000000797b00000)
  to   space 13312K, 0% used [0x0000000799280000,0x0000000799280000,0x0000000799f80000)
 ParOldGen       total 60416K, used 18821K [0x0000000740000000, 0x0000000743b00000, 0x0000000795580000)
  object space 60416K, 31% used [0x0000000740000000,0x00000007412617a8,0x0000000743b00000)
 Metaspace       used 24083K, capacity 24453K, committed 24624K, reserved 1071104K
  class space    used 2448K, capacity 2555K, committed 2608K, reserved 1048576K
}
Event: 9.322 GC heap before
{Heap before GC invocations=7 (full 1):
 PSYoungGen      total 38400K, used 38257K [0x0000000795580000, 0x0000000799f80000, 0x00000007c0000000)
  eden space 33280K, 100% used [0x0000000795580000,0x0000000797600000,0x0000000797600000)
  from space 5120K, 97% used [0x0000000797600000,0x0000000797adc590,0x0000000797b00000)
  to   space 13312K, 0% used [0x0000000799280000,0x0000000799280000,0x0000000799f80000)
 ParOldGen       total 60416K, used 18821K [0x0000000740000000, 0x0000000743b00000, 0x0000000795580000)
  object space 60416K, 31% used [0x0000000740000000,0x00000007412617a8,0x0000000743b00000)
 Metaspace       used 24632K, capacity 24997K, committed 25136K, reserved 1071104K
  class space    used 2470K, capacity 2587K, committed 2608K, reserved 1048576K
Event: 9.330 GC heap after
Heap after GC invocations=7 (full 1):
 PSYoungGen      total 58368K, used 5827K [0x0000000795580000, 0x0000000799d00000, 0x00000007c0000000)
  eden space 47616K, 0% used [0x0000000795580000,0x0000000795580000,0x0000000798400000)
  from space 10752K, 54% used [0x0000000799280000,0x0000000799830ed8,0x0000000799d00000)
  to   space 12800K, 0% used [0x0000000798400000,0x0000000798400000,0x0000000799080000)
 ParOldGen       total 60416K, used 18829K [0x0000000740000000, 0x0000000743b00000, 0x0000000795580000)
  object space 60416K, 31% used [0x0000000740000000,0x00000007412637a8,0x0000000743b00000)
 Metaspace       used 24632K, capacity 24997K, committed 25136K, reserved 1071104K
  class space    used 2470K, capacity 2587K, committed 2608K, reserved 1048576K
}

