# JRE version: Java(TM) SE Runtime Environment (8.0_131-b11) (build 1.8.0_131-b11)
# Java VM: Java HotSpot(TM) 64-Bit Server VM (25.131-b11 mixed mode bsd-amd64 compressed oops)
Heap:
 PSYoungGen      total 174592K, used 11909K [0x0000000795580000, 0x00000007a1300000, 0x00000007c0000000)
  eden space 168448K, 6% used [0x0000000795580000,0x0000000795fe97b0,0x000000079fa00000)
  from space 6144K, 20% used [0x00000007a0d00000,0x00000007a0e38020,0x00000007a1300000)
  to   space 12800K, 0% used [0x000000079fa00000,0x000000079fa00000,0x00000007a0680000)
 ParOldGen       total 49664K, used 22240K [0x0000000740000000, 0x0000000743080000, 0x0000000795580000)
  object space 49664K, 44% used [0x0000000740000000,0x00000007415b8188,0x0000000743080000)
 Metaspace       used 24975K, capacity 25329K, committed 25728K, reserved 1073152K
  class space    used 2467K, capacity 2587K, committed 2688K, reserved 1048576K
GC Heap History (10 events):
Event: 4.846 GC heap before
{Heap before GC invocations=5 (full 1):
 PSYoungGen      total 38400K, used 33149K [0x0000000795580000, 0x000000079a080000, 0x00000007c0000000)
  eden space 33280K, 99% used [0x0000000795580000,0x00000007975df608,0x0000000797600000)
  from space 5120K, 0% used [0x0000000797600000,0x0000000797600000,0x0000000797b00000)
  to   space 5120K, 0% used [0x0000000799b80000,0x0000000799b80000,0x000000079a080000)
 ParOldGen       total 49664K, used 7437K [0x0000000740000000, 0x0000000743080000, 0x0000000795580000)
  object space 49664K, 14% used [0x0000000740000000,0x0000000740743760,0x0000000743080000)
 Metaspace       used 23572K, capacity 23941K, committed 24064K, reserved 1071104K
  class space    used 2419K, capacity 2553K, committed 2560K, reserved 1048576K
Event: 4.855 GC heap after
Heap after GC invocations=5 (full 1):
 PSYoungGen      total 65536K, used 5105K [0x0000000795580000, 0x000000079a080000, 0x00000007c0000000)
  eden space 60416K, 0% used [0x0000000795580000,0x0000000795580000,0x0000000799080000)
  from space 5120K, 99% used [0x0000000799b80000,0x000000079a07c580,0x000000079a080000)
  to   space 5120K, 0% used [0x0000000799680000,0x0000000799680000,0x0000000799b80000)
 ParOldGen       total 49664K, used 14900K [0x0000000740000000, 0x0000000743080000, 0x0000000795580000)
  object space 49664K, 30% used [0x0000000740000000,0x0000000740e8d2c0,0x0000000743080000)
 Metaspace       used 23572K, capacity 23941K, committed 24064K, reserved 1071104K
  class space    used 2419K, capacity 2553K, committed 2560K, reserved 1048576K
}
Event: 6.866 GC heap before
{Heap before GC invocations=6 (full 1):
 PSYoungGen      total 65536K, used 65521K [0x0000000795580000, 0x000000079a080000, 0x00000007c0000000)
  eden space 60416K, 100% used [0x0000000795580000,0x0000000799080000,0x0000000799080000)
  from space 5120K, 99% used [0x0000000799b80000,0x000000079a07c580,0x000000079a080000)
  to   space 5120K, 0% used [0x0000000799680000,0x0000000799680000,0x0000000799b80000)
 ParOldGen       total 49664K, used 14902K [0x0000000740000000, 0x0000000743080000, 0x0000000795580000)
  object space 49664K, 30% used [0x0000000740000000,0x0000000740e8db58,0x0000000743080000)
 Metaspace       used 24499K, capacity 24881K, committed 25216K, reserved 1071104K
  class space    used 2460K, capacity 2587K, committed 2688K, reserved 1048576K
Event: 6.872 GC heap after
Heap after GC invocations=6 (full 1):
 PSYoungGen      total 71680K, used 5075K [0x0000000795580000, 0x000000079d780000, 0x00000007c0000000)
  eden space 66560K, 0% used [0x0000000795580000,0x0000000795580000,0x0000000799680000)
  from space 5120K, 99% used [0x0000000799680000,0x0000000799b74ea8,0x0000000799b80000)
  to   space 13312K, 0% used [0x000000079ca80000,0x000000079ca80000,0x000000079d780000)
 ParOldGen       total 49664K, used 18495K [0x0000000740000000, 0x0000000743080000, 0x0000000795580000)
  object space 49664K, 37% used [0x0000000740000000,0x000000074120fc38,0x0000000743080000)
 Metaspace       used 24499K, capacity 24881K, committed 25216K, reserved 1071104K
  class space    used 2460K, capacity 2587K, committed 2688K, reserved 1048576K
}
Event: 12.815 GC heap before
{Heap before GC invocations=7 (full 1):
 PSYoungGen      total 71680K, used 71635K [0x0000000795580000, 0x000000079d780000, 0x00000007c0000000)
  eden space 66560K, 100% used [0x0000000795580000,0x0000000799680000,0x0000000799680000)
  from space 5120K, 99% used [0x0000000799680000,0x0000000799b74ea8,0x0000000799b80000)
  to   space 13312K, 0% used [0x000000079ca80000,0x000000079ca80000,0x000000079d780000)
 ParOldGen       total 49664K, used 18495K [0x0000000740000000, 0x0000000743080000, 0x0000000795580000)
  object space 49664K, 37% used [0x0000000740000000,0x000000074120fc38,0x0000000743080000)
 Metaspace       used 24853K, capacity 25265K, committed 25472K, reserved 1073152K
  class space    used 2460K, capacity 2587K, committed 2688K, reserved 1048576K
Event: 12.820 GC heap after
Heap after GC invocations=7 (full 1):
 PSYoungGen      total 120320K, used 5041K [0x0000000795580000, 0x000000079dd80000, 0x00000007c0000000)
  eden space 107008K, 0% used [0x0000000795580000,0x0000000795580000,0x000000079be00000)
  from space 13312K, 37% used [0x000000079ca80000,0x000000079cf6c590,0x000000079d780000)
  to   space 12800K, 0% used [0x000000079be00000,0x000000079be00000,0x000000079ca80000)
 ParOldGen       total 49664K, used 18495K [0x0000000740000000, 0x0000000743080000, 0x0000000795580000)
  object space 49664K, 37% used [0x0000000740000000,0x000000074120fc38,0x0000000743080000)
 Metaspace       used 24853K, capacity 25265K, committed 25472K, reserved 1073152K
  class space    used 2460K, capacity 2587K, committed 2688K, reserved 1048576K
}
Event: 23.231 GC heap before
{Heap before GC invocations=8 (full 1):
 PSYoungGen      total 120320K, used 112049K [0x0000000795580000, 0x000000079dd80000, 0x00000007c0000000)
  eden space 107008K, 100% used [0x0000000795580000,0x000000079be00000,0x000000079be00000)
  from space 13312K, 37% used [0x000000079ca80000,0x000000079cf6c590,0x000000079d780000)
  to   space 12800K, 0% used [0x000000079be00000,0x000000079be00000,0x000000079ca80000)
 ParOldGen       total 49664K, used 18495K [0x0000000740000000, 0x0000000743080000, 0x0000000795580000)
  object space 49664K, 37% used [0x0000000740000000,0x000000074120fc38,0x0000000743080000)
 Metaspace       used 24936K, capacity 25329K, committed 25728K, reserved 1073152K
  class space    used 2460K, capacity 2587K, committed 2688K, reserved 1048576K
Event: 23.236 GC heap after
Heap after GC invocations=8 (full 1):
 PSYoungGen      total 119808K, used 5009K [0x0000000795580000, 0x00000007a1900000, 0x00000007c0000000)
  eden space 107008K, 0% used [0x0000000795580000,0x0000000795580000,0x000000079be00000)
  from space 12800K, 39% used [0x000000079be00000,0x000000079c2e4570,0x000000079ca80000)
  to   space 12288K, 0% used [0x00000007a0d00000,0x00000007a0d00000,0x00000007a1900000)
 ParOldGen       total 49664K, used 18495K [0x0000000740000000, 0x0000000743080000, 0x0000000795580000)
  object space 49664K, 37% used [0x0000000740000000,0x000000074120fc38,0x0000000743080000)
 Metaspace       used 24936K, capacity 25329K, committed 25728K, reserved 1073152K
  class space    used 2460K, capacity 2587K, committed 2688K, reserved 1048576K
}
Event: 33.631 GC heap before
{Heap before GC invocations=9 (full 1):
 PSYoungGen      total 119808K, used 112017K [0x0000000795580000, 0x00000007a1900000, 0x00000007c0000000)
  eden space 107008K, 100% used [0x0000000795580000,0x000000079be00000,0x000000079be00000)
  from space 12800K, 39% used [0x000000079be00000,0x000000079c2e4570,0x000000079ca80000)
  to   space 12288K, 0% used [0x00000007a0d00000,0x00000007a0d00000,0x00000007a1900000)
 ParOldGen       total 49664K, used 18495K [0x0000000740000000, 0x0000000743080000, 0x0000000795580000)
  object space 49664K, 37% used [0x0000000740000000,0x000000074120fc38,0x0000000743080000)
 Metaspace       used 24939K, capacity 25329K, committed 25728K, reserved 1073152K
  class space    used 2460K, capacity 2587K, committed 2688K, reserved 1048576K
Event: 33.635 GC heap after
Heap after GC invocations=9 (full 1):
 PSYoungGen      total 174592K, used 1248K [0x0000000795580000, 0x00000007a1300000, 0x00000007c0000000)
  eden space 168448K, 0% used [0x0000000795580000,0x0000000795580000,0x000000079fa00000)
  from space 6144K, 20% used [0x00000007a0d00000,0x00000007a0e38020,0x00000007a1300000)
  to   space 12800K, 0% used [0x000000079fa00000,0x000000079fa00000,0x00000007a0680000)
 ParOldGen       total 49664K, used 22240K [0x0000000740000000, 0x0000000743080000, 0x0000000795580000)
  object space 49664K, 44% used [0x0000000740000000,0x00000007415b8188,0x0000000743080000)
 Metaspace       used 24939K, capacity 25329K, committed 25728K, reserved 1073152K
  class space    used 2460K, capacity 2587K, committed 2688K, reserved 1048576K
}

