# JRE version: Java(TM) SE Runtime Environment (8.0_131-b11) (build 1.8.0_131-b11)
# Java VM: Java HotSpot(TM) 64-Bit Server VM (25.131-b11 mixed mode bsd-amd64 compressed oops)
Heap:
 PSYoungGen      total 200192K, used 20170K [0x0000000795580000, 0x00000007a2880000, 0x00000007c0000000)
  eden space 190464K, 6% used [0x0000000795580000,0x0000000796102778,0x00000007a0f80000)
  from space 9728K, 86% used [0x00000007a1f00000,0x00000007a27301e0,0x00000007a2880000)
  to   space 12800K, 0% used [0x00000007a0f80000,0x00000007a0f80000,0x00000007a1c00000)
 ParOldGen       total 51200K, used 22575K [0x0000000740000000, 0x0000000743200000, 0x0000000795580000)
  object space 51200K, 44% used [0x0000000740000000,0x000000074160bc98,0x0000000743200000)
 Metaspace       used 25082K, capacity 25445K, committed 25728K, reserved 1073152K
  class space    used 2471K, capacity 2587K, committed 2688K, reserved 1048576K
GC Heap History (10 events):
Event: 19.021 GC heap before
{Heap before GC invocations=7 (full 1):
 PSYoungGen      total 71680K, used 71665K [0x0000000795580000, 0x000000079cf80000, 0x00000007c0000000)
  eden space 66560K, 100% used [0x0000000795580000,0x0000000799680000,0x0000000799680000)
  from space 5120K, 99% used [0x0000000799680000,0x0000000799b7c560,0x0000000799b80000)
  to   space 12288K, 0% used [0x000000079c380000,0x000000079c380000,0x000000079cf80000)
 ParOldGen       total 51200K, used 17424K [0x0000000740000000, 0x0000000743200000, 0x0000000795580000)
  object space 51200K, 34% used [0x0000000740000000,0x00000007411042e8,0x0000000743200000)
 Metaspace       used 24824K, capacity 25253K, committed 25728K, reserved 1073152K
  class space    used 2461K, capacity 2587K, committed 2688K, reserved 1048576K
Event: 19.026 GC heap after
Heap after GC invocations=7 (full 1):
 PSYoungGen      total 112640K, used 5587K [0x0000000795580000, 0x000000079d880000, 0x00000007c0000000)
  eden space 100352K, 0% used [0x0000000795580000,0x0000000795580000,0x000000079b780000)
  from space 12288K, 45% used [0x000000079c380000,0x000000079c8f4e78,0x000000079cf80000)
  to   space 12288K, 0% used [0x000000079b780000,0x000000079b780000,0x000000079c380000)
 ParOldGen       total 51200K, used 17432K [0x0000000740000000, 0x0000000743200000, 0x0000000795580000)
  object space 51200K, 34% used [0x0000000740000000,0x00000007411062e8,0x0000000743200000)
 Metaspace       used 24824K, capacity 25253K, committed 25728K, reserved 1073152K
  class space    used 2461K, capacity 2587K, committed 2688K, reserved 1048576K
}
Event: 25.704 GC heap before
{Heap before GC invocations=8 (full 1):
 PSYoungGen      total 112640K, used 105939K [0x0000000795580000, 0x000000079d880000, 0x00000007c0000000)
  eden space 100352K, 100% used [0x0000000795580000,0x000000079b780000,0x000000079b780000)
  from space 12288K, 45% used [0x000000079c380000,0x000000079c8f4e78,0x000000079cf80000)
  to   space 12288K, 0% used [0x000000079b780000,0x000000079b780000,0x000000079c380000)
 ParOldGen       total 51200K, used 17432K [0x0000000740000000, 0x0000000743200000, 0x0000000795580000)
  object space 51200K, 34% used [0x0000000740000000,0x00000007411062e8,0x0000000743200000)
 Metaspace       used 24913K, capacity 25317K, committed 25728K, reserved 1073152K
  class space    used 2461K, capacity 2587K, committed 2688K, reserved 1048576K
Event: 25.711 GC heap after
Heap after GC invocations=8 (full 1):
 PSYoungGen      total 112640K, used 12257K [0x0000000795580000, 0x00000007a0b80000, 0x00000007c0000000)
  eden space 100352K, 0% used [0x0000000795580000,0x0000000795580000,0x000000079b780000)
  from space 12288K, 99% used [0x000000079b780000,0x000000079c378740,0x000000079c380000)
  to   space 13824K, 0% used [0x000000079fe00000,0x000000079fe00000,0x00000007a0b80000)
 ParOldGen       total 51200K, used 17440K [0x0000000740000000, 0x0000000743200000, 0x0000000795580000)
  object space 51200K, 34% used [0x0000000740000000,0x00000007411082e8,0x0000000743200000)
 Metaspace       used 24913K, capacity 25317K, committed 25728K, reserved 1073152K
  class space    used 2461K, capacity 2587K, committed 2688K, reserved 1048576K
}
Event: 36.622 GC heap before
{Heap before GC invocations=9 (full 1):
 PSYoungGen      total 112640K, used 112609K [0x0000000795580000, 0x00000007a0b80000, 0x00000007c0000000)
  eden space 100352K, 100% used [0x0000000795580000,0x000000079b780000,0x000000079b780000)
  from space 12288K, 99% used [0x000000079b780000,0x000000079c378740,0x000000079c380000)
  to   space 13824K, 0% used [0x000000079fe00000,0x000000079fe00000,0x00000007a0b80000)
 ParOldGen       total 51200K, used 17440K [0x0000000740000000, 0x0000000743200000, 0x0000000795580000)
  object space 51200K, 34% used [0x0000000740000000,0x00000007411082e8,0x0000000743200000)
 Metaspace       used 24995K, capacity 25381K, committed 25728K, reserved 1073152K
  class space    used 2463K, capacity 2587K, committed 2688K, reserved 1048576K
Event: 36.630 GC heap after
Heap after GC invocations=9 (full 1):
 PSYoungGen      total 162304K, used 9744K [0x0000000795580000, 0x00000007a0800000, 0x00000007c0000000)
  eden space 152064K, 0% used [0x0000000795580000,0x0000000795580000,0x000000079ea00000)
  from space 10240K, 95% used [0x000000079fe00000,0x00000007a0784260,0x00000007a0800000)
  to   space 13824K, 0% used [0x000000079ed00000,0x000000079ed00000,0x000000079fa80000)
 ParOldGen       total 51200K, used 21193K [0x0000000740000000, 0x0000000743200000, 0x0000000795580000)
  object space 51200K, 41% used [0x0000000740000000,0x00000007414b27f8,0x0000000743200000)
 Metaspace       used 24995K, capacity 25381K, committed 25728K, reserved 1073152K
  class space    used 2463K, capacity 2587K, committed 2688K, reserved 1048576K
}
Event: 52.906 GC heap before
{Heap before GC invocations=10 (full 1):
 PSYoungGen      total 162304K, used 161808K [0x0000000795580000, 0x00000007a0800000, 0x00000007c0000000)
  eden space 152064K, 100% used [0x0000000795580000,0x000000079ea00000,0x000000079ea00000)
  from space 10240K, 95% used [0x000000079fe00000,0x00000007a0784260,0x00000007a0800000)
  to   space 13824K, 0% used [0x000000079ed00000,0x000000079ed00000,0x000000079fa80000)
 ParOldGen       total 51200K, used 21193K [0x0000000740000000, 0x0000000743200000, 0x0000000795580000)
  object space 51200K, 41% used [0x0000000740000000,0x00000007414b27f8,0x0000000743200000)
 Metaspace       used 25040K, capacity 25445K, committed 25728K, reserved 1073152K
  class space    used 2463K, capacity 2587K, committed 2688K, reserved 1048576K
Event: 52.911 GC heap after
Heap after GC invocations=10 (full 1):
 PSYoungGen      total 168960K, used 8304K [0x0000000795580000, 0x00000007a2c00000, 0x00000007c0000000)
  eden space 155136K, 0% used [0x0000000795580000,0x0000000795580000,0x000000079ed00000)
  from space 13824K, 60% used [0x000000079ed00000,0x000000079f51c1f0,0x000000079fa80000)
  to   space 13312K, 0% used [0x00000007a1f00000,0x00000007a1f00000,0x00000007a2c00000)
 ParOldGen       total 51200K, used 22567K [0x0000000740000000, 0x0000000743200000, 0x0000000795580000)
  object space 51200K, 44% used [0x0000000740000000,0x0000000741609c98,0x0000000743200000)
 Metaspace       used 25040K, capacity 25445K, committed 25728K, reserved 1073152K
  class space    used 2463K, capacity 2587K, committed 2688K, reserved 1048576K
}
Event: 67.025 GC heap before
{Heap before GC invocations=11 (full 1):
 PSYoungGen      total 168960K, used 163440K [0x0000000795580000, 0x00000007a2c00000, 0x00000007c0000000)
  eden space 155136K, 100% used [0x0000000795580000,0x000000079ed00000,0x000000079ed00000)
  from space 13824K, 60% used [0x000000079ed00000,0x000000079f51c1f0,0x000000079fa80000)
  to   space 13312K, 0% used [0x00000007a1f00000,0x00000007a1f00000,0x00000007a2c00000)
 ParOldGen       total 51200K, used 22567K [0x0000000740000000, 0x0000000743200000, 0x0000000795580000)
  object space 51200K, 44% used [0x0000000740000000,0x0000000741609c98,0x0000000743200000)
 Metaspace       used 25047K, capacity 25445K, committed 25728K, reserved 1073152K
  class space    used 2463K, capacity 2587K, committed 2688K, reserved 1048576K
Event: 67.033 GC heap after
Heap after GC invocations=11 (full 1):
 PSYoungGen      total 200192K, used 8384K [0x0000000795580000, 0x00000007a2880000, 0x00000007c0000000)
  eden space 190464K, 0% used [0x0000000795580000,0x0000000795580000,0x00000007a0f80000)
  from space 9728K, 86% used [0x00000007a1f00000,0x00000007a27301e0,0x00000007a2880000)
  to   space 12800K, 0% used [0x00000007a0f80000,0x00000007a0f80000,0x00000007a1c00000)
 ParOldGen       total 51200K, used 22575K [0x0000000740000000, 0x0000000743200000, 0x0000000795580000)
  object space 51200K, 44% used [0x0000000740000000,0x000000074160bc98,0x0000000743200000)
 Metaspace       used 25047K, capacity 25445K, committed 25728K, reserved 1073152K
  class space    used 2463K, capacity 2587K, committed 2688K, reserved 1048576K
}

