# JRE version: Java(TM) SE Runtime Environment (8.0_131-b11) (build 1.8.0_131-b11)
# Java VM: Java HotSpot(TM) 64-Bit Server VM (25.131-b11 mixed mode bsd-amd64 compressed oops)
Heap:
 PSYoungGen      total 71680K, used 14801K [0x0000000795580000, 0x000000079d480000, 0x00000007c0000000)
  eden space 66560K, 14% used [0x0000000795580000,0x0000000795ef64e0,0x0000000799680000)
  from space 5120K, 99% used [0x0000000799680000,0x0000000799b7e180,0x0000000799b80000)
  to   space 12800K, 0% used [0x000000079c800000,0x000000079c800000,0x000000079d480000)
 ParOldGen       total 50688K, used 17819K [0x0000000740000000, 0x0000000743180000, 0x0000000795580000)
  object space 50688K, 35% used [0x0000000740000000,0x0000000741166cc8,0x0000000743180000)
 Metaspace       used 24661K, capacity 25093K, committed 25520K, reserved 1073152K
  class space    used 2475K, capacity 2619K, committed 2736K, reserved 1048576K
GC Heap History (10 events):
Event: 4.384 GC heap before
{Heap before GC invocations=2 (full 0):
 PSYoungGen      total 38400K, used 38232K [0x0000000795580000, 0x0000000798000000, 0x00000007c0000000)
  eden space 33280K, 100% used [0x0000000795580000,0x0000000797600000,0x0000000797600000)
  from space 5120K, 96% used [0x0000000797600000,0x0000000797ad62e0,0x0000000797b00000)
  to   space 5120K, 0% used [0x0000000797b00000,0x0000000797b00000,0x0000000798000000)
 ParOldGen       total 87552K, used 16K [0x0000000740000000, 0x0000000745580000, 0x0000000795580000)
  object space 87552K, 0% used [0x0000000740000000,0x0000000740004000,0x0000000745580000)
 Metaspace       used 20407K, capacity 20865K, committed 20992K, reserved 1069056K
  class space    used 2122K, capacity 2261K, committed 2304K, reserved 1048576K
Event: 4.395 GC heap after
Heap after GC invocations=2 (full 0):
 PSYoungGen      total 38400K, used 5088K [0x0000000795580000, 0x0000000798000000, 0x00000007c0000000)
  eden space 33280K, 0% used [0x0000000795580000,0x0000000795580000,0x0000000797600000)
  from space 5120K, 99% used [0x0000000797b00000,0x0000000797ff8060,0x0000000798000000)
  to   space 5120K, 0% used [0x0000000797600000,0x0000000797600000,0x0000000797b00000)
 ParOldGen       total 87552K, used 3170K [0x0000000740000000, 0x0000000745580000, 0x0000000795580000)
  object space 87552K, 3% used [0x0000000740000000,0x00000007403189e0,0x0000000745580000)
 Metaspace       used 20407K, capacity 20865K, committed 20992K, reserved 1069056K
  class space    used 2122K, capacity 2261K, committed 2304K, reserved 1048576K
}
Event: 4.460 GC heap before
{Heap before GC invocations=3 (full 0):
 PSYoungGen      total 38400K, used 6132K [0x0000000795580000, 0x0000000798000000, 0x00000007c0000000)
  eden space 33280K, 3% used [0x0000000795580000,0x0000000795685308,0x0000000797600000)
  from space 5120K, 99% used [0x0000000797b00000,0x0000000797ff8060,0x0000000798000000)
  to   space 5120K, 0% used [0x0000000797600000,0x0000000797600000,0x0000000797b00000)
 ParOldGen       total 87552K, used 3170K [0x0000000740000000, 0x0000000745580000, 0x0000000795580000)
  object space 87552K, 3% used [0x0000000740000000,0x00000007403189e0,0x0000000745580000)
 Metaspace       used 20837K, capacity 21249K, committed 21296K, reserved 1069056K
  class space    used 2170K, capacity 2325K, committed 2352K, reserved 1048576K
Event: 4.470 GC heap after
Heap after GC invocations=3 (full 0):
 PSYoungGen      total 38400K, used 5104K [0x0000000795580000, 0x000000079a080000, 0x00000007c0000000)
  eden space 33280K, 0% used [0x0000000795580000,0x0000000795580000,0x0000000797600000)
  from space 5120K, 99% used [0x0000000797600000,0x0000000797afc2b0,0x0000000797b00000)
  to   space 5120K, 0% used [0x0000000799b80000,0x0000000799b80000,0x000000079a080000)
 ParOldGen       total 87552K, used 3505K [0x0000000740000000, 0x0000000745580000, 0x0000000795580000)
  object space 87552K, 4% used [0x0000000740000000,0x000000074036c710,0x0000000745580000)
 Metaspace       used 20837K, capacity 21249K, committed 21296K, reserved 1069056K
  class space    used 2170K, capacity 2325K, committed 2352K, reserved 1048576K
}
Event: 4.470 GC heap before
{Heap before GC invocations=4 (full 1):
 PSYoungGen      total 38400K, used 5104K [0x0000000795580000, 0x000000079a080000, 0x00000007c0000000)
  eden space 33280K, 0% used [0x0000000795580000,0x0000000795580000,0x0000000797600000)
  from space 5120K, 99% used [0x0000000797600000,0x0000000797afc2b0,0x0000000797b00000)
  to   space 5120K, 0% used [0x0000000799b80000,0x0000000799b80000,0x000000079a080000)
 ParOldGen       total 87552K, used 3505K [0x0000000740000000, 0x0000000745580000, 0x0000000795580000)
  object space 87552K, 4% used [0x0000000740000000,0x000000074036c710,0x0000000745580000)
 Metaspace       used 20837K, capacity 21249K, committed 21296K, reserved 1069056K
  class space    used 2170K, capacity 2325K, committed 2352K, reserved 1048576K
Event: 4.513 GC heap after
Heap after GC invocations=4 (full 1):
 PSYoungGen      total 38400K, used 0K [0x0000000795580000, 0x000000079a080000, 0x00000007c0000000)
  eden space 33280K, 0% used [0x0000000795580000,0x0000000795580000,0x0000000797600000)
  from space 5120K, 0% used [0x0000000797600000,0x0000000797600000,0x0000000797b00000)
  to   space 5120K, 0% used [0x0000000799b80000,0x0000000799b80000,0x000000079a080000)
 ParOldGen       total 50688K, used 7220K [0x0000000740000000, 0x0000000743180000, 0x0000000795580000)
  object space 50688K, 14% used [0x0000000740000000,0x000000074070d228,0x0000000743180000)
 Metaspace       used 20837K, capacity 21249K, committed 21296K, reserved 1069056K
  class space    used 2170K, capacity 2325K, committed 2352K, reserved 1048576K
}
Event: 5.399 GC heap before
{Heap before GC invocations=5 (full 1):
 PSYoungGen      total 38400K, used 33280K [0x0000000795580000, 0x000000079a080000, 0x00000007c0000000)
  eden space 33280K, 100% used [0x0000000795580000,0x0000000797600000,0x0000000797600000)
  from space 5120K, 0% used [0x0000000797600000,0x0000000797600000,0x0000000797b00000)
  to   space 5120K, 0% used [0x0000000799b80000,0x0000000799b80000,0x000000079a080000)
 ParOldGen       total 50688K, used 7220K [0x0000000740000000, 0x0000000743180000, 0x0000000795580000)
  object space 50688K, 14% used [0x0000000740000000,0x000000074070d228,0x0000000743180000)
 Metaspace       used 23563K, capacity 23987K, committed 24112K, reserved 1071104K
  class space    used 2428K, capacity 2552K, committed 2608K, reserved 1048576K
Event: 5.408 GC heap after
Heap after GC invocations=5 (full 1):
 PSYoungGen      total 65024K, used 5089K [0x0000000795580000, 0x000000079a080000, 0x00000007c0000000)
  eden space 59904K, 0% used [0x0000000795580000,0x0000000795580000,0x0000000799000000)
  from space 5120K, 99% used [0x0000000799b80000,0x000000079a0785d0,0x000000079a080000)
  to   space 5120K, 0% used [0x0000000799680000,0x0000000799680000,0x0000000799b80000)
 ParOldGen       total 50688K, used 13923K [0x0000000740000000, 0x0000000743180000, 0x0000000795580000)
  object space 50688K, 27% used [0x0000000740000000,0x0000000740d98ed8,0x0000000743180000)
 Metaspace       used 23563K, capacity 23987K, committed 24112K, reserved 1071104K
  class space    used 2428K, capacity 2552K, committed 2608K, reserved 1048576K
}
Event: 10.374 GC heap before
{Heap before GC invocations=6 (full 1):
 PSYoungGen      total 65024K, used 64993K [0x0000000795580000, 0x000000079a080000, 0x00000007c0000000)
  eden space 59904K, 100% used [0x0000000795580000,0x0000000799000000,0x0000000799000000)
  from space 5120K, 99% used [0x0000000799b80000,0x000000079a0785d0,0x000000079a080000)
  to   space 5120K, 0% used [0x0000000799680000,0x0000000799680000,0x0000000799b80000)
 ParOldGen       total 50688K, used 13923K [0x0000000740000000, 0x0000000743180000, 0x0000000795580000)
  object space 50688K, 27% used [0x0000000740000000,0x0000000740d98ed8,0x0000000743180000)
 Metaspace       used 24604K, capacity 24997K, committed 25136K, reserved 1071104K
  class space    used 2467K, capacity 2587K, committed 2608K, reserved 1048576K
Event: 10.384 GC heap after
Heap after GC invocations=6 (full 1):
 PSYoungGen      total 71680K, used 5112K [0x0000000795580000, 0x000000079d480000, 0x00000007c0000000)
  eden space 66560K, 0% used [0x0000000795580000,0x0000000795580000,0x0000000799680000)
  from space 5120K, 99% used [0x0000000799680000,0x0000000799b7e180,0x0000000799b80000)
  to   space 12800K, 0% used [0x000000079c800000,0x000000079c800000,0x000000079d480000)
 ParOldGen       total 50688K, used 17819K [0x0000000740000000, 0x0000000743180000, 0x0000000795580000)
  object space 50688K, 35% used [0x0000000740000000,0x0000000741166cc8,0x0000000743180000)
 Metaspace       used 24604K, capacity 24997K, committed 25136K, reserved 1071104K
  class space    used 2467K, capacity 2587K, committed 2608K, reserved 1048576K
}

