# JRE version: Java(TM) SE Runtime Environment (8.0_131-b11) (build 1.8.0_131-b11)
# Java VM: Java HotSpot(TM) 64-Bit Server VM (25.131-b11 mixed mode bsd-amd64 compressed oops)
Heap:
 PSYoungGen      total 136192K, used 16186K [0x0000000795580000, 0x000000079e980000, 0x00000007c0000000)
  eden space 122368K, 8% used [0x0000000795580000,0x0000000796005a70,0x000000079cd00000)
  from space 13824K, 39% used [0x000000079da00000,0x000000079df48e78,0x000000079e780000)
  to   space 13312K, 0% used [0x000000079cd00000,0x000000079cd00000,0x000000079da00000)
 ParOldGen       total 47104K, used 19117K [0x0000000740000000, 0x0000000742e00000, 0x0000000795580000)
  object space 47104K, 40% used [0x0000000740000000,0x00000007412ab750,0x0000000742e00000)
 Metaspace       used 24915K, capacity 25329K, committed 25728K, reserved 1073152K
  class space    used 2470K, capacity 2587K, committed 2688K, reserved 1048576K
GC Heap History (10 events):
Event: 4.109 GC heap before
{Heap before GC invocations=3 (full 0):
 PSYoungGen      total 38400K, used 5729K [0x0000000795580000, 0x0000000798000000, 0x00000007c0000000)
  eden space 33280K, 1% used [0x0000000795580000,0x00000007956199f8,0x0000000797600000)
  from space 5120K, 99% used [0x0000000797b00000,0x0000000797ffedb8,0x0000000798000000)
  to   space 5120K, 0% used [0x0000000797600000,0x0000000797600000,0x0000000797b00000)
 ParOldGen       total 87552K, used 3263K [0x0000000740000000, 0x0000000745580000, 0x0000000795580000)
  object space 87552K, 3% used [0x0000000740000000,0x000000074032fee0,0x0000000745580000)
 Metaspace       used 20832K, capacity 21233K, committed 21248K, reserved 1069056K
  class space    used 2164K, capacity 2295K, committed 2304K, reserved 1048576K
Event: 4.114 GC heap after
Heap after GC invocations=3 (full 0):
 PSYoungGen      total 38400K, used 5102K [0x0000000795580000, 0x000000079a080000, 0x00000007c0000000)
  eden space 33280K, 0% used [0x0000000795580000,0x0000000795580000,0x0000000797600000)
  from space 5120K, 99% used [0x0000000797600000,0x0000000797afba08,0x0000000797b00000)
  to   space 5120K, 0% used [0x0000000799b80000,0x0000000799b80000,0x000000079a080000)
 ParOldGen       total 87552K, used 3363K [0x0000000740000000, 0x0000000745580000, 0x0000000795580000)
  object space 87552K, 3% used [0x0000000740000000,0x0000000740348ef0,0x0000000745580000)
 Metaspace       used 20832K, capacity 21233K, committed 21248K, reserved 1069056K
  class space    used 2164K, capacity 2295K, committed 2304K, reserved 1048576K
}
Event: 4.114 GC heap before
{Heap before GC invocations=4 (full 1):
 PSYoungGen      total 38400K, used 5102K [0x0000000795580000, 0x000000079a080000, 0x00000007c0000000)
  eden space 33280K, 0% used [0x0000000795580000,0x0000000795580000,0x0000000797600000)
  from space 5120K, 99% used [0x0000000797600000,0x0000000797afba08,0x0000000797b00000)
  to   space 5120K, 0% used [0x0000000799b80000,0x0000000799b80000,0x000000079a080000)
 ParOldGen       total 87552K, used 3363K [0x0000000740000000, 0x0000000745580000, 0x0000000795580000)
  object space 87552K, 3% used [0x0000000740000000,0x0000000740348ef0,0x0000000745580000)
 Metaspace       used 20832K, capacity 21233K, committed 21248K, reserved 1069056K
  class space    used 2164K, capacity 2295K, committed 2304K, reserved 1048576K
Event: 4.150 GC heap after
Heap after GC invocations=4 (full 1):
 PSYoungGen      total 38400K, used 0K [0x0000000795580000, 0x000000079a080000, 0x00000007c0000000)
  eden space 33280K, 0% used [0x0000000795580000,0x0000000795580000,0x0000000797600000)
  from space 5120K, 0% used [0x0000000797600000,0x0000000797600000,0x0000000797b00000)
  to   space 5120K, 0% used [0x0000000799b80000,0x0000000799b80000,0x000000079a080000)
 ParOldGen       total 47104K, used 7185K [0x0000000740000000, 0x0000000742e00000, 0x0000000795580000)
  object space 47104K, 15% used [0x0000000740000000,0x00000007407047d0,0x0000000742e00000)
 Metaspace       used 20831K, capacity 21231K, committed 21248K, reserved 1069056K
  class space    used 2164K, capacity 2294K, committed 2304K, reserved 1048576K
}
Event: 4.854 GC heap before
{Heap before GC invocations=5 (full 1):
 PSYoungGen      total 38400K, used 33093K [0x0000000795580000, 0x000000079a080000, 0x00000007c0000000)
  eden space 33280K, 99% used [0x0000000795580000,0x00000007975d1648,0x0000000797600000)
  from space 5120K, 0% used [0x0000000797600000,0x0000000797600000,0x0000000797b00000)
  to   space 5120K, 0% used [0x0000000799b80000,0x0000000799b80000,0x000000079a080000)
 ParOldGen       total 47104K, used 7185K [0x0000000740000000, 0x0000000742e00000, 0x0000000795580000)
  object space 47104K, 15% used [0x0000000740000000,0x00000007407047d0,0x0000000742e00000)
 Metaspace       used 23631K, capacity 24065K, committed 24320K, reserved 1071104K
  class space    used 2436K, capacity 2553K, committed 2560K, reserved 1048576K
Event: 4.865 GC heap after
Heap after GC invocations=5 (full 1):
 PSYoungGen      total 69120K, used 5106K [0x0000000795580000, 0x000000079a080000, 0x00000007c0000000)
  eden space 64000K, 0% used [0x0000000795580000,0x0000000795580000,0x0000000799400000)
  from space 5120K, 99% used [0x0000000799b80000,0x000000079a07c9c0,0x000000079a080000)
  to   space 5120K, 0% used [0x0000000799680000,0x0000000799680000,0x0000000799b80000)
 ParOldGen       total 47104K, used 14902K [0x0000000740000000, 0x0000000742e00000, 0x0000000795580000)
  object space 47104K, 31% used [0x0000000740000000,0x0000000740e8dac0,0x0000000742e00000)
 Metaspace       used 23631K, capacity 24065K, committed 24320K, reserved 1071104K
  class space    used 2436K, capacity 2553K, committed 2560K, reserved 1048576K
}
Event: 9.155 GC heap before
{Heap before GC invocations=6 (full 1):
 PSYoungGen      total 69120K, used 69106K [0x0000000795580000, 0x000000079a080000, 0x00000007c0000000)
  eden space 64000K, 100% used [0x0000000795580000,0x0000000799400000,0x0000000799400000)
  from space 5120K, 99% used [0x0000000799b80000,0x000000079a07c9c0,0x000000079a080000)
  to   space 5120K, 0% used [0x0000000799680000,0x0000000799680000,0x0000000799b80000)
 ParOldGen       total 47104K, used 14902K [0x0000000740000000, 0x0000000742e00000, 0x0000000795580000)
  object space 47104K, 31% used [0x0000000740000000,0x0000000740e8dac0,0x0000000742e00000)
 Metaspace       used 24322K, capacity 24721K, committed 24832K, reserved 1071104K
  class space    used 2441K, capacity 2555K, committed 2560K, reserved 1048576K
Event: 9.166 GC heap after
Heap after GC invocations=6 (full 1):
 PSYoungGen      total 71680K, used 5105K [0x0000000795580000, 0x000000079e780000, 0x00000007c0000000)
  eden space 66560K, 0% used [0x0000000795580000,0x0000000795580000,0x0000000799680000)
  from space 5120K, 99% used [0x0000000799680000,0x0000000799b7c570,0x0000000799b80000)
  to   space 13824K, 0% used [0x000000079da00000,0x000000079da00000,0x000000079e780000)
 ParOldGen       total 47104K, used 19109K [0x0000000740000000, 0x0000000742e00000, 0x0000000795580000)
  object space 47104K, 40% used [0x0000000740000000,0x00000007412a9750,0x0000000742e00000)
 Metaspace       used 24322K, capacity 24721K, committed 24832K, reserved 1071104K
  class space    used 2441K, capacity 2555K, committed 2560K, reserved 1048576K
}
Event: 15.839 GC heap before
{Heap before GC invocations=7 (full 1):
 PSYoungGen      total 71680K, used 71665K [0x0000000795580000, 0x000000079e780000, 0x00000007c0000000)
  eden space 66560K, 100% used [0x0000000795580000,0x0000000799680000,0x0000000799680000)
  from space 5120K, 99% used [0x0000000799680000,0x0000000799b7c570,0x0000000799b80000)
  to   space 13824K, 0% used [0x000000079da00000,0x000000079da00000,0x000000079e780000)
 ParOldGen       total 47104K, used 19109K [0x0000000740000000, 0x0000000742e00000, 0x0000000795580000)
  object space 47104K, 40% used [0x0000000740000000,0x00000007412a9750,0x0000000742e00000)
 Metaspace       used 24880K, capacity 25265K, committed 25472K, reserved 1073152K
  class space    used 2463K, capacity 2587K, committed 2688K, reserved 1048576K
Event: 15.845 GC heap after
Heap after GC invocations=7 (full 1):
 PSYoungGen      total 136192K, used 5411K [0x0000000795580000, 0x000000079e980000, 0x00000007c0000000)
  eden space 122368K, 0% used [0x0000000795580000,0x0000000795580000,0x000000079cd00000)
  from space 13824K, 39% used [0x000000079da00000,0x000000079df48e78,0x000000079e780000)
  to   space 13312K, 0% used [0x000000079cd00000,0x000000079cd00000,0x000000079da00000)
 ParOldGen       total 47104K, used 19117K [0x0000000740000000, 0x0000000742e00000, 0x0000000795580000)
  object space 47104K, 40% used [0x0000000740000000,0x00000007412ab750,0x0000000742e00000)
 Metaspace       used 24880K, capacity 25265K, committed 25472K, reserved 1073152K
  class space    used 2463K, capacity 2587K, committed 2688K, reserved 1048576K
}

