# JRE version: Java(TM) SE Runtime Environment (8.0_131-b11) (build 1.8.0_131-b11)
# Java VM: Java HotSpot(TM) 64-Bit Server VM (25.131-b11 mixed mode bsd-amd64 compressed oops)
Heap:
 PSYoungGen      total 62976K, used 48967K [0x0000000795580000, 0x000000079a080000, 0x00000007c0000000)
  eden space 57856K, 75% used [0x0000000795580000,0x0000000798059628,0x0000000798e00000)
  from space 5120K, 99% used [0x0000000799b80000,0x000000079a0785f0,0x000000079a080000)
  to   space 5120K, 0% used [0x0000000799680000,0x0000000799680000,0x0000000799b80000)
 ParOldGen       total 52736K, used 15341K [0x0000000740000000, 0x0000000743380000, 0x0000000795580000)
  object space 52736K, 29% used [0x0000000740000000,0x0000000740efb410,0x0000000743380000)
 Metaspace       used 24409K, capacity 24805K, committed 24880K, reserved 1071104K
  class space    used 2458K, capacity 2587K, committed 2608K, reserved 1048576K
GC Heap History (10 events):
Event: 2.690 GC heap before
{Heap before GC invocations=1 (full 0):
 PSYoungGen      total 38400K, used 33280K [0x0000000795580000, 0x0000000798000000, 0x00000007c0000000)
  eden space 33280K, 100% used [0x0000000795580000,0x0000000797600000,0x0000000797600000)
  from space 5120K, 0% used [0x0000000797b00000,0x0000000797b00000,0x0000000798000000)
  to   space 5120K, 0% used [0x0000000797600000,0x0000000797600000,0x0000000797b00000)
 ParOldGen       total 87552K, used 0K [0x0000000740000000, 0x0000000745580000, 0x0000000795580000)
  object space 87552K, 0% used [0x0000000740000000,0x0000000740000000,0x0000000745580000)
 Metaspace       used 15953K, capacity 16261K, committed 16384K, reserved 1064960K
  class space    used 1644K, capacity 1761K, committed 1792K, reserved 1048576K
Event: 2.696 GC heap after
Heap after GC invocations=1 (full 0):
 PSYoungGen      total 38400K, used 4908K [0x0000000795580000, 0x0000000798000000, 0x00000007c0000000)
  eden space 33280K, 0% used [0x0000000795580000,0x0000000795580000,0x0000000797600000)
  from space 5120K, 95% used [0x0000000797600000,0x0000000797acb268,0x0000000797b00000)
  to   space 5120K, 0% used [0x0000000797b00000,0x0000000797b00000,0x0000000798000000)
 ParOldGen       total 87552K, used 16K [0x0000000740000000, 0x0000000745580000, 0x0000000795580000)
  object space 87552K, 0% used [0x0000000740000000,0x0000000740004000,0x0000000745580000)
 Metaspace       used 15953K, capacity 16261K, committed 16384K, reserved 1064960K
  class space    used 1644K, capacity 1761K, committed 1792K, reserved 1048576K
}
Event: 3.775 GC heap before
{Heap before GC invocations=2 (full 0):
 PSYoungGen      total 38400K, used 38188K [0x0000000795580000, 0x0000000798000000, 0x00000007c0000000)
  eden space 33280K, 100% used [0x0000000795580000,0x0000000797600000,0x0000000797600000)
  from space 5120K, 95% used [0x0000000797600000,0x0000000797acb268,0x0000000797b00000)
  to   space 5120K, 0% used [0x0000000797b00000,0x0000000797b00000,0x0000000798000000)
 ParOldGen       total 87552K, used 16K [0x0000000740000000, 0x0000000745580000, 0x0000000795580000)
  object space 87552K, 0% used [0x0000000740000000,0x0000000740004000,0x0000000745580000)
 Metaspace       used 20474K, capacity 20869K, committed 20992K, reserved 1069056K
  class space    used 2129K, capacity 2263K, committed 2304K, reserved 1048576K
Event: 3.787 GC heap after
Heap after GC invocations=2 (full 0):
 PSYoungGen      total 38400K, used 5104K [0x0000000795580000, 0x0000000798000000, 0x00000007c0000000)
  eden space 33280K, 0% used [0x0000000795580000,0x0000000795580000,0x0000000797600000)
  from space 5120K, 99% used [0x0000000797b00000,0x0000000797ffc070,0x0000000798000000)
  to   space 5120K, 0% used [0x0000000797600000,0x0000000797600000,0x0000000797b00000)
 ParOldGen       total 87552K, used 3135K [0x0000000740000000, 0x0000000745580000, 0x0000000795580000)
  object space 87552K, 3% used [0x0000000740000000,0x000000074030fd68,0x0000000745580000)
 Metaspace       used 20474K, capacity 20869K, committed 20992K, reserved 1069056K
  class space    used 2129K, capacity 2263K, committed 2304K, reserved 1048576K
}
Event: 3.848 GC heap before
{Heap before GC invocations=3 (full 0):
 PSYoungGen      total 38400K, used 6120K [0x0000000795580000, 0x0000000798000000, 0x00000007c0000000)
  eden space 33280K, 3% used [0x0000000795580000,0x000000079567e2e0,0x0000000797600000)
  from space 5120K, 99% used [0x0000000797b00000,0x0000000797ffc070,0x0000000798000000)
  to   space 5120K, 0% used [0x0000000797600000,0x0000000797600000,0x0000000797b00000)
 ParOldGen       total 87552K, used 3135K [0x0000000740000000, 0x0000000745580000, 0x0000000795580000)
  object space 87552K, 3% used [0x0000000740000000,0x000000074030fd68,0x0000000745580000)
 Metaspace       used 20835K, capacity 21253K, committed 21296K, reserved 1069056K
  class space    used 2171K, capacity 2327K, committed 2352K, reserved 1048576K
Event: 3.853 GC heap after
Heap after GC invocations=3 (full 0):
 PSYoungGen      total 38400K, used 5106K [0x0000000795580000, 0x000000079a080000, 0x00000007c0000000)
  eden space 33280K, 0% used [0x0000000795580000,0x0000000795580000,0x0000000797600000)
  from space 5120K, 99% used [0x0000000797600000,0x0000000797afc9d0,0x0000000797b00000)
  to   space 5120K, 0% used [0x0000000799b80000,0x0000000799b80000,0x000000079a080000)
 ParOldGen       total 87552K, used 3441K [0x0000000740000000, 0x0000000745580000, 0x0000000795580000)
  object space 87552K, 3% used [0x0000000740000000,0x000000074035c698,0x0000000745580000)
 Metaspace       used 20835K, capacity 21253K, committed 21296K, reserved 1069056K
  class space    used 2171K, capacity 2327K, committed 2352K, reserved 1048576K
}
Event: 3.853 GC heap before
{Heap before GC invocations=4 (full 1):
 PSYoungGen      total 38400K, used 5106K [0x0000000795580000, 0x000000079a080000, 0x00000007c0000000)
  eden space 33280K, 0% used [0x0000000795580000,0x0000000795580000,0x0000000797600000)
  from space 5120K, 99% used [0x0000000797600000,0x0000000797afc9d0,0x0000000797b00000)
  to   space 5120K, 0% used [0x0000000799b80000,0x0000000799b80000,0x000000079a080000)
 ParOldGen       total 87552K, used 3441K [0x0000000740000000, 0x0000000745580000, 0x0000000795580000)
  object space 87552K, 3% used [0x0000000740000000,0x000000074035c698,0x0000000745580000)
 Metaspace       used 20835K, capacity 21253K, committed 21296K, reserved 1069056K
  class space    used 2171K, capacity 2327K, committed 2352K, reserved 1048576K
Event: 3.889 GC heap after
Heap after GC invocations=4 (full 1):
 PSYoungGen      total 38400K, used 0K [0x0000000795580000, 0x000000079a080000, 0x00000007c0000000)
  eden space 33280K, 0% used [0x0000000795580000,0x0000000795580000,0x0000000797600000)
  from space 5120K, 0% used [0x0000000797600000,0x0000000797600000,0x0000000797b00000)
  to   space 5120K, 0% used [0x0000000799b80000,0x0000000799b80000,0x000000079a080000)
 ParOldGen       total 52736K, used 7224K [0x0000000740000000, 0x0000000743380000, 0x0000000795580000)
  object space 52736K, 13% used [0x0000000740000000,0x000000074070e378,0x0000000743380000)
 Metaspace       used 20834K, capacity 21251K, committed 21296K, reserved 1069056K
  class space    used 2171K, capacity 2326K, committed 2352K, reserved 1048576K
}
Event: 4.558 GC heap before
{Heap before GC invocations=5 (full 1):
 PSYoungGen      total 38400K, used 33243K [0x0000000795580000, 0x000000079a080000, 0x00000007c0000000)
  eden space 33280K, 99% used [0x0000000795580000,0x00000007975f6cd0,0x0000000797600000)
  from space 5120K, 0% used [0x0000000797600000,0x0000000797600000,0x0000000797b00000)
  to   space 5120K, 0% used [0x0000000799b80000,0x0000000799b80000,0x000000079a080000)
 ParOldGen       total 52736K, used 7480K [0x0000000740000000, 0x0000000743380000, 0x0000000795580000)
  object space 52736K, 14% used [0x0000000740000000,0x000000074074e388,0x0000000743380000)
 Metaspace       used 23579K, capacity 23925K, committed 24112K, reserved 1071104K
  class space    used 2434K, capacity 2553K, committed 2608K, reserved 1048576K
Event: 4.567 GC heap after
Heap after GC invocations=5 (full 1):
 PSYoungGen      total 62976K, used 5089K [0x0000000795580000, 0x000000079a080000, 0x00000007c0000000)
  eden space 57856K, 0% used [0x0000000795580000,0x0000000795580000,0x0000000798e00000)
  from space 5120K, 99% used [0x0000000799b80000,0x000000079a0785f0,0x000000079a080000)
  to   space 5120K, 0% used [0x0000000799680000,0x0000000799680000,0x0000000799b80000)
 ParOldGen       total 52736K, used 15341K [0x0000000740000000, 0x0000000743380000, 0x0000000795580000)
  object space 52736K, 29% used [0x0000000740000000,0x0000000740efb410,0x0000000743380000)
 Metaspace       used 23579K, capacity 23925K, committed 24112K, reserved 1071104K
  class space    used 2434K, capacity 2553K, committed 2608K, reserved 1048576K
}

